{
  "stats": {
    "suites": 1,
    "tests": 8,
    "passes": 0,
    "pending": 0,
    "failures": 8,
    "start": "2021-12-29T06:05:45.938Z",
    "end": "2021-12-29T06:10:10.221Z",
    "duration": 264283,
    "testsRegistered": 8,
    "passPercent": 0,
    "pendingPercent": 0,
    "other": 0,
    "hasOther": false,
    "skipped": 0,
    "hasSkipped": false
  },
  "results": [
    {
      "uuid": "667a98c1-d395-46fd-bd21-23df9a833cf6",
      "title": "",
      "fullFile": "cypress/integration/Admin_Testcases/04_forgotPassword.spec.js",
      "file": "cypress/integration/Admin_Testcases/04_forgotPassword.spec.js",
      "beforeHooks": [],
      "afterHooks": [],
      "tests": [],
      "suites": [
        {
          "uuid": "338f01e1-a52f-4424-bd9a-bd8191829f92",
          "title": "Forgot password module testcases",
          "fullFile": "",
          "file": "",
          "beforeHooks": [],
          "afterHooks": [],
          "tests": [
            {
              "title": "As a Admin I should be able to navigate on Forgot password page",
              "fullTitle": "Forgot password module testcases As a Admin I should be able to navigate on Forgot password page",
              "timedOut": null,
              "duration": 153516,
              "state": "failed",
              "speed": null,
              "pass": false,
              "fail": true,
              "pending": false,
              "context": null,
              "code": "cy.visit(data.qaUrl);\ncy.get('a > .text-primary').should('be.visible').click();\ncy.url().should('include', 'forgot-password');",
              "err": {
                "message": "AssertionError: Timed out retrying after 15000ms: Expected to find element: `a > .text-primary`, but never found it.",
                "estack": "AssertionError: Timed out retrying after 15000ms: Expected to find element: `a > .text-primary`, but never found it.\n    at Context.eval (https://staging.rch.build-release.com/__cypress/tests?p=cypress\\integration\\Admin_Testcases\\04_forgotPassword.spec.js:116:33)",
                "diff": null
              },
              "uuid": "8e0b60cf-1a94-4146-9145-2acfef9a0056",
              "parentUUID": "338f01e1-a52f-4424-bd9a-bd8191829f92",
              "isHook": false,
              "skipped": false
            },
            {
              "title": "At Forgot password page each field should have proper lable and validation",
              "fullTitle": "Forgot password module testcases At Forgot password page each field should have proper lable and validation",
              "timedOut": null,
              "duration": 15589,
              "state": "failed",
              "speed": null,
              "pass": false,
              "fail": true,
              "pending": false,
              "context": null,
              "code": "cy.get('.text-gray-900').should('be.visible').and('have.text', 'Forgot Password? ');\ncy.get('.text-gray-500').should('be.visible').and('contain', 'A 6 digit verification code will be sent to your registered Email Address');\ncy.get(':nth-child(1) > .text-sm > div').should('be.visible').and('have.text', 'Email');\ncy.get('.appearance-none').should('be.visible');\ncy.get('.mt-5 > .flex').should('be.visible').click();\ncy.get('.text-red-600').should('be.visible').and('contain.text', 'Required'); //invalid email case\ncy.get('.appearance-none').clear().type('ASd@ads@sd.com');\ncy.get('.text-red-600').should('be.visible').and('have.text', 'Please enter valid email');",
              "err": {
                "message": "AssertionError: Timed out retrying after 15000ms: Expected to find element: `.text-gray-900`, but never found it.",
                "estack": "AssertionError: Timed out retrying after 15000ms: Expected to find element: `.text-gray-900`, but never found it.\n    at Context.eval (https://staging.rch.build-release.com/__cypress/tests?p=cypress\\integration\\Admin_Testcases\\04_forgotPassword.spec.js:120:30)",
                "diff": null
              },
              "uuid": "aec5b376-b424-4077-b16f-96e5a0e9d77a",
              "parentUUID": "338f01e1-a52f-4424-bd9a-bd8191829f92",
              "isHook": false,
              "skipped": false
            },
            {
              "title": "OTP shouldn't send on invalid email",
              "fullTitle": "Forgot password module testcases OTP shouldn't send on invalid email",
              "timedOut": null,
              "duration": 15533,
              "state": "failed",
              "speed": null,
              "pass": false,
              "fail": true,
              "pending": false,
              "context": null,
              "code": "cy.get('.appearance-none').clear().type('abc@gmail.com');\ncy.get('.mt-5 > .flex').click();\ncy.contains('User not found');",
              "err": {
                "message": "AssertionError: Timed out retrying after 15000ms: Expected to find element: `.appearance-none`, but never found it.",
                "estack": "AssertionError: Timed out retrying after 15000ms: Expected to find element: `.appearance-none`, but never found it.\n    at Context.eval (https://staging.rch.build-release.com/__cypress/tests?p=cypress\\integration\\Admin_Testcases\\04_forgotPassword.spec.js:131:8)",
                "diff": null
              },
              "uuid": "9a95b61e-28c8-421c-aa8e-c3679eec7acb",
              "parentUUID": "338f01e1-a52f-4424-bd9a-bd8191829f92",
              "isHook": false,
              "skipped": false
            },
            {
              "title": "OTP should sent on Valid registerd email",
              "fullTitle": "Forgot password module testcases OTP should sent on Valid registerd email",
              "timedOut": null,
              "duration": 15957,
              "state": "failed",
              "speed": null,
              "pass": false,
              "fail": true,
              "pending": false,
              "context": null,
              "code": "const emailId = data.email;\ncy.get('.appearance-none').clear().type(emailId);\ncy.get('.mt-5 > .flex').click();\ncy.contains('OTP send to ' + emailId);",
              "err": {
                "message": "AssertionError: Timed out retrying after 15000ms: Expected to find element: `.appearance-none`, but never found it.",
                "estack": "AssertionError: Timed out retrying after 15000ms: Expected to find element: `.appearance-none`, but never found it.\n    at Context.eval (https://staging.rch.build-release.com/__cypress/tests?p=cypress\\integration\\Admin_Testcases\\04_forgotPassword.spec.js:137:8)",
                "diff": null
              },
              "uuid": "5059bf34-5615-4d55-a7e3-87d9bcf58a44",
              "parentUUID": "338f01e1-a52f-4424-bd9a-bd8191829f92",
              "isHook": false,
              "skipped": false
            },
            {
              "title": "Verify each and evey label and title on varification screen",
              "fullTitle": "Forgot password module testcases Verify each and evey label and title on varification screen",
              "timedOut": null,
              "duration": 15869,
              "state": "failed",
              "speed": null,
              "pass": false,
              "fail": true,
              "pending": false,
              "context": null,
              "code": "cy.get('.text-gray-800').should('be.visible').and('have.text', 'Enter Verification Code');\ncy.get('.text-gray-500').should('be.visible').and('have.text', 'A 6 digit verification code has been sent to your email address');\ncy.get('.mt-3 > :nth-child(1)').should('be.visible').and('have.text', \"Haven't received the code?\");\ncy.get('.mt-5 > .flex').should('be.visible');",
              "err": {
                "message": "AssertionError: Timed out retrying after 15000ms: Expected to find element: `.text-gray-800`, but never found it.",
                "estack": "AssertionError: Timed out retrying after 15000ms: Expected to find element: `.text-gray-800`, but never found it.\n    at Context.eval (https://staging.rch.build-release.com/__cypress/tests?p=cypress\\integration\\Admin_Testcases\\04_forgotPassword.spec.js:143:30)",
                "diff": null
              },
              "uuid": "43556d13-7ff2-4d32-8ac7-569c56bf0b6d",
              "parentUUID": "338f01e1-a52f-4424-bd9a-bd8191829f92",
              "isHook": false,
              "skipped": false
            },
            {
              "title": "valdation should appear when user does not enter otp into the field",
              "fullTitle": "Forgot password module testcases valdation should appear when user does not enter otp into the field",
              "timedOut": null,
              "duration": 16196,
              "state": "failed",
              "speed": null,
              "pass": false,
              "fail": true,
              "pending": false,
              "context": null,
              "code": "cy.get('.mt-5 > .flex').should('be.visible').click();\ncy.get('.my-4 > .text-xs').should('be.visible').and('have.text', 'Verfication Code is not valid, please re-enter or resend Verfication code');",
              "err": {
                "message": "AssertionError: Timed out retrying after 15000ms: Expected to find element: `.mt-5 > .flex`, but never found it.",
                "estack": "AssertionError: Timed out retrying after 15000ms: Expected to find element: `.mt-5 > .flex`, but never found it.\n    at Context.eval (https://staging.rch.build-release.com/__cypress/tests?p=cypress\\integration\\Admin_Testcases\\04_forgotPassword.spec.js:149:29)",
                "diff": null
              },
              "uuid": "75b2dc6d-d5b6-4705-a453-079536eab26e",
              "parentUUID": "338f01e1-a52f-4424-bd9a-bd8191829f92",
              "isHook": false,
              "skipped": false
            },
            {
              "title": "validation should appear when user enter invalid OTP",
              "fullTitle": "Forgot password module testcases validation should appear when user enter invalid OTP",
              "timedOut": null,
              "duration": 15676,
              "state": "failed",
              "speed": null,
              "pass": false,
              "fail": true,
              "pending": false,
              "context": null,
              "code": "cy.xpath(\"//div[@style='display: flex; margin: 0px 0px 0px -0.5rem;']\").type('336699');\ncy.get('.mt-5 > .flex').should('be.visible').click();\ncy.get('.my-4 > .text-xs').should('be.visible').and('have.text', 'Verfication Code is not valid, please re-enter or resend Verfication code');",
              "err": {
                "message": "AssertionError: Timed out retrying after 15000ms: Expected to find element: `//div[@style='display: flex; margin: 0px 0px 0px -0.5rem;']`, but never found it.",
                "estack": "AssertionError: Timed out retrying after 15000ms: Expected to find element: `//div[@style='display: flex; margin: 0px 0px 0px -0.5rem;']`, but never found it.\n    at Context.eval (https://staging.rch.build-release.com/__cypress/tests?p=cypress\\integration\\Admin_Testcases\\04_forgotPassword.spec.js:153:8)",
                "diff": null
              },
              "uuid": "cffc5542-1262-49c4-ae29-6b816347a257",
              "parentUUID": "338f01e1-a52f-4424-bd9a-bd8191829f92",
              "isHook": false,
              "skipped": false
            },
            {
              "title": "verify resend button functionality ",
              "fullTitle": "Forgot password module testcases verify resend button functionality ",
              "timedOut": null,
              "duration": 9339,
              "state": "failed",
              "speed": null,
              "pass": false,
              "fail": true,
              "pending": false,
              "context": null,
              "code": "cy.get('.mt-3 > .font-bold').should('be.visible').click();\nconst emailId = data.email;\ncy.contains('OTP send to ' + emailId);",
              "err": {
                "message": "ChunkLoadError: The following error originated from your application code, not from Cypress.\n\n  > Loading chunk 16 failed.\n(timeout: https://staging.rch.build-release.com/static/js/AdminLogin.4517ca2f.chunk.js)\n\nWhen Cypress detects uncaught errors originating from your application it will automatically fail the current test.\n\nThis behavior is configurable, and you can choose to turn this off by listening to the `uncaught:exception` event.\n\nhttps://on.cypress.io/uncaught-exception-from-application",
                "estack": "ChunkLoadError: The following error originated from your application code, not from Cypress.\n\n  > Loading chunk 16 failed.\n(timeout: https://staging.rch.build-release.com/static/js/AdminLogin.4517ca2f.chunk.js)\n\nWhen Cypress detects uncaught errors originating from your application it will automatically fail the current test.\n\nThis behavior is configurable, and you can choose to turn this off by listening to the `uncaught:exception` event.\n\nhttps://on.cypress.io/uncaught-exception-from-application\n    at Function.d.e (https://staging.rch.build-release.com/admin:1:8288)\n    at https://staging.rch.build-release.com/static/js/main.daba6c57.chunk.js:1:1824\n    at https://staging.rch.build-release.com/static/js/46.a5d43212.chunk.js:2:280424\n    at Es (https://staging.rch.build-release.com/static/js/46.a5d43212.chunk.js:2:280573)\n    at bu (https://staging.rch.build-release.com/static/js/46.a5d43212.chunk.js:2:272517)\n    at mu (https://staging.rch.build-release.com/static/js/46.a5d43212.chunk.js:2:272442)\n    at su (https://staging.rch.build-release.com/static/js/46.a5d43212.chunk.js:2:269451)\n    at https://staging.rch.build-release.com/static/js/46.a5d43212.chunk.js:2:220822\n    at t.unstable_runWithPriority (https://staging.rch.build-release.com/static/js/46.a5d43212.chunk.js:2:296223)\n    at Ko (https://staging.rch.build-release.com/static/js/46.a5d43212.chunk.js:2:220531)",
                "diff": null
              },
              "uuid": "1355f03f-7de0-44ed-975d-487391df933b",
              "parentUUID": "338f01e1-a52f-4424-bd9a-bd8191829f92",
              "isHook": false,
              "skipped": false
            }
          ],
          "suites": [],
          "passes": [],
          "failures": [
            "8e0b60cf-1a94-4146-9145-2acfef9a0056",
            "aec5b376-b424-4077-b16f-96e5a0e9d77a",
            "9a95b61e-28c8-421c-aa8e-c3679eec7acb",
            "5059bf34-5615-4d55-a7e3-87d9bcf58a44",
            "43556d13-7ff2-4d32-8ac7-569c56bf0b6d",
            "75b2dc6d-d5b6-4705-a453-079536eab26e",
            "cffc5542-1262-49c4-ae29-6b816347a257",
            "1355f03f-7de0-44ed-975d-487391df933b"
          ],
          "pending": [],
          "skipped": [],
          "duration": 257675,
          "root": false,
          "rootEmpty": false,
          "_timeout": 2000
        }
      ],
      "passes": [],
      "failures": [],
      "pending": [],
      "skipped": [],
      "duration": 0,
      "root": true,
      "rootEmpty": true,
      "_timeout": 2000
    }
  ],
  "meta": {
    "mocha": {
      "version": "7.0.1"
    },
    "mochawesome": {
      "options": {
        "quiet": false,
        "reportFilename": "report",
        "saveHtml": true,
        "saveJson": true,
        "consoleReporter": "spec",
        "useInlineDiffs": false,
        "code": true
      },
      "version": "6.2.2"
    },
    "marge": {
      "options": {
        "reportDir": "cypress/reports",
        "reportFilename": "report",
        "overwrite": false,
        "html": true,
        "json": true,
        "charts": true
      },
      "version": "5.2.0"
    }
  }
}