<!doctype html>
<html lang="en"><head><meta charSet="utf-8"/><meta http-equiv="X-UA-Compatible" content="IE=edge"/><meta name="viewport" content="width=device-width, initial-scale=1"/><title>Mochawesome Report</title><link rel="stylesheet" href="assets\app.css"/></head><body data-raw="{&quot;stats&quot;:{&quot;suites&quot;:1,&quot;tests&quot;:19,&quot;passes&quot;:0,&quot;pending&quot;:0,&quot;failures&quot;:19,&quot;start&quot;:&quot;2023-04-04T17:49:57.878Z&quot;,&quot;end&quot;:&quot;2023-04-04T17:56:38.603Z&quot;,&quot;duration&quot;:400725,&quot;testsRegistered&quot;:19,&quot;passPercent&quot;:0,&quot;pendingPercent&quot;:0,&quot;other&quot;:0,&quot;hasOther&quot;:false,&quot;skipped&quot;:0,&quot;hasSkipped&quot;:false},&quot;results&quot;:[{&quot;uuid&quot;:&quot;3ea26f71-4778-48a2-b0c3-f71982bb269c&quot;,&quot;title&quot;:&quot;&quot;,&quot;fullFile&quot;:&quot;cypress\\e2e\\Admin_Testcases\\11_Patient_Services.spec.js&quot;,&quot;file&quot;:&quot;cypress\\e2e\\Admin_Testcases\\11_Patient_Services.spec.js&quot;,&quot;beforeHooks&quot;:[],&quot;afterHooks&quot;:[],&quot;tests&quot;:[],&quot;suites&quot;:[{&quot;uuid&quot;:&quot;dd0f75f7-c988-4920-923e-0f6799e44694&quot;,&quot;title&quot;:&quot;Patient Services module testcases&quot;,&quot;fullFile&quot;:&quot;&quot;,&quot;file&quot;:&quot;&quot;,&quot;beforeHooks&quot;:[],&quot;afterHooks&quot;:[],&quot;tests&quot;:[{&quot;title&quot;:&quot;As a Admin the user should be navigated to the Patient services page by clicking \&quot;Patient Services\&quot; tab.&quot;,&quot;fullTitle&quot;:&quot;Patient Services module testcases As a Admin the user should be navigated to the Patient services page by clicking \&quot;Patient Services\&quot; tab.&quot;,&quot;duration&quot;:43088,&quot;state&quot;:&quot;failed&quot;,&quot;pass&quot;:false,&quot;fail&quot;:true,&quot;pending&quot;:false,&quot;code&quot;:&quot;cy.login(cred.email, cred.password);\ncy.url().should(&#x27;contain&#x27;, &#x27;/dashboard&#x27;);\ncy.get(&#x27;.space-y-4 &gt; :nth-child(6)&#x27;).should(&#x27;be.visible&#x27;).should(&#x27;contain&#x27;, &#x27;Patient Services&#x27;).click();\ncy.url().should(&#x27;contain&#x27;, &#x27;/services&#x27;);&quot;,&quot;err&quot;:{&quot;message&quot;:&quot;AssertionError: Timed out retrying after 20000ms: Expected to find element: `//*[@class=&#x27;my-4&#x27;]/div[1]`, but never found it.&quot;,&quot;estack&quot;:&quot;AssertionError: Timed out retrying after 20000ms: Expected to find element: `//*[@class=&#x27;my-4&#x27;]/div[1]`, but never found it.\n    at Context.eval (https://qa.rch.build-release.com/__cypress/tests?p=cypress\\support\\e2e.js:2598:41)&quot;},&quot;uuid&quot;:&quot;c68263f3-cf33-42c0-bd91-12d71d055085&quot;,&quot;parentUUID&quot;:&quot;dd0f75f7-c988-4920-923e-0f6799e44694&quot;,&quot;isHook&quot;:false,&quot;skipped&quot;:false},{&quot;title&quot;:&quot;At Patient Services page each label and field should have proper label and validations&quot;,&quot;fullTitle&quot;:&quot;Patient Services module testcases At Patient Services page each label and field should have proper label and validations&quot;,&quot;duration&quot;:20392,&quot;state&quot;:&quot;failed&quot;,&quot;pass&quot;:false,&quot;fail&quot;:true,&quot;pending&quot;:false,&quot;code&quot;:&quot;cy.get(&#x27;.text-xl&#x27;).should(&#x27;be.visible&#x27;).should(&#x27;have.text&#x27;, &#x27;Patient Services List&#x27;);\ncy.get(&#x27;[type=search]&#x27;).should(&#x27;be.visible&#x27;).invoke(&#x27;attr&#x27;, &#x27;placeholder&#x27;).should(&#x27;contain&#x27;, &#x27;Search Services&#x27;);\ncy.get(&#x27;[textid=\&quot;inactive.service\&quot;]&#x27;).should(&#x27;be.visible&#x27;).should(&#x27;have.text&#x27;, &#x27;Inactive Services&#x27;);\ncy.get(&#x27;[textid=\&quot;add.service\&quot;]&#x27;).should(&#x27;be.visible&#x27;).should(&#x27;have.text&#x27;, &#x27;Add Service&#x27;);\ncy.get(&#x27;thead &gt; tr &gt; :nth-child(1)&#x27;).should(&#x27;be.visible&#x27;).should(&#x27;have.text&#x27;, &#x27;Service Name&#x27;);\ncy.get(&#x27;thead &gt; tr &gt; :nth-child(2)&#x27;).should(&#x27;be.visible&#x27;).should(&#x27;have.text&#x27;, &#x27;Service Description&#x27;);\ncy.get(&#x27;thead &gt; tr &gt; :nth-child(3)&#x27;).should(&#x27;be.visible&#x27;).should(&#x27;have.text&#x27;, &#x27;Service Category&#x27;);\ncy.get(&#x27;thead &gt; tr &gt; :nth-child(4)&#x27;).should(&#x27;be.visible&#x27;).should(&#x27;have.text&#x27;, &#x27;Service Type&#x27;);\ncy.get(&#x27;thead &gt; tr &gt; :nth-child(5)&#x27;).should(&#x27;be.visible&#x27;).should(&#x27;have.text&#x27;, &#x27;Service Rate&#x27;);\ncy.get(&#x27;thead &gt; tr &gt; :nth-child(6)&#x27;).should(&#x27;be.visible&#x27;).should(&#x27;have.text&#x27;, &#x27;Status&#x27;);\ncy.get(&#x27;thead &gt; tr &gt; :nth-child(7)&#x27;).scrollIntoView().should(&#x27;be.visible&#x27;).should(&#x27;have.text&#x27;, &#x27;Action&#x27;);\ncy.get(&#x27;.mt-1:nth-child(2)&#x27;).should(&#x27;be.visible&#x27;).should(&#x27;have.text&#x27;, &#x27;Next&#x27;);&quot;,&quot;err&quot;:{&quot;message&quot;:&quot;AssertionError: Timed out retrying after 20000ms: Expected to find element: `.text-xl`, but never found it.&quot;,&quot;estack&quot;:&quot;AssertionError: Timed out retrying after 20000ms: Expected to find element: `.text-xl`, but never found it.\n    at Context.eval (https://qa.rch.build-release.com/__cypress/tests?p=cypress\\e2e\\Admin_Testcases\\11_Patient_Services.spec.js:111:24)&quot;},&quot;uuid&quot;:&quot;fa795237-5139-42a9-b033-5f947d2cd363&quot;,&quot;parentUUID&quot;:&quot;dd0f75f7-c988-4920-923e-0f6799e44694&quot;,&quot;isHook&quot;:false,&quot;skipped&quot;:false},{&quot;title&quot;:&quot;As a Admin the user should get add service pop up window by clicking on \&quot;Add Service\&quot; button&quot;,&quot;fullTitle&quot;:&quot;Patient Services module testcases As a Admin the user should get add service pop up window by clicking on \&quot;Add Service\&quot; button&quot;,&quot;duration&quot;:20507,&quot;state&quot;:&quot;failed&quot;,&quot;pass&quot;:false,&quot;fail&quot;:true,&quot;pending&quot;:false,&quot;code&quot;:&quot;cy.get(&#x27;[textid=\&quot;add.service\&quot;]&#x27;).should(&#x27;be.visible&#x27;).should(&#x27;have.text&#x27;, &#x27;Add Service&#x27;).click();\ncy.xpath(&#x27;//div[1]/h3/div/div&#x27;).should(&#x27;be.visible&#x27;).should(&#x27;have.text&#x27;, &#x27;Add Service&#x27;);\ncy.get(&#x27;div.hidden&gt;h3&gt;div&gt;svg&#x27;).should(&#x27;be.visible&#x27;);&quot;,&quot;err&quot;:{&quot;message&quot;:&quot;AssertionError: Timed out retrying after 20000ms: Expected to find element: `[textid=\&quot;add.service\&quot;]`, but never found it.&quot;,&quot;estack&quot;:&quot;AssertionError: Timed out retrying after 20000ms: Expected to find element: `[textid=\&quot;add.service\&quot;]`, but never found it.\n    at Context.eval (https://qa.rch.build-release.com/__cypress/tests?p=cypress\\e2e\\Admin_Testcases\\11_Patient_Services.spec.js:126:38)&quot;},&quot;uuid&quot;:&quot;73b641d7-196b-47fc-abdc-532aabfef511&quot;,&quot;parentUUID&quot;:&quot;dd0f75f7-c988-4920-923e-0f6799e44694&quot;,&quot;isHook&quot;:false,&quot;skipped&quot;:false},{&quot;title&quot;:&quot;At Add Service pop up window each label and field should have proper label and validations&quot;,&quot;fullTitle&quot;:&quot;Patient Services module testcases At Add Service pop up window each label and field should have proper label and validations&quot;,&quot;duration&quot;:20435,&quot;state&quot;:&quot;failed&quot;,&quot;pass&quot;:false,&quot;fail&quot;:true,&quot;pending&quot;:false,&quot;code&quot;:&quot;cy.xpath(&#x27;//div[1]/h3/div/div&#x27;).should(&#x27;be.visible&#x27;).should(&#x27;have.text&#x27;, &#x27;Add Service&#x27;);\ncy.get(&#x27;div.hidden&gt;h3&gt;div&gt;svg&#x27;).should(&#x27;be.visible&#x27;);\ncy.xpath(&#x27;//div[1]/form[1]/div[1]/div[1]/label&#x27;).should(&#x27;be.visible&#x27;).should(&#x27;have.text&#x27;, &#x27;Service Name&#x27;);\ncy.xpath(&#x27;//div[1]/form[1]/div[1]/div[2]/label&#x27;).should(&#x27;be.visible&#x27;).should(&#x27;have.text&#x27;, &#x27;Service Rate&#x27;);\ncy.xpath(&#x27;//div[1]/form[1]/div[1]/div[1]/div[1]&#x27;).should(&#x27;be.visible&#x27;);\ncy.xpath(&#x27;//div[1]/form[1]/div[1]/div[2]/div&#x27;).should(&#x27;be.visible&#x27;);\ncy.xpath(&#x27;//div[1]/form[1]/div[2]/div[1]/div[1]&#x27;).should(&#x27;be.visible&#x27;).should(&#x27;have.text&#x27;, &#x27;Service Type&#x27;);\ncy.xpath(&#x27;//div[1]/form[1]/div[2]/div[2]/div[1]&#x27;).should(&#x27;be.visible&#x27;).should(&#x27;have.text&#x27;, &#x27;Service Category&#x27;);\ncy.xpath(&#x27;//div[1]/form[1]/div[2]/div[1]/div[2]&#x27;).should(&#x27;be.visible&#x27;);\ncy.xpath(&#x27;//div[1]/form[1]/div[2]/div[2]/div[2]&#x27;).should(&#x27;be.visible&#x27;);\ncy.xpath(&#x27;//div[1]/form[1]/div[3]/div/label&#x27;).should(&#x27;be.visible&#x27;).should(&#x27;have.text&#x27;, &#x27;Service Description&#x27;);\ncy.xpath(&#x27;//div[1]/form[1]/div[3]/div/div&#x27;).should(&#x27;be.visible&#x27;);\ncy.xpath(&#x27;//div[1]/form[1]/button&#x27;).should(&#x27;be.visible&#x27;).should(&#x27;contain&#x27;, &#x27;Save Details&#x27;).click();\ncy.wait(4000);\ncy.xpath(&#x27;//div[1]/form[1]/div[1]/div[1]/div[2]&#x27;).should(&#x27;be.visible&#x27;).should(&#x27;have.text&#x27;, &#x27;Required&#x27;);\ncy.xpath(&#x27;//div[1]/form[1]/div[1]/div[2]/div[2]&#x27;).should(&#x27;have.text&#x27;, &#x27;Required&#x27;);\ncy.xpath(&#x27;//div[1]/form[1]/div[2]/div[1]/div[3]&#x27;).should(&#x27;be.visible&#x27;).should(&#x27;have.text&#x27;, &#x27;Required&#x27;);\ncy.xpath(&#x27;//div[1]/form[1]/div[2]/div[2]/div[3]&#x27;).should(&#x27;be.visible&#x27;).should(&#x27;have.text&#x27;, &#x27;Required&#x27;);&quot;,&quot;err&quot;:{&quot;message&quot;:&quot;AssertionError: Timed out retrying after 20000ms: Expected to find element: `//div[1]/h3/div/div`, but never found it.&quot;,&quot;estack&quot;:&quot;AssertionError: Timed out retrying after 20000ms: Expected to find element: `//div[1]/h3/div/div`, but never found it.\n    at Context.eval (https://qa.rch.build-release.com/__cypress/tests?p=cypress\\e2e\\Admin_Testcases\\11_Patient_Services.spec.js:131:37)&quot;},&quot;uuid&quot;:&quot;569ad1a8-cf5b-4629-b0c5-18eeeeb00c31&quot;,&quot;parentUUID&quot;:&quot;dd0f75f7-c988-4920-923e-0f6799e44694&quot;,&quot;isHook&quot;:false,&quot;skipped&quot;:false},{&quot;title&quot;:&quot;After filling Add services form and by clicking save details button the user should able to add the service&quot;,&quot;fullTitle&quot;:&quot;Patient Services module testcases After filling Add services form and by clicking save details button the user should able to add the service&quot;,&quot;duration&quot;:746,&quot;state&quot;:&quot;failed&quot;,&quot;pass&quot;:false,&quot;fail&quot;:true,&quot;pending&quot;:false,&quot;code&quot;:&quot;cy.xpath(&#x27;//div[1]/form[1]/div[1]/div[1]/div[1]&#x27;).should(&#x27;be.visible&#x27;).type(&#x27;Covid Vaccine&#x27;);\ncy.xpath(&#x27;//div[1]/form[1]/div[1]/div[2]/div[1]&#x27;).should(&#x27;be.visible&#x27;).type(&#x27;199&#x27;);\ncy.xpath(&#x27;//div[1]/form[1]/div[2]/div[1]/div[2]&#x27;).should(&#x27;be.visible&#x27;).click();\ncy.get(&#x27;.css-11unzgr&gt;div:nth-child(1)&#x27;).click();\ncy.xpath(&#x27;//div[1]/form[1]/div[2]/div[2]/div[2]&#x27;).should(&#x27;be.visible&#x27;).click();\ncy.get(&#x27;.css-11unzgr&gt;div:nth-child(1)&#x27;).click();\ncy.xpath(&#x27;//div[1]/form[1]/div[3]/div/div[1]&#x27;).should(&#x27;be.visible&#x27;).type(&#x27;Covid Vaccination Program&#x27;);\ncy.xpath(&#x27;//div[1]/form[1]/button&#x27;).should(&#x27;be.visible&#x27;).should(&#x27;contain&#x27;, &#x27;Save Details&#x27;).click();\ncy.contains(&#x27;Service Added successfully&#x27;);\ncy.wait(4000);&quot;,&quot;err&quot;:{&quot;message&quot;:&quot;CypressError: `cy.type()` failed because it requires a valid typeable element.\n\nThe element typed into was:\n\n  &gt; `&lt;div class=\&quot;absolute inset-y-0 right-0 pr-3 flex items-center\&quot;&gt;&lt;/div&gt;`\n\n  A typeable element matches one of the following selectors:\n  `a[href]`\n  `area[href]`\n  `input`\n  `select`\n  `textarea`\n  `button`\n  `iframe`\n  `[tabindex]`\n  `[contenteditable]`\n\nhttps://on.cypress.io/type&quot;,&quot;estack&quot;:&quot;CypressError: `cy.type()` failed because it requires a valid typeable element.\n\nThe element typed into was:\n\n  &gt; `&lt;div class=\&quot;absolute inset-y-0 right-0 pr-3 flex items-center\&quot;&gt;&lt;/div&gt;`\n\n  A typeable element matches one of the following selectors:\n  `a[href]`\n  `area[href]`\n  `input`\n  `select`\n  `textarea`\n  `button`\n  `iframe`\n  `[tabindex]`\n  `[contenteditable]`\n\nhttps://on.cypress.io/type\n    at https://qa.rch.build-release.com/__cypress/runner/cypress_runner.js:152269:84\n    at tryCatcher (https://qa.rch.build-release.com/__cypress/runner/cypress_runner.js:13012:23)\n    at Promise._settlePromiseFromHandler (https://qa.rch.build-release.com/__cypress/runner/cypress_runner.js:10947:31)\n    at Promise._settlePromise (https://qa.rch.build-release.com/__cypress/runner/cypress_runner.js:11004:18)\n    at Promise._settlePromise0 (https://qa.rch.build-release.com/__cypress/runner/cypress_runner.js:11049:10)\n    at Promise._settlePromises (https://qa.rch.build-release.com/__cypress/runner/cypress_runner.js:11129:18)\n    at _drainQueueStep (https://qa.rch.build-release.com/__cypress/runner/cypress_runner.js:7719:12)\n    at _drainQueue (https://qa.rch.build-release.com/__cypress/runner/cypress_runner.js:7712:9)\n    at Async.../../node_modules/bluebird/js/release/async.js.Async._drainQueues (https://qa.rch.build-release.com/__cypress/runner/cypress_runner.js:7728:5)\n    at Async.drainQueues (https://qa.rch.build-release.com/__cypress/runner/cypress_runner.js:7598:14)\nFrom Your Spec Code:\n    at Context.eval (https://qa.rch.build-release.com/__cypress/tests?p=cypress\\e2e\\Admin_Testcases\\11_Patient_Services.spec.js:151:76)&quot;},&quot;uuid&quot;:&quot;df2e3137-9b1d-4607-8481-06db341ef6a3&quot;,&quot;parentUUID&quot;:&quot;dd0f75f7-c988-4920-923e-0f6799e44694&quot;,&quot;isHook&quot;:false,&quot;skipped&quot;:false},{&quot;title&quot;:&quot;The added service should reflect instantly under services page&quot;,&quot;fullTitle&quot;:&quot;Patient Services module testcases The added service should reflect instantly under services page&quot;,&quot;duration&quot;:20522,&quot;state&quot;:&quot;failed&quot;,&quot;pass&quot;:false,&quot;fail&quot;:true,&quot;pending&quot;:false,&quot;code&quot;:&quot;cy.get(&#x27;tr:nth-child(1) &gt; td:nth-child(1)&#x27;).should(&#x27;be.visible&#x27;).should(&#x27;have.text&#x27;, &#x27;Covid Vaccine&#x27;);\ncy.get(&#x27;tr:nth-child(1) &gt; td:nth-child(2)&#x27;).should(&#x27;be.visible&#x27;).should(&#x27;have.text&#x27;, &#x27;Covid Vaccination Program&#x27;);\ncy.get(&#x27;tr:nth-child(1) &gt; td:nth-child(3) &gt; p&#x27;).should(&#x27;be.visible&#x27;).should(&#x27;have.text&#x27;, &#x27;Telemedicine&#x27;);\ncy.get(&#x27;tr:nth-child(1) &gt; td:nth-child(4) &gt; p&#x27;).should(&#x27;be.visible&#x27;).should(&#x27;have.text&#x27;, &#x27;MULTIPLE&#x27;);\ncy.get(&#x27;tr:nth-child(1) &gt; td:nth-child(5)&#x27;).should(&#x27;be.visible&#x27;).should(&#x27;have.text&#x27;, &#x27;$199&#x27;);&quot;,&quot;err&quot;:{&quot;message&quot;:&quot;AssertionError: Timed out retrying after 20000ms: Expected to find element: `tr:nth-child(1) &gt; td:nth-child(1)`, but never found it.&quot;,&quot;estack&quot;:&quot;AssertionError: Timed out retrying after 20000ms: Expected to find element: `tr:nth-child(1) &gt; td:nth-child(1)`, but never found it.\n    at Context.eval (https://qa.rch.build-release.com/__cypress/tests?p=cypress\\e2e\\Admin_Testcases\\11_Patient_Services.spec.js:163:49)&quot;},&quot;uuid&quot;:&quot;e71909af-5482-43c3-ab01-c0f96dcaaf11&quot;,&quot;parentUUID&quot;:&quot;dd0f75f7-c988-4920-923e-0f6799e44694&quot;,&quot;isHook&quot;:false,&quot;skipped&quot;:false},{&quot;title&quot;:&quot;As a Admin the user can able to search a particular service through search box&quot;,&quot;fullTitle&quot;:&quot;Patient Services module testcases As a Admin the user can able to search a particular service through search box&quot;,&quot;duration&quot;:20565,&quot;state&quot;:&quot;failed&quot;,&quot;pass&quot;:false,&quot;fail&quot;:true,&quot;pending&quot;:false,&quot;code&quot;:&quot;cy.get(&#x27;[type=search]&#x27;).should(&#x27;be.visible&#x27;).type(&#x27;Covid Vaccine&#x27;);\ncy.wait(4000);\ncy.get(&#x27;tr:nth-child(1) &gt; td:nth-child(1)&#x27;).should(&#x27;be.visible&#x27;).should(&#x27;have.text&#x27;, &#x27;Covid Vaccine&#x27;);\ncy.get(&#x27;[type=search]&#x27;).should(&#x27;be.visible&#x27;).clear();\ncy.wait(4000);&quot;,&quot;err&quot;:{&quot;message&quot;:&quot;AssertionError: Timed out retrying after 20000ms: Expected to find element: `[type=search]`, but never found it.&quot;,&quot;estack&quot;:&quot;AssertionError: Timed out retrying after 20000ms: Expected to find element: `[type=search]`, but never found it.\n    at Context.eval (https://qa.rch.build-release.com/__cypress/tests?p=cypress\\e2e\\Admin_Testcases\\11_Patient_Services.spec.js:171:29)&quot;},&quot;uuid&quot;:&quot;adf06e52-c706-41a0-90d0-41bfa081a71d&quot;,&quot;parentUUID&quot;:&quot;dd0f75f7-c988-4920-923e-0f6799e44694&quot;,&quot;isHook&quot;:false,&quot;skipped&quot;:false},{&quot;title&quot;:&quot;As a Admin the user should get Update service pop up window by clicking on edit icon against the particular service&quot;,&quot;fullTitle&quot;:&quot;Patient Services module testcases As a Admin the user should get Update service pop up window by clicking on edit icon against the particular service&quot;,&quot;duration&quot;:20396,&quot;state&quot;:&quot;failed&quot;,&quot;pass&quot;:false,&quot;fail&quot;:true,&quot;pending&quot;:false,&quot;code&quot;:&quot;cy.get(&#x27;tr:nth-child(1) &gt; td:nth-child(7)&gt;div&gt;span&#x27;).scrollIntoView().should(&#x27;be.visible&#x27;).click();\ncy.xpath(&#x27;//div[1]/h3/div/div&#x27;).should(&#x27;be.visible&#x27;).should(&#x27;have.text&#x27;, &#x27;Update Service&#x27;);&quot;,&quot;err&quot;:{&quot;message&quot;:&quot;AssertionError: Timed out retrying after 20000ms: Expected to find element: `tr:nth-child(1) &gt; td:nth-child(7)&gt;div&gt;span`, but never found it.&quot;,&quot;estack&quot;:&quot;AssertionError: Timed out retrying after 20000ms: Expected to find element: `tr:nth-child(1) &gt; td:nth-child(7)&gt;div&gt;span`, but never found it.\n    at Context.eval (https://qa.rch.build-release.com/__cypress/tests?p=cypress\\e2e\\Admin_Testcases\\11_Patient_Services.spec.js:179:8)&quot;},&quot;uuid&quot;:&quot;6a3e95f2-f883-4a31-8b3e-e4d06856bbd8&quot;,&quot;parentUUID&quot;:&quot;dd0f75f7-c988-4920-923e-0f6799e44694&quot;,&quot;isHook&quot;:false,&quot;skipped&quot;:false},{&quot;title&quot;:&quot;At Update Service pop up window each label and field should have proper label and validations&quot;,&quot;fullTitle&quot;:&quot;Patient Services module testcases At Update Service pop up window each label and field should have proper label and validations&quot;,&quot;duration&quot;:20342,&quot;state&quot;:&quot;failed&quot;,&quot;pass&quot;:false,&quot;fail&quot;:true,&quot;pending&quot;:false,&quot;code&quot;:&quot;cy.xpath(&#x27;//div[1]/h3/div/div&#x27;).should(&#x27;be.visible&#x27;).should(&#x27;have.text&#x27;, &#x27;Update Service&#x27;);\ncy.get(&#x27;div.hidden&gt;h3&gt;div&gt;svg&#x27;).should(&#x27;be.visible&#x27;);\ncy.xpath(&#x27;//div[1]/form[1]/div[1]/div[1]/label&#x27;).should(&#x27;be.visible&#x27;).should(&#x27;have.text&#x27;, &#x27;Service Name&#x27;);\ncy.xpath(&#x27;//div[1]/form[1]/div[1]/div[2]/label&#x27;).should(&#x27;be.visible&#x27;).should(&#x27;have.text&#x27;, &#x27;Service Rate&#x27;);\ncy.xpath(&#x27;//div[1]/form[1]/div[1]/div[1]/div[1]&#x27;).should(&#x27;be.visible&#x27;);\ncy.xpath(&#x27;//div[1]/form[1]/div[1]/div[2]/div&#x27;).should(&#x27;be.visible&#x27;);\ncy.xpath(&#x27;//div[1]/form[1]/div[2]/div[1]/div[1]&#x27;).should(&#x27;be.visible&#x27;).should(&#x27;have.text&#x27;, &#x27;Service Type&#x27;);\ncy.xpath(&#x27;//div[1]/form[1]/div[2]/div[2]/div[1]&#x27;).should(&#x27;be.visible&#x27;).should(&#x27;have.text&#x27;, &#x27;Service Category&#x27;);\ncy.xpath(&#x27;//div[1]/form[1]/div[2]/div[1]/div[2]&#x27;).should(&#x27;be.visible&#x27;);\ncy.xpath(&#x27;//div[1]/form[1]/div[2]/div[2]/div[2]&#x27;).should(&#x27;be.visible&#x27;);\ncy.xpath(&#x27;//div[1]/form[1]/div[3]/div/label&#x27;).should(&#x27;be.visible&#x27;).should(&#x27;have.text&#x27;, &#x27;Service Description&#x27;);\ncy.xpath(&#x27;//div[1]/form[1]/div[3]/div/div&#x27;).should(&#x27;be.visible&#x27;);\ncy.xpath(&#x27;//div[1]/form[1]/button&#x27;).should(&#x27;be.visible&#x27;).should(&#x27;contain&#x27;, &#x27;Save Details&#x27;);&quot;,&quot;err&quot;:{&quot;message&quot;:&quot;AssertionError: Timed out retrying after 20000ms: Expected to find element: `//div[1]/h3/div/div`, but never found it.&quot;,&quot;estack&quot;:&quot;AssertionError: Timed out retrying after 20000ms: Expected to find element: `//div[1]/h3/div/div`, but never found it.\n    at Context.eval (https://qa.rch.build-release.com/__cypress/tests?p=cypress\\e2e\\Admin_Testcases\\11_Patient_Services.spec.js:183:37)&quot;},&quot;uuid&quot;:&quot;c19706de-a087-462e-af82-84a9d4d1a978&quot;,&quot;parentUUID&quot;:&quot;dd0f75f7-c988-4920-923e-0f6799e44694&quot;,&quot;isHook&quot;:false,&quot;skipped&quot;:false},{&quot;title&quot;:&quot;After doing necessary edits on the edit service form and by clicking save details button the user should able to update the service&quot;,&quot;fullTitle&quot;:&quot;Patient Services module testcases After doing necessary edits on the edit service form and by clicking save details button the user should able to update the service&quot;,&quot;duration&quot;:21263,&quot;state&quot;:&quot;failed&quot;,&quot;pass&quot;:false,&quot;fail&quot;:true,&quot;pending&quot;:false,&quot;code&quot;:&quot;cy.xpath(&#x27;//div[1]/form[1]/div[1]/div[1]/div[1]&#x27;).should(&#x27;be.visible&#x27;).clear().type(&#x27;Covid Vaccine Pfizer&#x27;);\ncy.xpath(&#x27;//div[1]/form[1]/div[1]/div[2]/div&#x27;).should(&#x27;be.visible&#x27;).clear().type(&#x27;299&#x27;);\ncy.xpath(&#x27;//div[1]/form[1]/div[2]/div[1]/div[2]&#x27;).should(&#x27;be.visible&#x27;).click();\ncy.get(&#x27;.css-11unzgr&gt;div:nth-child(2)&#x27;).click();\ncy.xpath(&#x27;//div[1]/form[1]/div[2]/div[2]/div[2]&#x27;).should(&#x27;be.visible&#x27;).click();\ncy.get(&#x27;.css-11unzgr&gt;div:nth-child(3)&#x27;).click();\ncy.xpath(&#x27;//div[1]/form[1]/div[3]/div/div&#x27;).should(&#x27;be.visible&#x27;).clear().type(&#x27;Covid Vaccination Program&#x27;);\ncy.xpath(&#x27;//div[1]/form[1]/button&#x27;).should(&#x27;be.visible&#x27;).should(&#x27;contain&#x27;, &#x27;Save Details&#x27;).click();\ncy.contains(&#x27;Service Updated successfully&#x27;);\ncy.wait(4000);&quot;,&quot;err&quot;:{&quot;message&quot;:&quot;CypressError: Timed out retrying after 20000ms: `cy.clear()` failed because it requires a valid clearable element.\n\nThe element cleared was:\n\n  &gt; `&lt;div class=\&quot;absolute inset-y-0 right-0 pr-3 flex items-center\&quot;&gt;&lt;/div&gt;`\n\nA clearable element matches one of the following selectors:\n  &#x27;a[href]&#x27;\n  &#x27;area[href]&#x27;\n  &#x27;input&#x27;\n  &#x27;select&#x27;\n  &#x27;textarea&#x27;\n  &#x27;button&#x27;\n  &#x27;iframe&#x27;\n  &#x27;[tabindex]&#x27;\n  &#x27;[contenteditable]&#x27;\n\nhttps://on.cypress.io/clear&quot;,&quot;estack&quot;:&quot;CypressError: Timed out retrying after 20000ms: `cy.clear()` failed because it requires a valid clearable element.\n\nThe element cleared was:\n\n  &gt; `&lt;div class=\&quot;absolute inset-y-0 right-0 pr-3 flex items-center\&quot;&gt;&lt;/div&gt;`\n\nA clearable element matches one of the following selectors:\n  &#x27;a[href]&#x27;\n  &#x27;area[href]&#x27;\n  &#x27;input&#x27;\n  &#x27;select&#x27;\n  &#x27;textarea&#x27;\n  &#x27;button&#x27;\n  &#x27;iframe&#x27;\n  &#x27;[tabindex]&#x27;\n  &#x27;[contenteditable]&#x27;\n\nhttps://on.cypress.io/clear\n    at throwError (https://qa.rch.build-release.com/__cypress/runner/cypress_runner.js:152361:78)\n    at onReady (https://qa.rch.build-release.com/__cypress/runner/cypress_runner.js:152388:15)\n    at runAllChecks (https://qa.rch.build-release.com/__cypress/runner/cypress_runner.js:147736:14)\n    at retryActionability (https://qa.rch.build-release.com/__cypress/runner/cypress_runner.js:147745:16)\n    at tryCatcher (https://qa.rch.build-release.com/__cypress/runner/cypress_runner.js:13012:23)\n    at Function.Promise.attempt.Promise.try (https://qa.rch.build-release.com/__cypress/runner/cypress_runner.js:10286:29)\n    at whenStable (https://qa.rch.build-release.com/__cypress/runner/cypress_runner.js:166930:65)\n    at https://qa.rch.build-release.com/__cypress/runner/cypress_runner.js:166385:14\n    at tryCatcher (https://qa.rch.build-release.com/__cypress/runner/cypress_runner.js:13012:23)\n    at Promise._settlePromiseFromHandler (https://qa.rch.build-release.com/__cypress/runner/cypress_runner.js:10947:31)\n    at Promise._settlePromise (https://qa.rch.build-release.com/__cypress/runner/cypress_runner.js:11004:18)\n    at Promise._settlePromise0 (https://qa.rch.build-release.com/__cypress/runner/cypress_runner.js:11049:10)\n    at Promise._settlePromises (https://qa.rch.build-release.com/__cypress/runner/cypress_runner.js:11129:18)\n    at Promise._fulfill (https://qa.rch.build-release.com/__cypress/runner/cypress_runner.js:11073:18)\n    at https://qa.rch.build-release.com/__cypress/runner/cypress_runner.js:12687:46\nFrom Your Spec Code:\n    at Context.eval (https://qa.rch.build-release.com/__cypress/tests?p=cypress\\e2e\\Admin_Testcases\\11_Patient_Services.spec.js:198:76)&quot;},&quot;uuid&quot;:&quot;36ec1c08-e91e-4f58-b238-8e3b4e8c9965&quot;,&quot;parentUUID&quot;:&quot;dd0f75f7-c988-4920-923e-0f6799e44694&quot;,&quot;isHook&quot;:false,&quot;skipped&quot;:false},{&quot;title&quot;:&quot;The edited details should reflect instantly under services page&quot;,&quot;fullTitle&quot;:&quot;Patient Services module testcases The edited details should reflect instantly under services page&quot;,&quot;duration&quot;:21894,&quot;state&quot;:&quot;failed&quot;,&quot;pass&quot;:false,&quot;fail&quot;:true,&quot;pending&quot;:false,&quot;code&quot;:&quot;cy.get(&#x27;tr:nth-child(1) &gt; td:nth-child(1)&#x27;).should(&#x27;be.visible&#x27;).should(&#x27;have.text&#x27;, &#x27;Covid Vaccine Pfizer&#x27;);\ncy.get(&#x27;tr:nth-child(1) &gt; td:nth-child(2)&#x27;).should(&#x27;be.visible&#x27;).should(&#x27;have.text&#x27;, &#x27;Covid Vaccination Program&#x27;);\ncy.get(&#x27;tr:nth-child(1) &gt; td:nth-child(3) &gt; p&#x27;).should(&#x27;be.visible&#x27;).should(&#x27;have.text&#x27;, &#x27;In Home Covid Testing&#x27;);\ncy.get(&#x27;tr:nth-child(1) &gt; td:nth-child(4) &gt; p&#x27;).should(&#x27;be.visible&#x27;).should(&#x27;have.text&#x27;, &#x27;SINGLE&#x27;);\ncy.get(&#x27;tr:nth-child(1) &gt; td:nth-child(5)&#x27;).should(&#x27;be.visible&#x27;).should(&#x27;have.text&#x27;, &#x27;$299&#x27;);&quot;,&quot;err&quot;:{&quot;message&quot;:&quot;AssertionError: Timed out retrying after 20000ms: Expected to find element: `tr:nth-child(1) &gt; td:nth-child(1)`, but never found it.&quot;,&quot;estack&quot;:&quot;AssertionError: Timed out retrying after 20000ms: Expected to find element: `tr:nth-child(1) &gt; td:nth-child(1)`, but never found it.\n    at Context.eval (https://qa.rch.build-release.com/__cypress/tests?p=cypress\\e2e\\Admin_Testcases\\11_Patient_Services.spec.js:210:49)&quot;},&quot;uuid&quot;:&quot;468b5b87-cae3-436b-806b-129c3bc9aabe&quot;,&quot;parentUUID&quot;:&quot;dd0f75f7-c988-4920-923e-0f6799e44694&quot;,&quot;isHook&quot;:false,&quot;skipped&quot;:false},{&quot;title&quot;:&quot;As a Admin the user can able to switch between the  services pages by using next or previous buttons&quot;,&quot;fullTitle&quot;:&quot;Patient Services module testcases As a Admin the user can able to switch between the  services pages by using next or previous buttons&quot;,&quot;duration&quot;:1046,&quot;state&quot;:&quot;failed&quot;,&quot;pass&quot;:false,&quot;fail&quot;:true,&quot;pending&quot;:false,&quot;code&quot;:&quot;cy.get(&#x27;.mt-1:nth-child(2)&#x27;).should(&#x27;be.visible&#x27;).scrollIntoView().should(&#x27;have.text&#x27;, &#x27;Next&#x27;).click();\ncy.wait(5000);\ncy.get(&#x27;.mt-1:nth-child(1)&#x27;).should(&#x27;be.visible&#x27;).scrollIntoView().should(&#x27;have.text&#x27;, &#x27;Previous&#x27;).click();&quot;,&quot;err&quot;:{&quot;message&quot;:&quot;CypressError: `cy.scrollIntoView()` can only be used to scroll to 1 element, you tried to scroll to 2 elements.\n\nhttps://on.cypress.io/scrollintoview&quot;,&quot;estack&quot;:&quot;CypressError: `cy.scrollIntoView()` can only be used to scroll to 1 element, you tried to scroll to 2 elements.\n\nhttps://on.cypress.io/scrollintoview\n    at Context.scrollIntoView (https://qa.rch.build-release.com/__cypress/runner/cypress_runner.js:150307:78)\n    at Context.&lt;anonymous&gt; (https://qa.rch.build-release.com/__cypress/runner/cypress_runner.js:171662:19)\nFrom Your Spec Code:\n    at Context.eval (https://qa.rch.build-release.com/__cypress/tests?p=cypress\\e2e\\Admin_Testcases\\11_Patient_Services.spec.js:217:55)&quot;},&quot;uuid&quot;:&quot;74c35171-574f-4976-b116-968a903ee6ab&quot;,&quot;parentUUID&quot;:&quot;dd0f75f7-c988-4920-923e-0f6799e44694&quot;,&quot;isHook&quot;:false,&quot;skipped&quot;:false},{&quot;title&quot;:&quot;As a Admin the user can disable any service with the help of toggle button against that particular service&quot;,&quot;fullTitle&quot;:&quot;Patient Services module testcases As a Admin the user can disable any service with the help of toggle button against that particular service&quot;,&quot;duration&quot;:21254,&quot;state&quot;:&quot;failed&quot;,&quot;pass&quot;:false,&quot;fail&quot;:true,&quot;pending&quot;:false,&quot;code&quot;:&quot;cy.get(&#x27;tr:nth-child(1)&gt;td:nth-child(6)&gt;button&#x27;).scrollIntoView().should(&#x27;be.visible&#x27;).click();\ncy.wait(2000);\ncy.xpath(&#x27;//div[1]/div[2]/button[1]&#x27;).should(&#x27;be.visible&#x27;).should(&#x27;have.text&#x27;, &#x27;Confirm&#x27;).click();\ncy.wait(2000);\ncy.contains(&#x27;Service Updated successfully&#x27;);\ncy.wait(4000);&quot;,&quot;err&quot;:{&quot;message&quot;:&quot;AssertionError: Timed out retrying after 20000ms: Expected to find element: `tr:nth-child(1)&gt;td:nth-child(6)&gt;button`, but never found it.&quot;,&quot;estack&quot;:&quot;AssertionError: Timed out retrying after 20000ms: Expected to find element: `tr:nth-child(1)&gt;td:nth-child(6)&gt;button`, but never found it.\n    at Context.eval (https://qa.rch.build-release.com/__cypress/tests?p=cypress\\e2e\\Admin_Testcases\\11_Patient_Services.spec.js:223:8)&quot;},&quot;uuid&quot;:&quot;c7683d32-1725-4243-8a51-d6d11c97ae6d&quot;,&quot;parentUUID&quot;:&quot;dd0f75f7-c988-4920-923e-0f6799e44694&quot;,&quot;isHook&quot;:false,&quot;skipped&quot;:false},{&quot;title&quot;:&quot;The service disabled should be moved to the inactive services page.&quot;,&quot;fullTitle&quot;:&quot;Patient Services module testcases The service disabled should be moved to the inactive services page.&quot;,&quot;duration&quot;:20751,&quot;state&quot;:&quot;failed&quot;,&quot;pass&quot;:false,&quot;fail&quot;:true,&quot;pending&quot;:false,&quot;code&quot;:&quot;cy.get(&#x27;[textid=\&quot;inactive.service\&quot;]&#x27;).should(&#x27;be.visible&#x27;).should(&#x27;have.text&#x27;, &#x27;Inactive Services&#x27;).click();\ncy.wait(4000);\ncy.get(&#x27;tr:nth-child(1) &gt; td:nth-child(1)&#x27;).should(&#x27;be.visible&#x27;).should(&#x27;have.text&#x27;, &#x27;Covid Vaccine Pfizer&#x27;);\ncy.wait(2000);\ncy.xpath(&#x27;//div[2]/div[3]/div[1]/*[1]&#x27;).scrollIntoView().should(&#x27;be.visible&#x27;).click();\ncy.wait(4000);&quot;,&quot;err&quot;:{&quot;message&quot;:&quot;AssertionError: Timed out retrying after 20000ms: Expected to find element: `[textid=\&quot;inactive.service\&quot;]`, but never found it.&quot;,&quot;estack&quot;:&quot;AssertionError: Timed out retrying after 20000ms: Expected to find element: `[textid=\&quot;inactive.service\&quot;]`, but never found it.\n    at Context.eval (https://qa.rch.build-release.com/__cypress/tests?p=cypress\\e2e\\Admin_Testcases\\11_Patient_Services.spec.js:231:43)&quot;},&quot;uuid&quot;:&quot;d70b7f4d-054b-4759-b8f4-c6c4188fc98e&quot;,&quot;parentUUID&quot;:&quot;dd0f75f7-c988-4920-923e-0f6799e44694&quot;,&quot;isHook&quot;:false,&quot;skipped&quot;:false},{&quot;title&quot;:&quot;As a Admin the user should be navigated to the Patient inactive services page by clicking on the \&quot;inactive services\&quot; button.&quot;,&quot;fullTitle&quot;:&quot;Patient Services module testcases As a Admin the user should be navigated to the Patient inactive services page by clicking on the \&quot;inactive services\&quot; button.&quot;,&quot;duration&quot;:21577,&quot;state&quot;:&quot;failed&quot;,&quot;pass&quot;:false,&quot;fail&quot;:true,&quot;pending&quot;:false,&quot;code&quot;:&quot;cy.get(&#x27;[textid=\&quot;inactive.service\&quot;]&#x27;).should(&#x27;be.visible&#x27;).should(&#x27;have.text&#x27;, &#x27;Inactive Services&#x27;).click();\ncy.wait(4000);\ncy.xpath(&#x27;//div[contains(text(),\&quot;Patient I\&quot;)]&#x27;).should(&#x27;be.visible&#x27;).should(&#x27;have.text&#x27;, &#x27;Patient Inactive Services&#x27;);&quot;,&quot;err&quot;:{&quot;message&quot;:&quot;AssertionError: Timed out retrying after 20000ms: Expected to find element: `[textid=\&quot;inactive.service\&quot;]`, but never found it.&quot;,&quot;estack&quot;:&quot;AssertionError: Timed out retrying after 20000ms: Expected to find element: `[textid=\&quot;inactive.service\&quot;]`, but never found it.\n    at Context.eval (https://qa.rch.build-release.com/__cypress/tests?p=cypress\\e2e\\Admin_Testcases\\11_Patient_Services.spec.js:240:43)&quot;},&quot;uuid&quot;:&quot;5c982b80-42e6-433f-a737-c4685c6eff79&quot;,&quot;parentUUID&quot;:&quot;dd0f75f7-c988-4920-923e-0f6799e44694&quot;,&quot;isHook&quot;:false,&quot;skipped&quot;:false},{&quot;title&quot;:&quot;At Patient inactive Services page each label and field should have proper label and validations&quot;,&quot;fullTitle&quot;:&quot;Patient Services module testcases At Patient inactive Services page each label and field should have proper label and validations&quot;,&quot;duration&quot;:20698,&quot;state&quot;:&quot;failed&quot;,&quot;pass&quot;:false,&quot;fail&quot;:true,&quot;pending&quot;:false,&quot;code&quot;:&quot;cy.xpath(&#x27;//div[contains(text(),\&quot;Patient I\&quot;)]&#x27;).should(&#x27;be.visible&#x27;).should(&#x27;have.text&#x27;, &#x27;Patient Inactive Services&#x27;);\ncy.get(&#x27;[type=search]&#x27;).should(&#x27;be.visible&#x27;).invoke(&#x27;attr&#x27;, &#x27;placeholder&#x27;).should(&#x27;contain&#x27;, &#x27;Search Services&#x27;);\ncy.get(&#x27;thead &gt; tr &gt; :nth-child(1)&#x27;).should(&#x27;be.visible&#x27;).should(&#x27;have.text&#x27;, &#x27;Service Name&#x27;);\ncy.get(&#x27;thead &gt; tr &gt; :nth-child(2)&#x27;).should(&#x27;be.visible&#x27;).should(&#x27;have.text&#x27;, &#x27;Service Description&#x27;);\ncy.get(&#x27;thead &gt; tr &gt; :nth-child(3)&#x27;).should(&#x27;be.visible&#x27;).should(&#x27;have.text&#x27;, &#x27;Service Category&#x27;);\ncy.get(&#x27;thead &gt; tr &gt; :nth-child(4)&#x27;).should(&#x27;be.visible&#x27;).should(&#x27;have.text&#x27;, &#x27;Service Type&#x27;);\ncy.get(&#x27;thead &gt; tr &gt; :nth-child(5)&#x27;).should(&#x27;be.visible&#x27;).should(&#x27;have.text&#x27;, &#x27;Service Rate&#x27;);\ncy.get(&#x27;thead &gt; tr &gt; :nth-child(6)&#x27;).should(&#x27;be.visible&#x27;).should(&#x27;have.text&#x27;, &#x27;Status&#x27;);\ncy.get(&#x27;thead &gt; tr &gt; :nth-child(7)&#x27;).scrollIntoView().should(&#x27;be.visible&#x27;).should(&#x27;have.text&#x27;, &#x27;Action&#x27;);&quot;,&quot;err&quot;:{&quot;message&quot;:&quot;AssertionError: Timed out retrying after 20000ms: Expected to find element: `//div[contains(text(),\&quot;Patient I\&quot;)]`, but never found it.&quot;,&quot;estack&quot;:&quot;AssertionError: Timed out retrying after 20000ms: Expected to find element: `//div[contains(text(),\&quot;Patient I\&quot;)]`, but never found it.\n    at Context.eval (https://qa.rch.build-release.com/__cypress/tests?p=cypress\\e2e\\Admin_Testcases\\11_Patient_Services.spec.js:245:53)&quot;},&quot;uuid&quot;:&quot;5b5a01fb-681c-4eac-aa20-9a06e158bc39&quot;,&quot;parentUUID&quot;:&quot;dd0f75f7-c988-4920-923e-0f6799e44694&quot;,&quot;isHook&quot;:false,&quot;skipped&quot;:false},{&quot;title&quot;:&quot;As a Admin the user can able to search a particular inactive service through search box&quot;,&quot;fullTitle&quot;:&quot;Patient Services module testcases As a Admin the user can able to search a particular inactive service through search box&quot;,&quot;duration&quot;:20808,&quot;state&quot;:&quot;failed&quot;,&quot;pass&quot;:false,&quot;fail&quot;:true,&quot;pending&quot;:false,&quot;code&quot;:&quot;cy.get(&#x27;[type=search]&#x27;).should(&#x27;be.visible&#x27;).type(&#x27;Covid Vaccine&#x27;);\ncy.wait(2000);\ncy.get(&#x27;tr:nth-child(1) &gt; td:nth-child(1)&#x27;).should(&#x27;be.visible&#x27;).should(&#x27;have.text&#x27;, &#x27;Covid Vaccine Pfizer&#x27;);\ncy.wait(2000);\ncy.get(&#x27;[type=search]&#x27;).should(&#x27;be.visible&#x27;).clear();\ncy.wait(2000);&quot;,&quot;err&quot;:{&quot;message&quot;:&quot;AssertionError: Timed out retrying after 20000ms: Expected to find element: `[type=search]`, but never found it.&quot;,&quot;estack&quot;:&quot;AssertionError: Timed out retrying after 20000ms: Expected to find element: `[type=search]`, but never found it.\n    at Context.eval (https://qa.rch.build-release.com/__cypress/tests?p=cypress\\e2e\\Admin_Testcases\\11_Patient_Services.spec.js:257:29)&quot;},&quot;uuid&quot;:&quot;dea91440-596e-478a-9fbf-c0f3ce700752&quot;,&quot;parentUUID&quot;:&quot;dd0f75f7-c988-4920-923e-0f6799e44694&quot;,&quot;isHook&quot;:false,&quot;skipped&quot;:false},{&quot;title&quot;:&quot;As a Admin the user can enable any service with the help of toggle button against that particular service&quot;,&quot;fullTitle&quot;:&quot;Patient Services module testcases As a Admin the user can enable any service with the help of toggle button against that particular service&quot;,&quot;duration&quot;:21059,&quot;state&quot;:&quot;failed&quot;,&quot;pass&quot;:false,&quot;fail&quot;:true,&quot;pending&quot;:false,&quot;code&quot;:&quot;cy.get(&#x27;tr:nth-child(1)&gt;td:nth-child(6)&gt;button&#x27;).scrollIntoView().should(&#x27;be.visible&#x27;).click();\ncy.wait(2000);\ncy.xpath(&#x27;//div[1]/div[2]/button[1]&#x27;).should(&#x27;be.visible&#x27;).should(&#x27;have.text&#x27;, &#x27;Confirm&#x27;).click();\ncy.wait(2000);\ncy.contains(&#x27;Service Updated successfully&#x27;);\ncy.wait(4000);\ncy.xpath(&#x27;//div[2]/div[3]/div[1]/*[1]&#x27;).scrollIntoView().should(&#x27;be.visible&#x27;).click();\ncy.wait(4000);\ncy.get(&#x27;tr:nth-child(1)&gt;td:nth-child(6)&gt;button&#x27;).scrollIntoView().should(&#x27;be.visible&#x27;).click();\ncy.wait(2000);\ncy.xpath(&#x27;//div[1]/div[2]/button[1]&#x27;).should(&#x27;be.visible&#x27;).should(&#x27;have.text&#x27;, &#x27;Confirm&#x27;).click();\ncy.wait(2000);\ncy.contains(&#x27;Service Updated successfully&#x27;);\ncy.wait(4000);\ncy.get(&#x27;[textid=\&quot;inactive.service\&quot;]&#x27;).should(&#x27;be.visible&#x27;).should(&#x27;have.text&#x27;, &#x27;Inactive Services&#x27;).click();\ncy.wait(4000);&quot;,&quot;err&quot;:{&quot;message&quot;:&quot;AssertionError: Timed out retrying after 20000ms: Expected to find element: `tr:nth-child(1)&gt;td:nth-child(6)&gt;button`, but never found it.&quot;,&quot;estack&quot;:&quot;AssertionError: Timed out retrying after 20000ms: Expected to find element: `tr:nth-child(1)&gt;td:nth-child(6)&gt;button`, but never found it.\n    at Context.eval (https://qa.rch.build-release.com/__cypress/tests?p=cypress\\e2e\\Admin_Testcases\\11_Patient_Services.spec.js:266:8)&quot;},&quot;uuid&quot;:&quot;b9121bb9-acb7-43bf-96aa-6161fba3d0b6&quot;,&quot;parentUUID&quot;:&quot;dd0f75f7-c988-4920-923e-0f6799e44694&quot;,&quot;isHook&quot;:false,&quot;skipped&quot;:false},{&quot;title&quot;:&quot;As a Admin the user can delete any active service by clicking on the delete icon against that service.&quot;,&quot;fullTitle&quot;:&quot;Patient Services module testcases As a Admin the user can delete any active service by clicking on the delete icon against that service.&quot;,&quot;duration&quot;:21488,&quot;state&quot;:&quot;failed&quot;,&quot;pass&quot;:false,&quot;fail&quot;:true,&quot;pending&quot;:false,&quot;code&quot;:&quot;cy.get(&#x27;tr:nth-child(1)&gt;td:nth-child(7)&gt;div&gt;span&#x27;).scrollIntoView().should(&#x27;be.visible&#x27;).click();\ncy.wait(2000);\ncy.xpath(&#x27;//div[1]/div[2]/button[1]&#x27;).click();\ncy.wait(4000);\ncy.logout();&quot;,&quot;err&quot;:{&quot;message&quot;:&quot;AssertionError: Timed out retrying after 20000ms: Expected to find element: `tr:nth-child(1)&gt;td:nth-child(7)&gt;div&gt;span`, but never found it.&quot;,&quot;estack&quot;:&quot;AssertionError: Timed out retrying after 20000ms: Expected to find element: `tr:nth-child(1)&gt;td:nth-child(7)&gt;div&gt;span`, but never found it.\n    at Context.eval (https://qa.rch.build-release.com/__cypress/tests?p=cypress\\e2e\\Admin_Testcases\\11_Patient_Services.spec.js:285:8)&quot;},&quot;uuid&quot;:&quot;ddf9ef87-d5a3-4f91-8bb5-0b5ea940d0d7&quot;,&quot;parentUUID&quot;:&quot;dd0f75f7-c988-4920-923e-0f6799e44694&quot;,&quot;isHook&quot;:false,&quot;skipped&quot;:false}],&quot;suites&quot;:[],&quot;passes&quot;:[],&quot;failures&quot;:[&quot;c68263f3-cf33-42c0-bd91-12d71d055085&quot;,&quot;fa795237-5139-42a9-b033-5f947d2cd363&quot;,&quot;73b641d7-196b-47fc-abdc-532aabfef511&quot;,&quot;569ad1a8-cf5b-4629-b0c5-18eeeeb00c31&quot;,&quot;df2e3137-9b1d-4607-8481-06db341ef6a3&quot;,&quot;e71909af-5482-43c3-ab01-c0f96dcaaf11&quot;,&quot;adf06e52-c706-41a0-90d0-41bfa081a71d&quot;,&quot;6a3e95f2-f883-4a31-8b3e-e4d06856bbd8&quot;,&quot;c19706de-a087-462e-af82-84a9d4d1a978&quot;,&quot;36ec1c08-e91e-4f58-b238-8e3b4e8c9965&quot;,&quot;468b5b87-cae3-436b-806b-129c3bc9aabe&quot;,&quot;74c35171-574f-4976-b116-968a903ee6ab&quot;,&quot;c7683d32-1725-4243-8a51-d6d11c97ae6d&quot;,&quot;d70b7f4d-054b-4759-b8f4-c6c4188fc98e&quot;,&quot;5c982b80-42e6-433f-a737-c4685c6eff79&quot;,&quot;5b5a01fb-681c-4eac-aa20-9a06e158bc39&quot;,&quot;dea91440-596e-478a-9fbf-c0f3ce700752&quot;,&quot;b9121bb9-acb7-43bf-96aa-6161fba3d0b6&quot;,&quot;ddf9ef87-d5a3-4f91-8bb5-0b5ea940d0d7&quot;],&quot;pending&quot;:[],&quot;skipped&quot;:[],&quot;duration&quot;:378831,&quot;root&quot;:false,&quot;rootEmpty&quot;:false,&quot;_timeout&quot;:2000}],&quot;passes&quot;:[],&quot;failures&quot;:[],&quot;pending&quot;:[],&quot;skipped&quot;:[],&quot;duration&quot;:0,&quot;root&quot;:true,&quot;rootEmpty&quot;:true,&quot;_timeout&quot;:2000}],&quot;meta&quot;:{&quot;mocha&quot;:{&quot;version&quot;:&quot;7.0.1&quot;},&quot;mochawesome&quot;:{&quot;options&quot;:{&quot;quiet&quot;:false,&quot;reportFilename&quot;:&quot;report&quot;,&quot;saveHtml&quot;:true,&quot;saveJson&quot;:true,&quot;consoleReporter&quot;:&quot;spec&quot;,&quot;useInlineDiffs&quot;:false,&quot;code&quot;:true},&quot;version&quot;:&quot;7.0.1&quot;},&quot;marge&quot;:{&quot;options&quot;:{&quot;reportDir&quot;:&quot;cypress/reports&quot;,&quot;reportFilename&quot;:&quot;report&quot;,&quot;overwrite&quot;:false,&quot;html&quot;:true,&quot;json&quot;:true,&quot;charts&quot;:true},&quot;version&quot;:&quot;6.0.1&quot;}}}" data-config="{&quot;reportFilename&quot;:&quot;report&quot;,&quot;reportDir&quot;:&quot;cypress/reports&quot;,&quot;reportTitle&quot;:&quot;LxMedical&quot;,&quot;reportPageTitle&quot;:&quot;Mochawesome Report&quot;,&quot;inline&quot;:false,&quot;inlineAssets&quot;:false,&quot;cdn&quot;:false,&quot;charts&quot;:true,&quot;enableCharts&quot;:true,&quot;code&quot;:true,&quot;enableCode&quot;:true,&quot;autoOpen&quot;:false,&quot;overwrite&quot;:false,&quot;timestamp&quot;:false,&quot;ts&quot;:false,&quot;showPassed&quot;:true,&quot;showFailed&quot;:true,&quot;showPending&quot;:true,&quot;showSkipped&quot;:false,&quot;showHooks&quot;:&quot;failed&quot;,&quot;saveJson&quot;:true,&quot;saveHtml&quot;:true,&quot;dev&quot;:false,&quot;assetsDir&quot;:&quot;cypress\\reports\\assets&quot;,&quot;jsonFile&quot;:&quot;C:\\LX Medical\\LxMedical\\cypress\\reports\\report.json&quot;,&quot;htmlFile&quot;:&quot;C:\\LX Medical\\LxMedical\\cypress\\reports\\report.html&quot;}"><div id="report"></div><script src="assets\app.js"></script></body></html>