<!doctype html>
<html lang="en"><head><meta charSet="utf-8"/><meta http-equiv="X-UA-Compatible" content="IE=edge"/><meta name="viewport" content="width=device-width, initial-scale=1"/><title>Mochawesome Report</title><link rel="stylesheet" href="assets\app.css"/></head><body data-raw="{&quot;stats&quot;:{&quot;suites&quot;:1,&quot;tests&quot;:8,&quot;passes&quot;:0,&quot;pending&quot;:0,&quot;failures&quot;:8,&quot;start&quot;:&quot;2021-12-29T06:47:17.606Z&quot;,&quot;end&quot;:&quot;2021-12-29T06:50:55.159Z&quot;,&quot;duration&quot;:217553,&quot;testsRegistered&quot;:8,&quot;passPercent&quot;:0,&quot;pendingPercent&quot;:0,&quot;other&quot;:0,&quot;hasOther&quot;:false,&quot;skipped&quot;:0,&quot;hasSkipped&quot;:false},&quot;results&quot;:[{&quot;uuid&quot;:&quot;9c561578-ad0b-4ccf-b7bf-a6e7a288ea3d&quot;,&quot;title&quot;:&quot;&quot;,&quot;fullFile&quot;:&quot;cypress/integration/Admin_Testcases/04_forgotPassword.spec.js&quot;,&quot;file&quot;:&quot;cypress/integration/Admin_Testcases/04_forgotPassword.spec.js&quot;,&quot;beforeHooks&quot;:[],&quot;afterHooks&quot;:[],&quot;tests&quot;:[],&quot;suites&quot;:[{&quot;uuid&quot;:&quot;e51f34c1-3dfd-4e9c-a550-d41f0f86d84f&quot;,&quot;title&quot;:&quot;Forgot password module testcases&quot;,&quot;fullFile&quot;:&quot;&quot;,&quot;file&quot;:&quot;&quot;,&quot;beforeHooks&quot;:[],&quot;afterHooks&quot;:[],&quot;tests&quot;:[{&quot;title&quot;:&quot;As a Admin I should be able to navigate on Forgot password page&quot;,&quot;fullTitle&quot;:&quot;Forgot password module testcases As a Admin I should be able to navigate on Forgot password page&quot;,&quot;duration&quot;:116820,&quot;state&quot;:&quot;failed&quot;,&quot;pass&quot;:false,&quot;fail&quot;:true,&quot;pending&quot;:false,&quot;code&quot;:&quot;cy.visit(data.qaUrl);\ncy.get(&#x27;a &gt; .text-primary&#x27;).should(&#x27;be.visible&#x27;).click();\ncy.url().should(&#x27;include&#x27;, &#x27;forgot-password&#x27;);&quot;,&quot;err&quot;:{&quot;message&quot;:&quot;AssertionError: Timed out retrying after 15000ms: Expected to find element: `a &gt; .text-primary`, but never found it.&quot;,&quot;estack&quot;:&quot;AssertionError: Timed out retrying after 15000ms: Expected to find element: `a &gt; .text-primary`, but never found it.\n    at Context.eval (https://staging.rch.build-release.com/__cypress/tests?p=cypress\\integration\\Admin_Testcases\\04_forgotPassword.spec.js:116:33)&quot;},&quot;uuid&quot;:&quot;db09ac9c-99ef-4e72-bdea-5e92f76eb329&quot;,&quot;parentUUID&quot;:&quot;e51f34c1-3dfd-4e9c-a550-d41f0f86d84f&quot;,&quot;isHook&quot;:false,&quot;skipped&quot;:false},{&quot;title&quot;:&quot;At Forgot password page each field should have proper lable and validation&quot;,&quot;fullTitle&quot;:&quot;Forgot password module testcases At Forgot password page each field should have proper lable and validation&quot;,&quot;duration&quot;:15312,&quot;state&quot;:&quot;failed&quot;,&quot;pass&quot;:false,&quot;fail&quot;:true,&quot;pending&quot;:false,&quot;code&quot;:&quot;cy.get(&#x27;.text-gray-900&#x27;).should(&#x27;be.visible&#x27;).and(&#x27;have.text&#x27;, &#x27;Forgot Password? &#x27;);\ncy.get(&#x27;.text-gray-500&#x27;).should(&#x27;be.visible&#x27;).and(&#x27;contain&#x27;, &#x27;A 6 digit verification code will be sent to your registered Email Address&#x27;);\ncy.get(&#x27;:nth-child(1) &gt; .text-sm &gt; div&#x27;).should(&#x27;be.visible&#x27;).and(&#x27;have.text&#x27;, &#x27;Email&#x27;);\ncy.get(&#x27;.appearance-none&#x27;).should(&#x27;be.visible&#x27;);\ncy.get(&#x27;.mt-5 &gt; .flex&#x27;).should(&#x27;be.visible&#x27;).click();\ncy.get(&#x27;.text-red-600&#x27;).should(&#x27;be.visible&#x27;).and(&#x27;contain.text&#x27;, &#x27;Required&#x27;); //invalid email case\ncy.get(&#x27;.appearance-none&#x27;).clear().type(&#x27;ASd@ads@sd.com&#x27;);\ncy.get(&#x27;.text-red-600&#x27;).should(&#x27;be.visible&#x27;).and(&#x27;have.text&#x27;, &#x27;Please enter valid email&#x27;);&quot;,&quot;err&quot;:{&quot;message&quot;:&quot;AssertionError: Timed out retrying after 15000ms: Expected to find element: `.text-gray-900`, but never found it.&quot;,&quot;estack&quot;:&quot;AssertionError: Timed out retrying after 15000ms: Expected to find element: `.text-gray-900`, but never found it.\n    at Context.eval (https://staging.rch.build-release.com/__cypress/tests?p=cypress\\integration\\Admin_Testcases\\04_forgotPassword.spec.js:120:30)&quot;},&quot;uuid&quot;:&quot;24112eeb-e487-44bd-ba7f-3971ee545f88&quot;,&quot;parentUUID&quot;:&quot;e51f34c1-3dfd-4e9c-a550-d41f0f86d84f&quot;,&quot;isHook&quot;:false,&quot;skipped&quot;:false},{&quot;title&quot;:&quot;OTP shouldn&#x27;t send on invalid email&quot;,&quot;fullTitle&quot;:&quot;Forgot password module testcases OTP shouldn&#x27;t send on invalid email&quot;,&quot;duration&quot;:15215,&quot;state&quot;:&quot;failed&quot;,&quot;pass&quot;:false,&quot;fail&quot;:true,&quot;pending&quot;:false,&quot;code&quot;:&quot;cy.get(&#x27;.appearance-none&#x27;).clear().type(&#x27;abc@gmail.com&#x27;);\ncy.get(&#x27;.mt-5 &gt; .flex&#x27;).click();\ncy.contains(&#x27;User not found&#x27;);&quot;,&quot;err&quot;:{&quot;message&quot;:&quot;AssertionError: Timed out retrying after 15000ms: Expected to find element: `.appearance-none`, but never found it.&quot;,&quot;estack&quot;:&quot;AssertionError: Timed out retrying after 15000ms: Expected to find element: `.appearance-none`, but never found it.\n    at Context.eval (https://staging.rch.build-release.com/__cypress/tests?p=cypress\\integration\\Admin_Testcases\\04_forgotPassword.spec.js:131:8)&quot;},&quot;uuid&quot;:&quot;b224a54d-8f84-4701-98f7-d82085b3e595&quot;,&quot;parentUUID&quot;:&quot;e51f34c1-3dfd-4e9c-a550-d41f0f86d84f&quot;,&quot;isHook&quot;:false,&quot;skipped&quot;:false},{&quot;title&quot;:&quot;OTP should sent on Valid registerd email&quot;,&quot;fullTitle&quot;:&quot;Forgot password module testcases OTP should sent on Valid registerd email&quot;,&quot;duration&quot;:1397,&quot;state&quot;:&quot;failed&quot;,&quot;pass&quot;:false,&quot;fail&quot;:true,&quot;pending&quot;:false,&quot;code&quot;:&quot;const emailId = data.email;\ncy.get(&#x27;.appearance-none&#x27;).clear().type(emailId);\ncy.get(&#x27;.mt-5 &gt; .flex&#x27;).click();\ncy.contains(&#x27;OTP send to &#x27; + emailId);&quot;,&quot;err&quot;:{&quot;message&quot;:&quot;CypressError: `cy.type()` can only be called on a single element. Your subject contained 2 elements.\n\nhttps://on.cypress.io/type&quot;,&quot;estack&quot;:&quot;CypressError: `cy.type()` can only be called on a single element. Your subject contained 2 elements.\n\nhttps://on.cypress.io/type\n    at Context.type (https://staging.rch.build-release.com/__cypress/runner/cypress_runner.js:151560:76)\n    at Context.&lt;anonymous&gt; (https://staging.rch.build-release.com/__cypress/runner/cypress_runner.js:169833:23)\nFrom Your Spec Code:\n    at Context.eval (https://staging.rch.build-release.com/__cypress/tests?p=cypress\\integration\\Admin_Testcases\\04_forgotPassword.spec.js:137:40)&quot;},&quot;uuid&quot;:&quot;26431c47-2c4e-49c4-9bd5-db188a9caa31&quot;,&quot;parentUUID&quot;:&quot;e51f34c1-3dfd-4e9c-a550-d41f0f86d84f&quot;,&quot;isHook&quot;:false,&quot;skipped&quot;:false},{&quot;title&quot;:&quot;Verify each and evey label and title on varification screen&quot;,&quot;fullTitle&quot;:&quot;Forgot password module testcases Verify each and evey label and title on varification screen&quot;,&quot;duration&quot;:15288,&quot;state&quot;:&quot;failed&quot;,&quot;pass&quot;:false,&quot;fail&quot;:true,&quot;pending&quot;:false,&quot;code&quot;:&quot;cy.get(&#x27;.text-gray-800&#x27;).should(&#x27;be.visible&#x27;).and(&#x27;have.text&#x27;, &#x27;Enter Verification Code&#x27;);\ncy.get(&#x27;.text-gray-500&#x27;).should(&#x27;be.visible&#x27;).and(&#x27;have.text&#x27;, &#x27;A 6 digit verification code has been sent to your email address&#x27;);\ncy.get(&#x27;.mt-3 &gt; :nth-child(1)&#x27;).should(&#x27;be.visible&#x27;).and(&#x27;have.text&#x27;, \&quot;Haven&#x27;t received the code?\&quot;);\ncy.get(&#x27;.mt-5 &gt; .flex&#x27;).should(&#x27;be.visible&#x27;);&quot;,&quot;err&quot;:{&quot;message&quot;:&quot;AssertionError: Timed out retrying after 15000ms: Expected to find element: `.text-gray-800`, but never found it.&quot;,&quot;estack&quot;:&quot;AssertionError: Timed out retrying after 15000ms: Expected to find element: `.text-gray-800`, but never found it.\n    at Context.eval (https://staging.rch.build-release.com/__cypress/tests?p=cypress\\integration\\Admin_Testcases\\04_forgotPassword.spec.js:143:30)&quot;},&quot;uuid&quot;:&quot;69cc8528-1ccf-4b94-aed4-d5f8b20fc97d&quot;,&quot;parentUUID&quot;:&quot;e51f34c1-3dfd-4e9c-a550-d41f0f86d84f&quot;,&quot;isHook&quot;:false,&quot;skipped&quot;:false},{&quot;title&quot;:&quot;valdation should appear when user does not enter otp into the field&quot;,&quot;fullTitle&quot;:&quot;Forgot password module testcases valdation should appear when user does not enter otp into the field&quot;,&quot;duration&quot;:16857,&quot;state&quot;:&quot;failed&quot;,&quot;pass&quot;:false,&quot;fail&quot;:true,&quot;pending&quot;:false,&quot;code&quot;:&quot;cy.get(&#x27;.mt-5 &gt; .flex&#x27;).should(&#x27;be.visible&#x27;).click();\ncy.get(&#x27;.my-4 &gt; .text-xs&#x27;).should(&#x27;be.visible&#x27;).and(&#x27;have.text&#x27;, &#x27;Verfication Code is not valid, please re-enter or resend Verfication code&#x27;);&quot;,&quot;err&quot;:{&quot;message&quot;:&quot;AssertionError: Timed out retrying after 15000ms: Expected to find element: `.mt-5 &gt; .flex`, but never found it.&quot;,&quot;estack&quot;:&quot;AssertionError: Timed out retrying after 15000ms: Expected to find element: `.mt-5 &gt; .flex`, but never found it.\n    at Context.eval (https://staging.rch.build-release.com/__cypress/tests?p=cypress\\integration\\Admin_Testcases\\04_forgotPassword.spec.js:149:29)&quot;},&quot;uuid&quot;:&quot;1e750d36-ec3b-4185-aa0b-58189c4f26b0&quot;,&quot;parentUUID&quot;:&quot;e51f34c1-3dfd-4e9c-a550-d41f0f86d84f&quot;,&quot;isHook&quot;:false,&quot;skipped&quot;:false},{&quot;title&quot;:&quot;validation should appear when user enter invalid OTP&quot;,&quot;fullTitle&quot;:&quot;Forgot password module testcases validation should appear when user enter invalid OTP&quot;,&quot;duration&quot;:15506,&quot;state&quot;:&quot;failed&quot;,&quot;pass&quot;:false,&quot;fail&quot;:true,&quot;pending&quot;:false,&quot;code&quot;:&quot;cy.xpath(\&quot;//div[@style=&#x27;display: flex; margin: 0px 0px 0px -0.5rem;&#x27;]\&quot;).type(&#x27;336699&#x27;);\ncy.get(&#x27;.mt-5 &gt; .flex&#x27;).should(&#x27;be.visible&#x27;).click();\ncy.get(&#x27;.my-4 &gt; .text-xs&#x27;).should(&#x27;be.visible&#x27;).and(&#x27;have.text&#x27;, &#x27;Verfication Code is not valid, please re-enter or resend Verfication code&#x27;);&quot;,&quot;err&quot;:{&quot;message&quot;:&quot;AssertionError: Timed out retrying after 15000ms: Expected to find element: `//div[@style=&#x27;display: flex; margin: 0px 0px 0px -0.5rem;&#x27;]`, but never found it.&quot;,&quot;estack&quot;:&quot;AssertionError: Timed out retrying after 15000ms: Expected to find element: `//div[@style=&#x27;display: flex; margin: 0px 0px 0px -0.5rem;&#x27;]`, but never found it.\n    at Context.eval (https://staging.rch.build-release.com/__cypress/tests?p=cypress\\integration\\Admin_Testcases\\04_forgotPassword.spec.js:153:8)&quot;},&quot;uuid&quot;:&quot;25051b18-b4e7-4639-b9f6-9d730ac18cf1&quot;,&quot;parentUUID&quot;:&quot;e51f34c1-3dfd-4e9c-a550-d41f0f86d84f&quot;,&quot;isHook&quot;:false,&quot;skipped&quot;:false},{&quot;title&quot;:&quot;verify resend button functionality &quot;,&quot;fullTitle&quot;:&quot;Forgot password module testcases verify resend button functionality &quot;,&quot;duration&quot;:15818,&quot;state&quot;:&quot;failed&quot;,&quot;pass&quot;:false,&quot;fail&quot;:true,&quot;pending&quot;:false,&quot;code&quot;:&quot;cy.get(&#x27;.mt-3 &gt; .font-bold&#x27;).should(&#x27;be.visible&#x27;).click();\nconst emailId = data.email;\ncy.contains(&#x27;OTP send to &#x27; + emailId);&quot;,&quot;err&quot;:{&quot;message&quot;:&quot;CypressError: Timed out retrying after 15050ms: `cy.click()` failed because this element is `disabled`:\n\n`&lt;button type=\&quot;submit\&quot; textid=\&quot;submit\&quot; class=\&quot;flex justify-center items-center  text-sm font-bold rounded-md shadow-sm text-white border-2 px-16 py-3 hover:font-bold focus:outline-none \n bg-gray-500 cursor-not-allowed hover:border-gray-400\&quot; disabled=\&quot;\&quot;&gt;...&lt;/button&gt;`\n\nFix this problem, or use `{force: true}` to disable error checking.\n\nhttps://on.cypress.io/element-cannot-be-interacted-with&quot;,&quot;estack&quot;:&quot;CypressError: Timed out retrying after 15050ms: `cy.click()` failed because this element is `disabled`:\n\n`&lt;button type=\&quot;submit\&quot; textid=\&quot;submit\&quot; class=\&quot;flex justify-center items-center  text-sm font-bold rounded-md shadow-sm text-white border-2 px-16 py-3 hover:font-bold focus:outline-none \n bg-gray-500 cursor-not-allowed hover:border-gray-400\&quot; disabled=\&quot;\&quot;&gt;...&lt;/button&gt;`\n\nFix this problem, or use `{force: true}` to disable error checking.\n\nhttps://on.cypress.io/element-cannot-be-interacted-with\n    at $Cy.ensureNotDisabled (https://staging.rch.build-release.com/__cypress/runner/cypress_runner.js:160457:85)\n    at runAllChecks (https://staging.rch.build-release.com/__cypress/runner/cypress_runner.js:147820:14)\n    at retryActionability (https://staging.rch.build-release.com/__cypress/runner/cypress_runner.js:147894:16)\n    at tryCatcher (https://staging.rch.build-release.com/__cypress/runner/cypress_runner.js:13212:23)\n    at Function.Promise.attempt.Promise.try (https://staging.rch.build-release.com/__cypress/runner/cypress_runner.js:10486:29)\n    at tryFn (https://staging.rch.build-release.com/__cypress/runner/cypress_runner.js:165305:61)\n    at whenStable (https://staging.rch.build-release.com/__cypress/runner/cypress_runner.js:165344:14)\n    at https://staging.rch.build-release.com/__cypress/runner/cypress_runner.js:164831:18\n    at tryCatcher (https://staging.rch.build-release.com/__cypress/runner/cypress_runner.js:13212:23)\n    at Promise._settlePromiseFromHandler (https://staging.rch.build-release.com/__cypress/runner/cypress_runner.js:11147:31)\n    at Promise._settlePromise (https://staging.rch.build-release.com/__cypress/runner/cypress_runner.js:11204:18)\n    at Promise._settlePromise0 (https://staging.rch.build-release.com/__cypress/runner/cypress_runner.js:11249:10)\n    at Promise._settlePromises (https://staging.rch.build-release.com/__cypress/runner/cypress_runner.js:11329:18)\n    at Promise._fulfill (https://staging.rch.build-release.com/__cypress/runner/cypress_runner.js:11273:18)\n    at https://staging.rch.build-release.com/__cypress/runner/cypress_runner.js:12887:46\nFrom Your Spec Code:\n    at Context.eval (https://staging.rch.build-release.com/__cypress/tests?p=cypress\\integration\\Admin_Testcases\\04_forgotPassword.spec.js:158:55)&quot;},&quot;uuid&quot;:&quot;74ccdf35-0c85-4223-b5a5-d696beff217e&quot;,&quot;parentUUID&quot;:&quot;e51f34c1-3dfd-4e9c-a550-d41f0f86d84f&quot;,&quot;isHook&quot;:false,&quot;skipped&quot;:false}],&quot;suites&quot;:[],&quot;passes&quot;:[],&quot;failures&quot;:[&quot;db09ac9c-99ef-4e72-bdea-5e92f76eb329&quot;,&quot;24112eeb-e487-44bd-ba7f-3971ee545f88&quot;,&quot;b224a54d-8f84-4701-98f7-d82085b3e595&quot;,&quot;26431c47-2c4e-49c4-9bd5-db188a9caa31&quot;,&quot;69cc8528-1ccf-4b94-aed4-d5f8b20fc97d&quot;,&quot;1e750d36-ec3b-4185-aa0b-58189c4f26b0&quot;,&quot;25051b18-b4e7-4639-b9f6-9d730ac18cf1&quot;,&quot;74ccdf35-0c85-4223-b5a5-d696beff217e&quot;],&quot;pending&quot;:[],&quot;skipped&quot;:[],&quot;duration&quot;:212213,&quot;root&quot;:false,&quot;rootEmpty&quot;:false,&quot;_timeout&quot;:2000}],&quot;passes&quot;:[],&quot;failures&quot;:[],&quot;pending&quot;:[],&quot;skipped&quot;:[],&quot;duration&quot;:0,&quot;root&quot;:true,&quot;rootEmpty&quot;:true,&quot;_timeout&quot;:2000}],&quot;meta&quot;:{&quot;mocha&quot;:{&quot;version&quot;:&quot;7.0.1&quot;},&quot;mochawesome&quot;:{&quot;options&quot;:{&quot;quiet&quot;:false,&quot;reportFilename&quot;:&quot;report&quot;,&quot;saveHtml&quot;:true,&quot;saveJson&quot;:true,&quot;consoleReporter&quot;:&quot;spec&quot;,&quot;useInlineDiffs&quot;:false,&quot;code&quot;:true},&quot;version&quot;:&quot;7.0.1&quot;},&quot;marge&quot;:{&quot;options&quot;:{&quot;reportDir&quot;:&quot;cypress/reports&quot;,&quot;reportFilename&quot;:&quot;report&quot;,&quot;overwrite&quot;:false,&quot;html&quot;:true,&quot;json&quot;:true,&quot;charts&quot;:true},&quot;version&quot;:&quot;6.0.1&quot;}}}" data-config="{&quot;reportFilename&quot;:&quot;report&quot;,&quot;reportDir&quot;:&quot;cypress/reports&quot;,&quot;reportTitle&quot;:&quot;LxMedical&quot;,&quot;reportPageTitle&quot;:&quot;Mochawesome Report&quot;,&quot;inline&quot;:false,&quot;inlineAssets&quot;:false,&quot;cdn&quot;:false,&quot;charts&quot;:true,&quot;enableCharts&quot;:true,&quot;code&quot;:true,&quot;enableCode&quot;:true,&quot;autoOpen&quot;:false,&quot;overwrite&quot;:false,&quot;timestamp&quot;:false,&quot;ts&quot;:false,&quot;showPassed&quot;:true,&quot;showFailed&quot;:true,&quot;showPending&quot;:true,&quot;showSkipped&quot;:false,&quot;showHooks&quot;:&quot;failed&quot;,&quot;saveJson&quot;:true,&quot;saveHtml&quot;:true,&quot;dev&quot;:false,&quot;assetsDir&quot;:&quot;cypress\\reports\\assets&quot;,&quot;jsonFile&quot;:&quot;C:\\LX Medical\\LxMedical\\cypress\\reports\\report.json&quot;,&quot;htmlFile&quot;:&quot;C:\\LX Medical\\LxMedical\\cypress\\reports\\report.html&quot;}"><div id="report"></div><script src="assets\app.js"></script></body></html>