<!doctype html>
<html lang="en"><head><meta charSet="utf-8"/><meta http-equiv="X-UA-Compatible" content="IE=edge"/><meta name="viewport" content="width=device-width, initial-scale=1"/><title>Mochawesome Report</title><link rel="stylesheet" href="assets\app.css"/></head><body data-raw="{&quot;stats&quot;:{&quot;suites&quot;:1,&quot;tests&quot;:9,&quot;passes&quot;:0,&quot;pending&quot;:0,&quot;failures&quot;:9,&quot;start&quot;:&quot;2022-02-09T12:58:49.201Z&quot;,&quot;end&quot;:&quot;2022-02-09T13:00:39.767Z&quot;,&quot;duration&quot;:110566,&quot;testsRegistered&quot;:9,&quot;passPercent&quot;:0,&quot;pendingPercent&quot;:0,&quot;other&quot;:0,&quot;hasOther&quot;:false,&quot;skipped&quot;:0,&quot;hasSkipped&quot;:false},&quot;results&quot;:[{&quot;uuid&quot;:&quot;088f03ea-a845-40df-a112-b0e717546f61&quot;,&quot;title&quot;:&quot;&quot;,&quot;fullFile&quot;:&quot;cypress/integration/Patient_Testcases/03_Forgot_Password.spec.js&quot;,&quot;file&quot;:&quot;cypress/integration/Patient_Testcases/03_Forgot_Password.spec.js&quot;,&quot;beforeHooks&quot;:[],&quot;afterHooks&quot;:[],&quot;tests&quot;:[],&quot;suites&quot;:[{&quot;uuid&quot;:&quot;7c2206a8-c8cb-4a78-a6c1-e5ab015fc363&quot;,&quot;title&quot;:&quot;Forgot Password Module Test Cases&quot;,&quot;fullFile&quot;:&quot;&quot;,&quot;file&quot;:&quot;&quot;,&quot;beforeHooks&quot;:[],&quot;afterHooks&quot;:[],&quot;tests&quot;:[{&quot;title&quot;:&quot;As a Patient the user should be redirected to forgot password page by clicking on forgot password  link in sign in page&quot;,&quot;fullTitle&quot;:&quot;Forgot Password Module Test Cases As a Patient the user should be redirected to forgot password page by clicking on forgot password  link in sign in page&quot;,&quot;duration&quot;:23232,&quot;state&quot;:&quot;failed&quot;,&quot;pass&quot;:false,&quot;fail&quot;:true,&quot;pending&quot;:false,&quot;code&quot;:&quot;cy.visit(cred.PatientUrl);\ncy.url().should(&#x27;eq&#x27;, cred.PatientUrl);\ncy.get(&#x27;.bg-white &gt; .mx-auto &gt; .w-44&#x27;).should(&#x27;be.visible&#x27;).click();\ncy.url().should(&#x27;contain&#x27;, &#x27;/login&#x27;);\ncy.get(&#x27;.justify-between &gt; a &gt; .text-primary&#x27;).should(&#x27;be.visible&#x27;).should(&#x27;have.text&#x27;, &#x27;Forgot Password?&#x27;).click();\ncy.url().should(&#x27;contain&#x27;, &#x27;/forgot-password&#x27;);&quot;,&quot;err&quot;:{&quot;message&quot;:&quot;AssertionError: Timed out retrying after 15000ms: Expected to find element: `.bg-white &gt; .mx-auto &gt; .w-44`, but never found it.&quot;,&quot;estack&quot;:&quot;AssertionError: Timed out retrying after 15000ms: Expected to find element: `.bg-white &gt; .mx-auto &gt; .w-44`, but never found it.\n    at Context.eval (https://qa.rch.build-release.com/__cypress/tests?p=cypress\\integration\\Patient_Testcases\\03_Forgot_Password.spec.js:126:44)&quot;},&quot;uuid&quot;:&quot;2e0f827b-b3ba-4119-8f1e-0d7e33d0f07b&quot;,&quot;parentUUID&quot;:&quot;7c2206a8-c8cb-4a78-a6c1-e5ab015fc363&quot;,&quot;isHook&quot;:false,&quot;skipped&quot;:false},{&quot;title&quot;:&quot;At forgot password page each label and field should have proper label and validations&quot;,&quot;fullTitle&quot;:&quot;Forgot Password Module Test Cases At forgot password page each label and field should have proper label and validations&quot;,&quot;duration&quot;:15651,&quot;state&quot;:&quot;failed&quot;,&quot;pass&quot;:false,&quot;fail&quot;:true,&quot;pending&quot;:false,&quot;code&quot;:&quot;cy.get(&#x27;.text-gray-900&#x27;).should(&#x27;be.visible&#x27;).should(&#x27;contain&#x27;, &#x27;Forgot Password?&#x27;);\ncy.get(&#x27;a &gt; .text-primary&#x27;).should(&#x27;be.visible&#x27;);\ncy.get(&#x27;.text-gray-500&#x27;).should(&#x27;be.visible&#x27;).should(&#x27;contain&#x27;, &#x27;A 6 digit&#x27;);\ncy.get(&#x27;div.w-full &gt; .text-sm &gt; div&#x27;).should(&#x27;be.visible&#x27;).should(&#x27;have.text&#x27;, &#x27;Email&#x27;);\ncy.get(&#x27;.mt-5 &gt; .flex&#x27;).should(&#x27;be.visible&#x27;).should(&#x27;have.text&#x27;, &#x27;Continue&#x27;);&quot;,&quot;err&quot;:{&quot;message&quot;:&quot;AssertionError: Timed out retrying after 15000ms: Expected to find element: `.text-gray-900`, but never found it.&quot;,&quot;estack&quot;:&quot;AssertionError: Timed out retrying after 15000ms: Expected to find element: `.text-gray-900`, but never found it.\n    at Context.eval (https://qa.rch.build-release.com/__cypress/tests?p=cypress\\integration\\Patient_Testcases\\03_Forgot_Password.spec.js:132:30)&quot;},&quot;uuid&quot;:&quot;e184f74a-90b9-44fd-9b7b-edc16d78832a&quot;,&quot;parentUUID&quot;:&quot;7c2206a8-c8cb-4a78-a6c1-e5ab015fc363&quot;,&quot;isHook&quot;:false,&quot;skipped&quot;:false},{&quot;title&quot;:&quot;The user should get error if no email is entered&quot;,&quot;fullTitle&quot;:&quot;Forgot Password Module Test Cases The user should get error if no email is entered&quot;,&quot;duration&quot;:16149,&quot;state&quot;:&quot;failed&quot;,&quot;pass&quot;:false,&quot;fail&quot;:true,&quot;pending&quot;:false,&quot;code&quot;:&quot;cy.get(&#x27;.mt-5 &gt; .flex&#x27;).should(&#x27;be.visible&#x27;).should(&#x27;have.text&#x27;, &#x27;Continue&#x27;).click();\ncy.get(&#x27;.text-red-600&#x27;).should(&#x27;be.visible&#x27;).should(&#x27;have.text&#x27;, &#x27;Required&#x27;);&quot;,&quot;err&quot;:{&quot;message&quot;:&quot;AssertionError: Timed out retrying after 15000ms: Expected to find element: `.mt-5 &gt; .flex`, but never found it.&quot;,&quot;estack&quot;:&quot;AssertionError: Timed out retrying after 15000ms: Expected to find element: `.mt-5 &gt; .flex`, but never found it.\n    at Context.eval (https://qa.rch.build-release.com/__cypress/tests?p=cypress\\integration\\Patient_Testcases\\03_Forgot_Password.spec.js:139:29)&quot;},&quot;uuid&quot;:&quot;122d22b2-fec1-4d88-92bf-86ea54fe5a14&quot;,&quot;parentUUID&quot;:&quot;7c2206a8-c8cb-4a78-a6c1-e5ab015fc363&quot;,&quot;isHook&quot;:false,&quot;skipped&quot;:false},{&quot;title&quot;:&quot;The user should get error if invalid email is entered&quot;,&quot;fullTitle&quot;:&quot;Forgot Password Module Test Cases The user should get error if invalid email is entered&quot;,&quot;duration&quot;:1524,&quot;state&quot;:&quot;failed&quot;,&quot;pass&quot;:false,&quot;fail&quot;:true,&quot;pending&quot;:false,&quot;code&quot;:&quot;cy.get(&#x27;.appearance-none&#x27;).should(&#x27;be.visible&#x27;).type(&#x27;pp@mailinator.com&#x27;);\ncy.get(&#x27;.mt-5 &gt; .flex&#x27;).should(&#x27;be.visible&#x27;).should(&#x27;have.text&#x27;, &#x27;Continue&#x27;).click();\ncy.contains(&#x27;User not found&#x27;);&quot;,&quot;err&quot;:{&quot;message&quot;:&quot;CypressError: `cy.type()` can only be called on a single element. Your subject contained 2 elements.\n\nhttps://on.cypress.io/type&quot;,&quot;estack&quot;:&quot;CypressError: `cy.type()` can only be called on a single element. Your subject contained 2 elements.\n\nhttps://on.cypress.io/type\n    at Context.type (https://qa.rch.build-release.com/__cypress/runner/cypress_runner.js:151560:76)\n    at Context.&lt;anonymous&gt; (https://qa.rch.build-release.com/__cypress/runner/cypress_runner.js:169833:23)\nFrom Your Spec Code:\n    at Context.eval (https://qa.rch.build-release.com/__cypress/tests?p=cypress\\integration\\Patient_Testcases\\03_Forgot_Password.spec.js:143:53)&quot;},&quot;uuid&quot;:&quot;83d607a0-1f15-4306-8d4d-10b827523608&quot;,&quot;parentUUID&quot;:&quot;7c2206a8-c8cb-4a78-a6c1-e5ab015fc363&quot;,&quot;isHook&quot;:false,&quot;skipped&quot;:false},{&quot;title&quot;:&quot;As a Patient by entering valid registered email id and clicking on continue button the user should be redirected to the Enter verification code page&quot;,&quot;fullTitle&quot;:&quot;Forgot Password Module Test Cases As a Patient by entering valid registered email id and clicking on continue button the user should be redirected to the Enter verification code page&quot;,&quot;duration&quot;:1625,&quot;state&quot;:&quot;failed&quot;,&quot;pass&quot;:false,&quot;fail&quot;:true,&quot;pending&quot;:false,&quot;code&quot;:&quot;cy.get(&#x27;.appearance-none&#x27;).should(&#x27;be.visible&#x27;).clear().type(cred.pemail);\ncy.get(&#x27;.mt-5 &gt; .flex&#x27;).should(&#x27;be.visible&#x27;).should(&#x27;have.text&#x27;, &#x27;Continue&#x27;).click();\ncy.contains(&#x27;OTP send to&#x27;);&quot;,&quot;err&quot;:{&quot;message&quot;:&quot;CypressError: `cy.type()` can only be called on a single element. Your subject contained 2 elements.\n\nhttps://on.cypress.io/type&quot;,&quot;estack&quot;:&quot;CypressError: `cy.type()` can only be called on a single element. Your subject contained 2 elements.\n\nhttps://on.cypress.io/type\n    at Context.type (https://qa.rch.build-release.com/__cypress/runner/cypress_runner.js:151560:76)\n    at Context.&lt;anonymous&gt; (https://qa.rch.build-release.com/__cypress/runner/cypress_runner.js:169833:23)\nFrom Your Spec Code:\n    at Context.eval (https://qa.rch.build-release.com/__cypress/tests?p=cypress\\integration\\Patient_Testcases\\03_Forgot_Password.spec.js:148:61)&quot;},&quot;uuid&quot;:&quot;22867299-2575-4fe7-8d6c-0da5e3c19863&quot;,&quot;parentUUID&quot;:&quot;7c2206a8-c8cb-4a78-a6c1-e5ab015fc363&quot;,&quot;isHook&quot;:false,&quot;skipped&quot;:false},{&quot;title&quot;:&quot;At Enter verification code page each label and field should have proper label and validations&quot;,&quot;fullTitle&quot;:&quot;Forgot Password Module Test Cases At Enter verification code page each label and field should have proper label and validations&quot;,&quot;duration&quot;:15532,&quot;state&quot;:&quot;failed&quot;,&quot;pass&quot;:false,&quot;fail&quot;:true,&quot;pending&quot;:false,&quot;code&quot;:&quot;cy.get(&#x27;.text-gray-800&#x27;).should(&#x27;be.visible&#x27;).should(&#x27;have.text&#x27;, &#x27;Enter Verification Code&#x27;);\ncy.get(&#x27;.mr-2&#x27;).should(&#x27;be.visible&#x27;);\ncy.get(&#x27;.mt-5.mb-2&#x27;).should(&#x27;be.visible&#x27;);\ncy.get(&#x27;.text-gray-500&#x27;).should(&#x27;be.visible&#x27;).should(&#x27;contain&#x27;, &#x27;A 6 digit&#x27;);\ncy.get(&#x27;.text-gray-600&#x27;).should(&#x27;be.visible&#x27;).should(&#x27;have.text&#x27;, cred.pemail);\ncy.get(&#x27;:nth-child(1) &gt; input&#x27;).should(&#x27;be.visible&#x27;);\ncy.get(&#x27;:nth-child(2) &gt; input&#x27;).should(&#x27;be.visible&#x27;);\ncy.get(&#x27;:nth-child(3) &gt; input&#x27;).should(&#x27;be.visible&#x27;);\ncy.get(&#x27;:nth-child(4) &gt; input&#x27;).should(&#x27;be.visible&#x27;);\ncy.get(&#x27;:nth-child(5) &gt; input&#x27;).should(&#x27;be.visible&#x27;);\ncy.get(&#x27;:nth-child(6) &gt; input&#x27;).should(&#x27;be.visible&#x27;);\ncy.get(&#x27;.font-medium&#x27;).should(&#x27;be.visible&#x27;);\ncy.get(&#x27;.mt-3 &gt; .font-bold&#x27;).should(&#x27;be.visible&#x27;).should(&#x27;have.text&#x27;, &#x27;Resend Code&#x27;);\ncy.get(&#x27;.mt-5 &gt; .flex&#x27;).should(&#x27;be.visible&#x27;).should(&#x27;have.text&#x27;, &#x27;Submit&#x27;);&quot;,&quot;err&quot;:{&quot;message&quot;:&quot;AssertionError: Timed out retrying after 15000ms: Expected to find element: `.text-gray-800`, but never found it.&quot;,&quot;estack&quot;:&quot;AssertionError: Timed out retrying after 15000ms: Expected to find element: `.text-gray-800`, but never found it.\n    at Context.eval (https://qa.rch.build-release.com/__cypress/tests?p=cypress\\integration\\Patient_Testcases\\03_Forgot_Password.spec.js:153:30)&quot;},&quot;uuid&quot;:&quot;7db3e4ca-f694-4dbc-8c6b-4ea3261313ef&quot;,&quot;parentUUID&quot;:&quot;7c2206a8-c8cb-4a78-a6c1-e5ab015fc363&quot;,&quot;isHook&quot;:false,&quot;skipped&quot;:false},{&quot;title&quot;:&quot;As a Patient the user should able to resend verification code by clicking resend link&quot;,&quot;fullTitle&quot;:&quot;Forgot Password Module Test Cases As a Patient the user should able to resend verification code by clicking resend link&quot;,&quot;duration&quot;:15808,&quot;state&quot;:&quot;failed&quot;,&quot;pass&quot;:false,&quot;fail&quot;:true,&quot;pending&quot;:false,&quot;code&quot;:&quot;cy.get(&#x27;.mt-3 &gt; .font-bold&#x27;).should(&#x27;be.visible&#x27;).should(&#x27;have.text&#x27;, &#x27;Resend Code&#x27;).click();\ncy.contains(&#x27;OTP send to&#x27;);&quot;,&quot;err&quot;:{&quot;message&quot;:&quot;AssertionError: Timed out retrying after 15000ms: expected &#x27;&lt;button.flex.justify-center.items-center.text-sm.font-bold.rounded-md.shadow-sm.text-white.border-2.px-16.py-3.hover:font-bold.focus:outline-none.bg-gray-500.cursor-not-allowed.hover:border-gray-400&gt;&#x27; to have text &#x27;Resend Code&#x27;, but the text was &#x27;Submit&#x27;&quot;,&quot;estack&quot;:&quot;AssertionError: Timed out retrying after 15000ms: expected &#x27;&lt;button.flex.justify-center.items-center.text-sm.font-bold.rounded-md.shadow-sm.text-white.border-2.px-16.py-3.hover:font-bold.focus:outline-none.bg-gray-500.cursor-not-allowed.hover:border-gray-400&gt;&#x27; to have text &#x27;Resend Code&#x27;, but the text was &#x27;Submit&#x27;\n    at Context.eval (https://qa.rch.build-release.com/__cypress/tests?p=cypress\\integration\\Patient_Testcases\\03_Forgot_Password.spec.js:169:55)&quot;,&quot;diff&quot;:&quot;- &#x27;Submit&#x27;\n+ &#x27;Resend Code&#x27;\n&quot;},&quot;uuid&quot;:&quot;abe5e154-f6aa-42c2-9193-f93f75bca075&quot;,&quot;parentUUID&quot;:&quot;7c2206a8-c8cb-4a78-a6c1-e5ab015fc363&quot;,&quot;isHook&quot;:false,&quot;skipped&quot;:false},{&quot;title&quot;:&quot;The user should get an error if no data is entered&quot;,&quot;fullTitle&quot;:&quot;Forgot Password Module Test Cases The user should get an error if no data is entered&quot;,&quot;duration&quot;:15365,&quot;state&quot;:&quot;failed&quot;,&quot;pass&quot;:false,&quot;fail&quot;:true,&quot;pending&quot;:false,&quot;code&quot;:&quot;cy.get(&#x27;.mt-5 &gt; .flex&#x27;).should(&#x27;be.visible&#x27;).should(&#x27;have.text&#x27;, &#x27;Submit&#x27;).click();\ncy.get(&#x27;.my-4 &gt; .text-xs&#x27;).should(&#x27;be.visible&#x27;).should(&#x27;have.text&#x27;, &#x27;Verfication Code is not valid, please re-enter or resend Verfication code&#x27;);&quot;,&quot;err&quot;:{&quot;message&quot;:&quot;AssertionError: Timed out retrying after 15000ms: Expected to find element: `.mt-5 &gt; .flex`, but never found it.&quot;,&quot;estack&quot;:&quot;AssertionError: Timed out retrying after 15000ms: Expected to find element: `.mt-5 &gt; .flex`, but never found it.\n    at Context.eval (https://qa.rch.build-release.com/__cypress/tests?p=cypress\\integration\\Patient_Testcases\\03_Forgot_Password.spec.js:173:29)&quot;},&quot;uuid&quot;:&quot;28f8dc29-5e10-4654-ae44-9b345fddeb3f&quot;,&quot;parentUUID&quot;:&quot;7c2206a8-c8cb-4a78-a6c1-e5ab015fc363&quot;,&quot;isHook&quot;:false,&quot;skipped&quot;:false},{&quot;title&quot;:&quot;The user should get an error if invalid data is entered&quot;,&quot;fullTitle&quot;:&quot;Forgot Password Module Test Cases The user should get an error if invalid data is entered&quot;,&quot;duration&quot;:816,&quot;state&quot;:&quot;failed&quot;,&quot;pass&quot;:false,&quot;fail&quot;:true,&quot;pending&quot;:false,&quot;code&quot;:&quot;cy.get(&#x27;:nth-child(1) &gt; input&#x27;).should(&#x27;be.visible&#x27;).type(&#x27;1&#x27;);\ncy.get(&#x27;:nth-child(2) &gt; input&#x27;).should(&#x27;be.visible&#x27;).type(&#x27;2&#x27;);\ncy.get(&#x27;:nth-child(3) &gt; input&#x27;).should(&#x27;be.visible&#x27;).type(&#x27;3&#x27;);\ncy.get(&#x27;:nth-child(4) &gt; input&#x27;).should(&#x27;be.visible&#x27;).type(&#x27;4&#x27;);\ncy.get(&#x27;:nth-child(5) &gt; input&#x27;).should(&#x27;be.visible&#x27;).type(&#x27;5&#x27;);\ncy.get(&#x27;:nth-child(6) &gt; input&#x27;).should(&#x27;be.visible&#x27;).type(&#x27;6&#x27;);\ncy.get(&#x27;.mt-5 &gt; .flex&#x27;).should(&#x27;be.visible&#x27;).should(&#x27;have.text&#x27;, &#x27;Submit&#x27;).click();\ncy.get(&#x27;.my-4 &gt; .text-xs&#x27;).should(&#x27;be.visible&#x27;).should(&#x27;have.text&#x27;, &#x27;Verfication Code is not valid, please re-enter or resend Verfication code&#x27;);&quot;,&quot;err&quot;:{&quot;message&quot;:&quot;CypressError: `cy.type()` can only be called on a single element. Your subject contained 2 elements.\n\nhttps://on.cypress.io/type&quot;,&quot;estack&quot;:&quot;CypressError: `cy.type()` can only be called on a single element. Your subject contained 2 elements.\n\nhttps://on.cypress.io/type\n    at Context.type (https://qa.rch.build-release.com/__cypress/runner/cypress_runner.js:151560:76)\n    at Context.&lt;anonymous&gt; (https://qa.rch.build-release.com/__cypress/runner/cypress_runner.js:169833:23)\nFrom Your Spec Code:\n    at Context.eval (https://qa.rch.build-release.com/__cypress/tests?p=cypress\\integration\\Patient_Testcases\\03_Forgot_Password.spec.js:178:58)&quot;},&quot;uuid&quot;:&quot;0dd86113-3fb7-4b29-8bce-fd961b3e0505&quot;,&quot;parentUUID&quot;:&quot;7c2206a8-c8cb-4a78-a6c1-e5ab015fc363&quot;,&quot;isHook&quot;:false,&quot;skipped&quot;:false}],&quot;suites&quot;:[],&quot;passes&quot;:[],&quot;failures&quot;:[&quot;2e0f827b-b3ba-4119-8f1e-0d7e33d0f07b&quot;,&quot;e184f74a-90b9-44fd-9b7b-edc16d78832a&quot;,&quot;122d22b2-fec1-4d88-92bf-86ea54fe5a14&quot;,&quot;83d607a0-1f15-4306-8d4d-10b827523608&quot;,&quot;22867299-2575-4fe7-8d6c-0da5e3c19863&quot;,&quot;7db3e4ca-f694-4dbc-8c6b-4ea3261313ef&quot;,&quot;abe5e154-f6aa-42c2-9193-f93f75bca075&quot;,&quot;28f8dc29-5e10-4654-ae44-9b345fddeb3f&quot;,&quot;0dd86113-3fb7-4b29-8bce-fd961b3e0505&quot;],&quot;pending&quot;:[],&quot;skipped&quot;:[],&quot;duration&quot;:105702,&quot;root&quot;:false,&quot;rootEmpty&quot;:false,&quot;_timeout&quot;:2000}],&quot;passes&quot;:[],&quot;failures&quot;:[],&quot;pending&quot;:[],&quot;skipped&quot;:[],&quot;duration&quot;:0,&quot;root&quot;:true,&quot;rootEmpty&quot;:true,&quot;_timeout&quot;:2000}],&quot;meta&quot;:{&quot;mocha&quot;:{&quot;version&quot;:&quot;7.0.1&quot;},&quot;mochawesome&quot;:{&quot;options&quot;:{&quot;quiet&quot;:false,&quot;reportFilename&quot;:&quot;report&quot;,&quot;saveHtml&quot;:true,&quot;saveJson&quot;:true,&quot;consoleReporter&quot;:&quot;spec&quot;,&quot;useInlineDiffs&quot;:false,&quot;code&quot;:true},&quot;version&quot;:&quot;7.0.1&quot;},&quot;marge&quot;:{&quot;options&quot;:{&quot;reportDir&quot;:&quot;cypress/reports&quot;,&quot;reportFilename&quot;:&quot;report&quot;,&quot;overwrite&quot;:false,&quot;html&quot;:true,&quot;json&quot;:true,&quot;charts&quot;:true},&quot;version&quot;:&quot;6.0.1&quot;}}}" data-config="{&quot;reportFilename&quot;:&quot;report&quot;,&quot;reportDir&quot;:&quot;cypress/reports&quot;,&quot;reportTitle&quot;:&quot;LxMedical&quot;,&quot;reportPageTitle&quot;:&quot;Mochawesome Report&quot;,&quot;inline&quot;:false,&quot;inlineAssets&quot;:false,&quot;cdn&quot;:false,&quot;charts&quot;:true,&quot;enableCharts&quot;:true,&quot;code&quot;:true,&quot;enableCode&quot;:true,&quot;autoOpen&quot;:false,&quot;overwrite&quot;:false,&quot;timestamp&quot;:false,&quot;ts&quot;:false,&quot;showPassed&quot;:true,&quot;showFailed&quot;:true,&quot;showPending&quot;:true,&quot;showSkipped&quot;:false,&quot;showHooks&quot;:&quot;failed&quot;,&quot;saveJson&quot;:true,&quot;saveHtml&quot;:true,&quot;dev&quot;:false,&quot;assetsDir&quot;:&quot;cypress\\reports\\assets&quot;,&quot;jsonFile&quot;:&quot;C:\\LX Medical\\LxMedical\\cypress\\reports\\report.json&quot;,&quot;htmlFile&quot;:&quot;C:\\LX Medical\\LxMedical\\cypress\\reports\\report.html&quot;}"><div id="report"></div><script src="assets\app.js"></script></body></html>