<!doctype html>
<html lang="en"><head><meta charSet="utf-8"/><meta http-equiv="X-UA-Compatible" content="IE=edge"/><meta name="viewport" content="width=device-width, initial-scale=1"/><title>Mochawesome Report</title><link rel="stylesheet" href="assets\app.css"/></head><body data-raw="{&quot;stats&quot;:{&quot;suites&quot;:1,&quot;tests&quot;:8,&quot;passes&quot;:0,&quot;pending&quot;:0,&quot;failures&quot;:8,&quot;start&quot;:&quot;2022-02-09T13:06:44.989Z&quot;,&quot;end&quot;:&quot;2022-02-09T13:09:03.537Z&quot;,&quot;duration&quot;:138548,&quot;testsRegistered&quot;:8,&quot;passPercent&quot;:0,&quot;pendingPercent&quot;:0,&quot;other&quot;:0,&quot;hasOther&quot;:false,&quot;skipped&quot;:0,&quot;hasSkipped&quot;:false},&quot;results&quot;:[{&quot;uuid&quot;:&quot;8ad6e884-5b8c-4d36-9b64-1919020ea38c&quot;,&quot;title&quot;:&quot;&quot;,&quot;fullFile&quot;:&quot;cypress/integration/Patient_Testcases/07_Profile_AccountSettings.spec.js&quot;,&quot;file&quot;:&quot;cypress/integration/Patient_Testcases/07_Profile_AccountSettings.spec.js&quot;,&quot;beforeHooks&quot;:[],&quot;afterHooks&quot;:[],&quot;tests&quot;:[],&quot;suites&quot;:[{&quot;uuid&quot;:&quot;422629cc-d040-49ff-8db8-d0a655995b43&quot;,&quot;title&quot;:&quot;Account settings Module Test Cases&quot;,&quot;fullFile&quot;:&quot;&quot;,&quot;file&quot;:&quot;&quot;,&quot;beforeHooks&quot;:[],&quot;afterHooks&quot;:[],&quot;tests&quot;:[{&quot;title&quot;:&quot;As a patient the user should be navigated to the account settings page by clicking on account settings tab&quot;,&quot;fullTitle&quot;:&quot;Account settings Module Test Cases As a patient the user should be navigated to the account settings page by clicking on account settings tab&quot;,&quot;duration&quot;:18479,&quot;state&quot;:&quot;failed&quot;,&quot;pass&quot;:false,&quot;fail&quot;:true,&quot;pending&quot;:false,&quot;code&quot;:&quot;cy.patientlogin(cred.pemail, cred.ppassword);\ncy.url().should(&#x27;contain&#x27;, &#x27;/home&#x27;);\ncy.get(&#x27;.p-1 &gt; .h-7&#x27;).should(&#x27;be.visible&#x27;).click();\ncy.url().should(&#x27;contain&#x27;, &#x27;/profile&#x27;);\ncy.get(&#x27;.space-y-8 &gt; :nth-child(3)&#x27;).should(&#x27;be.visible&#x27;).click();\ncy.url().should(&#x27;contain&#x27;, &#x27;/settings&#x27;);&quot;,&quot;err&quot;:{&quot;message&quot;:&quot;AssertionError: Timed out retrying after 15000ms: expected &#x27;&lt;div.text-gray-500.text-xs.mb-8.font-bold&gt;&#x27; to have text &#x27;Sign In / Sign Up&#x27;, but the text was &#x27;Please enter your credentials to sign in.&#x27;&quot;,&quot;estack&quot;:&quot;AssertionError: Timed out retrying after 15000ms: expected &#x27;&lt;div.text-gray-500.text-xs.mb-8.font-bold&gt;&#x27; to have text &#x27;Sign In / Sign Up&#x27;, but the text was &#x27;Please enter your credentials to sign in.&#x27;\n    at Context.eval (https://qa.rch.build-release.com/__cypress/tests?p=cypress\\support\\index.js:252:113)&quot;,&quot;diff&quot;:&quot;- &#x27;Please enter your credentials to sign in.&#x27;\n+ &#x27;Sign In / Sign Up&#x27;\n&quot;},&quot;uuid&quot;:&quot;81878bbc-7bf3-4623-9e19-3a1f685f775f&quot;,&quot;parentUUID&quot;:&quot;422629cc-d040-49ff-8db8-d0a655995b43&quot;,&quot;isHook&quot;:false,&quot;skipped&quot;:false},{&quot;title&quot;:&quot;At Account settings page each label and field should have proper label and validations&quot;,&quot;fullTitle&quot;:&quot;Account settings Module Test Cases At Account settings page each label and field should have proper label and validations&quot;,&quot;duration&quot;:15421,&quot;state&quot;:&quot;failed&quot;,&quot;pass&quot;:false,&quot;fail&quot;:true,&quot;pending&quot;:false,&quot;code&quot;:&quot;cy.get(&#x27;.flex-wrap &gt; :nth-child(1)&#x27;).should(&#x27;be.visible&#x27;).should(&#x27;have.text&#x27;, &#x27;Change Password&#x27;);\ncy.get(&#x27;.flex-wrap &gt; :nth-child(2)&#x27;).should(&#x27;be.visible&#x27;).should(&#x27;have.text&#x27;, &#x27;Logout&#x27;);&quot;,&quot;err&quot;:{&quot;message&quot;:&quot;AssertionError: Timed out retrying after 15000ms: Expected to find element: `.flex-wrap &gt; :nth-child(1)`, but never found it.&quot;,&quot;estack&quot;:&quot;AssertionError: Timed out retrying after 15000ms: Expected to find element: `.flex-wrap &gt; :nth-child(1)`, but never found it.\n    at Context.eval (https://qa.rch.build-release.com/__cypress/tests?p=cypress\\integration\\Patient_Testcases\\07_Profile_AccountSettings.spec.js:145:42)&quot;},&quot;uuid&quot;:&quot;fa5a2967-0793-4bf0-9e34-d566b753c60d&quot;,&quot;parentUUID&quot;:&quot;422629cc-d040-49ff-8db8-d0a655995b43&quot;,&quot;isHook&quot;:false,&quot;skipped&quot;:false},{&quot;title&quot;:&quot;The user should geta a popup window to the change password page by clicking on change password tab&quot;,&quot;fullTitle&quot;:&quot;Account settings Module Test Cases The user should geta a popup window to the change password page by clicking on change password tab&quot;,&quot;duration&quot;:15355,&quot;state&quot;:&quot;failed&quot;,&quot;pass&quot;:false,&quot;fail&quot;:true,&quot;pending&quot;:false,&quot;code&quot;:&quot;cy.get(&#x27;.flex-wrap &gt; :nth-child(1)&#x27;).should(&#x27;be.visible&#x27;).should(&#x27;have.text&#x27;, &#x27;Change Password&#x27;).click();&quot;,&quot;err&quot;:{&quot;message&quot;:&quot;AssertionError: Timed out retrying after 15000ms: Expected to find element: `.flex-wrap &gt; :nth-child(1)`, but never found it.&quot;,&quot;estack&quot;:&quot;AssertionError: Timed out retrying after 15000ms: Expected to find element: `.flex-wrap &gt; :nth-child(1)`, but never found it.\n    at Context.eval (https://qa.rch.build-release.com/__cypress/tests?p=cypress\\integration\\Patient_Testcases\\07_Profile_AccountSettings.spec.js:149:42)&quot;},&quot;uuid&quot;:&quot;0eaaa1d0-d7e8-4ae3-895a-03a2d0c1b622&quot;,&quot;parentUUID&quot;:&quot;422629cc-d040-49ff-8db8-d0a655995b43&quot;,&quot;isHook&quot;:false,&quot;skipped&quot;:false},{&quot;title&quot;:&quot;At change password page each label and field should have proper label and validations&quot;,&quot;fullTitle&quot;:&quot;Account settings Module Test Cases At change password page each label and field should have proper label and validations&quot;,&quot;duration&quot;:15669,&quot;state&quot;:&quot;failed&quot;,&quot;pass&quot;:false,&quot;fail&quot;:true,&quot;pending&quot;:false,&quot;code&quot;:&quot;cy.get(&#x27;.justify-between &gt; .font-bold&#x27;).should(&#x27;be.visible&#x27;).should(&#x27;have.text&#x27;, &#x27;Change Password&#x27;);\ncy.get(&#x27;.hidden &gt; .mt-6 &gt; :nth-child(1) &gt; .px-6 &gt; .space-y-6 &gt; :nth-child(1) &gt; div.w-full &gt; .text-sm &gt; div&#x27;).should(&#x27;be.visible&#x27;).should(&#x27;have.text&#x27;, &#x27;Old Password&#x27;);\ncy.get(&#x27;.hidden &gt; .mt-6 &gt; :nth-child(1) &gt; .px-6 &gt; .space-y-6 &gt; :nth-child(2) &gt; div.w-full &gt; .text-sm &gt; div&#x27;).should(&#x27;be.visible&#x27;).should(&#x27;have.text&#x27;, &#x27;New Password&#x27;);\ncy.get(&#x27;.hidden &gt; .mt-6 &gt; :nth-child(1) &gt; .px-6 &gt; .space-y-6 &gt; :nth-child(3) &gt; div.w-full &gt; .text-sm &gt; div&#x27;).should(&#x27;be.visible&#x27;).should(&#x27;have.text&#x27;, &#x27;Confirm Password&#x27;);\ncy.get(&#x27;.hidden &gt; .mt-6 &gt; :nth-child(1) &gt; .px-6 &gt; .space-y-6 &gt; .pt-5 &gt; #update-password&#x27;).should(&#x27;be.visible&#x27;).should(&#x27;have.text&#x27;, &#x27;Change Password&#x27;);&quot;,&quot;err&quot;:{&quot;message&quot;:&quot;AssertionError: Timed out retrying after 15000ms: expected &#x27;&lt;button.flex.justify-center.items-center.text-sm.font-bold.rounded-md.shadow-sm.text-white.border-2.px-16.py-3.hover:font-bold.focus:outline-none.bg-primary.cursor-pointer.hover:border-primary&gt;&#x27; to have text &#x27;Change Password&#x27;, but the text was &#x27;Submit&#x27;&quot;,&quot;estack&quot;:&quot;AssertionError: Timed out retrying after 15000ms: expected &#x27;&lt;button.flex.justify-center.items-center.text-sm.font-bold.rounded-md.shadow-sm.text-white.border-2.px-16.py-3.hover:font-bold.focus:outline-none.bg-primary.cursor-pointer.hover:border-primary&gt;&#x27; to have text &#x27;Change Password&#x27;, but the text was &#x27;Submit&#x27;\n    at Context.eval (https://qa.rch.build-release.com/__cypress/tests?p=cypress\\integration\\Patient_Testcases\\07_Profile_AccountSettings.spec.js:152:66)&quot;,&quot;diff&quot;:&quot;- &#x27;Submit&#x27;\n+ &#x27;Change Password&#x27;\n&quot;},&quot;uuid&quot;:&quot;e3d2b154-904c-4fc9-a71d-92b4e6f3a084&quot;,&quot;parentUUID&quot;:&quot;422629cc-d040-49ff-8db8-d0a655995b43&quot;,&quot;isHook&quot;:false,&quot;skipped&quot;:false},{&quot;title&quot;:&quot;Error message should be displayed if clicked on continue by entering wrong data or with no data entered in change password page&quot;,&quot;fullTitle&quot;:&quot;Account settings Module Test Cases Error message should be displayed if clicked on continue by entering wrong data or with no data entered in change password page&quot;,&quot;duration&quot;:15617,&quot;state&quot;:&quot;failed&quot;,&quot;pass&quot;:false,&quot;fail&quot;:true,&quot;pending&quot;:false,&quot;code&quot;:&quot;cy.get(&#x27;.hidden &gt; .mt-6 &gt; :nth-child(1) &gt; .px-6 &gt; .space-y-6 &gt; .pt-5 &gt; #update-password&#x27;).should(&#x27;be.visible&#x27;).should(&#x27;have.text&#x27;, &#x27;Change Password&#x27;).click();\ncy.get(&#x27;:nth-child(1) &gt; div.w-full &gt; .text-red-600&#x27;).should(&#x27;be.visible&#x27;).should(&#x27;have.text&#x27;, &#x27;Old Password is required&#x27;);\ncy.get(&#x27;:nth-child(2) &gt; div.w-full &gt; .text-red-600&#x27;).should(&#x27;be.visible&#x27;).should(&#x27;have.text&#x27;, &#x27;New Password is required&#x27;);\ncy.get(&#x27;:nth-child(3) &gt; div.w-full &gt; .text-red-600&#x27;).should(&#x27;be.visible&#x27;).should(&#x27;have.text&#x27;, &#x27;Confirm Password is required&#x27;);\ncy.get(&#x27;.hidden &gt; .mt-6 &gt; :nth-child(1) &gt; .px-6 &gt; .space-y-6 &gt; :nth-child(1) &gt; div.w-full &gt; .relative &gt; .appearance-none&#x27;).should(&#x27;be.visible&#x27;).type(&#x27;Pavan@123&#x27;);\ncy.get(&#x27;.hidden &gt; .mt-6 &gt; :nth-child(1) &gt; .px-6 &gt; .space-y-6 &gt; :nth-child(2) &gt; div.w-full &gt; .relative &gt; .appearance-none&#x27;).should(&#x27;be.visible&#x27;).type(&#x27;Password@123&#x27;);\ncy.get(&#x27;.hidden &gt; .mt-6 &gt; :nth-child(1) &gt; .px-6 &gt; .space-y-6 &gt; :nth-child(3) &gt; div.w-full &gt; .relative &gt; .appearance-none&#x27;).should(&#x27;be.visible&#x27;).type(&#x27;Password@123&#x27;);\ncy.get(&#x27;.hidden &gt; .mt-6 &gt; :nth-child(1) &gt; .px-6 &gt; .space-y-6 &gt; .pt-5 &gt; #update-password&#x27;).should(&#x27;be.visible&#x27;).should(&#x27;have.text&#x27;, &#x27;Change Password&#x27;).click();\ncy.contains(&#x27;Old password incorrect&#x27;);&quot;,&quot;err&quot;:{&quot;message&quot;:&quot;AssertionError: Timed out retrying after 15000ms: Expected to find element: `.hidden &gt; .mt-6 &gt; :nth-child(1) &gt; .px-6 &gt; .space-y-6 &gt; .pt-5 &gt; #update-password`, but never found it.&quot;,&quot;estack&quot;:&quot;AssertionError: Timed out retrying after 15000ms: Expected to find element: `.hidden &gt; .mt-6 &gt; :nth-child(1) &gt; .px-6 &gt; .space-y-6 &gt; .pt-5 &gt; #update-password`, but never found it.\n    at Context.eval (https://qa.rch.build-release.com/__cypress/tests?p=cypress\\integration\\Patient_Testcases\\07_Profile_AccountSettings.spec.js:159:95)&quot;},&quot;uuid&quot;:&quot;3f48cd79-6a66-429a-b0a6-347850137086&quot;,&quot;parentUUID&quot;:&quot;422629cc-d040-49ff-8db8-d0a655995b43&quot;,&quot;isHook&quot;:false,&quot;skipped&quot;:false},{&quot;title&quot;:&quot;Error message should be displayed if current password and new password are same&quot;,&quot;fullTitle&quot;:&quot;Account settings Module Test Cases Error message should be displayed if current password and new password are same&quot;,&quot;duration&quot;:15309,&quot;state&quot;:&quot;failed&quot;,&quot;pass&quot;:false,&quot;fail&quot;:true,&quot;pending&quot;:false,&quot;code&quot;:&quot;cy.get(&#x27;.hidden &gt; .mt-6 &gt; :nth-child(1) &gt; .px-6 &gt; .space-y-6 &gt; :nth-child(1) &gt; div.w-full &gt; .relative &gt; .appearance-none&#x27;).should(&#x27;be.visible&#x27;).type(&#x27;Password@123&#x27;);\ncy.get(&#x27;.hidden &gt; .mt-6 &gt; :nth-child(1) &gt; .px-6 &gt; .space-y-6 &gt; :nth-child(2) &gt; div.w-full &gt; .relative &gt; .appearance-none&#x27;).should(&#x27;be.visible&#x27;).type(&#x27;Password@123&#x27;);\ncy.get(&#x27;.hidden &gt; .mt-6 &gt; :nth-child(1) &gt; .px-6 &gt; .space-y-6 &gt; :nth-child(3) &gt; div.w-full &gt; .relative &gt; .appearance-none&#x27;).should(&#x27;be.visible&#x27;).type(&#x27;Password@123&#x27;);\ncy.get(&#x27;.hidden &gt; .mt-6 &gt; :nth-child(1) &gt; .px-6 &gt; .space-y-6 &gt; .pt-5 &gt; #update-password&#x27;).should(&#x27;be.visible&#x27;).should(&#x27;have.text&#x27;, &#x27;Change Password&#x27;).click();\ncy.get(&#x27;.text-red-600&#x27;).should(&#x27;be.visible&#x27;).should(&#x27;have.text&#x27;, &#x27;Old and new password can not be the same&#x27;);&quot;,&quot;err&quot;:{&quot;message&quot;:&quot;AssertionError: Timed out retrying after 15000ms: Expected to find element: `.hidden &gt; .mt-6 &gt; :nth-child(1) &gt; .px-6 &gt; .space-y-6 &gt; :nth-child(1) &gt; div.w-full &gt; .relative &gt; .appearance-none`, but never found it.&quot;,&quot;estack&quot;:&quot;AssertionError: Timed out retrying after 15000ms: Expected to find element: `.hidden &gt; .mt-6 &gt; :nth-child(1) &gt; .px-6 &gt; .space-y-6 &gt; :nth-child(1) &gt; div.w-full &gt; .relative &gt; .appearance-none`, but never found it.\n    at Context.eval (https://qa.rch.build-release.com/__cypress/tests?p=cypress\\integration\\Patient_Testcases\\07_Profile_AccountSettings.spec.js:170:128)&quot;},&quot;uuid&quot;:&quot;a161c0f2-602e-4f2e-9ffb-18c03b9f805a&quot;,&quot;parentUUID&quot;:&quot;422629cc-d040-49ff-8db8-d0a655995b43&quot;,&quot;isHook&quot;:false,&quot;skipped&quot;:false},{&quot;title&quot;:&quot;Error message should be displayed if both new password and retype password are not matching&quot;,&quot;fullTitle&quot;:&quot;Account settings Module Test Cases Error message should be displayed if both new password and retype password are not matching&quot;,&quot;duration&quot;:15430,&quot;state&quot;:&quot;failed&quot;,&quot;pass&quot;:false,&quot;fail&quot;:true,&quot;pending&quot;:false,&quot;code&quot;:&quot;cy.get(&#x27;.hidden &gt; .mt-6 &gt; :nth-child(1) &gt; .px-6 &gt; .space-y-6 &gt; :nth-child(1) &gt; div.w-full &gt; .relative &gt; .appearance-none&#x27;).should(&#x27;be.visible&#x27;).clear().type(&#x27;Password@123&#x27;);\ncy.get(&#x27;.hidden &gt; .mt-6 &gt; :nth-child(1) &gt; .px-6 &gt; .space-y-6 &gt; :nth-child(2) &gt; div.w-full &gt; .relative &gt; .appearance-none&#x27;).should(&#x27;be.visible&#x27;).clear().type(&#x27;Password@1234&#x27;);\ncy.get(&#x27;.hidden &gt; .mt-6 &gt; :nth-child(1) &gt; .px-6 &gt; .space-y-6 &gt; :nth-child(3) &gt; div.w-full &gt; .relative &gt; .appearance-none&#x27;).should(&#x27;be.visible&#x27;).clear().type(&#x27;Password@12345&#x27;);\ncy.get(&#x27;.text-red-600&#x27;).should(&#x27;be.visible&#x27;).should(&#x27;have.text&#x27;, &#x27;Both passwords need to be the same&#x27;);&quot;,&quot;err&quot;:{&quot;message&quot;:&quot;AssertionError: Timed out retrying after 15000ms: Expected to find element: `.hidden &gt; .mt-6 &gt; :nth-child(1) &gt; .px-6 &gt; .space-y-6 &gt; :nth-child(1) &gt; div.w-full &gt; .relative &gt; .appearance-none`, but never found it.&quot;,&quot;estack&quot;:&quot;AssertionError: Timed out retrying after 15000ms: Expected to find element: `.hidden &gt; .mt-6 &gt; :nth-child(1) &gt; .px-6 &gt; .space-y-6 &gt; :nth-child(1) &gt; div.w-full &gt; .relative &gt; .appearance-none`, but never found it.\n    at Context.eval (https://qa.rch.build-release.com/__cypress/tests?p=cypress\\integration\\Patient_Testcases\\07_Profile_AccountSettings.spec.js:177:128)&quot;},&quot;uuid&quot;:&quot;86c1ed7a-a5fa-4ec1-88ba-cce4b9dcc96c&quot;,&quot;parentUUID&quot;:&quot;422629cc-d040-49ff-8db8-d0a655995b43&quot;,&quot;isHook&quot;:false,&quot;skipped&quot;:false},{&quot;title&quot;:&quot;The user should geta a popup window to the change password page by clicking on change password tab&quot;,&quot;fullTitle&quot;:&quot;Account settings Module Test Cases The user should geta a popup window to the change password page by clicking on change password tab&quot;,&quot;duration&quot;:15646,&quot;state&quot;:&quot;failed&quot;,&quot;pass&quot;:false,&quot;fail&quot;:true,&quot;pending&quot;:false,&quot;code&quot;:&quot;cy.get(&#x27;.hidden &gt; .mt-6 &gt; :nth-child(1) &gt; .px-6 &gt; .space-y-6 &gt; :nth-child(1) &gt; div.w-full &gt; .relative &gt; .appearance-none&#x27;).should(&#x27;be.visible&#x27;).clear().type(&#x27;Password@123&#x27;);\ncy.get(&#x27;.hidden &gt; .mt-6 &gt; :nth-child(1) &gt; .px-6 &gt; .space-y-6 &gt; :nth-child(2) &gt; div.w-full &gt; .relative &gt; .appearance-none&#x27;).should(&#x27;be.visible&#x27;).clear().type(&#x27;Password@1234&#x27;);\ncy.get(&#x27;.hidden &gt; .mt-6 &gt; :nth-child(1) &gt; .px-6 &gt; .space-y-6 &gt; :nth-child(3) &gt; div.w-full &gt; .relative &gt; .appearance-none&#x27;).should(&#x27;be.visible&#x27;).clear().type(&#x27;Password@1234&#x27;);\ncy.get(&#x27;.hidden &gt; .mt-6 &gt; :nth-child(1) &gt; .px-6 &gt; .space-y-6 &gt; .pt-5 &gt; #update-password&#x27;).should(&#x27;be.visible&#x27;).should(&#x27;have.text&#x27;, &#x27;Change Password&#x27;).click();\ncy.contains(&#x27;Password changed successfully&#x27;);\ncy.get(&#x27;.bg-white &gt; .mx-auto &gt; .w-44&#x27;).click();\ncy.get(&#x27;:nth-child(1) &gt; .mt-1 &gt; .appearance-none&#x27;).type(cred.pemail);\ncy.get(&#x27;:nth-child(2) &gt; .mt-1 &gt; .appearance-none&#x27;).type(&#x27;Password@1234&#x27;);\ncy.get(&#x27;.border-2&#x27;).click();\ncy.get(&#x27;.p-1 &gt; .h-7&#x27;).should(&#x27;be.visible&#x27;).click();\ncy.get(&#x27;.space-y-8 &gt; :nth-child(3)&#x27;).should(&#x27;be.visible&#x27;).click();\ncy.get(&#x27;.flex-wrap &gt; :nth-child(1)&#x27;).should(&#x27;be.visible&#x27;).should(&#x27;have.text&#x27;, &#x27;Change Password&#x27;).click();\ncy.get(&#x27;.hidden &gt; .mt-6 &gt; :nth-child(1) &gt; .px-6 &gt; .space-y-6 &gt; :nth-child(1) &gt; div.w-full &gt; .relative &gt; .appearance-none&#x27;).should(&#x27;be.visible&#x27;).type(&#x27;Password@1234&#x27;);\ncy.get(&#x27;.hidden &gt; .mt-6 &gt; :nth-child(1) &gt; .px-6 &gt; .space-y-6 &gt; :nth-child(2) &gt; div.w-full &gt; .relative &gt; .appearance-none&#x27;).should(&#x27;be.visible&#x27;).type(&#x27;Password@123&#x27;);\ncy.get(&#x27;.hidden &gt; .mt-6 &gt; :nth-child(1) &gt; .px-6 &gt; .space-y-6 &gt; :nth-child(3) &gt; div.w-full &gt; .relative &gt; .appearance-none&#x27;).should(&#x27;be.visible&#x27;).type(&#x27;Password@123&#x27;);\ncy.get(&#x27;.hidden &gt; .mt-6 &gt; :nth-child(1) &gt; .px-6 &gt; .space-y-6 &gt; .pt-5 &gt; #update-password&#x27;).should(&#x27;be.visible&#x27;).should(&#x27;have.text&#x27;, &#x27;Change Password&#x27;).click();&quot;,&quot;err&quot;:{&quot;message&quot;:&quot;AssertionError: Timed out retrying after 15000ms: Expected to find element: `.hidden &gt; .mt-6 &gt; :nth-child(1) &gt; .px-6 &gt; .space-y-6 &gt; :nth-child(1) &gt; div.w-full &gt; .relative &gt; .appearance-none`, but never found it.&quot;,&quot;estack&quot;:&quot;AssertionError: Timed out retrying after 15000ms: Expected to find element: `.hidden &gt; .mt-6 &gt; :nth-child(1) &gt; .px-6 &gt; .space-y-6 &gt; :nth-child(1) &gt; div.w-full &gt; .relative &gt; .appearance-none`, but never found it.\n    at Context.eval (https://qa.rch.build-release.com/__cypress/tests?p=cypress\\integration\\Patient_Testcases\\07_Profile_AccountSettings.spec.js:183:128)&quot;},&quot;uuid&quot;:&quot;8319aca8-186d-44a1-a053-661a4023dbfd&quot;,&quot;parentUUID&quot;:&quot;422629cc-d040-49ff-8db8-d0a655995b43&quot;,&quot;isHook&quot;:false,&quot;skipped&quot;:false}],&quot;suites&quot;:[],&quot;passes&quot;:[],&quot;failures&quot;:[&quot;81878bbc-7bf3-4623-9e19-3a1f685f775f&quot;,&quot;fa5a2967-0793-4bf0-9e34-d566b753c60d&quot;,&quot;0eaaa1d0-d7e8-4ae3-895a-03a2d0c1b622&quot;,&quot;e3d2b154-904c-4fc9-a71d-92b4e6f3a084&quot;,&quot;3f48cd79-6a66-429a-b0a6-347850137086&quot;,&quot;a161c0f2-602e-4f2e-9ffb-18c03b9f805a&quot;,&quot;86c1ed7a-a5fa-4ec1-88ba-cce4b9dcc96c&quot;,&quot;8319aca8-186d-44a1-a053-661a4023dbfd&quot;],&quot;pending&quot;:[],&quot;skipped&quot;:[],&quot;duration&quot;:126926,&quot;root&quot;:false,&quot;rootEmpty&quot;:false,&quot;_timeout&quot;:2000}],&quot;passes&quot;:[],&quot;failures&quot;:[],&quot;pending&quot;:[],&quot;skipped&quot;:[],&quot;duration&quot;:0,&quot;root&quot;:true,&quot;rootEmpty&quot;:true,&quot;_timeout&quot;:2000}],&quot;meta&quot;:{&quot;mocha&quot;:{&quot;version&quot;:&quot;7.0.1&quot;},&quot;mochawesome&quot;:{&quot;options&quot;:{&quot;quiet&quot;:false,&quot;reportFilename&quot;:&quot;report&quot;,&quot;saveHtml&quot;:true,&quot;saveJson&quot;:true,&quot;consoleReporter&quot;:&quot;spec&quot;,&quot;useInlineDiffs&quot;:false,&quot;code&quot;:true},&quot;version&quot;:&quot;7.0.1&quot;},&quot;marge&quot;:{&quot;options&quot;:{&quot;reportDir&quot;:&quot;cypress/reports&quot;,&quot;reportFilename&quot;:&quot;report&quot;,&quot;overwrite&quot;:false,&quot;html&quot;:true,&quot;json&quot;:true,&quot;charts&quot;:true},&quot;version&quot;:&quot;6.0.1&quot;}}}" data-config="{&quot;reportFilename&quot;:&quot;report&quot;,&quot;reportDir&quot;:&quot;cypress/reports&quot;,&quot;reportTitle&quot;:&quot;LxMedical&quot;,&quot;reportPageTitle&quot;:&quot;Mochawesome Report&quot;,&quot;inline&quot;:false,&quot;inlineAssets&quot;:false,&quot;cdn&quot;:false,&quot;charts&quot;:true,&quot;enableCharts&quot;:true,&quot;code&quot;:true,&quot;enableCode&quot;:true,&quot;autoOpen&quot;:false,&quot;overwrite&quot;:false,&quot;timestamp&quot;:false,&quot;ts&quot;:false,&quot;showPassed&quot;:true,&quot;showFailed&quot;:true,&quot;showPending&quot;:true,&quot;showSkipped&quot;:false,&quot;showHooks&quot;:&quot;failed&quot;,&quot;saveJson&quot;:true,&quot;saveHtml&quot;:true,&quot;dev&quot;:false,&quot;assetsDir&quot;:&quot;cypress\\reports\\assets&quot;,&quot;jsonFile&quot;:&quot;C:\\LX Medical\\LxMedical\\cypress\\reports\\report.json&quot;,&quot;htmlFile&quot;:&quot;C:\\LX Medical\\LxMedical\\cypress\\reports\\report.html&quot;}"><div id="report"></div><script src="assets\app.js"></script></body></html>