{
  "stats": {
    "suites": 1,
    "tests": 9,
    "passes": 0,
    "pending": 0,
    "failures": 9,
    "start": "2021-12-29T07:47:57.239Z",
    "end": "2021-12-29T07:49:52.823Z",
    "duration": 115584,
    "testsRegistered": 9,
    "passPercent": 0,
    "pendingPercent": 0,
    "other": 0,
    "hasOther": false,
    "skipped": 0,
    "hasSkipped": false
  },
  "results": [
    {
      "uuid": "f06dedfc-9cc4-4d76-bc33-442b48c2a7a4",
      "title": "",
      "fullFile": "cypress/integration/Patient_Testcases/03_Forgot_Password.spec.js",
      "file": "cypress/integration/Patient_Testcases/03_Forgot_Password.spec.js",
      "beforeHooks": [],
      "afterHooks": [],
      "tests": [],
      "suites": [
        {
          "uuid": "573644e1-4747-4c23-8f6d-4cd3d8732628",
          "title": "Forgot Password Module Test Cases",
          "fullFile": "",
          "file": "",
          "beforeHooks": [],
          "afterHooks": [],
          "tests": [
            {
              "title": "As a Patient the user should be redirected to forgot password page by clicking on forgot password  link in sign in page",
              "fullTitle": "Forgot Password Module Test Cases As a Patient the user should be redirected to forgot password page by clicking on forgot password  link in sign in page",
              "timedOut": null,
              "duration": 34390,
              "state": "failed",
              "speed": null,
              "pass": false,
              "fail": true,
              "pending": false,
              "context": null,
              "code": "cy.visit(cred.PatientUrl);\ncy.url().should('eq', cred.PatientUrl);\ncy.get('.bg-white > .mx-auto > .w-44').should('be.visible').click();\ncy.url().should('contain', '/login');\ncy.get('.justify-between > a > .text-primary').should('be.visible').should('have.text', 'Forgot Password?').click();\ncy.url().should('contain', '/forgot-password');",
              "err": {
                "message": "AssertionError: Timed out retrying after 15000ms: Expected to find element: `.bg-white > .mx-auto > .w-44`, but never found it.",
                "estack": "AssertionError: Timed out retrying after 15000ms: Expected to find element: `.bg-white > .mx-auto > .w-44`, but never found it.\n    at Context.eval (https://qa.rch.build-release.com/__cypress/tests?p=cypress\\integration\\Patient_Testcases\\03_Forgot_Password.spec.js:126:44)",
                "diff": null
              },
              "uuid": "b681c9f7-12de-4016-ab36-bf4d3c70e998",
              "parentUUID": "573644e1-4747-4c23-8f6d-4cd3d8732628",
              "isHook": false,
              "skipped": false
            },
            {
              "title": "At forgot password page each label and field should have proper label and validations",
              "fullTitle": "Forgot Password Module Test Cases At forgot password page each label and field should have proper label and validations",
              "timedOut": null,
              "duration": 15255,
              "state": "failed",
              "speed": null,
              "pass": false,
              "fail": true,
              "pending": false,
              "context": null,
              "code": "cy.get('.text-gray-900').should('be.visible').should('contain', 'Forgot Password?');\ncy.get('a > .text-primary').should('be.visible');\ncy.get('.text-gray-500').should('be.visible').should('contain', 'A 6 digit');\ncy.get('div.w-full > .text-sm > div').should('be.visible').should('have.text', 'Email');\ncy.get('.mt-5 > .flex').should('be.visible').should('have.text', 'Continue');",
              "err": {
                "message": "AssertionError: Timed out retrying after 15000ms: Expected to find element: `.text-gray-900`, but never found it.",
                "estack": "AssertionError: Timed out retrying after 15000ms: Expected to find element: `.text-gray-900`, but never found it.\n    at Context.eval (https://qa.rch.build-release.com/__cypress/tests?p=cypress\\integration\\Patient_Testcases\\03_Forgot_Password.spec.js:132:30)",
                "diff": null
              },
              "uuid": "222dea13-61de-46a0-8a0d-7a92067081cf",
              "parentUUID": "573644e1-4747-4c23-8f6d-4cd3d8732628",
              "isHook": false,
              "skipped": false
            },
            {
              "title": "The user should get error if no email is entered",
              "fullTitle": "Forgot Password Module Test Cases The user should get error if no email is entered",
              "timedOut": null,
              "duration": 15233,
              "state": "failed",
              "speed": null,
              "pass": false,
              "fail": true,
              "pending": false,
              "context": null,
              "code": "cy.get('.mt-5 > .flex').should('be.visible').should('have.text', 'Continue').click();\ncy.get('.text-red-600').should('be.visible').should('have.text', 'Required');",
              "err": {
                "message": "AssertionError: Timed out retrying after 15000ms: Expected to find element: `.mt-5 > .flex`, but never found it.",
                "estack": "AssertionError: Timed out retrying after 15000ms: Expected to find element: `.mt-5 > .flex`, but never found it.\n    at Context.eval (https://qa.rch.build-release.com/__cypress/tests?p=cypress\\integration\\Patient_Testcases\\03_Forgot_Password.spec.js:139:29)",
                "diff": null
              },
              "uuid": "9a6c615f-ea0c-484e-9ed5-d0b53c078c3c",
              "parentUUID": "573644e1-4747-4c23-8f6d-4cd3d8732628",
              "isHook": false,
              "skipped": false
            },
            {
              "title": "The user should get error if invalid email is entered",
              "fullTitle": "Forgot Password Module Test Cases The user should get error if invalid email is entered",
              "timedOut": null,
              "duration": 317,
              "state": "failed",
              "speed": null,
              "pass": false,
              "fail": true,
              "pending": false,
              "context": null,
              "code": "cy.get('.appearance-none').should('be.visible').type('pp@mailinator.com');\ncy.get('.mt-5 > .flex').should('be.visible').should('have.text', 'Continue').click();\ncy.contains('User not found');",
              "err": {
                "message": "CypressError: `cy.type()` can only be called on a single element. Your subject contained 2 elements.\n\nhttps://on.cypress.io/type",
                "estack": "CypressError: `cy.type()` can only be called on a single element. Your subject contained 2 elements.\n\nhttps://on.cypress.io/type\n    at Context.type (https://qa.rch.build-release.com/__cypress/runner/cypress_runner.js:151560:76)\n    at Context.<anonymous> (https://qa.rch.build-release.com/__cypress/runner/cypress_runner.js:169833:23)\nFrom Your Spec Code:\n    at Context.eval (https://qa.rch.build-release.com/__cypress/tests?p=cypress\\integration\\Patient_Testcases\\03_Forgot_Password.spec.js:143:53)",
                "diff": null
              },
              "uuid": "2a52fb69-8c6d-4f41-9c1b-a446e9b4f5e0",
              "parentUUID": "573644e1-4747-4c23-8f6d-4cd3d8732628",
              "isHook": false,
              "skipped": false
            },
            {
              "title": "As a Patient by entering valid registered email id and clicking on continue button the user should be redirected to the Enter verification code page",
              "fullTitle": "Forgot Password Module Test Cases As a Patient by entering valid registered email id and clicking on continue button the user should be redirected to the Enter verification code page",
              "timedOut": null,
              "duration": 721,
              "state": "failed",
              "speed": null,
              "pass": false,
              "fail": true,
              "pending": false,
              "context": null,
              "code": "cy.get('.appearance-none').should('be.visible').clear().type(cred.pemail);\ncy.get('.mt-5 > .flex').should('be.visible').should('have.text', 'Continue').click();\ncy.contains('OTP send to');",
              "err": {
                "message": "CypressError: `cy.type()` can only be called on a single element. Your subject contained 2 elements.\n\nhttps://on.cypress.io/type",
                "estack": "CypressError: `cy.type()` can only be called on a single element. Your subject contained 2 elements.\n\nhttps://on.cypress.io/type\n    at Context.type (https://qa.rch.build-release.com/__cypress/runner/cypress_runner.js:151560:76)\n    at Context.<anonymous> (https://qa.rch.build-release.com/__cypress/runner/cypress_runner.js:169833:23)\nFrom Your Spec Code:\n    at Context.eval (https://qa.rch.build-release.com/__cypress/tests?p=cypress\\integration\\Patient_Testcases\\03_Forgot_Password.spec.js:148:61)",
                "diff": null
              },
              "uuid": "6700eede-a234-4dd7-a922-997f2b9129bc",
              "parentUUID": "573644e1-4747-4c23-8f6d-4cd3d8732628",
              "isHook": false,
              "skipped": false
            },
            {
              "title": "At Enter verification code page each label and field should have proper label and validations",
              "fullTitle": "Forgot Password Module Test Cases At Enter verification code page each label and field should have proper label and validations",
              "timedOut": null,
              "duration": 15243,
              "state": "failed",
              "speed": null,
              "pass": false,
              "fail": true,
              "pending": false,
              "context": null,
              "code": "cy.get('.text-gray-800').should('be.visible').should('have.text', 'Enter Verification Code');\ncy.get('.mr-2').should('be.visible');\ncy.get('.mt-5.mb-2').should('be.visible');\ncy.get('.text-gray-500').should('be.visible').should('contain', 'A 6 digit');\ncy.get('.text-gray-600').should('be.visible').should('have.text', cred.pemail);\ncy.get(':nth-child(1) > input').should('be.visible');\ncy.get(':nth-child(2) > input').should('be.visible');\ncy.get(':nth-child(3) > input').should('be.visible');\ncy.get(':nth-child(4) > input').should('be.visible');\ncy.get(':nth-child(5) > input').should('be.visible');\ncy.get(':nth-child(6) > input').should('be.visible');\ncy.get('.font-medium').should('be.visible');\ncy.get('.mt-3 > .font-bold').should('be.visible').should('have.text', 'Resend Code');\ncy.get('.mt-5 > .flex').should('be.visible').should('have.text', 'Submit');",
              "err": {
                "message": "AssertionError: Timed out retrying after 15000ms: Expected to find element: `.text-gray-800`, but never found it.",
                "estack": "AssertionError: Timed out retrying after 15000ms: Expected to find element: `.text-gray-800`, but never found it.\n    at Context.eval (https://qa.rch.build-release.com/__cypress/tests?p=cypress\\integration\\Patient_Testcases\\03_Forgot_Password.spec.js:153:30)",
                "diff": null
              },
              "uuid": "47cf31ce-98a9-41a3-a168-340790f0952d",
              "parentUUID": "573644e1-4747-4c23-8f6d-4cd3d8732628",
              "isHook": false,
              "skipped": false
            },
            {
              "title": "As a Patient the user should able to resend verification code by clicking resend link",
              "fullTitle": "Forgot Password Module Test Cases As a Patient the user should able to resend verification code by clicking resend link",
              "timedOut": null,
              "duration": 15294,
              "state": "failed",
              "speed": null,
              "pass": false,
              "fail": true,
              "pending": false,
              "context": null,
              "code": "cy.get('.mt-3 > .font-bold').should('be.visible').should('have.text', 'Resend Code').click();\ncy.contains('OTP send to');",
              "err": {
                "message": "AssertionError: Timed out retrying after 15000ms: expected '<button.flex.justify-center.items-center.text-sm.font-bold.rounded-md.shadow-sm.text-white.border-2.px-16.py-3.hover:font-bold.focus:outline-none.bg-gray-500.cursor-not-allowed.hover:border-gray-400>' to have text 'Resend Code', but the text was 'Submit'",
                "estack": "AssertionError: Timed out retrying after 15000ms: expected '<button.flex.justify-center.items-center.text-sm.font-bold.rounded-md.shadow-sm.text-white.border-2.px-16.py-3.hover:font-bold.focus:outline-none.bg-gray-500.cursor-not-allowed.hover:border-gray-400>' to have text 'Resend Code', but the text was 'Submit'\n    at Context.eval (https://qa.rch.build-release.com/__cypress/tests?p=cypress\\integration\\Patient_Testcases\\03_Forgot_Password.spec.js:169:55)",
                "diff": "- 'Submit'\n+ 'Resend Code'\n"
              },
              "uuid": "3e7e8de6-4edb-4a24-b50b-3bbc3ea724b5",
              "parentUUID": "573644e1-4747-4c23-8f6d-4cd3d8732628",
              "isHook": false,
              "skipped": false
            },
            {
              "title": "The user should get an error if no data is entered",
              "fullTitle": "Forgot Password Module Test Cases The user should get an error if no data is entered",
              "timedOut": null,
              "duration": 15257,
              "state": "failed",
              "speed": null,
              "pass": false,
              "fail": true,
              "pending": false,
              "context": null,
              "code": "cy.get('.mt-5 > .flex').should('be.visible').should('have.text', 'Submit').click();\ncy.get('.my-4 > .text-xs').should('be.visible').should('have.text', 'Verfication Code is not valid, please re-enter or resend Verfication code');",
              "err": {
                "message": "AssertionError: Timed out retrying after 15000ms: Expected to find element: `.mt-5 > .flex`, but never found it.",
                "estack": "AssertionError: Timed out retrying after 15000ms: Expected to find element: `.mt-5 > .flex`, but never found it.\n    at Context.eval (https://qa.rch.build-release.com/__cypress/tests?p=cypress\\integration\\Patient_Testcases\\03_Forgot_Password.spec.js:173:29)",
                "diff": null
              },
              "uuid": "10939a87-88d8-450d-aa1f-6a2c8d5e33f3",
              "parentUUID": "573644e1-4747-4c23-8f6d-4cd3d8732628",
              "isHook": false,
              "skipped": false
            },
            {
              "title": "The user should get an error if invalid data is entered",
              "fullTitle": "Forgot Password Module Test Cases The user should get an error if invalid data is entered",
              "timedOut": null,
              "duration": 548,
              "state": "failed",
              "speed": null,
              "pass": false,
              "fail": true,
              "pending": false,
              "context": null,
              "code": "cy.get(':nth-child(1) > input').should('be.visible').type('1');\ncy.get(':nth-child(2) > input').should('be.visible').type('2');\ncy.get(':nth-child(3) > input').should('be.visible').type('3');\ncy.get(':nth-child(4) > input').should('be.visible').type('4');\ncy.get(':nth-child(5) > input').should('be.visible').type('5');\ncy.get(':nth-child(6) > input').should('be.visible').type('6');\ncy.get('.mt-5 > .flex').should('be.visible').should('have.text', 'Submit').click();\ncy.get('.my-4 > .text-xs').should('be.visible').should('have.text', 'Verfication Code is not valid, please re-enter or resend Verfication code');",
              "err": {
                "message": "CypressError: `cy.type()` can only be called on a single element. Your subject contained 2 elements.\n\nhttps://on.cypress.io/type",
                "estack": "CypressError: `cy.type()` can only be called on a single element. Your subject contained 2 elements.\n\nhttps://on.cypress.io/type\n    at Context.type (https://qa.rch.build-release.com/__cypress/runner/cypress_runner.js:151560:76)\n    at Context.<anonymous> (https://qa.rch.build-release.com/__cypress/runner/cypress_runner.js:169833:23)\nFrom Your Spec Code:\n    at Context.eval (https://qa.rch.build-release.com/__cypress/tests?p=cypress\\integration\\Patient_Testcases\\03_Forgot_Password.spec.js:178:58)",
                "diff": null
              },
              "uuid": "d77ab8c2-a5e0-469c-ad3c-ca47011f1a90",
              "parentUUID": "573644e1-4747-4c23-8f6d-4cd3d8732628",
              "isHook": false,
              "skipped": false
            }
          ],
          "suites": [],
          "passes": [],
          "failures": [
            "b681c9f7-12de-4016-ab36-bf4d3c70e998",
            "222dea13-61de-46a0-8a0d-7a92067081cf",
            "9a6c615f-ea0c-484e-9ed5-d0b53c078c3c",
            "2a52fb69-8c6d-4f41-9c1b-a446e9b4f5e0",
            "6700eede-a234-4dd7-a922-997f2b9129bc",
            "47cf31ce-98a9-41a3-a168-340790f0952d",
            "3e7e8de6-4edb-4a24-b50b-3bbc3ea724b5",
            "10939a87-88d8-450d-aa1f-6a2c8d5e33f3",
            "d77ab8c2-a5e0-469c-ad3c-ca47011f1a90"
          ],
          "pending": [],
          "skipped": [],
          "duration": 112258,
          "root": false,
          "rootEmpty": false,
          "_timeout": 2000
        }
      ],
      "passes": [],
      "failures": [],
      "pending": [],
      "skipped": [],
      "duration": 0,
      "root": true,
      "rootEmpty": true,
      "_timeout": 2000
    }
  ],
  "meta": {
    "mocha": {
      "version": "7.0.1"
    },
    "mochawesome": {
      "options": {
        "quiet": false,
        "reportFilename": "report",
        "saveHtml": true,
        "saveJson": true,
        "consoleReporter": "spec",
        "useInlineDiffs": false,
        "code": true
      },
      "version": "7.0.1"
    },
    "marge": {
      "options": {
        "reportDir": "cypress/reports",
        "reportFilename": "report",
        "overwrite": false,
        "html": true,
        "json": true,
        "charts": true
      },
      "version": "6.0.1"
    }
  }
}