<!doctype html>
<html lang="en"><head><meta charSet="utf-8"/><meta http-equiv="X-UA-Compatible" content="IE=edge"/><meta name="viewport" content="width=device-width, initial-scale=1"/><title>Mochawesome Report</title><link rel="stylesheet" href="assets\app.css"/></head><body data-raw="{&quot;stats&quot;:{&quot;suites&quot;:1,&quot;tests&quot;:5,&quot;passes&quot;:0,&quot;pending&quot;:0,&quot;failures&quot;:5,&quot;start&quot;:&quot;2022-03-25T08:27:08.300Z&quot;,&quot;end&quot;:&quot;2022-03-25T08:28:36.841Z&quot;,&quot;duration&quot;:88541,&quot;testsRegistered&quot;:5,&quot;passPercent&quot;:0,&quot;pendingPercent&quot;:0,&quot;other&quot;:0,&quot;hasOther&quot;:false,&quot;skipped&quot;:0,&quot;hasSkipped&quot;:false},&quot;results&quot;:[{&quot;uuid&quot;:&quot;9e7f0dc0-973b-4488-85f5-320de71ef54d&quot;,&quot;title&quot;:&quot;&quot;,&quot;fullFile&quot;:&quot;cypress/integration/Patient_Testcases/02_Signin.spec.js&quot;,&quot;file&quot;:&quot;cypress/integration/Patient_Testcases/02_Signin.spec.js&quot;,&quot;beforeHooks&quot;:[],&quot;afterHooks&quot;:[],&quot;tests&quot;:[],&quot;suites&quot;:[{&quot;uuid&quot;:&quot;dd173f5c-59f6-47ea-b9f6-0c15bb892b48&quot;,&quot;title&quot;:&quot;signin module test cases&quot;,&quot;fullFile&quot;:&quot;&quot;,&quot;file&quot;:&quot;&quot;,&quot;beforeHooks&quot;:[],&quot;afterHooks&quot;:[],&quot;tests&quot;:[{&quot;title&quot;:&quot;As a patient the user should be navigated to the sign in page after clicking signin/signup button on landing page&quot;,&quot;fullTitle&quot;:&quot;signin module test cases As a patient the user should be navigated to the sign in page after clicking signin/signup button on landing page&quot;,&quot;duration&quot;:21452,&quot;state&quot;:&quot;failed&quot;,&quot;pass&quot;:false,&quot;fail&quot;:true,&quot;pending&quot;:false,&quot;code&quot;:&quot;cy.visit(cred.PatientUrl);\ncy.url().should(&#x27;eq&#x27;, cred.PatientUrl);\ncy.get(&#x27;#root &gt; div:nth-child(2) &gt; div &gt; div:nth-child(1) &gt; div &gt; div&gt;div:nth-child(2)&#x27;).should(&#x27;be.visible&#x27;).should(&#x27;have.text&#x27;, &#x27;Sign In / Sign Up&#x27;).click();\ncy.url().should(&#x27;contain&#x27;, &#x27;/login&#x27;);\ncy.get(&#x27;[alt=logo]&#x27;).should(&#x27;be.visible&#x27;);&quot;,&quot;err&quot;:{&quot;message&quot;:&quot;AssertionError: Timed out retrying after 15000ms: expected &#x27;&lt;div.text-gray-500.text-xs.mb-8.font-bold&gt;&#x27; to have text &#x27;Sign In / Sign Up&#x27;, but the text was &#x27;Please enter your credentials to sign in.&#x27;&quot;,&quot;estack&quot;:&quot;AssertionError: Timed out retrying after 15000ms: expected &#x27;&lt;div.text-gray-500.text-xs.mb-8.font-bold&gt;&#x27; to have text &#x27;Sign In / Sign Up&#x27;, but the text was &#x27;Please enter your credentials to sign in.&#x27;\n    at Context.eval (https://qa.rch.build-release.com/__cypress/tests?p=cypress\\integration\\Patient_Testcases\\02_Signin.spec.js:117:115)&quot;,&quot;diff&quot;:&quot;- &#x27;Please enter your credentials to sign in.&#x27;\n+ &#x27;Sign In / Sign Up&#x27;\n&quot;},&quot;uuid&quot;:&quot;a24b223a-459d-4d4c-81f9-1fc1e004fdba&quot;,&quot;parentUUID&quot;:&quot;dd173f5c-59f6-47ea-b9f6-0c15bb892b48&quot;,&quot;isHook&quot;:false,&quot;skipped&quot;:false},{&quot;title&quot;:&quot;At Sign In page each label and field should have proper label and validations&quot;,&quot;fullTitle&quot;:&quot;signin module test cases At Sign In page each label and field should have proper label and validations&quot;,&quot;duration&quot;:15243,&quot;state&quot;:&quot;failed&quot;,&quot;pass&quot;:false,&quot;fail&quot;:true,&quot;pending&quot;:false,&quot;code&quot;:&quot;cy.get(&#x27;.p-10 &gt; :nth-child(1) &gt; img&#x27;).should(&#x27;be.visible&#x27;);\ncy.get(&#x27;.p-10 &gt; :nth-child(1)&#x27;).should(&#x27;be.visible&#x27;).should(&#x27;have.text&#x27;, &#x27;LX Medical&#x27;);\ncy.get(&#x27;.text-2xl&#x27;).should(&#x27;be.visible&#x27;).should(&#x27;have.text&#x27;, &#x27;Sign In&#x27;);\ncy.get(&#x27;.grid &gt; :nth-child(1) &gt; .text-sm &gt; div&#x27;).should(&#x27;be.visible&#x27;).should(&#x27;have.text&#x27;, &#x27;Email&#x27;);\ncy.get(&#x27;:nth-child(2) &gt; .text-sm &gt; div&#x27;).should(&#x27;be.visible&#x27;).should(&#x27;have.text&#x27;, &#x27;Password&#x27;);\ncy.get(&#x27;.ml-2 &gt; div&#x27;).should(&#x27;be.visible&#x27;).should(&#x27;have.text&#x27;, &#x27;Remember me&#x27;);\ncy.get(&#x27;:nth-child(1) &gt; .flex &gt; .h-4&#x27;).should(&#x27;be.visible&#x27;).should(&#x27;not.be.checked&#x27;);\ncy.get(&#x27;.justify-between &gt; a &gt; .text-primary&#x27;).should(&#x27;be.visible&#x27;).should(&#x27;have.text&#x27;, &#x27;Forgot Password?&#x27;);\ncy.get(&#x27;[href=\&quot;/signup\&quot;] &gt; .flex&#x27;).should(&#x27;be.visible&#x27;).should(&#x27;contain&#x27;, &#x27;Create&#x27;);&quot;,&quot;err&quot;:{&quot;message&quot;:&quot;AssertionError: Timed out retrying after 15000ms: Expected to find element: `.p-10 &gt; :nth-child(1) &gt; img`, but never found it.&quot;,&quot;estack&quot;:&quot;AssertionError: Timed out retrying after 15000ms: Expected to find element: `.p-10 &gt; :nth-child(1) &gt; img`, but never found it.\n    at Context.eval (https://qa.rch.build-release.com/__cypress/tests?p=cypress\\integration\\Patient_Testcases\\02_Signin.spec.js:122:43)&quot;},&quot;uuid&quot;:&quot;ee63a70f-3113-4cea-8fc5-ce0705a86d2d&quot;,&quot;parentUUID&quot;:&quot;dd173f5c-59f6-47ea-b9f6-0c15bb892b48&quot;,&quot;isHook&quot;:false,&quot;skipped&quot;:false},{&quot;title&quot;:&quot;As a patient the user should unable to login with no data&quot;,&quot;fullTitle&quot;:&quot;signin module test cases As a patient the user should unable to login with no data&quot;,&quot;duration&quot;:15402,&quot;state&quot;:&quot;failed&quot;,&quot;pass&quot;:false,&quot;fail&quot;:true,&quot;pending&quot;:false,&quot;code&quot;:&quot;cy.get(&#x27;.border-2&#x27;).should(&#x27;be.visible&#x27;).should(&#x27;have.text&#x27;, &#x27;Sign In&#x27;).click();\ncy.get(&#x27;:nth-child(1) &gt; .text-red-600&#x27;).should(&#x27;be.visible&#x27;).should(&#x27;have.text&#x27;, &#x27;Required&#x27;);\ncy.get(&#x27;:nth-child(2) &gt; .text-red-600&#x27;).should(&#x27;be.visible&#x27;).should(&#x27;have.text&#x27;, &#x27;Required&#x27;);&quot;,&quot;err&quot;:{&quot;message&quot;:&quot;AssertionError: Timed out retrying after 15000ms: expected &#x27;&lt;button.flex.justify-center.items-center.text-sm.font-bold.rounded-md.shadow-sm.text-white.border-2.px-16.py-3.hover:font-bold.focus:outline-none.bg-primary.cursor-pointer.hover:border-primary&gt;&#x27; to have text &#x27;Sign In&#x27;, but the text was &#x27;Submit&#x27;&quot;,&quot;estack&quot;:&quot;AssertionError: Timed out retrying after 15000ms: expected &#x27;&lt;button.flex.justify-center.items-center.text-sm.font-bold.rounded-md.shadow-sm.text-white.border-2.px-16.py-3.hover:font-bold.focus:outline-none.bg-primary.cursor-pointer.hover:border-primary&gt;&#x27; to have text &#x27;Sign In&#x27;, but the text was &#x27;Submit&#x27;\n    at Context.eval (https://qa.rch.build-release.com/__cypress/tests?p=cypress\\integration\\Patient_Testcases\\02_Signin.spec.js:133:46)&quot;,&quot;diff&quot;:&quot;- &#x27;Submit&#x27;\n+ &#x27;Sign In&#x27;\n&quot;},&quot;uuid&quot;:&quot;02cefedc-929b-4552-9091-c1fcfcb5bc05&quot;,&quot;parentUUID&quot;:&quot;dd173f5c-59f6-47ea-b9f6-0c15bb892b48&quot;,&quot;isHook&quot;:false,&quot;skipped&quot;:false},{&quot;title&quot;:&quot;As a Patient the user should unable to login with invalid credentials&quot;,&quot;fullTitle&quot;:&quot;signin module test cases As a Patient the user should unable to login with invalid credentials&quot;,&quot;duration&quot;:16372,&quot;state&quot;:&quot;failed&quot;,&quot;pass&quot;:false,&quot;fail&quot;:true,&quot;pending&quot;:false,&quot;code&quot;:&quot;cy.get(&#x27;:nth-child(1) &gt; .mt-1 &gt; .appearance-none&#x27;).should(&#x27;be.visible&#x27;).type(&#x27;pp@mailinator.com&#x27;);\ncy.get(&#x27;:nth-child(2) &gt; .mt-1 &gt; .appearance-none&#x27;).should(&#x27;be.visible&#x27;).type(&#x27;password&#x27;);\ncy.get(&#x27;.border-2&#x27;).should(&#x27;be.visible&#x27;).should(&#x27;have.text&#x27;, &#x27;Sign In&#x27;).click();\ncy.contains(&#x27;Incorrect email or password&#x27;);&quot;,&quot;err&quot;:{&quot;message&quot;:&quot;AssertionError: Timed out retrying after 15000ms: expected &#x27;&lt;button.flex.justify-center.items-center.text-sm.font-bold.rounded-md.shadow-sm.text-white.border-2.px-16.py-3.hover:font-bold.focus:outline-none.bg-primary.cursor-pointer.hover:border-primary&gt;&#x27; to have text &#x27;Sign In&#x27;, but the text was &#x27;Submit&#x27;&quot;,&quot;estack&quot;:&quot;AssertionError: Timed out retrying after 15000ms: expected &#x27;&lt;button.flex.justify-center.items-center.text-sm.font-bold.rounded-md.shadow-sm.text-white.border-2.px-16.py-3.hover:font-bold.focus:outline-none.bg-primary.cursor-pointer.hover:border-primary&gt;&#x27; to have text &#x27;Sign In&#x27;, but the text was &#x27;Submit&#x27;\n    at Context.eval (https://qa.rch.build-release.com/__cypress/tests?p=cypress\\integration\\Patient_Testcases\\02_Signin.spec.js:140:46)&quot;,&quot;diff&quot;:&quot;- &#x27;Submit&#x27;\n+ &#x27;Sign In&#x27;\n&quot;},&quot;uuid&quot;:&quot;8e23ec20-3eb9-4ea1-a0f3-4b015a606526&quot;,&quot;parentUUID&quot;:&quot;dd173f5c-59f6-47ea-b9f6-0c15bb892b48&quot;,&quot;isHook&quot;:false,&quot;skipped&quot;:false},{&quot;title&quot;:&quot;As a patient the user should able to login with credentials&quot;,&quot;fullTitle&quot;:&quot;signin module test cases As a patient the user should able to login with credentials&quot;,&quot;duration&quot;:16585,&quot;state&quot;:&quot;failed&quot;,&quot;pass&quot;:false,&quot;fail&quot;:true,&quot;pending&quot;:false,&quot;code&quot;:&quot;cy.get(&#x27;:nth-child(1) &gt; .mt-1 &gt; .appearance-none&#x27;).should(&#x27;be.visible&#x27;).clear().type(cred.pemail);\ncy.get(&#x27;:nth-child(2) &gt; .mt-1 &gt; .appearance-none&#x27;).should(&#x27;be.visible&#x27;).clear().type(cred.ppassword);\ncy.get(&#x27;.border-2&#x27;).should(&#x27;be.visible&#x27;).should(&#x27;have.text&#x27;, &#x27;Sign In&#x27;).click();\ncy.url().should(&#x27;contain&#x27;, &#x27;/home&#x27;);&quot;,&quot;err&quot;:{&quot;message&quot;:&quot;AssertionError: Timed out retrying after 15000ms: expected &#x27;&lt;button.flex.justify-center.items-center.text-sm.font-bold.rounded-md.shadow-sm.text-white.border-2.px-16.py-3.hover:font-bold.focus:outline-none.bg-primary.cursor-pointer.hover:border-primary&gt;&#x27; to have text &#x27;Sign In&#x27;, but the text was &#x27;Submit&#x27;&quot;,&quot;estack&quot;:&quot;AssertionError: Timed out retrying after 15000ms: expected &#x27;&lt;button.flex.justify-center.items-center.text-sm.font-bold.rounded-md.shadow-sm.text-white.border-2.px-16.py-3.hover:font-bold.focus:outline-none.bg-primary.cursor-pointer.hover:border-primary&gt;&#x27; to have text &#x27;Sign In&#x27;, but the text was &#x27;Submit&#x27;\n    at Context.eval (https://qa.rch.build-release.com/__cypress/tests?p=cypress\\integration\\Patient_Testcases\\02_Signin.spec.js:146:46)&quot;,&quot;diff&quot;:&quot;- &#x27;Submit&#x27;\n+ &#x27;Sign In&#x27;\n&quot;},&quot;uuid&quot;:&quot;a4aea281-010d-4b5a-a3ce-30f9a8faac87&quot;,&quot;parentUUID&quot;:&quot;dd173f5c-59f6-47ea-b9f6-0c15bb892b48&quot;,&quot;isHook&quot;:false,&quot;skipped&quot;:false}],&quot;suites&quot;:[],&quot;passes&quot;:[],&quot;failures&quot;:[&quot;a24b223a-459d-4d4c-81f9-1fc1e004fdba&quot;,&quot;ee63a70f-3113-4cea-8fc5-ce0705a86d2d&quot;,&quot;02cefedc-929b-4552-9091-c1fcfcb5bc05&quot;,&quot;8e23ec20-3eb9-4ea1-a0f3-4b015a606526&quot;,&quot;a4aea281-010d-4b5a-a3ce-30f9a8faac87&quot;],&quot;pending&quot;:[],&quot;skipped&quot;:[],&quot;duration&quot;:85054,&quot;root&quot;:false,&quot;rootEmpty&quot;:false,&quot;_timeout&quot;:2000}],&quot;passes&quot;:[],&quot;failures&quot;:[],&quot;pending&quot;:[],&quot;skipped&quot;:[],&quot;duration&quot;:0,&quot;root&quot;:true,&quot;rootEmpty&quot;:true,&quot;_timeout&quot;:2000}],&quot;meta&quot;:{&quot;mocha&quot;:{&quot;version&quot;:&quot;7.0.1&quot;},&quot;mochawesome&quot;:{&quot;options&quot;:{&quot;quiet&quot;:false,&quot;reportFilename&quot;:&quot;report&quot;,&quot;saveHtml&quot;:true,&quot;saveJson&quot;:true,&quot;consoleReporter&quot;:&quot;spec&quot;,&quot;useInlineDiffs&quot;:false,&quot;code&quot;:true},&quot;version&quot;:&quot;7.0.1&quot;},&quot;marge&quot;:{&quot;options&quot;:{&quot;reportDir&quot;:&quot;cypress/reports&quot;,&quot;reportFilename&quot;:&quot;report&quot;,&quot;overwrite&quot;:false,&quot;html&quot;:true,&quot;json&quot;:true,&quot;charts&quot;:true},&quot;version&quot;:&quot;6.0.1&quot;}}}" data-config="{&quot;reportFilename&quot;:&quot;report&quot;,&quot;reportDir&quot;:&quot;cypress/reports&quot;,&quot;reportTitle&quot;:&quot;LxMedical&quot;,&quot;reportPageTitle&quot;:&quot;Mochawesome Report&quot;,&quot;inline&quot;:false,&quot;inlineAssets&quot;:false,&quot;cdn&quot;:false,&quot;charts&quot;:true,&quot;enableCharts&quot;:true,&quot;code&quot;:true,&quot;enableCode&quot;:true,&quot;autoOpen&quot;:false,&quot;overwrite&quot;:false,&quot;timestamp&quot;:false,&quot;ts&quot;:false,&quot;showPassed&quot;:true,&quot;showFailed&quot;:true,&quot;showPending&quot;:true,&quot;showSkipped&quot;:false,&quot;showHooks&quot;:&quot;failed&quot;,&quot;saveJson&quot;:true,&quot;saveHtml&quot;:true,&quot;dev&quot;:false,&quot;assetsDir&quot;:&quot;cypress\\reports\\assets&quot;,&quot;jsonFile&quot;:&quot;C:\\LX Medical\\LxMedical\\cypress\\reports\\report.json&quot;,&quot;htmlFile&quot;:&quot;C:\\LX Medical\\LxMedical\\cypress\\reports\\report.html&quot;}"><div id="report"></div><script src="assets\app.js"></script></body></html>