<!doctype html>
<html lang="en"><head><meta charSet="utf-8"/><meta http-equiv="X-UA-Compatible" content="IE=edge"/><meta name="viewport" content="width=device-width, initial-scale=1"/><title>Mochawesome Report</title><link rel="stylesheet" href="assets\app.css"/></head><body data-raw="{&quot;stats&quot;:{&quot;suites&quot;:1,&quot;tests&quot;:10,&quot;passes&quot;:0,&quot;pending&quot;:0,&quot;failures&quot;:10,&quot;start&quot;:&quot;2022-09-19T13:30:09.568Z&quot;,&quot;end&quot;:&quot;2022-09-19T13:34:20.740Z&quot;,&quot;duration&quot;:251172,&quot;testsRegistered&quot;:10,&quot;passPercent&quot;:0,&quot;pendingPercent&quot;:0,&quot;other&quot;:0,&quot;hasOther&quot;:false,&quot;skipped&quot;:0,&quot;hasSkipped&quot;:false},&quot;results&quot;:[{&quot;uuid&quot;:&quot;22f10b9d-862b-49c9-9ecd-2998a9d23b0f&quot;,&quot;title&quot;:&quot;&quot;,&quot;fullFile&quot;:&quot;cypress\\e2e\\Admin_Testcases\\16_Pending_Approval.Spec.js&quot;,&quot;file&quot;:&quot;cypress\\e2e\\Admin_Testcases\\16_Pending_Approval.Spec.js&quot;,&quot;beforeHooks&quot;:[],&quot;afterHooks&quot;:[],&quot;tests&quot;:[],&quot;suites&quot;:[{&quot;uuid&quot;:&quot;56c3fb84-e8d5-448b-855b-446b0a931230&quot;,&quot;title&quot;:&quot;Pending Approval Appointment Details Test cases&quot;,&quot;fullFile&quot;:&quot;&quot;,&quot;file&quot;:&quot;&quot;,&quot;beforeHooks&quot;:[],&quot;afterHooks&quot;:[],&quot;tests&quot;:[{&quot;title&quot;:&quot;As a Admin the user should be navigated to the Appointment Details page of \&quot;Pending Approval\&quot; appointment by clicking on the eye icon against that appointment&quot;,&quot;fullTitle&quot;:&quot;Pending Approval Appointment Details Test cases As a Admin the user should be navigated to the Appointment Details page of \&quot;Pending Approval\&quot; appointment by clicking on the eye icon against that appointment&quot;,&quot;duration&quot;:54901,&quot;state&quot;:&quot;failed&quot;,&quot;pass&quot;:false,&quot;fail&quot;:true,&quot;pending&quot;:false,&quot;code&quot;:&quot;cy.login();\ncy.url().should(&#x27;contain&#x27;, &#x27;/dashboard&#x27;);\ncy.xpath(&#x27;//nav/div[2]/div[2]&#x27;).should(&#x27;be.visible&#x27;).should(&#x27;have.text&#x27;, &#x27;Patients&#x27;).click();\ncy.url().should(&#x27;contain&#x27;, &#x27;/patients&#x27;);\ncy.AddPatient();\ncy.readFile(&#x27;cypress/fixtures/provider.json&#x27;).then(provider =&gt; {\n  cy.xpath(&#x27;//input[@type=\&quot;search\&quot;]&#x27;).should(&#x27;be.visible&#x27;).type(provider.email.toLowerCase());\n  cy.xpath(&#x27;//tr[1]/td[2]/div/p&#x27;).should(&#x27;be.visible&#x27;).should(&#x27;have.text&#x27;, provider.email.toLowerCase());\n  cy.wait(4000);\n});\ncy.bookappointment();\ncy.xpath(&#x27;//input[@type=\&quot;search\&quot;]&#x27;).should(&#x27;be.visible&#x27;).clear();\ncy.wait(4000);\ncy.xpath(&#x27;//nav/div[4]/div[2]&#x27;).should(&#x27;be.visible&#x27;).should(&#x27;have.text&#x27;, &#x27;Appointments&#x27;).click();\ncy.url().should(&#x27;contain&#x27;, &#x27;/appointments&#x27;);\ncy.xpath(&#x27;//div[contains(text(),\&quot;Ad\&quot;)]&#x27;).should(&#x27;be.visible&#x27;).should(&#x27;have.text&#x27;, &#x27;Add Filter&#x27;).click();\ncy.wait(3000);\ncy.xpath(&#x27;//div[contains(text(),\&quot;pe\&quot;)]&#x27;).should(&#x27;be.visible&#x27;).should(&#x27;have.text&#x27;, &#x27;pending approval&#x27;).click();\ncy.wait(4000);\ncy.xpath(&#x27;//tr[1]/td[4]/div/p&#x27;).should(&#x27;be.visible&#x27;).should(&#x27;have.text&#x27;, &#x27;pending approval&#x27;);\ncy.xpath(&#x27;//tr[1]/td[8]/div[1]/*[1]&#x27;).scrollIntoView().should(&#x27;be.visible&#x27;).click();\ncy.wait(4000);\ncy.xpath(&#x27;//span[contains(text(),\&quot;pendi\&quot;)]&#x27;).should(&#x27;be.visible&#x27;).should(&#x27;have.text&#x27;, &#x27;pending approval&#x27;);&quot;,&quot;err&quot;:{&quot;message&quot;:&quot;ChunkLoadError: The following error originated from your application code, not from Cypress.\n\n  &gt; Loading chunk 19 failed.\n(error: https://qa.rch.build-release.com/static/js/AdminPatientBookAppointment.466a6cbd.chunk.js)\n\nWhen Cypress detects uncaught errors originating from your application it will automatically fail the current test.\n\nThis behavior is configurable, and you can choose to turn this off by listening to the `uncaught:exception` event.\n\nhttps://on.cypress.io/uncaught-exception-from-application&quot;,&quot;estack&quot;:&quot;ChunkLoadError: The following error originated from your application code, not from Cypress.\n\n  &gt; Loading chunk 19 failed.\n(error: https://qa.rch.build-release.com/static/js/AdminPatientBookAppointment.466a6cbd.chunk.js)\n\nWhen Cypress detects uncaught errors originating from your application it will automatically fail the current test.\n\nThis behavior is configurable, and you can choose to turn this off by listening to the `uncaught:exception` event.\n\nhttps://on.cypress.io/uncaught-exception-from-application\n    at Function.d.e (https://qa.rch.build-release.com/admin:1:8165)\n    at https://qa.rch.build-release.com/static/js/AdminDashboard.bc42370f.chunk.js:1:15240\n    at https://qa.rch.build-release.com/static/js/46.e62dd25a.chunk.js:2:340362\n    at Os (https://qa.rch.build-release.com/static/js/46.e62dd25a.chunk.js:2:340511)\n    at ml (https://qa.rch.build-release.com/static/js/46.e62dd25a.chunk.js:2:332455)\n    at hl (https://qa.rch.build-release.com/static/js/46.e62dd25a.chunk.js:2:332380)\n    at sl (https://qa.rch.build-release.com/static/js/46.e62dd25a.chunk.js:2:329389)\n    at https://qa.rch.build-release.com/static/js/46.e62dd25a.chunk.js:2:280760\n    at t.unstable_runWithPriority (https://qa.rch.build-release.com/static/js/46.e62dd25a.chunk.js:2:356161)\n    at Yo (https://qa.rch.build-release.com/static/js/46.e62dd25a.chunk.js:2:280469)&quot;},&quot;uuid&quot;:&quot;1cde1428-73fb-4e30-8e32-f37f8c259998&quot;,&quot;parentUUID&quot;:&quot;56c3fb84-e8d5-448b-855b-446b0a931230&quot;,&quot;isHook&quot;:false,&quot;skipped&quot;:false},{&quot;title&quot;:&quot;At \&quot;Appointment details\&quot; page each label and field should have proper label and validations&quot;,&quot;fullTitle&quot;:&quot;Pending Approval Appointment Details Test cases At \&quot;Appointment details\&quot; page each label and field should have proper label and validations&quot;,&quot;duration&quot;:20797,&quot;state&quot;:&quot;failed&quot;,&quot;pass&quot;:false,&quot;fail&quot;:true,&quot;pending&quot;:false,&quot;code&quot;:&quot;cy.xpath(&#x27;//div[contains(text(),\&quot;Appointment D\&quot;)]&#x27;).should(&#x27;be.visible&#x27;).should(&#x27;have.text&#x27;, &#x27;Appointment Details&#x27;);\ncy.xpath(&#x27;//div[2]/div/div[4]/div[1]&#x27;).should(&#x27;be.visible&#x27;);\ncy.xpath(&#x27;//div[5]/div[1]/div[1]&#x27;).should(&#x27;be.visible&#x27;);\ncy.xpath(&#x27;//div[contains(text(),\&quot;Appointment I\&quot;)]&#x27;).should(&#x27;have.text&#x27;, &#x27;Appointment ID&#x27;);\ncy.xpath(&#x27;//div[contains(text(),\&quot;Acc\&quot;)]&#x27;).should(&#x27;be.visible&#x27;).should(&#x27;have.text&#x27;, &#x27;Accept&#x27;);\ncy.xpath(&#x27;//div[contains(text(),\&quot;Requested F\&quot;)]&#x27;).should(&#x27;be.visible&#x27;).should(&#x27;have.text&#x27;, &#x27;Requested For&#x27;);\ncy.xpath(&#x27;//div[contains(text(),\&quot;St\&quot;)]&#x27;).should(&#x27;be.visible&#x27;).should(&#x27;have.text&#x27;, &#x27;Status&#x27;);\ncy.xpath(&#x27;//div[contains(text(),\&quot;Service A\&quot;)]&#x27;).should(&#x27;be.visible&#x27;).should(&#x27;have.text&#x27;, &#x27;Service Address&#x27;);\ncy.xpath(&#x27;//div[5]/div[4]/div[1]&#x27;).should(&#x27;be.visible&#x27;).should(&#x27;have.text&#x27;, &#x27;Patients&#x27;);\ncy.xpath(&#x27;//div[contains(text(),\&quot;Services R\&quot;)]&#x27;).should(&#x27;be.visible&#x27;).should(&#x27;have.text&#x27;, &#x27;Services Requested&#x27;);\ncy.xpath(&#x27;//button[@textid=\&quot;cancel.appointment\&quot;]&#x27;).should(&#x27;have.text&#x27;, &#x27;Cancel Appointment&#x27;);&quot;,&quot;err&quot;:{&quot;message&quot;:&quot;AssertionError: Timed out retrying after 20000ms: Expected to find element: `//div[contains(text(),\&quot;Appointment D\&quot;)]`, but never found it.&quot;,&quot;estack&quot;:&quot;AssertionError: Timed out retrying after 20000ms: Expected to find element: `//div[contains(text(),\&quot;Appointment D\&quot;)]`, but never found it.\n    at Context.eval (https://qa.rch.build-release.com/__cypress/tests?p=cypress\\e2e\\Admin_Testcases\\16_Pending_Approval.Spec.js:150:57)&quot;},&quot;uuid&quot;:&quot;160047c9-cdc9-49bb-a7b5-b507fc02b7ec&quot;,&quot;parentUUID&quot;:&quot;56c3fb84-e8d5-448b-855b-446b0a931230&quot;,&quot;isHook&quot;:false,&quot;skipped&quot;:false},{&quot;title&quot;:&quot;The unique appointment id should be displayed&quot;,&quot;fullTitle&quot;:&quot;Pending Approval Appointment Details Test cases The unique appointment id should be displayed&quot;,&quot;duration&quot;:20469,&quot;state&quot;:&quot;failed&quot;,&quot;pass&quot;:false,&quot;fail&quot;:true,&quot;pending&quot;:false,&quot;code&quot;:&quot;cy.xpath(&#x27;//div[contains(text(),\&quot;Appointment I\&quot;)]&#x27;).should(&#x27;have.text&#x27;, &#x27;Appointment ID&#x27;);&quot;,&quot;err&quot;:{&quot;message&quot;:&quot;AssertionError: Timed out retrying after 20000ms: Expected to find element: `//div[contains(text(),\&quot;Appointment I\&quot;)]`, but never found it.&quot;,&quot;estack&quot;:&quot;AssertionError: Timed out retrying after 20000ms: Expected to find element: `//div[contains(text(),\&quot;Appointment I\&quot;)]`, but never found it.\n    at Context.eval (https://qa.rch.build-release.com/__cypress/tests?p=cypress\\e2e\\Admin_Testcases\\16_Pending_Approval.Spec.js:163:57)&quot;},&quot;uuid&quot;:&quot;fd6ea862-3115-4ab2-89f6-afc3b67515f3&quot;,&quot;parentUUID&quot;:&quot;56c3fb84-e8d5-448b-855b-446b0a931230&quot;,&quot;isHook&quot;:false,&quot;skipped&quot;:false},{&quot;title&quot;:&quot;The date requested by the patient should be displayed&quot;,&quot;fullTitle&quot;:&quot;Pending Approval Appointment Details Test cases The date requested by the patient should be displayed&quot;,&quot;duration&quot;:20459,&quot;state&quot;:&quot;failed&quot;,&quot;pass&quot;:false,&quot;fail&quot;:true,&quot;pending&quot;:false,&quot;code&quot;:&quot;cy.xpath(&#x27;//div[contains(text(),\&quot;Requested F\&quot;)]&#x27;).should(&#x27;be.visible&#x27;).should(&#x27;have.text&#x27;, &#x27;Requested For&#x27;);&quot;,&quot;err&quot;:{&quot;message&quot;:&quot;AssertionError: Timed out retrying after 20000ms: Expected to find element: `//div[contains(text(),\&quot;Requested F\&quot;)]`, but never found it.&quot;,&quot;estack&quot;:&quot;AssertionError: Timed out retrying after 20000ms: Expected to find element: `//div[contains(text(),\&quot;Requested F\&quot;)]`, but never found it.\n    at Context.eval (https://qa.rch.build-release.com/__cypress/tests?p=cypress\\e2e\\Admin_Testcases\\16_Pending_Approval.Spec.js:166:55)&quot;},&quot;uuid&quot;:&quot;f949e830-5bbb-4eac-8d04-2be570aed6c6&quot;,&quot;parentUUID&quot;:&quot;56c3fb84-e8d5-448b-855b-446b0a931230&quot;,&quot;isHook&quot;:false,&quot;skipped&quot;:false},{&quot;title&quot;:&quot;The Service Address where the patient requested the service should be displayed&quot;,&quot;fullTitle&quot;:&quot;Pending Approval Appointment Details Test cases The Service Address where the patient requested the service should be displayed&quot;,&quot;duration&quot;:20521,&quot;state&quot;:&quot;failed&quot;,&quot;pass&quot;:false,&quot;fail&quot;:true,&quot;pending&quot;:false,&quot;code&quot;:&quot;cy.xpath(&#x27;//div[contains(text(),\&quot;Service A\&quot;)]&#x27;).should(&#x27;be.visible&#x27;).should(&#x27;have.text&#x27;, &#x27;Service Address&#x27;);&quot;,&quot;err&quot;:{&quot;message&quot;:&quot;AssertionError: Timed out retrying after 20000ms: Expected to find element: `//div[contains(text(),\&quot;Service A\&quot;)]`, but never found it.&quot;,&quot;estack&quot;:&quot;AssertionError: Timed out retrying after 20000ms: Expected to find element: `//div[contains(text(),\&quot;Service A\&quot;)]`, but never found it.\n    at Context.eval (https://qa.rch.build-release.com/__cypress/tests?p=cypress\\e2e\\Admin_Testcases\\16_Pending_Approval.Spec.js:169:53)&quot;},&quot;uuid&quot;:&quot;2b7f3bb7-16e3-4cce-8109-a588044f0e22&quot;,&quot;parentUUID&quot;:&quot;56c3fb84-e8d5-448b-855b-446b0a931230&quot;,&quot;isHook&quot;:false,&quot;skipped&quot;:false},{&quot;title&quot;:&quot;As a Admin the user should be navigated to the medical history page of particular patient by clicking on the name card of that particular patient&quot;,&quot;fullTitle&quot;:&quot;Pending Approval Appointment Details Test cases As a Admin the user should be navigated to the medical history page of particular patient by clicking on the name card of that particular patient&quot;,&quot;duration&quot;:20553,&quot;state&quot;:&quot;failed&quot;,&quot;pass&quot;:false,&quot;fail&quot;:true,&quot;pending&quot;:false,&quot;code&quot;:&quot;cy.xpath(&#x27;//div[4]/div[2]/div[1]/div[1]/div[1]/div[1]/*[2]&#x27;).should(&#x27;be.visible&#x27;).click();\ncy.wait(4000);\ncy.url().should(&#x27;contain&#x27;, &#x27;/medical_history&#x27;);\ncy.xpath(&#x27;//div[2]/div/nav/div[1]/div&#x27;).should(&#x27;be.visible&#x27;).should(&#x27;have.text&#x27;, &#x27;Medical History&#x27;);\ncy.get(&#x27;.h-6 &gt; path&#x27;).scrollIntoView().should(&#x27;be.visible&#x27;).click();\ncy.wait(4000);\ncy.url().should(&#x27;contain&#x27;, &#x27;/appointments&#x27;);&quot;,&quot;err&quot;:{&quot;message&quot;:&quot;AssertionError: Timed out retrying after 20000ms: Expected to find element: `//div[4]/div[2]/div[1]/div[1]/div[1]/div[1]/*[2]`, but never found it.&quot;,&quot;estack&quot;:&quot;AssertionError: Timed out retrying after 20000ms: Expected to find element: `//div[4]/div[2]/div[1]/div[1]/div[1]/div[1]/*[2]`, but never found it.\n    at Context.eval (https://qa.rch.build-release.com/__cypress/tests?p=cypress\\e2e\\Admin_Testcases\\16_Pending_Approval.Spec.js:172:66)&quot;},&quot;uuid&quot;:&quot;e4af27b5-e082-41f6-9d9a-e89bd57f28bf&quot;,&quot;parentUUID&quot;:&quot;56c3fb84-e8d5-448b-855b-446b0a931230&quot;,&quot;isHook&quot;:false,&quot;skipped&quot;:false},{&quot;title&quot;:&quot;The list of services requested by the patient should be displayed&quot;,&quot;fullTitle&quot;:&quot;Pending Approval Appointment Details Test cases The list of services requested by the patient should be displayed&quot;,&quot;duration&quot;:20438,&quot;state&quot;:&quot;failed&quot;,&quot;pass&quot;:false,&quot;fail&quot;:true,&quot;pending&quot;:false,&quot;code&quot;:&quot;cy.xpath(&#x27;//div[contains(text(),\&quot;Services R\&quot;)]&#x27;).should(&#x27;be.visible&#x27;).should(&#x27;have.text&#x27;, &#x27;Services Requested&#x27;);&quot;,&quot;err&quot;:{&quot;message&quot;:&quot;AssertionError: Timed out retrying after 20000ms: Expected to find element: `//div[contains(text(),\&quot;Services R\&quot;)]`, but never found it.&quot;,&quot;estack&quot;:&quot;AssertionError: Timed out retrying after 20000ms: Expected to find element: `//div[contains(text(),\&quot;Services R\&quot;)]`, but never found it.\n    at Context.eval (https://qa.rch.build-release.com/__cypress/tests?p=cypress\\e2e\\Admin_Testcases\\16_Pending_Approval.Spec.js:181:54)&quot;},&quot;uuid&quot;:&quot;75b9cd71-1ad9-4392-9105-c6c7ff3e3f17&quot;,&quot;parentUUID&quot;:&quot;56c3fb84-e8d5-448b-855b-446b0a931230&quot;,&quot;isHook&quot;:false,&quot;skipped&quot;:false},{&quot;title&quot;:&quot;As a Admin the user can accept the Appointment By clicking on the \&quot;Accept\&quot; button&quot;,&quot;fullTitle&quot;:&quot;Pending Approval Appointment Details Test cases As a Admin the user can accept the Appointment By clicking on the \&quot;Accept\&quot; button&quot;,&quot;duration&quot;:20522,&quot;state&quot;:&quot;failed&quot;,&quot;pass&quot;:false,&quot;fail&quot;:true,&quot;pending&quot;:false,&quot;code&quot;:&quot;cy.xpath(&#x27;//div[contains(text(),\&quot;Acc\&quot;)]&#x27;).should(&#x27;be.visible&#x27;).should(&#x27;have.text&#x27;, &#x27;Accept&#x27;).click();\ncy.wait(5000);\ncy.xpath(&#x27;//span[contains(text(),\&quot;awa\&quot;)]&#x27;).should(&#x27;be.visible&#x27;).should(&#x27;have.text&#x27;, &#x27;awaiting time&#x27;);&quot;,&quot;err&quot;:{&quot;message&quot;:&quot;AssertionError: Timed out retrying after 20000ms: Expected to find element: `//div[contains(text(),\&quot;Acc\&quot;)]`, but never found it.&quot;,&quot;estack&quot;:&quot;AssertionError: Timed out retrying after 20000ms: Expected to find element: `//div[contains(text(),\&quot;Acc\&quot;)]`, but never found it.\n    at Context.eval (https://qa.rch.build-release.com/__cypress/tests?p=cypress\\e2e\\Admin_Testcases\\16_Pending_Approval.Spec.js:184:47)&quot;},&quot;uuid&quot;:&quot;d3e578b1-af44-42e7-9764-11b1e1013305&quot;,&quot;parentUUID&quot;:&quot;56c3fb84-e8d5-448b-855b-446b0a931230&quot;,&quot;isHook&quot;:false,&quot;skipped&quot;:false},{&quot;title&quot;:&quot;As a Admin the user can Add \&quot;Comment for Provider\&quot; By clicking on the \&quot;Edit\&quot; icon against it.&quot;,&quot;fullTitle&quot;:&quot;Pending Approval Appointment Details Test cases As a Admin the user can Add \&quot;Comment for Provider\&quot; By clicking on the \&quot;Edit\&quot; icon against it.&quot;,&quot;duration&quot;:20434,&quot;state&quot;:&quot;failed&quot;,&quot;pass&quot;:false,&quot;fail&quot;:true,&quot;pending&quot;:false,&quot;code&quot;:&quot;cy.xpath(&#x27;//div[contains(text(),\&quot;Comment for Provider\&quot;)]&#x27;).should(&#x27;be.visible&#x27;).should(&#x27;contain&#x27;, &#x27;Comment for Provider&#x27;);\ncy.get(&#x27;div.flex.items-center.justify-between&gt; svg&#x27;).should(&#x27;be.visible&#x27;).click();\ncy.xpath(&#x27;//div[@class=\&quot;mt-1.5 relative\&quot;]/textarea&#x27;).should(&#x27;be.visible&#x27;).clear().type(&#x27;test1&#x27;);\ncy.xpath(&#x27;//div[@class=\&quot;mt-1.5 relative\&quot;]/div/button[2]&#x27;).should(&#x27;be.visible&#x27;).should(&#x27;have.text&#x27;, &#x27;Cancel&#x27;);\ncy.xpath(&#x27;//div[contains(text(),\&quot;Edit\&quot;)]&#x27;).should(&#x27;be.visible&#x27;).should(&#x27;have.text&#x27;, &#x27;Edit&#x27;).click();\ncy.wait(5000);\ncy.xpath(&#x27;//div[contains(text(),\&quot;test1\&quot;)]&#x27;).should(&#x27;be.visible&#x27;).should(&#x27;have.text&#x27;, &#x27;test1&#x27;);\ncy.get(&#x27;div.flex.items-center.justify-between&gt; svg&#x27;).should(&#x27;be.visible&#x27;).click();\ncy.xpath(&#x27;//div[@class=\&quot;mt-1.5 relative\&quot;]/textarea&#x27;).should(&#x27;be.visible&#x27;).clear().type(&#x27;Sample1&#x27;);\ncy.xpath(&#x27;//div[contains(text(),\&quot;Edit\&quot;)]&#x27;).should(&#x27;be.visible&#x27;).should(&#x27;have.text&#x27;, &#x27;Edit&#x27;).click();\ncy.wait(5000);\ncy.xpath(&#x27;//div[contains(text(),\&quot;Sample1\&quot;)]&#x27;).should(&#x27;be.visible&#x27;).should(&#x27;have.text&#x27;, &#x27;Sample1&#x27;);&quot;,&quot;err&quot;:{&quot;message&quot;:&quot;AssertionError: Timed out retrying after 20000ms: Expected to find element: `//div[contains(text(),\&quot;Comment for Provider\&quot;)]`, but never found it.&quot;,&quot;estack&quot;:&quot;AssertionError: Timed out retrying after 20000ms: Expected to find element: `//div[contains(text(),\&quot;Comment for Provider\&quot;)]`, but never found it.\n    at Context.eval (https://qa.rch.build-release.com/__cypress/tests?p=cypress\\e2e\\Admin_Testcases\\16_Pending_Approval.Spec.js:189:64)&quot;},&quot;uuid&quot;:&quot;9f34b3f5-f247-4faa-bead-0b4fc41c924e&quot;,&quot;parentUUID&quot;:&quot;56c3fb84-e8d5-448b-855b-446b0a931230&quot;,&quot;isHook&quot;:false,&quot;skipped&quot;:false},{&quot;title&quot;:&quot;As a Admin the user can cancel the appointment after entering the cancellation reason by clicking on the cancel button&quot;,&quot;fullTitle&quot;:&quot;Pending Approval Appointment Details Test cases As a Admin the user can cancel the appointment after entering the cancellation reason by clicking on the cancel button&quot;,&quot;duration&quot;:20654,&quot;state&quot;:&quot;failed&quot;,&quot;pass&quot;:false,&quot;fail&quot;:true,&quot;pending&quot;:false,&quot;code&quot;:&quot;cy.xpath(&#x27;//button[@textid=\&quot;cancel.appointment\&quot;]&#x27;).scrollIntoView().should(&#x27;have.text&#x27;, &#x27;Cancel Appointment&#x27;).click({\n  force: true\n});\ncy.wait(3000);\ncy.get(&#x27;div.hidden&gt;h3&gt;div&gt;div&#x27;).should(&#x27;be.visible&#x27;).should(&#x27;have.text&#x27;, &#x27;Confirmation&#x27;);\ncy.get(&#x27;div.hidden&gt;h3&gt;div&gt;svg&#x27;).should(&#x27;be.visible&#x27;);\ncy.get(&#x27;div.hidden&gt;div&#x27;).should(&#x27;be.visible&#x27;).should(&#x27;have.text&#x27;, &#x27;Are you sure, want to cancel this appointment.&#x27;);\ncy.xpath(&#x27;//div[1]/form[1]/div[1]/div[1]/label[1]/div[1]&#x27;).should(&#x27;be.visible&#x27;).should(&#x27;have.text&#x27;, &#x27;Reason For Cancellation&#x27;);\ncy.xpath(&#x27;//div[1]/form[1]/div[1]/div[1]/div[1]&#x27;).should(&#x27;be.visible&#x27;);\ncy.xpath(&#x27;//div[1]/form[1]/div[1]/div[1]/div[1]&#x27;).should(&#x27;be.visible&#x27;).type(&#x27;Provider not available&#x27;);\ncy.xpath(&#x27;//div[1]/form[1]/div[2]/button&#x27;).should(&#x27;be.visible&#x27;).should(&#x27;have.text&#x27;, &#x27;Cancel Appointment&#x27;).click();\ncy.wait(5000);\ncy.xpath(&#x27;//span[contains(text(),\&quot;can\&quot;)]&#x27;).should(&#x27;be.visible&#x27;).should(&#x27;have.text&#x27;, &#x27;cancelled&#x27;);\ncy.logout();&quot;,&quot;err&quot;:{&quot;message&quot;:&quot;AssertionError: Timed out retrying after 20000ms: Expected to find element: `//button[@textid=\&quot;cancel.appointment\&quot;]`, but never found it.&quot;,&quot;estack&quot;:&quot;AssertionError: Timed out retrying after 20000ms: Expected to find element: `//button[@textid=\&quot;cancel.appointment\&quot;]`, but never found it.\n    at Context.eval (https://qa.rch.build-release.com/__cypress/tests?p=cypress\\e2e\\Admin_Testcases\\16_Pending_Approval.Spec.js:203:8)&quot;},&quot;uuid&quot;:&quot;8fafe4ba-a628-4b19-9adb-6f01f4227b02&quot;,&quot;parentUUID&quot;:&quot;56c3fb84-e8d5-448b-855b-446b0a931230&quot;,&quot;isHook&quot;:false,&quot;skipped&quot;:false}],&quot;suites&quot;:[],&quot;passes&quot;:[],&quot;failures&quot;:[&quot;1cde1428-73fb-4e30-8e32-f37f8c259998&quot;,&quot;160047c9-cdc9-49bb-a7b5-b507fc02b7ec&quot;,&quot;fd6ea862-3115-4ab2-89f6-afc3b67515f3&quot;,&quot;f949e830-5bbb-4eac-8d04-2be570aed6c6&quot;,&quot;2b7f3bb7-16e3-4cce-8109-a588044f0e22&quot;,&quot;e4af27b5-e082-41f6-9d9a-e89bd57f28bf&quot;,&quot;75b9cd71-1ad9-4392-9105-c6c7ff3e3f17&quot;,&quot;d3e578b1-af44-42e7-9764-11b1e1013305&quot;,&quot;9f34b3f5-f247-4faa-bead-0b4fc41c924e&quot;,&quot;8fafe4ba-a628-4b19-9adb-6f01f4227b02&quot;],&quot;pending&quot;:[],&quot;skipped&quot;:[],&quot;duration&quot;:239748,&quot;root&quot;:false,&quot;rootEmpty&quot;:false,&quot;_timeout&quot;:2000}],&quot;passes&quot;:[],&quot;failures&quot;:[],&quot;pending&quot;:[],&quot;skipped&quot;:[],&quot;duration&quot;:0,&quot;root&quot;:true,&quot;rootEmpty&quot;:true,&quot;_timeout&quot;:2000}],&quot;meta&quot;:{&quot;mocha&quot;:{&quot;version&quot;:&quot;7.0.1&quot;},&quot;mochawesome&quot;:{&quot;options&quot;:{&quot;quiet&quot;:false,&quot;reportFilename&quot;:&quot;report&quot;,&quot;saveHtml&quot;:true,&quot;saveJson&quot;:true,&quot;consoleReporter&quot;:&quot;spec&quot;,&quot;useInlineDiffs&quot;:false,&quot;code&quot;:true},&quot;version&quot;:&quot;7.0.1&quot;},&quot;marge&quot;:{&quot;options&quot;:{&quot;reportDir&quot;:&quot;cypress/reports&quot;,&quot;reportFilename&quot;:&quot;report&quot;,&quot;overwrite&quot;:false,&quot;html&quot;:true,&quot;json&quot;:true,&quot;charts&quot;:true},&quot;version&quot;:&quot;6.0.1&quot;}}}" data-config="{&quot;reportFilename&quot;:&quot;report&quot;,&quot;reportDir&quot;:&quot;cypress/reports&quot;,&quot;reportTitle&quot;:&quot;LxMedical&quot;,&quot;reportPageTitle&quot;:&quot;Mochawesome Report&quot;,&quot;inline&quot;:false,&quot;inlineAssets&quot;:false,&quot;cdn&quot;:false,&quot;charts&quot;:true,&quot;enableCharts&quot;:true,&quot;code&quot;:true,&quot;enableCode&quot;:true,&quot;autoOpen&quot;:false,&quot;overwrite&quot;:false,&quot;timestamp&quot;:false,&quot;ts&quot;:false,&quot;showPassed&quot;:true,&quot;showFailed&quot;:true,&quot;showPending&quot;:true,&quot;showSkipped&quot;:false,&quot;showHooks&quot;:&quot;failed&quot;,&quot;saveJson&quot;:true,&quot;saveHtml&quot;:true,&quot;dev&quot;:false,&quot;assetsDir&quot;:&quot;cypress\\reports\\assets&quot;,&quot;jsonFile&quot;:&quot;C:\\LX Medical\\LxMedical\\cypress\\reports\\report.json&quot;,&quot;htmlFile&quot;:&quot;C:\\LX Medical\\LxMedical\\cypress\\reports\\report.html&quot;}"><div id="report"></div><script src="assets\app.js"></script></body></html>