{
  "stats": {
    "suites": 1,
    "tests": 8,
    "passes": 1,
    "pending": 0,
    "failures": 7,
    "start": "2021-12-29T07:44:15.612Z",
    "end": "2021-12-29T07:45:58.446Z",
    "duration": 102834,
    "testsRegistered": 8,
    "passPercent": 12.5,
    "pendingPercent": 0,
    "other": 0,
    "hasOther": false,
    "skipped": 0,
    "hasSkipped": false
  },
  "results": [
    {
      "uuid": "3cb0f24e-f604-48e9-ab96-05ee3dcc1242",
      "title": "",
      "fullFile": "cypress/integration/Patient_Testcases/01_Signup.spec.js",
      "file": "cypress/integration/Patient_Testcases/01_Signup.spec.js",
      "beforeHooks": [],
      "afterHooks": [],
      "tests": [],
      "suites": [
        {
          "uuid": "36bc87e3-2e04-498e-98c6-5b70bdb931f2",
          "title": "Sign Up module testcases",
          "fullFile": "",
          "file": "",
          "beforeHooks": [],
          "afterHooks": [],
          "tests": [
            {
              "title": "As a patient the user should be navigated to the landing page after entering the url",
              "fullTitle": "Sign Up module testcases As a patient the user should be navigated to the landing page after entering the url",
              "timedOut": null,
              "duration": 4194,
              "state": "passed",
              "speed": "slow",
              "pass": true,
              "fail": false,
              "pending": false,
              "context": null,
              "code": "cy.visit(cred.PatientUrl);\ncy.url().should('eq', cred.PatientUrl);",
              "err": {},
              "uuid": "bf2d01ee-6799-4af5-b9e0-560eef394217",
              "parentUUID": "36bc87e3-2e04-498e-98c6-5b70bdb931f2",
              "isHook": false,
              "skipped": false
            },
            {
              "title": "As a patient the user should be navigated to the create account page by clicking create account button in login page",
              "fullTitle": "Sign Up module testcases As a patient the user should be navigated to the create account page by clicking create account button in login page",
              "timedOut": null,
              "duration": 15208,
              "state": "failed",
              "speed": null,
              "pass": false,
              "fail": true,
              "pending": false,
              "context": null,
              "code": "cy.get('.bg-white > .mx-auto > .w-44').should('be.visible').click();\ncy.url().should('contain', '/login');\ncy.get('[href=\"/signup\"] > .flex').should('be.visible').should('contain', 'Create').click();\ncy.url().should('contain', '/signup');",
              "err": {
                "message": "AssertionError: Timed out retrying after 15000ms: Expected to find element: `.bg-white > .mx-auto > .w-44`, but never found it.",
                "estack": "AssertionError: Timed out retrying after 15000ms: Expected to find element: `.bg-white > .mx-auto > .w-44`, but never found it.\n    at Context.eval (https://qa.rch.build-release.com/__cypress/tests?p=cypress\\integration\\Patient_Testcases\\01_Signup.spec.js:142:44)",
                "diff": null
              },
              "uuid": "9c3b42b8-ba77-436c-a3ff-a16d6923ea5b",
              "parentUUID": "36bc87e3-2e04-498e-98c6-5b70bdb931f2",
              "isHook": false,
              "skipped": false
            },
            {
              "title": "At create an account page each label and field should have properblabel and validations",
              "fullTitle": "Sign Up module testcases At create an account page each label and field should have properblabel and validations",
              "timedOut": null,
              "duration": 15266,
              "state": "failed",
              "speed": null,
              "pass": false,
              "fail": true,
              "pending": false,
              "context": null,
              "code": "cy.get('[alt=logo]').should('be.visible');\ncy.get('.p-10 > :nth-child(1)').should('be.visible').should('have.text', 'LX Medical');\ncy.get('.font-semibold').should('be.visible').should('contain', 'Create An Account');\ncy.get('.h-6').should('be.visible');\ncy.get('.gap-4 > :nth-child(1) > :nth-child(1)').should('be.visible').should('have.text', 'First Name');\ncy.get('.gap-4 > :nth-child(1) > :nth-child(2)').should('be.visible').should('have.text', 'Last Name');\ncy.get('.gap-4 > :nth-child(2) > :nth-child(1)').should('be.visible').should('contain', 'Phone Number');\ncy.get('.gap-4 > :nth-child(2) > :nth-child(2)').should('be.visible').should('have.text', 'Email');\ncy.get(':nth-child(3) > div.w-full').should('be.visible').should('have.text', 'Date of Birth');\ncy.get(':nth-child(3) > :nth-child(2)').should('be.visible').should('contain', 'Gender');\ncy.get(':nth-child(5) > .font-medium').should('be.visible').should('have.text', 'Your Address');\ncy.get(':nth-child(6) > :nth-child(1)').should('be.visible').should('have.text', 'Address Line 1');\ncy.get(':nth-child(6) > :nth-child(2)').should('be.visible').should('contain', 'Address Line 2');\ncy.get(':nth-child(7) > :nth-child(1)').should('be.visible').should('contain', 'Postal Code');\ncy.get(':nth-child(7) > :nth-child(2)').should('be.visible').should('contain', 'City');\ncy.get('#patientSignup>form>div:nth-child(8)').should('be.visible').should('contain', 'State');\ncy.get('.h-4').should('be.visible').should('not.be.checked');\ncy.get('.gap-x-1 > :nth-child(3)').should('be.visible').should('contain', 'Terms');\ncy.get('.gap-x-1 > :nth-child(5)').should('be.visible').should('contain', 'Privacy');\ncy.get('.justify-center').should('be.visible').should('contain', 'Continue');",
              "err": {
                "message": "AssertionError: Timed out retrying after 15000ms: Expected to find element: `.p-10 > :nth-child(1)`, but never found it.",
                "estack": "AssertionError: Timed out retrying after 15000ms: Expected to find element: `.p-10 > :nth-child(1)`, but never found it.\n    at Context.eval (https://qa.rch.build-release.com/__cypress/tests?p=cypress\\integration\\Patient_Testcases\\01_Signup.spec.js:149:37)",
                "diff": null
              },
              "uuid": "bc32d991-e3d6-4e3d-97a4-a69918dfb9ac",
              "parentUUID": "36bc87e3-2e04-498e-98c6-5b70bdb931f2",
              "isHook": false,
              "skipped": false
            },
            {
              "title": "As a patient the user should get all the validation error if proceeds to next page with no data",
              "fullTitle": "Sign Up module testcases As a patient the user should get all the validation error if proceeds to next page with no data",
              "timedOut": null,
              "duration": 250,
              "state": "failed",
              "speed": null,
              "pass": false,
              "fail": true,
              "pending": false,
              "context": null,
              "code": "cy.get('.justify-center').should('be.visible').click();\ncy.get(':nth-child(1) > :nth-child(1) > .text-red-600').should('be.visible').should('have.text', 'Required');\ncy.get(':nth-child(1) > :nth-child(2) > .text-red-600').should('be.visible').should('have.text', 'Required');\ncy.get(':nth-child(2) > :nth-child(1) > .text-red-600').should('be.visible').should('have.text', 'Required');\ncy.get(':nth-child(2) > :nth-child(2) > .text-red-600').should('be.visible').should('have.text', 'Required');\ncy.get(':nth-child(3) > div.w-full > .text-red-600').should('be.visible').should('have.text', 'Required');\ncy.get(':nth-child(3) > :nth-child(2) > .text-red-600').should('be.visible').should('have.text', 'Required');\ncy.get(':nth-child(6) > :nth-child(1) > .text-red-600').should('be.visible').should('have.text', 'Required');\ncy.get(':nth-child(7) > :nth-child(1) > .text-red-600').should('be.visible').should('have.text', 'Required');\ncy.get(':nth-child(7) > :nth-child(2) > .text-red-600').should('be.visible').should('have.text', 'Required');\ncy.get(':nth-child(8) > div.w-full > .text-red-600').should('be.visible').should('have.text', 'Required');",
              "err": {
                "message": "CypressError: `cy.click()` can only be called on a single element. Your subject contained 3 elements. Pass `{ multiple: true }` if you want to serially click each element.\n\nhttps://on.cypress.io/click",
                "estack": "CypressError: `cy.click()` can only be called on a single element. Your subject contained 3 elements. Pass `{ multiple: true }` if you want to serially click each element.\n\nhttps://on.cypress.io/click\n    at mouseAction (https://qa.rch.build-release.com/__cypress/runner/cypress_runner.js:149801:76)\n    at Context.click (https://qa.rch.build-release.com/__cypress/runner/cypress_runner.js:149980:14)\n    at Context.<anonymous> (https://qa.rch.build-release.com/__cypress/runner/cypress_runner.js:169833:23)\nFrom Your Spec Code:\n    at Context.eval (https://qa.rch.build-release.com/__cypress/tests?p=cypress\\integration\\Patient_Testcases\\01_Signup.spec.js:170:52)",
                "diff": null
              },
              "uuid": "31688538-769a-46bb-8476-99e55c976e29",
              "parentUUID": "36bc87e3-2e04-498e-98c6-5b70bdb931f2",
              "isHook": false,
              "skipped": false
            },
            {
              "title": "As a patient the user should be able to navigated to the Disclosure page after filling all details with valid data",
              "fullTitle": "Sign Up module testcases As a patient the user should be able to navigated to the Disclosure page after filling all details with valid data",
              "timedOut": null,
              "duration": 15245,
              "state": "failed",
              "speed": null,
              "pass": false,
              "fail": true,
              "pending": false,
              "context": null,
              "code": "cy.get(':nth-child(1) > :nth-child(1) > .relative > .appearance-none').should('be.visible').type('pawan');\ncy.get(':nth-child(1) > :nth-child(2) > .mt-1 > .appearance-none').should('be.visible').type('kumar');\ncy.get(':nth-child(2) > :nth-child(1) > .mt-1 > .appearance-none').should('be.visible').type('7799552341');\ncy.get(':nth-child(2) > :nth-child(2) > .mt-1 > .appearance-none').should('be.visible').type('pawan@mailinator.com');\ncy.get('.css-tlfecz-indicatorContainer').click();\ncy.wait(5000);\ncy.get('.text-red-600').should('be.visible').should('contain', 'already exists');\ncy.get(':nth-child(2) > :nth-child(2) > .relative > .appearance-none').clear();\ncy.get(':nth-child(2) > :nth-child(2) > .mt-1 > .appearance-none').should('be.visible').type(email);\ncy.get('.react-datepicker__input-container > .appearance-none').should('be.visible').click();\ncy.get('.react-datepicker__year-select').should('be.visible').select('1991');\ncy.get('.react-datepicker__day--019').should('be.visible').click();\ncy.get('.css-1hwfws3').click();\ncy.get('#patientSignup > form > div:nth-child(3) > div:nth-child(2) > div.text-sm.font-bold.text-primary.css-2b097c-container > div').contains('Male').click();\ncy.get(':nth-child(6) > :nth-child(1) > .mt-1 > .appearance-none').should('be.visible').type('plot no 99');\ncy.get(':nth-child(6) > :nth-child(2) > .mt-1 > .appearance-none').should('be.visible').type('park street');\ncy.get(':nth-child(7) > :nth-child(1) > .mt-1 > .appearance-none').should('be.visible').type('35242');\ncy.get('.justify-center').should('be.visible').click();\ncy.get('.text-red-600').should('be.visible').should('have.text', 'Please accept Terms of Use & Privacy Policy');\ncy.get('.h-4').should('be.visible').should('not.be.checked').check();\ncy.get('.gap-x-1 > :nth-child(3)').should('be.visible').click();\ncy.get('.my-5').should('be.visible').should('have.text', 'Terms & conditions');\ncy.get('.w-5').should('be.visible').click();\ncy.get('.gap-x-1 > :nth-child(5)').should('be.visible').should('have.text', 'Privacy Policies').click();\ncy.get('.gap-x-1 > :nth-child(5)').should('be.visible').should('have.text', 'Privacy Policies');\ncy.get('.w-5 > path').should('be.visible').click();\ncy.get('.justify-center').should('be.visible').click();",
              "err": {
                "message": "AssertionError: Timed out retrying after 15000ms: Expected to find element: `:nth-child(1) > :nth-child(1) > .relative > .appearance-none`, but never found it.",
                "estack": "AssertionError: Timed out retrying after 15000ms: Expected to find element: `:nth-child(1) > :nth-child(1) > .relative > .appearance-none`, but never found it.\n    at Context.eval (https://qa.rch.build-release.com/__cypress/tests?p=cypress\\integration\\Patient_Testcases\\01_Signup.spec.js:183:76)",
                "diff": null
              },
              "uuid": "143939cb-3690-4b38-a0ce-37ddcf5eeb9b",
              "parentUUID": "36bc87e3-2e04-498e-98c6-5b70bdb931f2",
              "isHook": false,
              "skipped": false
            },
            {
              "title": "As a patient the user should be navigated to the patient consent page after accepting disclosure conditions",
              "fullTitle": "Sign Up module testcases As a patient the user should be navigated to the patient consent page after accepting disclosure conditions",
              "timedOut": null,
              "duration": 15236,
              "state": "failed",
              "speed": null,
              "pass": false,
              "fail": true,
              "pending": false,
              "context": null,
              "code": "cy.get('.text-gray-800').should('be.visible').should('have.text', 'Disclosure of Out of Network');\ncy.get('.justify-center').should('be.visible').should('contain', 'Continue').click();\ncy.get('.text-red-600').should('be.visible').should('have.text', 'Please accept to continue');\ncy.get('.ml-2 > div').should('be.visible').should('have.text', 'I accept the above conditions');\ncy.get('.h-4').should('be.visible').should('not.be.checked').check();\ncy.get('.justify-center').should('be.visible').should('contain', 'Continue').click();",
              "err": {
                "message": "AssertionError: Timed out retrying after 15000ms: Expected to find element: `.text-gray-800`, but never found it.",
                "estack": "AssertionError: Timed out retrying after 15000ms: Expected to find element: `.text-gray-800`, but never found it.\n    at Context.eval (https://qa.rch.build-release.com/__cypress/tests?p=cypress\\integration\\Patient_Testcases\\01_Signup.spec.js:212:30)",
                "diff": null
              },
              "uuid": "dc18ca99-4465-4011-ac64-570ccbadd7f2",
              "parentUUID": "36bc87e3-2e04-498e-98c6-5b70bdb931f2",
              "isHook": false,
              "skipped": false
            },
            {
              "title": "As a patient the user should be navigated to the email verification page after accepting patient consent conditions",
              "fullTitle": "Sign Up module testcases As a patient the user should be navigated to the email verification page after accepting patient consent conditions",
              "timedOut": null,
              "duration": 15234,
              "state": "failed",
              "speed": null,
              "pass": false,
              "fail": true,
              "pending": false,
              "context": null,
              "code": "cy.get('.text-gray-800').should('be.visible').should('have.text', 'Patient Consent to Treatment');\ncy.get('.justify-center').should('be.visible').should('contain', 'Continue').click();\ncy.get('.text-red-600').should('be.visible').should('have.text', 'Please accept to continue');\ncy.get('.ml-2 > div').should('be.visible').should('have.text', 'I accept the above conditions');\ncy.get('.h-4').should('be.visible').should('not.be.checked').check();\ncy.get('.justify-center').should('be.visible').should('contain', 'Continue').click();",
              "err": {
                "message": "AssertionError: Timed out retrying after 15000ms: Expected to find element: `.text-gray-800`, but never found it.",
                "estack": "AssertionError: Timed out retrying after 15000ms: Expected to find element: `.text-gray-800`, but never found it.\n    at Context.eval (https://qa.rch.build-release.com/__cypress/tests?p=cypress\\integration\\Patient_Testcases\\01_Signup.spec.js:220:30)",
                "diff": null
              },
              "uuid": "580c4414-0ef1-4181-a6fe-a3d0795ec8ff",
              "parentUUID": "36bc87e3-2e04-498e-98c6-5b70bdb931f2",
              "isHook": false,
              "skipped": false
            },
            {
              "title": "As a patient the user should be navigated to the create password page after verifying email",
              "fullTitle": "Sign Up module testcases As a patient the user should be navigated to the create password page after verifying email",
              "timedOut": null,
              "duration": 15248,
              "state": "failed",
              "speed": null,
              "pass": false,
              "fail": true,
              "pending": false,
              "context": null,
              "code": "cy.get('.Toastify__toast-body').should('be.visible').should('contain', 'Otp sent');\ncy.get('.text-gray-600').should('be.visible').should('have.text', email);\ncy.get('.text-gray-800').should('be.visible').should('have.text', 'Enter Verification Code');\ncy.get('.text-gray-500').should('be.visible').should('contain', 'A 6 digit');\ncy.get('.font-medium').should('be.visible').should('contain', 'received');\ncy.get('.mt-3 > .font-bold').should('be.visible').should('contain', 'Resend');\ncy.get('.mt-5 > .flex').should('be.visible').should('have.text', 'Submit').click();\ncy.get('.my-4 > .text-xs').should('be.visible').should('contain', 'not valid');",
              "err": {
                "message": "AssertionError: Timed out retrying after 15000ms: Expected to find element: `.Toastify__toast-body`, but never found it.",
                "estack": "AssertionError: Timed out retrying after 15000ms: Expected to find element: `.Toastify__toast-body`, but never found it.\n    at Context.eval (https://qa.rch.build-release.com/__cypress/tests?p=cypress\\integration\\Patient_Testcases\\01_Signup.spec.js:228:37)",
                "diff": null
              },
              "uuid": "450ba7d2-f2e9-440d-938e-137a2609b924",
              "parentUUID": "36bc87e3-2e04-498e-98c6-5b70bdb931f2",
              "isHook": false,
              "skipped": false
            }
          ],
          "suites": [],
          "passes": [
            "bf2d01ee-6799-4af5-b9e0-560eef394217"
          ],
          "failures": [
            "9c3b42b8-ba77-436c-a3ff-a16d6923ea5b",
            "bc32d991-e3d6-4e3d-97a4-a69918dfb9ac",
            "31688538-769a-46bb-8476-99e55c976e29",
            "143939cb-3690-4b38-a0ce-37ddcf5eeb9b",
            "dc18ca99-4465-4011-ac64-570ccbadd7f2",
            "580c4414-0ef1-4181-a6fe-a3d0795ec8ff",
            "450ba7d2-f2e9-440d-938e-137a2609b924"
          ],
          "pending": [],
          "skipped": [],
          "duration": 95881,
          "root": false,
          "rootEmpty": false,
          "_timeout": 2000
        }
      ],
      "passes": [],
      "failures": [],
      "pending": [],
      "skipped": [],
      "duration": 0,
      "root": true,
      "rootEmpty": true,
      "_timeout": 2000
    }
  ],
  "meta": {
    "mocha": {
      "version": "7.0.1"
    },
    "mochawesome": {
      "options": {
        "quiet": false,
        "reportFilename": "report",
        "saveHtml": true,
        "saveJson": true,
        "consoleReporter": "spec",
        "useInlineDiffs": false,
        "code": true
      },
      "version": "7.0.1"
    },
    "marge": {
      "options": {
        "reportDir": "cypress/reports",
        "reportFilename": "report",
        "overwrite": false,
        "html": true,
        "json": true,
        "charts": true
      },
      "version": "6.0.1"
    }
  }
}