<!doctype html>
<html lang="en"><head><meta charSet="utf-8"/><meta http-equiv="X-UA-Compatible" content="IE=edge"/><meta name="viewport" content="width=device-width, initial-scale=1"/><title>Mochawesome Report</title><link rel="stylesheet" href="assets\app.css"/></head><body data-raw="{&quot;stats&quot;:{&quot;suites&quot;:1,&quot;tests&quot;:31,&quot;passes&quot;:0,&quot;pending&quot;:0,&quot;failures&quot;:31,&quot;start&quot;:&quot;2022-08-03T13:07:11.785Z&quot;,&quot;end&quot;:&quot;2022-08-03T13:37:48.243Z&quot;,&quot;duration&quot;:1836458,&quot;testsRegistered&quot;:31,&quot;passPercent&quot;:0,&quot;pendingPercent&quot;:0,&quot;other&quot;:0,&quot;hasOther&quot;:false,&quot;skipped&quot;:0,&quot;hasSkipped&quot;:false},&quot;results&quot;:[{&quot;uuid&quot;:&quot;2a160eba-2887-4002-bfe9-c86a046575cc&quot;,&quot;title&quot;:&quot;&quot;,&quot;fullFile&quot;:&quot;cypress\\e2e\\Admin_Testcases\\12_Provider_Services.spec.js&quot;,&quot;file&quot;:&quot;cypress\\e2e\\Admin_Testcases\\12_Provider_Services.spec.js&quot;,&quot;beforeHooks&quot;:[],&quot;afterHooks&quot;:[],&quot;tests&quot;:[],&quot;suites&quot;:[{&quot;uuid&quot;:&quot;5a555239-30ac-4538-9945-7bc9205fad62&quot;,&quot;title&quot;:&quot;Provider Services module testcases&quot;,&quot;fullFile&quot;:&quot;&quot;,&quot;file&quot;:&quot;&quot;,&quot;beforeHooks&quot;:[],&quot;afterHooks&quot;:[],&quot;tests&quot;:[{&quot;title&quot;:&quot;As a Admin the user should be navigated to the Provider services page by clicking \&quot;Patient Services\&quot; tab.&quot;,&quot;fullTitle&quot;:&quot;Provider Services module testcases As a Admin the user should be navigated to the Provider services page by clicking \&quot;Patient Services\&quot; tab.&quot;,&quot;duration&quot;:28148,&quot;state&quot;:&quot;failed&quot;,&quot;pass&quot;:false,&quot;fail&quot;:true,&quot;pending&quot;:false,&quot;code&quot;:&quot;cy.login(cred.email, cred.password);\ncy.url().should(&#x27;contain&#x27;, &#x27;/dashboard&#x27;);\ncy.get(&#x27;.space-y-4 &gt; :nth-child(7)&#x27;).should(&#x27;be.visible&#x27;).should(&#x27;contain&#x27;, &#x27;Provider Services&#x27;).click();\ncy.url().should(&#x27;contain&#x27;, &#x27;/provider_services&#x27;);&quot;,&quot;err&quot;:{&quot;message&quot;:&quot;AssertionError: Timed out retrying after 15000ms: Expected to find element: `.max-w-xs &gt; img`, but never found it.&quot;,&quot;estack&quot;:&quot;AssertionError: Timed out retrying after 15000ms: Expected to find element: `.max-w-xs &gt; img`, but never found it.\n    at Context.eval (https://qa.rch.build-release.com/__cypress/tests?p=cypress\\support\\e2e.js:345:29)&quot;},&quot;uuid&quot;:&quot;3f98043b-c0a2-4fb3-b0f8-d536e73dddbf&quot;,&quot;parentUUID&quot;:&quot;5a555239-30ac-4538-9945-7bc9205fad62&quot;,&quot;isHook&quot;:false,&quot;skipped&quot;:false},{&quot;title&quot;:&quot;At Patient Services page each label and field should have proper label and validations&quot;,&quot;fullTitle&quot;:&quot;Provider Services module testcases At Patient Services page each label and field should have proper label and validations&quot;,&quot;duration&quot;:15365,&quot;state&quot;:&quot;failed&quot;,&quot;pass&quot;:false,&quot;fail&quot;:true,&quot;pending&quot;:false,&quot;code&quot;:&quot;cy.get(&#x27;.text-xl&#x27;).should(&#x27;be.visible&#x27;).should(&#x27;have.text&#x27;, &#x27;Provider Services List&#x27;);\ncy.get(&#x27;[type=search]&#x27;).should(&#x27;be.visible&#x27;).invoke(&#x27;attr&#x27;, &#x27;placeholder&#x27;).should(&#x27;contain&#x27;, &#x27;Search Services&#x27;);\ncy.get(&#x27;[textid=\&quot;admin.dx.codes\&quot;]&#x27;).should(&#x27;be.visible&#x27;).should(&#x27;have.text&#x27;, &#x27;DX-Codes&#x27;);\ncy.get(&#x27;[textid=\&quot;inactive.service\&quot;]&#x27;).should(&#x27;be.visible&#x27;).should(&#x27;have.text&#x27;, &#x27;Inactive Services&#x27;);\ncy.get(&#x27;[textid=\&quot;add.service\&quot;]&#x27;).should(&#x27;be.visible&#x27;).should(&#x27;have.text&#x27;, &#x27;Add Service&#x27;);\ncy.get(&#x27;thead &gt; tr &gt; :nth-child(1)&#x27;).should(&#x27;be.visible&#x27;).should(&#x27;have.text&#x27;, &#x27;Service Name&#x27;);\ncy.get(&#x27;thead &gt; tr &gt; :nth-child(2)&#x27;).should(&#x27;be.visible&#x27;).should(&#x27;have.text&#x27;, &#x27;CPT Code&#x27;);\ncy.get(&#x27;thead &gt; tr &gt; :nth-child(3)&#x27;).should(&#x27;be.visible&#x27;).should(&#x27;have.text&#x27;, &#x27;Service Category&#x27;);\ncy.get(&#x27;thead &gt; tr &gt; :nth-child(4)&#x27;).should(&#x27;be.visible&#x27;).should(&#x27;have.text&#x27;, &#x27;Service Rate&#x27;);\ncy.get(&#x27;thead &gt; tr &gt; :nth-child(5)&#x27;).should(&#x27;be.visible&#x27;).should(&#x27;have.text&#x27;, &#x27;Status&#x27;);\ncy.get(&#x27;thead &gt; tr &gt; :nth-child(6)&#x27;).scrollIntoView().should(&#x27;be.visible&#x27;).should(&#x27;have.text&#x27;, &#x27;Action&#x27;);\ncy.get(&#x27;.mt-1:nth-child(2)&#x27;).should(&#x27;be.visible&#x27;).should(&#x27;have.text&#x27;, &#x27;Next&#x27;);&quot;,&quot;err&quot;:{&quot;message&quot;:&quot;AssertionError: Timed out retrying after 15000ms: Expected to find element: `.text-xl`, but never found it.&quot;,&quot;estack&quot;:&quot;AssertionError: Timed out retrying after 15000ms: Expected to find element: `.text-xl`, but never found it.\n    at Context.eval (https://qa.rch.build-release.com/__cypress/tests?p=cypress\\e2e\\Admin_Testcases\\12_Provider_Services.spec.js:132:24)&quot;},&quot;uuid&quot;:&quot;da4b8e16-a7b3-4452-8012-f9636806e249&quot;,&quot;parentUUID&quot;:&quot;5a555239-30ac-4538-9945-7bc9205fad62&quot;,&quot;isHook&quot;:false,&quot;skipped&quot;:false},{&quot;title&quot;:&quot;As a Admin the user should get add service pop up window by clicking on \&quot;Add Service\&quot; button&quot;,&quot;fullTitle&quot;:&quot;Provider Services module testcases As a Admin the user should get add service pop up window by clicking on \&quot;Add Service\&quot; button&quot;,&quot;duration&quot;:15412,&quot;state&quot;:&quot;failed&quot;,&quot;pass&quot;:false,&quot;fail&quot;:true,&quot;pending&quot;:false,&quot;code&quot;:&quot;cy.get(&#x27;[textid=\&quot;add.service\&quot;]&#x27;).should(&#x27;be.visible&#x27;).should(&#x27;have.text&#x27;, &#x27;Add Service&#x27;).click();\ncy.get(&#x27;.ReactModal__Content&#x27;).should(&#x27;be.visible&#x27;);\ncy.get(&#x27;.hidden &gt; .justify-between &gt; .font-bold&#x27;).should(&#x27;be.visible&#x27;).should(&#x27;have.text&#x27;, &#x27;Add Service&#x27;);&quot;,&quot;err&quot;:{&quot;message&quot;:&quot;AssertionError: Timed out retrying after 15000ms: Expected to find element: `[textid=\&quot;add.service\&quot;]`, but never found it.&quot;,&quot;estack&quot;:&quot;AssertionError: Timed out retrying after 15000ms: Expected to find element: `[textid=\&quot;add.service\&quot;]`, but never found it.\n    at Context.eval (https://qa.rch.build-release.com/__cypress/tests?p=cypress\\e2e\\Admin_Testcases\\12_Provider_Services.spec.js:147:38)&quot;},&quot;uuid&quot;:&quot;caaa5d6a-08c1-467a-a1cf-7c0cac015d34&quot;,&quot;parentUUID&quot;:&quot;5a555239-30ac-4538-9945-7bc9205fad62&quot;,&quot;isHook&quot;:false,&quot;skipped&quot;:false},{&quot;title&quot;:&quot;At Add Service pop up window each label and field should have proper label and validations&quot;,&quot;fullTitle&quot;:&quot;Provider Services module testcases At Add Service pop up window each label and field should have proper label and validations&quot;,&quot;duration&quot;:15370,&quot;state&quot;:&quot;failed&quot;,&quot;pass&quot;:false,&quot;fail&quot;:true,&quot;pending&quot;:false,&quot;code&quot;:&quot;cy.get(&#x27;.hidden &gt; .justify-between &gt; .font-bold&#x27;).should(&#x27;be.visible&#x27;).should(&#x27;have.text&#x27;, &#x27;Add Service&#x27;);\ncy.get(&#x27;div.hidden&gt;div:nth-child(2)&gt;form&gt;div:nth-child(1)&gt;div:nth-child(1)&gt;div:nth-child(1)&#x27;).should(&#x27;be.visible&#x27;).should(&#x27;have.text&#x27;, &#x27;Service Category&#x27;);\ncy.get(&#x27;div.hidden&gt;div:nth-child(2)&gt;form&gt;div:nth-child(1)&gt;div:nth-child(2)&gt;label&#x27;).should(&#x27;be.visible&#x27;).should(&#x27;have.text&#x27;, &#x27;CPT Code&#x27;);\ncy.get(&#x27;div.hidden&gt;div:nth-child(2)&gt;form&gt;div:nth-child(1)&gt;div:nth-child(1)&gt;div:nth-child(2)&#x27;).should(&#x27;be.visible&#x27;);\ncy.get(&#x27;div.hidden&gt;div:nth-child(2)&gt;form&gt;div:nth-child(1)&gt;div:nth-child(2)&gt;div&#x27;).should(&#x27;be.visible&#x27;);\ncy.get(&#x27;div.hidden&gt;div:nth-child(2)&gt;form&gt;div:nth-child(2)&gt;div:nth-child(1)&gt;label&#x27;).should(&#x27;be.visible&#x27;).should(&#x27;have.text&#x27;, &#x27;Service Name&#x27;);\ncy.get(&#x27;div.hidden&gt;div:nth-child(2)&gt;form&gt;div:nth-child(2)&gt;div:nth-child(2)&gt;label&#x27;).should(&#x27;be.visible&#x27;).should(&#x27;have.text&#x27;, &#x27;Service Rate&#x27;);\ncy.get(&#x27;div.hidden&gt;div:nth-child(2)&gt;form&gt;div:nth-child(2)&gt;div:nth-child(1)&gt;div&#x27;).should(&#x27;be.visible&#x27;);\ncy.get(&#x27;div.hidden&gt;div:nth-child(2)&gt;form&gt;div:nth-child(2)&gt;div:nth-child(2)&gt;div&#x27;).should(&#x27;be.visible&#x27;);\ncy.get(&#x27;div.hidden&gt;div:nth-child(2)&gt;form&gt;button&#x27;).should(&#x27;be.visible&#x27;).should(&#x27;contain&#x27;, &#x27;Save Details&#x27;).click();\ncy.wait(4000);\ncy.get(&#x27;:nth-child(1) &gt; :nth-child(1) &gt; .text-red-600&#x27;).should(&#x27;be.visible&#x27;).should(&#x27;have.text&#x27;, &#x27;Required&#x27;);\ncy.get(&#x27;:nth-child(1) &gt; :nth-child(2) &gt; .text-red-600&#x27;).should(&#x27;be.visible&#x27;).should(&#x27;have.text&#x27;, &#x27;Required&#x27;);\ncy.get(&#x27;:nth-child(2) &gt; :nth-child(1) &gt; .text-red-600&#x27;).should(&#x27;be.visible&#x27;).should(&#x27;have.text&#x27;, &#x27;Required&#x27;);\ncy.get(&#x27;:nth-child(2) &gt; :nth-child(2) &gt; .text-red-600&#x27;).should(&#x27;be.visible&#x27;).should(&#x27;have.text&#x27;, &#x27;Required&#x27;);&quot;,&quot;err&quot;:{&quot;message&quot;:&quot;AssertionError: Timed out retrying after 15000ms: Expected to find element: `.hidden &gt; .justify-between &gt; .font-bold`, but never found it.&quot;,&quot;estack&quot;:&quot;AssertionError: Timed out retrying after 15000ms: Expected to find element: `.hidden &gt; .justify-between &gt; .font-bold`, but never found it.\n    at Context.eval (https://qa.rch.build-release.com/__cypress/tests?p=cypress\\e2e\\Admin_Testcases\\12_Provider_Services.spec.js:152:55)&quot;},&quot;uuid&quot;:&quot;14275308-8b78-43e8-8ada-ac52dc2a9e38&quot;,&quot;parentUUID&quot;:&quot;5a555239-30ac-4538-9945-7bc9205fad62&quot;,&quot;isHook&quot;:false,&quot;skipped&quot;:false},{&quot;title&quot;:&quot;After filling Add services form and by clicking save details button the user should able to add the service&quot;,&quot;fullTitle&quot;:&quot;Provider Services module testcases After filling Add services form and by clicking save details button the user should able to add the service&quot;,&quot;duration&quot;:15378,&quot;state&quot;:&quot;failed&quot;,&quot;pass&quot;:false,&quot;fail&quot;:true,&quot;pending&quot;:false,&quot;code&quot;:&quot;cy.get(&#x27;div.hidden&gt;div:nth-child(2)&gt;form&gt;div:nth-child(1)&gt;div:nth-child(1)&gt;div:nth-child(2)&#x27;).should(&#x27;be.visible&#x27;).click();\ncy.get(&#x27;.css-11unzgr&gt;div:nth-child(1)&#x27;).click();\ncy.get(&#x27;div.hidden&gt;div:nth-child(2)&gt;form&gt;div:nth-child(1)&gt;div:nth-child(2)&gt;div:nth-child(2)&#x27;).should(&#x27;be.visible&#x27;).type(&#x27;35242&#x27;);\ncy.get(&#x27;div.hidden&gt;div:nth-child(2)&gt;form&gt;div:nth-child(2)&gt;div:nth-child(1)&gt;div:nth-child(2)&#x27;).should(&#x27;be.visible&#x27;).type(&#x27;Rapid Test&#x27;);\ncy.get(&#x27;div.hidden&gt;div:nth-child(2)&gt;form&gt;div:nth-child(2)&gt;div:nth-child(2)&gt;div:nth-child(2)&#x27;).should(&#x27;be.visible&#x27;).type(&#x27;199&#x27;);\ncy.get(&#x27;div.hidden&gt;div:nth-child(2)&gt;form&gt;button&#x27;).should(&#x27;be.visible&#x27;).should(&#x27;contain&#x27;, &#x27;Save Details&#x27;).click();\ncy.contains(&#x27;Provider Service Added successfully&#x27;);\ncy.wait(4000);&quot;,&quot;err&quot;:{&quot;message&quot;:&quot;AssertionError: Timed out retrying after 15000ms: Expected to find element: `div.hidden&gt;div:nth-child(2)&gt;form&gt;div:nth-child(1)&gt;div:nth-child(1)&gt;div:nth-child(2)`, but never found it.&quot;,&quot;estack&quot;:&quot;AssertionError: Timed out retrying after 15000ms: Expected to find element: `div.hidden&gt;div:nth-child(2)&gt;form&gt;div:nth-child(1)&gt;div:nth-child(1)&gt;div:nth-child(2)`, but never found it.\n    at Context.eval (https://qa.rch.build-release.com/__cypress/tests?p=cypress\\e2e\\Admin_Testcases\\12_Provider_Services.spec.js:169:99)&quot;},&quot;uuid&quot;:&quot;bab45063-a774-411d-9693-1f620ed14bef&quot;,&quot;parentUUID&quot;:&quot;5a555239-30ac-4538-9945-7bc9205fad62&quot;,&quot;isHook&quot;:false,&quot;skipped&quot;:false},{&quot;title&quot;:&quot;The added service should reflect instantly under services page&quot;,&quot;fullTitle&quot;:&quot;Provider Services module testcases The added service should reflect instantly under services page&quot;,&quot;duration&quot;:15368,&quot;state&quot;:&quot;failed&quot;,&quot;pass&quot;:false,&quot;fail&quot;:true,&quot;pending&quot;:false,&quot;code&quot;:&quot;cy.get(&#x27;tr:nth-child(1) &gt; td:nth-child(1)&#x27;).should(&#x27;be.visible&#x27;).should(&#x27;have.text&#x27;, &#x27;Rapid Test&#x27;);\ncy.get(&#x27;tr:nth-child(1) &gt; td:nth-child(2)&#x27;).should(&#x27;be.visible&#x27;).should(&#x27;have.text&#x27;, &#x27;35242&#x27;);\ncy.get(&#x27;tr:nth-child(1) &gt; td:nth-child(3) &gt; p&#x27;).should(&#x27;be.visible&#x27;).should(&#x27;have.text&#x27;, &#x27;IV Fluids&#x27;);\ncy.get(&#x27;tr:nth-child(1) &gt; td:nth-child(4)&#x27;).should(&#x27;be.visible&#x27;).should(&#x27;have.text&#x27;, &#x27;$199&#x27;);&quot;,&quot;err&quot;:{&quot;message&quot;:&quot;AssertionError: Timed out retrying after 15000ms: Expected to find element: `tr:nth-child(1) &gt; td:nth-child(1)`, but never found it.&quot;,&quot;estack&quot;:&quot;AssertionError: Timed out retrying after 15000ms: Expected to find element: `tr:nth-child(1) &gt; td:nth-child(1)`, but never found it.\n    at Context.eval (https://qa.rch.build-release.com/__cypress/tests?p=cypress\\e2e\\Admin_Testcases\\12_Provider_Services.spec.js:179:49)&quot;},&quot;uuid&quot;:&quot;158598cf-24ff-44c0-a63f-5aa32eb06922&quot;,&quot;parentUUID&quot;:&quot;5a555239-30ac-4538-9945-7bc9205fad62&quot;,&quot;isHook&quot;:false,&quot;skipped&quot;:false},{&quot;title&quot;:&quot;As a Admin the user can able to search a particular service through search box&quot;,&quot;fullTitle&quot;:&quot;Provider Services module testcases As a Admin the user can able to search a particular service through search box&quot;,&quot;duration&quot;:15433,&quot;state&quot;:&quot;failed&quot;,&quot;pass&quot;:false,&quot;fail&quot;:true,&quot;pending&quot;:false,&quot;code&quot;:&quot;cy.get(&#x27;[type=search]&#x27;).should(&#x27;be.visible&#x27;).type(&#x27;Rapid Test&#x27;);\ncy.wait(4000);\ncy.get(&#x27;tr:nth-child(1) &gt; td:nth-child(1)&#x27;).should(&#x27;be.visible&#x27;).should(&#x27;have.text&#x27;, &#x27;Rapid Test&#x27;);\ncy.get(&#x27;[type=search]&#x27;).should(&#x27;be.visible&#x27;).clear();\ncy.wait(4000);&quot;,&quot;err&quot;:{&quot;message&quot;:&quot;AssertionError: Timed out retrying after 15000ms: Expected to find element: `[type=search]`, but never found it.&quot;,&quot;estack&quot;:&quot;AssertionError: Timed out retrying after 15000ms: Expected to find element: `[type=search]`, but never found it.\n    at Context.eval (https://qa.rch.build-release.com/__cypress/tests?p=cypress\\e2e\\Admin_Testcases\\12_Provider_Services.spec.js:186:29)&quot;},&quot;uuid&quot;:&quot;c73bdfaa-7f17-4dcc-a312-9565787de9f5&quot;,&quot;parentUUID&quot;:&quot;5a555239-30ac-4538-9945-7bc9205fad62&quot;,&quot;isHook&quot;:false,&quot;skipped&quot;:false},{&quot;title&quot;:&quot;As a Admin the user should get Update service pop up window by clicking on edit icon against the particular service&quot;,&quot;fullTitle&quot;:&quot;Provider Services module testcases As a Admin the user should get Update service pop up window by clicking on edit icon against the particular service&quot;,&quot;duration&quot;:15502,&quot;state&quot;:&quot;failed&quot;,&quot;pass&quot;:false,&quot;fail&quot;:true,&quot;pending&quot;:false,&quot;code&quot;:&quot;cy.get(&#x27;tr:nth-child(1) &gt; td:nth-child(6)&gt;div&gt;span&#x27;).scrollIntoView().should(&#x27;be.visible&#x27;).click();\ncy.wait(2000);\ncy.get(&#x27;.hidden &gt; .justify-between &gt; .font-bold&#x27;).should(&#x27;be.visible&#x27;).should(&#x27;have.text&#x27;, &#x27;Update Service&#x27;);&quot;,&quot;err&quot;:{&quot;message&quot;:&quot;AssertionError: Timed out retrying after 15000ms: Expected to find element: `tr:nth-child(1) &gt; td:nth-child(6)&gt;div&gt;span`, but never found it.&quot;,&quot;estack&quot;:&quot;AssertionError: Timed out retrying after 15000ms: Expected to find element: `tr:nth-child(1) &gt; td:nth-child(6)&gt;div&gt;span`, but never found it.\n    at Context.eval (https://qa.rch.build-release.com/__cypress/tests?p=cypress\\e2e\\Admin_Testcases\\12_Provider_Services.spec.js:194:8)&quot;},&quot;uuid&quot;:&quot;a6ed61ae-3250-49fd-bdf4-39236de6920f&quot;,&quot;parentUUID&quot;:&quot;5a555239-30ac-4538-9945-7bc9205fad62&quot;,&quot;isHook&quot;:false,&quot;skipped&quot;:false},{&quot;title&quot;:&quot;At Update Service pop up window each label and field should have proper label and validations&quot;,&quot;fullTitle&quot;:&quot;Provider Services module testcases At Update Service pop up window each label and field should have proper label and validations&quot;,&quot;duration&quot;:15514,&quot;state&quot;:&quot;failed&quot;,&quot;pass&quot;:false,&quot;fail&quot;:true,&quot;pending&quot;:false,&quot;code&quot;:&quot;cy.get(&#x27;.hidden &gt; .justify-between &gt; .font-bold&#x27;).should(&#x27;be.visible&#x27;).should(&#x27;have.text&#x27;, &#x27;Update Service&#x27;);\ncy.get(&#x27;div.hidden&gt;div:nth-child(2)&gt;form&gt;div:nth-child(1)&gt;div:nth-child(1)&gt;div:nth-child(1)&#x27;).should(&#x27;be.visible&#x27;).should(&#x27;have.text&#x27;, &#x27;Service Category&#x27;);\ncy.get(&#x27;div.hidden&gt;div:nth-child(2)&gt;form&gt;div:nth-child(1)&gt;div:nth-child(2)&gt;label&#x27;).should(&#x27;be.visible&#x27;).should(&#x27;have.text&#x27;, &#x27;CPT Code&#x27;);\ncy.get(&#x27;div.hidden&gt;div:nth-child(2)&gt;form&gt;div:nth-child(1)&gt;div:nth-child(1)&gt;div:nth-child(2)&#x27;).should(&#x27;be.visible&#x27;);\ncy.get(&#x27;div.hidden&gt;div:nth-child(2)&gt;form&gt;div:nth-child(1)&gt;div:nth-child(2)&gt;div&#x27;).should(&#x27;be.visible&#x27;);\ncy.get(&#x27;div.hidden&gt;div:nth-child(2)&gt;form&gt;div:nth-child(2)&gt;div:nth-child(1)&gt;label&#x27;).should(&#x27;be.visible&#x27;).should(&#x27;have.text&#x27;, &#x27;Service Name&#x27;);\ncy.get(&#x27;div.hidden&gt;div:nth-child(2)&gt;form&gt;div:nth-child(2)&gt;div:nth-child(2)&gt;label&#x27;).should(&#x27;be.visible&#x27;).should(&#x27;have.text&#x27;, &#x27;Service Rate&#x27;);\ncy.get(&#x27;div.hidden&gt;div:nth-child(2)&gt;form&gt;div:nth-child(2)&gt;div:nth-child(1)&gt;div&#x27;).should(&#x27;be.visible&#x27;);\ncy.get(&#x27;div.hidden&gt;div:nth-child(2)&gt;form&gt;div:nth-child(2)&gt;div:nth-child(2)&gt;div&#x27;).should(&#x27;be.visible&#x27;);\ncy.get(&#x27;div.hidden&gt;div:nth-child(2)&gt;form&gt;button&#x27;).should(&#x27;be.visible&#x27;).should(&#x27;contain&#x27;, &#x27;Save Details&#x27;);\ncy.wait(4000);&quot;,&quot;err&quot;:{&quot;message&quot;:&quot;AssertionError: Timed out retrying after 15000ms: Expected to find element: `.hidden &gt; .justify-between &gt; .font-bold`, but never found it.&quot;,&quot;estack&quot;:&quot;AssertionError: Timed out retrying after 15000ms: Expected to find element: `.hidden &gt; .justify-between &gt; .font-bold`, but never found it.\n    at Context.eval (https://qa.rch.build-release.com/__cypress/tests?p=cypress\\e2e\\Admin_Testcases\\12_Provider_Services.spec.js:199:55)&quot;},&quot;uuid&quot;:&quot;e95e5007-65c3-4cb9-a962-047c50865ec1&quot;,&quot;parentUUID&quot;:&quot;5a555239-30ac-4538-9945-7bc9205fad62&quot;,&quot;isHook&quot;:false,&quot;skipped&quot;:false},{&quot;title&quot;:&quot;After doing necessary edits on the edit service form and by clicking save details button the user should able to update the service&quot;,&quot;fullTitle&quot;:&quot;Provider Services module testcases After doing necessary edits on the edit service form and by clicking save details button the user should able to update the service&quot;,&quot;duration&quot;:15499,&quot;state&quot;:&quot;failed&quot;,&quot;pass&quot;:false,&quot;fail&quot;:true,&quot;pending&quot;:false,&quot;code&quot;:&quot;cy.get(&#x27;div.hidden&gt;div:nth-child(2)&gt;form&gt;div:nth-child(1)&gt;div:nth-child(1)&gt;div:nth-child(2)&#x27;).should(&#x27;be.visible&#x27;).click();\ncy.get(&#x27;.css-11unzgr&gt;div:nth-child(4)&#x27;).click();\ncy.get(&#x27;div.hidden&gt;div:nth-child(2)&gt;form&gt;div:nth-child(1)&gt;div:nth-child(2)&gt;div:nth-child(2)&#x27;).should(&#x27;be.visible&#x27;).clear().type(&#x27;54456&#x27;);\ncy.get(&#x27;div.hidden&gt;div:nth-child(2)&gt;form&gt;div:nth-child(2)&gt;div:nth-child(1)&gt;div:nth-child(2)&#x27;).should(&#x27;be.visible&#x27;).clear().type(&#x27; Covid Rapid Test&#x27;);\ncy.get(&#x27;div.hidden&gt;div:nth-child(2)&gt;form&gt;div:nth-child(2)&gt;div:nth-child(2)&gt;div:nth-child(2)&#x27;).should(&#x27;be.visible&#x27;).clear().type(&#x27;299&#x27;);\ncy.get(&#x27;div.hidden&gt;div:nth-child(2)&gt;form&gt;button&#x27;).should(&#x27;be.visible&#x27;).should(&#x27;contain&#x27;, &#x27;Save Details&#x27;).click();\ncy.contains(&#x27;Provider Service Updated successfully&#x27;);\ncy.wait(4000);&quot;,&quot;err&quot;:{&quot;message&quot;:&quot;AssertionError: Timed out retrying after 15000ms: Expected to find element: `div.hidden&gt;div:nth-child(2)&gt;form&gt;div:nth-child(1)&gt;div:nth-child(1)&gt;div:nth-child(2)`, but never found it.&quot;,&quot;estack&quot;:&quot;AssertionError: Timed out retrying after 15000ms: Expected to find element: `div.hidden&gt;div:nth-child(2)&gt;form&gt;div:nth-child(1)&gt;div:nth-child(1)&gt;div:nth-child(2)`, but never found it.\n    at Context.eval (https://qa.rch.build-release.com/__cypress/tests?p=cypress\\e2e\\Admin_Testcases\\12_Provider_Services.spec.js:212:99)&quot;},&quot;uuid&quot;:&quot;75a6680a-9eb0-42f5-981a-6d5969caefc7&quot;,&quot;parentUUID&quot;:&quot;5a555239-30ac-4538-9945-7bc9205fad62&quot;,&quot;isHook&quot;:false,&quot;skipped&quot;:false},{&quot;title&quot;:&quot;The edited details should reflect instantly under services page&quot;,&quot;fullTitle&quot;:&quot;Provider Services module testcases The edited details should reflect instantly under services page&quot;,&quot;duration&quot;:15483,&quot;state&quot;:&quot;failed&quot;,&quot;pass&quot;:false,&quot;fail&quot;:true,&quot;pending&quot;:false,&quot;code&quot;:&quot;cy.get(&#x27;tr:nth-child(1) &gt; td:nth-child(1)&#x27;).should(&#x27;be.visible&#x27;).should(&#x27;contain&#x27;, &#x27;Covid Rapid Test&#x27;);\ncy.get(&#x27;tr:nth-child(1) &gt; td:nth-child(2)&#x27;).should(&#x27;be.visible&#x27;).should(&#x27;have.text&#x27;, &#x27;54456&#x27;);\ncy.get(&#x27;tr:nth-child(1) &gt; td:nth-child(3) &gt; p&#x27;).should(&#x27;be.visible&#x27;).should(&#x27;have.text&#x27;, &#x27;POC Diagnostics&#x27;);\ncy.get(&#x27;tr:nth-child(1) &gt; td:nth-child(4)&#x27;).should(&#x27;be.visible&#x27;).should(&#x27;have.text&#x27;, &#x27;$299&#x27;);&quot;,&quot;err&quot;:{&quot;message&quot;:&quot;AssertionError: Timed out retrying after 15000ms: Expected to find element: `tr:nth-child(1) &gt; td:nth-child(1)`, but never found it.&quot;,&quot;estack&quot;:&quot;AssertionError: Timed out retrying after 15000ms: Expected to find element: `tr:nth-child(1) &gt; td:nth-child(1)`, but never found it.\n    at Context.eval (https://qa.rch.build-release.com/__cypress/tests?p=cypress\\e2e\\Admin_Testcases\\12_Provider_Services.spec.js:222:49)&quot;},&quot;uuid&quot;:&quot;628b0e1e-2008-442f-84a6-b8a0155baf3a&quot;,&quot;parentUUID&quot;:&quot;5a555239-30ac-4538-9945-7bc9205fad62&quot;,&quot;isHook&quot;:false,&quot;skipped&quot;:false},{&quot;title&quot;:&quot;As a Admin the user can able to switch between the  services pages by using next or previous buttons&quot;,&quot;fullTitle&quot;:&quot;Provider Services module testcases As a Admin the user can able to switch between the  services pages by using next or previous buttons&quot;,&quot;duration&quot;:600,&quot;state&quot;:&quot;failed&quot;,&quot;pass&quot;:false,&quot;fail&quot;:true,&quot;pending&quot;:false,&quot;code&quot;:&quot;cy.get(&#x27;.mt-1:nth-child(2)&#x27;).should(&#x27;be.visible&#x27;).scrollIntoView().should(&#x27;have.text&#x27;, &#x27;Next&#x27;).click();\ncy.wait(5000);\ncy.get(&#x27;.mt-1:nth-child(1)&#x27;).should(&#x27;be.visible&#x27;).scrollIntoView().should(&#x27;have.text&#x27;, &#x27;Previous&#x27;).click();&quot;,&quot;err&quot;:{&quot;message&quot;:&quot;CypressError: `cy.scrollIntoView()` can only be used to scroll to 1 element, you tried to scroll to 2 elements.\n\nhttps://on.cypress.io/scrollintoview&quot;,&quot;estack&quot;:&quot;CypressError: `cy.scrollIntoView()` can only be used to scroll to 1 element, you tried to scroll to 2 elements.\n\nhttps://on.cypress.io/scrollintoview\n    at Context.scrollIntoView (https://qa.rch.build-release.com/__cypress/runner/cypress_runner.js:150307:78)\n    at Context.&lt;anonymous&gt; (https://qa.rch.build-release.com/__cypress/runner/cypress_runner.js:171662:19)\nFrom Your Spec Code:\n    at Context.eval (https://qa.rch.build-release.com/__cypress/tests?p=cypress\\e2e\\Admin_Testcases\\12_Provider_Services.spec.js:228:55)&quot;},&quot;uuid&quot;:&quot;a7658491-5256-4860-819c-0e9df88aa373&quot;,&quot;parentUUID&quot;:&quot;5a555239-30ac-4538-9945-7bc9205fad62&quot;,&quot;isHook&quot;:false,&quot;skipped&quot;:false},{&quot;title&quot;:&quot;As a Admin the user can disable any service with the help of toggle button against that particular service&quot;,&quot;fullTitle&quot;:&quot;Provider Services module testcases As a Admin the user can disable any service with the help of toggle button against that particular service&quot;,&quot;duration&quot;:15567,&quot;state&quot;:&quot;failed&quot;,&quot;pass&quot;:false,&quot;fail&quot;:true,&quot;pending&quot;:false,&quot;code&quot;:&quot;cy.get(&#x27;tr:nth-child(1)&gt;td:nth-child(5)&gt;button&#x27;).scrollIntoView().should(&#x27;be.visible&#x27;).click();\ncy.wait(2000);\ncy.get(&#x27;div.hidden&gt;div:nth-child(2)&gt;div:nth-child(2)&gt;button&#x27;).click();\ncy.wait(2000);\ncy.contains(&#x27;Service Updated successfully&#x27;);\ncy.wait(4000);&quot;,&quot;err&quot;:{&quot;message&quot;:&quot;AssertionError: Timed out retrying after 15000ms: Expected to find element: `tr:nth-child(1)&gt;td:nth-child(5)&gt;button`, but never found it.&quot;,&quot;estack&quot;:&quot;AssertionError: Timed out retrying after 15000ms: Expected to find element: `tr:nth-child(1)&gt;td:nth-child(5)&gt;button`, but never found it.\n    at Context.eval (https://qa.rch.build-release.com/__cypress/tests?p=cypress\\e2e\\Admin_Testcases\\12_Provider_Services.spec.js:234:8)&quot;},&quot;uuid&quot;:&quot;ff2e6b80-8a63-4993-8fba-4299fcc6460f&quot;,&quot;parentUUID&quot;:&quot;5a555239-30ac-4538-9945-7bc9205fad62&quot;,&quot;isHook&quot;:false,&quot;skipped&quot;:false},{&quot;title&quot;:&quot;The service disabled should be moved to the inactive services page.&quot;,&quot;fullTitle&quot;:&quot;Provider Services module testcases The service disabled should be moved to the inactive services page.&quot;,&quot;duration&quot;:15588,&quot;state&quot;:&quot;failed&quot;,&quot;pass&quot;:false,&quot;fail&quot;:true,&quot;pending&quot;:false,&quot;code&quot;:&quot;cy.get(&#x27;[textid=\&quot;inactive.service\&quot;]&#x27;).should(&#x27;be.visible&#x27;).should(&#x27;have.text&#x27;, &#x27;Inactive Services&#x27;).click();\ncy.wait(4000);\ncy.get(&#x27;tr:nth-child(1) &gt; td:nth-child(1)&#x27;).should(&#x27;be.visible&#x27;).should(&#x27;contain&#x27;, &#x27;Covid Rapid Test&#x27;);\ncy.wait(2000);\ncy.get(&#x27;div.flex.flex-wrap:nth-child(1)&gt;div:nth-child(1)&gt;svg&#x27;).should(&#x27;be.visible&#x27;).click();\ncy.wait(4000);&quot;,&quot;err&quot;:{&quot;message&quot;:&quot;AssertionError: Timed out retrying after 15000ms: Expected to find element: `[textid=\&quot;inactive.service\&quot;]`, but never found it.&quot;,&quot;estack&quot;:&quot;AssertionError: Timed out retrying after 15000ms: Expected to find element: `[textid=\&quot;inactive.service\&quot;]`, but never found it.\n    at Context.eval (https://qa.rch.build-release.com/__cypress/tests?p=cypress\\e2e\\Admin_Testcases\\12_Provider_Services.spec.js:242:43)&quot;},&quot;uuid&quot;:&quot;9ed4c4e7-ae71-4a4c-bb47-a70bc6a880b1&quot;,&quot;parentUUID&quot;:&quot;5a555239-30ac-4538-9945-7bc9205fad62&quot;,&quot;isHook&quot;:false,&quot;skipped&quot;:false},{&quot;title&quot;:&quot;As a Admin the user should be navigated to the Provider inactive services page by clicking on the \&quot;inactive services\&quot; button.&quot;,&quot;fullTitle&quot;:&quot;Provider Services module testcases As a Admin the user should be navigated to the Provider inactive services page by clicking on the \&quot;inactive services\&quot; button.&quot;,&quot;duration&quot;:15586,&quot;state&quot;:&quot;failed&quot;,&quot;pass&quot;:false,&quot;fail&quot;:true,&quot;pending&quot;:false,&quot;code&quot;:&quot;cy.get(&#x27;[textid=\&quot;inactive.service\&quot;]&#x27;).should(&#x27;be.visible&#x27;).should(&#x27;have.text&#x27;, &#x27;Inactive Services&#x27;).click();\ncy.wait(4000);\ncy.get(&#x27;div.flex.flex-wrap:nth-child(1)&gt;div:nth-child(1)&gt;div&#x27;).should(&#x27;be.visible&#x27;).should(&#x27;have.text&#x27;, &#x27;Provider Inactive Services&#x27;);&quot;,&quot;err&quot;:{&quot;message&quot;:&quot;AssertionError: Timed out retrying after 15000ms: Expected to find element: `[textid=\&quot;inactive.service\&quot;]`, but never found it.&quot;,&quot;estack&quot;:&quot;AssertionError: Timed out retrying after 15000ms: Expected to find element: `[textid=\&quot;inactive.service\&quot;]`, but never found it.\n    at Context.eval (https://qa.rch.build-release.com/__cypress/tests?p=cypress\\e2e\\Admin_Testcases\\12_Provider_Services.spec.js:251:43)&quot;},&quot;uuid&quot;:&quot;232249e9-f04c-4f87-9b95-d0de96155f69&quot;,&quot;parentUUID&quot;:&quot;5a555239-30ac-4538-9945-7bc9205fad62&quot;,&quot;isHook&quot;:false,&quot;skipped&quot;:false},{&quot;title&quot;:&quot;At Patient inactive Services page each label and field should have proper label and validations&quot;,&quot;fullTitle&quot;:&quot;Provider Services module testcases At Patient inactive Services page each label and field should have proper label and validations&quot;,&quot;duration&quot;:15581,&quot;state&quot;:&quot;failed&quot;,&quot;pass&quot;:false,&quot;fail&quot;:true,&quot;pending&quot;:false,&quot;code&quot;:&quot;cy.get(&#x27;div.flex.flex-wrap:nth-child(1)&gt;div:nth-child(1)&gt;div&#x27;).should(&#x27;be.visible&#x27;).should(&#x27;have.text&#x27;, &#x27;Provider Inactive Services&#x27;);\ncy.get(&#x27;[type=search]&#x27;).should(&#x27;be.visible&#x27;).invoke(&#x27;attr&#x27;, &#x27;placeholder&#x27;).should(&#x27;contain&#x27;, &#x27;Search Services&#x27;);\ncy.get(&#x27;thead &gt; tr &gt; :nth-child(1)&#x27;).should(&#x27;be.visible&#x27;).should(&#x27;have.text&#x27;, &#x27;Service Name&#x27;);\ncy.get(&#x27;thead &gt; tr &gt; :nth-child(2)&#x27;).should(&#x27;be.visible&#x27;).should(&#x27;have.text&#x27;, &#x27;CPT Code&#x27;);\ncy.get(&#x27;thead &gt; tr &gt; :nth-child(3)&#x27;).should(&#x27;be.visible&#x27;).should(&#x27;have.text&#x27;, &#x27;Service Category&#x27;);\ncy.get(&#x27;thead &gt; tr &gt; :nth-child(4)&#x27;).should(&#x27;be.visible&#x27;).should(&#x27;have.text&#x27;, &#x27;Service Rate&#x27;);\ncy.get(&#x27;thead &gt; tr &gt; :nth-child(5)&#x27;).should(&#x27;be.visible&#x27;).should(&#x27;have.text&#x27;, &#x27;Status&#x27;);\ncy.get(&#x27;thead &gt; tr &gt; :nth-child(6)&#x27;).scrollIntoView().should(&#x27;be.visible&#x27;).should(&#x27;have.text&#x27;, &#x27;Action&#x27;);&quot;,&quot;err&quot;:{&quot;message&quot;:&quot;AssertionError: Timed out retrying after 15000ms: Expected to find element: `div.flex.flex-wrap:nth-child(1)&gt;div:nth-child(1)&gt;div`, but never found it.&quot;,&quot;estack&quot;:&quot;AssertionError: Timed out retrying after 15000ms: Expected to find element: `div.flex.flex-wrap:nth-child(1)&gt;div:nth-child(1)&gt;div`, but never found it.\n    at Context.eval (https://qa.rch.build-release.com/__cypress/tests?p=cypress\\e2e\\Admin_Testcases\\12_Provider_Services.spec.js:256:68)&quot;},&quot;uuid&quot;:&quot;1ee78f47-eb75-4d57-91f1-a515819fa610&quot;,&quot;parentUUID&quot;:&quot;5a555239-30ac-4538-9945-7bc9205fad62&quot;,&quot;isHook&quot;:false,&quot;skipped&quot;:false},{&quot;title&quot;:&quot;As a Admin the user can able to search a particular inactive service through search box&quot;,&quot;fullTitle&quot;:&quot;Provider Services module testcases As a Admin the user can able to search a particular inactive service through search box&quot;,&quot;duration&quot;:15505,&quot;state&quot;:&quot;failed&quot;,&quot;pass&quot;:false,&quot;fail&quot;:true,&quot;pending&quot;:false,&quot;code&quot;:&quot;cy.get(&#x27;[type=search]&#x27;).should(&#x27;be.visible&#x27;).type(&#x27;Covid Rapid Test&#x27;);\ncy.wait(2000);\ncy.get(&#x27;tr:nth-child(1) &gt; td:nth-child(1)&#x27;).should(&#x27;be.visible&#x27;).should(&#x27;contain&#x27;, &#x27;Covid Rapid Test&#x27;);\ncy.wait(2000);\ncy.get(&#x27;[type=search]&#x27;).should(&#x27;be.visible&#x27;).clear();\ncy.wait(2000);&quot;,&quot;err&quot;:{&quot;message&quot;:&quot;AssertionError: Timed out retrying after 15000ms: Expected to find element: `[type=search]`, but never found it.&quot;,&quot;estack&quot;:&quot;AssertionError: Timed out retrying after 15000ms: Expected to find element: `[type=search]`, but never found it.\n    at Context.eval (https://qa.rch.build-release.com/__cypress/tests?p=cypress\\e2e\\Admin_Testcases\\12_Provider_Services.spec.js:267:29)&quot;},&quot;uuid&quot;:&quot;8a873bda-7026-4ae2-867f-ecc28405b4d7&quot;,&quot;parentUUID&quot;:&quot;5a555239-30ac-4538-9945-7bc9205fad62&quot;,&quot;isHook&quot;:false,&quot;skipped&quot;:false},{&quot;title&quot;:&quot;As a Admin the user can delete any active service by clicking on the delete icon against that service.&quot;,&quot;fullTitle&quot;:&quot;Provider Services module testcases As a Admin the user can delete any active service by clicking on the delete icon against that service.&quot;,&quot;duration&quot;:15617,&quot;state&quot;:&quot;failed&quot;,&quot;pass&quot;:false,&quot;fail&quot;:true,&quot;pending&quot;:false,&quot;code&quot;:&quot;cy.get(&#x27;tr:nth-child(1)&gt;td:nth-child(6)&gt;div&gt;span&#x27;).scrollIntoView().should(&#x27;be.visible&#x27;).click();\ncy.wait(2000);\ncy.get(&#x27;div.hidden&gt;div:nth-child(2)&gt;div:nth-child(2)&gt;button&#x27;).click();\ncy.wait(4000);\ncy.get(&#x27;div.flex.flex-wrap:nth-child(1)&gt;div:nth-child(1)&gt;svg&#x27;).should(&#x27;be.visible&#x27;).click();&quot;,&quot;err&quot;:{&quot;message&quot;:&quot;AssertionError: Timed out retrying after 15000ms: Expected to find element: `tr:nth-child(1)&gt;td:nth-child(6)&gt;div&gt;span`, but never found it.&quot;,&quot;estack&quot;:&quot;AssertionError: Timed out retrying after 15000ms: Expected to find element: `tr:nth-child(1)&gt;td:nth-child(6)&gt;div&gt;span`, but never found it.\n    at Context.eval (https://qa.rch.build-release.com/__cypress/tests?p=cypress\\e2e\\Admin_Testcases\\12_Provider_Services.spec.js:276:8)&quot;},&quot;uuid&quot;:&quot;bc894200-efe5-4f97-ae2e-6a6663755315&quot;,&quot;parentUUID&quot;:&quot;5a555239-30ac-4538-9945-7bc9205fad62&quot;,&quot;isHook&quot;:false,&quot;skipped&quot;:false},{&quot;title&quot;:&quot;As a Admin the user should be navigated to the \&quot;DX-Codes&amp;Symptoms\&quot; page by clicking on the \&quot;DX-Codes\&quot; button.&quot;,&quot;fullTitle&quot;:&quot;Provider Services module testcases As a Admin the user should be navigated to the \&quot;DX-Codes&amp;Symptoms\&quot; page by clicking on the \&quot;DX-Codes\&quot; button.&quot;,&quot;duration&quot;:15626,&quot;state&quot;:&quot;failed&quot;,&quot;pass&quot;:false,&quot;fail&quot;:true,&quot;pending&quot;:false,&quot;code&quot;:&quot;cy.get(&#x27;[textid=\&quot;admin.dx.codes\&quot;]&#x27;).should(&#x27;be.visible&#x27;).should(&#x27;have.text&#x27;, &#x27;DX-Codes&#x27;).click();\ncy.wait(4000);\ncy.get(&#x27;div.flex.flex-wrap:nth-child(1)&gt;div:nth-child(1)&gt;div&#x27;).should(&#x27;be.visible&#x27;).should(&#x27;have.text&#x27;, &#x27;DX-Codes &amp; Symptoms&#x27;);&quot;,&quot;err&quot;:{&quot;message&quot;:&quot;AssertionError: Timed out retrying after 15000ms: Expected to find element: `[textid=\&quot;admin.dx.codes\&quot;]`, but never found it.&quot;,&quot;estack&quot;:&quot;AssertionError: Timed out retrying after 15000ms: Expected to find element: `[textid=\&quot;admin.dx.codes\&quot;]`, but never found it.\n    at Context.eval (https://qa.rch.build-release.com/__cypress/tests?p=cypress\\e2e\\Admin_Testcases\\12_Provider_Services.spec.js:284:41)&quot;},&quot;uuid&quot;:&quot;fa4db2d2-afe0-4ed4-bffa-af06468112c2&quot;,&quot;parentUUID&quot;:&quot;5a555239-30ac-4538-9945-7bc9205fad62&quot;,&quot;isHook&quot;:false,&quot;skipped&quot;:false},{&quot;title&quot;:&quot;At \&quot;DX-Codes&amp;Symptoms\&quot; page each label and field should have proper label and validations&quot;,&quot;fullTitle&quot;:&quot;Provider Services module testcases At \&quot;DX-Codes&amp;Symptoms\&quot; page each label and field should have proper label and validations&quot;,&quot;duration&quot;:15551,&quot;state&quot;:&quot;failed&quot;,&quot;pass&quot;:false,&quot;fail&quot;:true,&quot;pending&quot;:false,&quot;code&quot;:&quot;cy.get(&#x27;div.flex.flex-wrap:nth-child(1)&gt;div:nth-child(1)&gt;div&#x27;).should(&#x27;be.visible&#x27;).should(&#x27;have.text&#x27;, &#x27;DX-Codes &amp; Symptoms&#x27;);\ncy.get(&#x27;div.flex.flex-wrap:nth-child(1)&gt;div:nth-child(1)&gt;svg&#x27;).should(&#x27;be.visible&#x27;);\ncy.get(&#x27;[textid=\&quot;admin.add.dx.codes\&quot;]&#x27;).should(&#x27;be.visible&#x27;).should(&#x27;have.text&#x27;, &#x27;Add DX-Code&#x27;);\ncy.get(&#x27;[type=search]&#x27;).should(&#x27;be.visible&#x27;).invoke(&#x27;attr&#x27;, &#x27;placeholder&#x27;).should(&#x27;contain&#x27;, &#x27;Search by DX-code or Symptoms...&#x27;);\ncy.get(&#x27;thead &gt; tr &gt; :nth-child(1)&#x27;).should(&#x27;be.visible&#x27;).should(&#x27;have.text&#x27;, &#x27;DX-Codes&#x27;);\ncy.get(&#x27;thead &gt; tr &gt; :nth-child(2)&#x27;).should(&#x27;be.visible&#x27;).should(&#x27;have.text&#x27;, &#x27;Symptoms&#x27;);\ncy.get(&#x27;thead &gt; tr &gt; :nth-child(3)&#x27;).should(&#x27;be.visible&#x27;).should(&#x27;have.text&#x27;, &#x27;Action&#x27;);&quot;,&quot;err&quot;:{&quot;message&quot;:&quot;AssertionError: Timed out retrying after 15000ms: Expected to find element: `div.flex.flex-wrap:nth-child(1)&gt;div:nth-child(1)&gt;div`, but never found it.&quot;,&quot;estack&quot;:&quot;AssertionError: Timed out retrying after 15000ms: Expected to find element: `div.flex.flex-wrap:nth-child(1)&gt;div:nth-child(1)&gt;div`, but never found it.\n    at Context.eval (https://qa.rch.build-release.com/__cypress/tests?p=cypress\\e2e\\Admin_Testcases\\12_Provider_Services.spec.js:289:68)&quot;},&quot;uuid&quot;:&quot;563278f3-8ffb-433a-809a-8cd7b52c6151&quot;,&quot;parentUUID&quot;:&quot;5a555239-30ac-4538-9945-7bc9205fad62&quot;,&quot;isHook&quot;:false,&quot;skipped&quot;:false},{&quot;title&quot;:&quot;As a Admin the user should get add DX-Code pop up window by clicking on \&quot;Add Service\&quot; button&quot;,&quot;fullTitle&quot;:&quot;Provider Services module testcases As a Admin the user should get add DX-Code pop up window by clicking on \&quot;Add Service\&quot; button&quot;,&quot;duration&quot;:15574,&quot;state&quot;:&quot;failed&quot;,&quot;pass&quot;:false,&quot;fail&quot;:true,&quot;pending&quot;:false,&quot;code&quot;:&quot;cy.get(&#x27;[textid=\&quot;admin.add.dx.codes\&quot;]&#x27;).should(&#x27;be.visible&#x27;).should(&#x27;have.text&#x27;, &#x27;Add DX-Code&#x27;).click();\ncy.get(&#x27;.ReactModal__Content&#x27;).should(&#x27;be.visible&#x27;);\ncy.get(&#x27;.hidden &gt; .justify-between &gt; .font-bold&#x27;).should(&#x27;be.visible&#x27;).should(&#x27;have.text&#x27;, &#x27;Add Service&#x27;);&quot;,&quot;err&quot;:{&quot;message&quot;:&quot;AssertionError: Timed out retrying after 15000ms: Expected to find element: `[textid=\&quot;admin.add.dx.codes\&quot;]`, but never found it.&quot;,&quot;estack&quot;:&quot;AssertionError: Timed out retrying after 15000ms: Expected to find element: `[textid=\&quot;admin.add.dx.codes\&quot;]`, but never found it.\n    at Context.eval (https://qa.rch.build-release.com/__cypress/tests?p=cypress\\e2e\\Admin_Testcases\\12_Provider_Services.spec.js:299:45)&quot;},&quot;uuid&quot;:&quot;86ff0b09-b54f-41db-8570-722bbe1b13a3&quot;,&quot;parentUUID&quot;:&quot;5a555239-30ac-4538-9945-7bc9205fad62&quot;,&quot;isHook&quot;:false,&quot;skipped&quot;:false},{&quot;title&quot;:&quot;At Add DX-Code pop up window each label and field should have proper label and validations&quot;,&quot;fullTitle&quot;:&quot;Provider Services module testcases At Add DX-Code pop up window each label and field should have proper label and validations&quot;,&quot;duration&quot;:1347803,&quot;state&quot;:&quot;failed&quot;,&quot;pass&quot;:false,&quot;fail&quot;:true,&quot;pending&quot;:false,&quot;code&quot;:&quot;cy.get(&#x27;.hidden &gt; .justify-between &gt; .font-bold&#x27;).should(&#x27;be.visible&#x27;).should(&#x27;have.text&#x27;, &#x27;Add Service&#x27;);\ncy.get(&#x27;div.hidden&gt;div:nth-child(2)&gt;form&gt;div:nth-child(1)&gt;div:nth-child(1)&gt;div&gt;label&#x27;).should(&#x27;be.visible&#x27;).should(&#x27;have.text&#x27;, &#x27;DX-Code&#x27;);\ncy.get(&#x27;div.hidden&gt;div:nth-child(2)&gt;form&gt;div:nth-child(1)&gt;div:nth-child(2)&gt;div&gt;label&#x27;).should(&#x27;be.visible&#x27;).should(&#x27;have.text&#x27;, &#x27;Symptom&#x27;);\ncy.get(&#x27;div.hidden&gt;div:nth-child(2)&gt;form&gt;div:nth-child(1)&gt;div:nth-child(1)&gt;div&gt;div&#x27;).should(&#x27;be.visible&#x27;);\ncy.get(&#x27;div.hidden&gt;div:nth-child(2)&gt;form&gt;div:nth-child(1)&gt;div:nth-child(2)&gt;div&gt;div&#x27;).should(&#x27;be.visible&#x27;);\ncy.get(&#x27;div.hidden&gt;div:nth-child(2)&gt;form&gt;button&#x27;).should(&#x27;be.visible&#x27;).should(&#x27;contain&#x27;, &#x27;Save Details&#x27;).click();\ncy.wait(4000);\ncy.get(&#x27;:nth-child(1) &gt; :nth-child(1) &gt; .text-red-600&#x27;).should(&#x27;be.visible&#x27;).should(&#x27;have.text&#x27;, &#x27;Required&#x27;);\ncy.get(&#x27;:nth-child(2) &gt; :nth-child(1) &gt; .text-red-600&#x27;).should(&#x27;be.visible&#x27;).should(&#x27;have.text&#x27;, &#x27;Required&#x27;);&quot;,&quot;err&quot;:{&quot;message&quot;:&quot;CypressError: `cy.screenshot()` timed out waiting `30000ms` to complete.&quot;,&quot;estack&quot;:&quot;CypressError: `cy.screenshot()` timed out waiting `30000ms` to complete.\n    at https://qa.rch.build-release.com/__cypress/runner/cypress_runner.js:158612:81\n    at tryCatcher (https://qa.rch.build-release.com/__cypress/runner/cypress_runner.js:13012:23)\n    at https://qa.rch.build-release.com/__cypress/runner/cypress_runner.js:8134:41\n    at tryCatcher (https://qa.rch.build-release.com/__cypress/runner/cypress_runner.js:13012:23)\n    at Promise._settlePromiseFromHandler (https://qa.rch.build-release.com/__cypress/runner/cypress_runner.js:10947:31)\n    at Promise._settlePromise (https://qa.rch.build-release.com/__cypress/runner/cypress_runner.js:11004:18)\n    at Promise._settlePromise0 (https://qa.rch.build-release.com/__cypress/runner/cypress_runner.js:11049:10)\n    at Promise._settlePromises (https://qa.rch.build-release.com/__cypress/runner/cypress_runner.js:11125:18)\n    at _drainQueueStep (https://qa.rch.build-release.com/__cypress/runner/cypress_runner.js:7719:12)\n    at _drainQueue (https://qa.rch.build-release.com/__cypress/runner/cypress_runner.js:7712:9)\n    at Async.../../node_modules/bluebird/js/release/async.js.Async._drainQueues (https://qa.rch.build-release.com/__cypress/runner/cypress_runner.js:7728:5)\n    at Async.drainQueues (https://qa.rch.build-release.com/__cypress/runner/cypress_runner.js:7598:14)&quot;},&quot;uuid&quot;:&quot;c1fc7abc-484b-42bc-be73-81a4989d7524&quot;,&quot;parentUUID&quot;:&quot;5a555239-30ac-4538-9945-7bc9205fad62&quot;,&quot;isHook&quot;:false,&quot;skipped&quot;:false},{&quot;title&quot;:&quot;After filling Add DX-Code form and by clicking save details button the user should able to add the DX-Code&quot;,&quot;fullTitle&quot;:&quot;Provider Services module testcases After filling Add DX-Code form and by clicking save details button the user should able to add the DX-Code&quot;,&quot;duration&quot;:21170,&quot;state&quot;:&quot;failed&quot;,&quot;pass&quot;:false,&quot;fail&quot;:true,&quot;pending&quot;:false,&quot;code&quot;:&quot;cy.get(&#x27;div.hidden&gt;div:nth-child(2)&gt;form&gt;div:nth-child(1)&gt;div:nth-child(1)&gt;div&gt;div:nth-child(2)&#x27;).should(&#x27;be.visible&#x27;).type(&#x27;R10.2 Pelvic and perineal pain&#x27;);\ncy.get(&#x27;div.hidden&gt;div:nth-child(2)&gt;form&gt;div:nth-child(1)&gt;div:nth-child(2)&gt;div&gt;div:nth-child(2)&#x27;).should(&#x27;be.visible&#x27;).type(&#x27;Abdominal pain&#x27;);\ncy.get(&#x27;div.hidden&gt;div:nth-child(2)&gt;form&gt;button&#x27;).should(&#x27;be.visible&#x27;).should(&#x27;contain&#x27;, &#x27;Save Details&#x27;).click();\ncy.contains(&#x27;DX Code Added successfully&#x27;);\ncy.wait(4000);&quot;,&quot;err&quot;:{&quot;message&quot;:&quot;AssertionError: Timed out retrying after 15000ms: Expected to find element: `div.hidden&gt;div:nth-child(2)&gt;form&gt;div:nth-child(1)&gt;div:nth-child(1)&gt;div&gt;div:nth-child(2)`, but never found it.&quot;,&quot;estack&quot;:&quot;AssertionError: Timed out retrying after 15000ms: Expected to find element: `div.hidden&gt;div:nth-child(2)&gt;form&gt;div:nth-child(1)&gt;div:nth-child(1)&gt;div&gt;div:nth-child(2)`, but never found it.\n    at Context.eval (https://qa.rch.build-release.com/__cypress/tests?p=cypress\\e2e\\Admin_Testcases\\12_Provider_Services.spec.js:315:103)&quot;},&quot;uuid&quot;:&quot;057ca87b-d5b6-4294-8a11-0c392555bec3&quot;,&quot;parentUUID&quot;:&quot;5a555239-30ac-4538-9945-7bc9205fad62&quot;,&quot;isHook&quot;:false,&quot;skipped&quot;:false},{&quot;title&quot;:&quot;The added DX-Code should reflect instantly under \&quot;DX-Codes&amp;Symptoms\&quot; page&quot;,&quot;fullTitle&quot;:&quot;Provider Services module testcases The added DX-Code should reflect instantly under \&quot;DX-Codes&amp;Symptoms\&quot; page&quot;,&quot;duration&quot;:17093,&quot;state&quot;:&quot;failed&quot;,&quot;pass&quot;:false,&quot;fail&quot;:true,&quot;pending&quot;:false,&quot;code&quot;:&quot;cy.get(&#x27;[type=search]&#x27;).should(&#x27;be.visible&#x27;).type(&#x27;R10.2 Pelvic and perineal pain&#x27;);\ncy.get(&#x27;tr:nth-child(1) &gt; td:nth-child(1)&#x27;).should(&#x27;be.visible&#x27;).should(&#x27;have.text&#x27;, &#x27;R10.2 Pelvic and perineal pain&#x27;);\ncy.get(&#x27;tr:nth-child(1) &gt; td:nth-child(2)&#x27;).should(&#x27;be.visible&#x27;).should(&#x27;have.text&#x27;, &#x27;Abdominal pain&#x27;);&quot;,&quot;err&quot;:{&quot;message&quot;:&quot;AssertionError: Timed out retrying after 15000ms: Expected to find element: `[type=search]`, but never found it.&quot;,&quot;estack&quot;:&quot;AssertionError: Timed out retrying after 15000ms: Expected to find element: `[type=search]`, but never found it.\n    at Context.eval (https://qa.rch.build-release.com/__cypress/tests?p=cypress\\e2e\\Admin_Testcases\\12_Provider_Services.spec.js:322:29)&quot;},&quot;uuid&quot;:&quot;cff01476-1b2f-49bd-b277-bc9e70c1e024&quot;,&quot;parentUUID&quot;:&quot;5a555239-30ac-4538-9945-7bc9205fad62&quot;,&quot;isHook&quot;:false,&quot;skipped&quot;:false},{&quot;title&quot;:&quot;As a Admin the user can able to search a particular DX-Code or Symptom through search box&quot;,&quot;fullTitle&quot;:&quot;Provider Services module testcases As a Admin the user can able to search a particular DX-Code or Symptom through search box&quot;,&quot;duration&quot;:15698,&quot;state&quot;:&quot;failed&quot;,&quot;pass&quot;:false,&quot;fail&quot;:true,&quot;pending&quot;:false,&quot;code&quot;:&quot;cy.get(&#x27;[type=search]&#x27;).should(&#x27;be.visible&#x27;).clear().type(&#x27;R10.2 Pelvic and perineal pain&#x27;);\ncy.wait(4000);\ncy.get(&#x27;tr:nth-child(1) &gt; td:nth-child(1)&#x27;).should(&#x27;be.visible&#x27;).should(&#x27;have.text&#x27;, &#x27;R10.2 Pelvic and perineal pain&#x27;);\ncy.wait(2000);\ncy.get(&#x27;[type=search]&#x27;).should(&#x27;be.visible&#x27;).clear().type(&#x27;Abdominal pain&#x27;);\ncy.wait(4000);\ncy.get(&#x27;tr:nth-child(1) &gt; td:nth-child(2)&#x27;).should(&#x27;be.visible&#x27;).should(&#x27;have.text&#x27;, &#x27;Abdominal pain&#x27;);\ncy.get(&#x27;[type=search]&#x27;).should(&#x27;be.visible&#x27;).clear();\ncy.wait(4000);&quot;,&quot;err&quot;:{&quot;message&quot;:&quot;AssertionError: Timed out retrying after 15000ms: Expected to find element: `[type=search]`, but never found it.&quot;,&quot;estack&quot;:&quot;AssertionError: Timed out retrying after 15000ms: Expected to find element: `[type=search]`, but never found it.\n    at Context.eval (https://qa.rch.build-release.com/__cypress/tests?p=cypress\\e2e\\Admin_Testcases\\12_Provider_Services.spec.js:328:29)&quot;},&quot;uuid&quot;:&quot;1d721860-9ee2-4235-a97f-0c3cce8c6e43&quot;,&quot;parentUUID&quot;:&quot;5a555239-30ac-4538-9945-7bc9205fad62&quot;,&quot;isHook&quot;:false,&quot;skipped&quot;:false},{&quot;title&quot;:&quot;As a Admin the user should get Update service pop up window by clicking on edit icon against the particular service&quot;,&quot;fullTitle&quot;:&quot;Provider Services module testcases As a Admin the user should get Update service pop up window by clicking on edit icon against the particular service&quot;,&quot;duration&quot;:15643,&quot;state&quot;:&quot;failed&quot;,&quot;pass&quot;:false,&quot;fail&quot;:true,&quot;pending&quot;:false,&quot;code&quot;:&quot;cy.get(&#x27;tr:nth-child(1) &gt; td:nth-child(3)&gt;div&gt;span:nth-child(1)&#x27;).scrollIntoView().should(&#x27;be.visible&#x27;).click();\ncy.wait(2000);\ncy.get(&#x27;.hidden &gt; .justify-between &gt; .font-bold&#x27;).should(&#x27;be.visible&#x27;).should(&#x27;have.text&#x27;, &#x27;Update Service&#x27;);&quot;,&quot;err&quot;:{&quot;message&quot;:&quot;AssertionError: Timed out retrying after 15000ms: Expected to find element: `tr:nth-child(1) &gt; td:nth-child(3)&gt;div&gt;span:nth-child(1)`, but never found it.&quot;,&quot;estack&quot;:&quot;AssertionError: Timed out retrying after 15000ms: Expected to find element: `tr:nth-child(1) &gt; td:nth-child(3)&gt;div&gt;span:nth-child(1)`, but never found it.\n    at Context.eval (https://qa.rch.build-release.com/__cypress/tests?p=cypress\\e2e\\Admin_Testcases\\12_Provider_Services.spec.js:340:8)&quot;},&quot;uuid&quot;:&quot;1585ecf6-f937-4452-87e4-c2828a7d27ca&quot;,&quot;parentUUID&quot;:&quot;5a555239-30ac-4538-9945-7bc9205fad62&quot;,&quot;isHook&quot;:false,&quot;skipped&quot;:false},{&quot;title&quot;:&quot;At Edit DX-Code pop up window each label and field should have proper label and validations&quot;,&quot;fullTitle&quot;:&quot;Provider Services module testcases At Edit DX-Code pop up window each label and field should have proper label and validations&quot;,&quot;duration&quot;:15657,&quot;state&quot;:&quot;failed&quot;,&quot;pass&quot;:false,&quot;fail&quot;:true,&quot;pending&quot;:false,&quot;code&quot;:&quot;cy.get(&#x27;.hidden &gt; .justify-between &gt; .font-bold&#x27;).should(&#x27;be.visible&#x27;).should(&#x27;have.text&#x27;, &#x27;Update Service&#x27;);\ncy.get(&#x27;div.hidden&gt;div:nth-child(2)&gt;form&gt;div:nth-child(1)&gt;div:nth-child(1)&gt;div&gt;label&#x27;).should(&#x27;be.visible&#x27;).should(&#x27;have.text&#x27;, &#x27;DX-Code&#x27;);\ncy.get(&#x27;div.hidden&gt;div:nth-child(2)&gt;form&gt;div:nth-child(1)&gt;div:nth-child(2)&gt;div&gt;label&#x27;).should(&#x27;be.visible&#x27;).should(&#x27;have.text&#x27;, &#x27;Symptom&#x27;);\ncy.get(&#x27;div.hidden&gt;div:nth-child(2)&gt;form&gt;div:nth-child(1)&gt;div:nth-child(1)&gt;div&gt;div&#x27;).should(&#x27;be.visible&#x27;);\ncy.get(&#x27;div.hidden&gt;div:nth-child(2)&gt;form&gt;div:nth-child(1)&gt;div:nth-child(2)&gt;div&gt;div&#x27;).should(&#x27;be.visible&#x27;);\ncy.get(&#x27;div.hidden&gt;div:nth-child(2)&gt;form&gt;button&#x27;).should(&#x27;be.visible&#x27;).should(&#x27;contain&#x27;, &#x27;Save Details&#x27;);\ncy.wait(4000);&quot;,&quot;err&quot;:{&quot;message&quot;:&quot;AssertionError: Timed out retrying after 15000ms: Expected to find element: `.hidden &gt; .justify-between &gt; .font-bold`, but never found it.&quot;,&quot;estack&quot;:&quot;AssertionError: Timed out retrying after 15000ms: Expected to find element: `.hidden &gt; .justify-between &gt; .font-bold`, but never found it.\n    at Context.eval (https://qa.rch.build-release.com/__cypress/tests?p=cypress\\e2e\\Admin_Testcases\\12_Provider_Services.spec.js:345:55)&quot;},&quot;uuid&quot;:&quot;aaec964b-592b-45ef-bb62-b8fd4e3aab61&quot;,&quot;parentUUID&quot;:&quot;5a555239-30ac-4538-9945-7bc9205fad62&quot;,&quot;isHook&quot;:false,&quot;skipped&quot;:false},{&quot;title&quot;:&quot;After doing necessary edits on the edit DX-Code form and by clicking save details button the user should able to update the DX-Code&quot;,&quot;fullTitle&quot;:&quot;Provider Services module testcases After doing necessary edits on the edit DX-Code form and by clicking save details button the user should able to update the DX-Code&quot;,&quot;duration&quot;:16125,&quot;state&quot;:&quot;failed&quot;,&quot;pass&quot;:false,&quot;fail&quot;:true,&quot;pending&quot;:false,&quot;code&quot;:&quot;cy.get(&#x27;div.hidden&gt;div:nth-child(2)&gt;form&gt;div:nth-child(1)&gt;div:nth-child(1)&gt;div&gt;div&#x27;).should(&#x27;be.visible&#x27;).clear().type(&#x27;R10.32 Left lower quadrant pain&#x27;);\ncy.get(&#x27;div.hidden&gt;div:nth-child(2)&gt;form&gt;div:nth-child(1)&gt;div:nth-child(2)&gt;div&gt;div&#x27;).should(&#x27;be.visible&#x27;).clear().type(&#x27;Chest pain&#x27;);\ncy.get(&#x27;div.hidden&gt;div:nth-child(2)&gt;form&gt;button&#x27;).should(&#x27;be.visible&#x27;).should(&#x27;contain&#x27;, &#x27;Save Details&#x27;).click();\ncy.contains(&#x27;DX Code Updated successfully&#x27;);\ncy.wait(4000);&quot;,&quot;err&quot;:{&quot;message&quot;:&quot;AssertionError: Timed out retrying after 15000ms: Expected to find element: `div.hidden&gt;div:nth-child(2)&gt;form&gt;div:nth-child(1)&gt;div:nth-child(1)&gt;div&gt;div`, but never found it.&quot;,&quot;estack&quot;:&quot;AssertionError: Timed out retrying after 15000ms: Expected to find element: `div.hidden&gt;div:nth-child(2)&gt;form&gt;div:nth-child(1)&gt;div:nth-child(1)&gt;div&gt;div`, but never found it.\n    at Context.eval (https://qa.rch.build-release.com/__cypress/tests?p=cypress\\e2e\\Admin_Testcases\\12_Provider_Services.spec.js:354:90)&quot;},&quot;uuid&quot;:&quot;2a1fba16-521b-486a-ad54-4f4122ddee27&quot;,&quot;parentUUID&quot;:&quot;5a555239-30ac-4538-9945-7bc9205fad62&quot;,&quot;isHook&quot;:false,&quot;skipped&quot;:false},{&quot;title&quot;:&quot;The edited details should reflect instantly under DX-Codes&amp;Symptoms page&quot;,&quot;fullTitle&quot;:&quot;Provider Services module testcases The edited details should reflect instantly under DX-Codes&amp;Symptoms page&quot;,&quot;duration&quot;:16193,&quot;state&quot;:&quot;failed&quot;,&quot;pass&quot;:false,&quot;fail&quot;:true,&quot;pending&quot;:false,&quot;code&quot;:&quot;cy.get(&#x27;[type=search]&#x27;).should(&#x27;be.visible&#x27;).type(&#x27;R10.32 Left lower quadrant pain&#x27;);\ncy.wait(4000);\ncy.get(&#x27;tr:nth-child(1) &gt; td:nth-child(1)&#x27;).should(&#x27;be.visible&#x27;).should(&#x27;have.text&#x27;, &#x27;R10.32 Left lower quadrant pain&#x27;);\ncy.get(&#x27;tr:nth-child(1) &gt; td:nth-child(2)&#x27;).should(&#x27;be.visible&#x27;).should(&#x27;have.text&#x27;, &#x27;Chest pain&#x27;);&quot;,&quot;err&quot;:{&quot;message&quot;:&quot;AssertionError: Timed out retrying after 15000ms: Expected to find element: `[type=search]`, but never found it.&quot;,&quot;estack&quot;:&quot;AssertionError: Timed out retrying after 15000ms: Expected to find element: `[type=search]`, but never found it.\n    at Context.eval (https://qa.rch.build-release.com/__cypress/tests?p=cypress\\e2e\\Admin_Testcases\\12_Provider_Services.spec.js:361:29)&quot;},&quot;uuid&quot;:&quot;67cb9c93-f476-4b82-a5b2-797fc47f3771&quot;,&quot;parentUUID&quot;:&quot;5a555239-30ac-4538-9945-7bc9205fad62&quot;,&quot;isHook&quot;:false,&quot;skipped&quot;:false},{&quot;title&quot;:&quot;As a Admin the user can delete any DX-Code by clicking on the delete icon against that DX-Code.&quot;,&quot;fullTitle&quot;:&quot;Provider Services module testcases As a Admin the user can delete any DX-Code by clicking on the delete icon against that DX-Code.&quot;,&quot;duration&quot;:15780,&quot;state&quot;:&quot;failed&quot;,&quot;pass&quot;:false,&quot;fail&quot;:true,&quot;pending&quot;:false,&quot;code&quot;:&quot;cy.get(&#x27;tr:nth-child(1) &gt; td:nth-child(3)&gt;div&gt;span:nth-child(2)&#x27;).scrollIntoView().should(&#x27;be.visible&#x27;).click();\ncy.wait(2000);\ncy.get(&#x27;div.hidden&gt;div:nth-child(2)&gt;div:nth-child(2)&gt;button&#x27;).click();\ncy.wait(4000);&quot;,&quot;err&quot;:{&quot;message&quot;:&quot;AssertionError: Timed out retrying after 15000ms: Expected to find element: `tr:nth-child(1) &gt; td:nth-child(3)&gt;div&gt;span:nth-child(2)`, but never found it.&quot;,&quot;estack&quot;:&quot;AssertionError: Timed out retrying after 15000ms: Expected to find element: `tr:nth-child(1) &gt; td:nth-child(3)&gt;div&gt;span:nth-child(2)`, but never found it.\n    at Context.eval (https://qa.rch.build-release.com/__cypress/tests?p=cypress\\e2e\\Admin_Testcases\\12_Provider_Services.spec.js:368:8)&quot;},&quot;uuid&quot;:&quot;dcd820a1-9217-4ed2-9974-a1d90f3fb47c&quot;,&quot;parentUUID&quot;:&quot;5a555239-30ac-4538-9945-7bc9205fad62&quot;,&quot;isHook&quot;:false,&quot;skipped&quot;:false},{&quot;title&quot;:&quot;As a Admin the user can able to switch between the  DX-Codes&amp;Symptoms pages by using next or previous buttons&quot;,&quot;fullTitle&quot;:&quot;Provider Services module testcases As a Admin the user can able to switch between the  DX-Codes&amp;Symptoms pages by using next or previous buttons&quot;,&quot;duration&quot;:15931,&quot;state&quot;:&quot;failed&quot;,&quot;pass&quot;:false,&quot;fail&quot;:true,&quot;pending&quot;:false,&quot;code&quot;:&quot;cy.get(&#x27;[type=search]&#x27;).should(&#x27;be.visible&#x27;).clear();\ncy.wait(4000);\ncy.get(&#x27;.mt-1:nth-child(2)&#x27;).should(&#x27;be.visible&#x27;).scrollIntoView().should(&#x27;have.text&#x27;, &#x27;Next&#x27;).click();\ncy.wait(5000);\ncy.get(&#x27;.mt-1:nth-child(1)&#x27;).should(&#x27;be.visible&#x27;).scrollIntoView().should(&#x27;have.text&#x27;, &#x27;Previous&#x27;).click();\ncy.logout();&quot;,&quot;err&quot;:{&quot;message&quot;:&quot;AssertionError: Timed out retrying after 15000ms: Expected to find element: `[type=search]`, but never found it.&quot;,&quot;estack&quot;:&quot;AssertionError: Timed out retrying after 15000ms: Expected to find element: `[type=search]`, but never found it.\n    at Context.eval (https://qa.rch.build-release.com/__cypress/tests?p=cypress\\e2e\\Admin_Testcases\\12_Provider_Services.spec.js:374:29)&quot;},&quot;uuid&quot;:&quot;332d6047-74fd-4224-8cfe-bd33f0c7f6c4&quot;,&quot;parentUUID&quot;:&quot;5a555239-30ac-4538-9945-7bc9205fad62&quot;,&quot;isHook&quot;:false,&quot;skipped&quot;:false}],&quot;suites&quot;:[],&quot;passes&quot;:[],&quot;failures&quot;:[&quot;3f98043b-c0a2-4fb3-b0f8-d536e73dddbf&quot;,&quot;da4b8e16-a7b3-4452-8012-f9636806e249&quot;,&quot;caaa5d6a-08c1-467a-a1cf-7c0cac015d34&quot;,&quot;14275308-8b78-43e8-8ada-ac52dc2a9e38&quot;,&quot;bab45063-a774-411d-9693-1f620ed14bef&quot;,&quot;158598cf-24ff-44c0-a63f-5aa32eb06922&quot;,&quot;c73bdfaa-7f17-4dcc-a312-9565787de9f5&quot;,&quot;a6ed61ae-3250-49fd-bdf4-39236de6920f&quot;,&quot;e95e5007-65c3-4cb9-a962-047c50865ec1&quot;,&quot;75a6680a-9eb0-42f5-981a-6d5969caefc7&quot;,&quot;628b0e1e-2008-442f-84a6-b8a0155baf3a&quot;,&quot;a7658491-5256-4860-819c-0e9df88aa373&quot;,&quot;ff2e6b80-8a63-4993-8fba-4299fcc6460f&quot;,&quot;9ed4c4e7-ae71-4a4c-bb47-a70bc6a880b1&quot;,&quot;232249e9-f04c-4f87-9b95-d0de96155f69&quot;,&quot;1ee78f47-eb75-4d57-91f1-a515819fa610&quot;,&quot;8a873bda-7026-4ae2-867f-ecc28405b4d7&quot;,&quot;bc894200-efe5-4f97-ae2e-6a6663755315&quot;,&quot;fa4db2d2-afe0-4ed4-bffa-af06468112c2&quot;,&quot;563278f3-8ffb-433a-809a-8cd7b52c6151&quot;,&quot;86ff0b09-b54f-41db-8570-722bbe1b13a3&quot;,&quot;c1fc7abc-484b-42bc-be73-81a4989d7524&quot;,&quot;057ca87b-d5b6-4294-8a11-0c392555bec3&quot;,&quot;cff01476-1b2f-49bd-b277-bc9e70c1e024&quot;,&quot;1d721860-9ee2-4235-a97f-0c3cce8c6e43&quot;,&quot;1585ecf6-f937-4452-87e4-c2828a7d27ca&quot;,&quot;aaec964b-592b-45ef-bb62-b8fd4e3aab61&quot;,&quot;2a1fba16-521b-486a-ad54-4f4122ddee27&quot;,&quot;67cb9c93-f476-4b82-a5b2-797fc47f3771&quot;,&quot;dcd820a1-9217-4ed2-9974-a1d90f3fb47c&quot;,&quot;332d6047-74fd-4224-8cfe-bd33f0c7f6c4&quot;],&quot;pending&quot;:[],&quot;skipped&quot;:[],&quot;duration&quot;:1820360,&quot;root&quot;:false,&quot;rootEmpty&quot;:false,&quot;_timeout&quot;:2000}],&quot;passes&quot;:[],&quot;failures&quot;:[],&quot;pending&quot;:[],&quot;skipped&quot;:[],&quot;duration&quot;:0,&quot;root&quot;:true,&quot;rootEmpty&quot;:true,&quot;_timeout&quot;:2000}],&quot;meta&quot;:{&quot;mocha&quot;:{&quot;version&quot;:&quot;7.0.1&quot;},&quot;mochawesome&quot;:{&quot;options&quot;:{&quot;quiet&quot;:false,&quot;reportFilename&quot;:&quot;report&quot;,&quot;saveHtml&quot;:true,&quot;saveJson&quot;:true,&quot;consoleReporter&quot;:&quot;spec&quot;,&quot;useInlineDiffs&quot;:false,&quot;code&quot;:true},&quot;version&quot;:&quot;7.0.1&quot;},&quot;marge&quot;:{&quot;options&quot;:{&quot;reportDir&quot;:&quot;cypress/reports&quot;,&quot;reportFilename&quot;:&quot;report&quot;,&quot;overwrite&quot;:false,&quot;html&quot;:true,&quot;json&quot;:true,&quot;charts&quot;:true},&quot;version&quot;:&quot;6.0.1&quot;}}}" data-config="{&quot;reportFilename&quot;:&quot;report&quot;,&quot;reportDir&quot;:&quot;cypress/reports&quot;,&quot;reportTitle&quot;:&quot;LxMedical&quot;,&quot;reportPageTitle&quot;:&quot;Mochawesome Report&quot;,&quot;inline&quot;:false,&quot;inlineAssets&quot;:false,&quot;cdn&quot;:false,&quot;charts&quot;:true,&quot;enableCharts&quot;:true,&quot;code&quot;:true,&quot;enableCode&quot;:true,&quot;autoOpen&quot;:false,&quot;overwrite&quot;:false,&quot;timestamp&quot;:false,&quot;ts&quot;:false,&quot;showPassed&quot;:true,&quot;showFailed&quot;:true,&quot;showPending&quot;:true,&quot;showSkipped&quot;:false,&quot;showHooks&quot;:&quot;failed&quot;,&quot;saveJson&quot;:true,&quot;saveHtml&quot;:true,&quot;dev&quot;:false,&quot;assetsDir&quot;:&quot;cypress\\reports\\assets&quot;,&quot;jsonFile&quot;:&quot;C:\\LX Medical\\LxMedical\\cypress\\reports\\report.json&quot;,&quot;htmlFile&quot;:&quot;C:\\LX Medical\\LxMedical\\cypress\\reports\\report.html&quot;}"><div id="report"></div><script src="assets\app.js"></script></body></html>