<!doctype html>
<html lang="en"><head><meta charSet="utf-8"/><meta http-equiv="X-UA-Compatible" content="IE=edge"/><meta name="viewport" content="width=device-width, initial-scale=1"/><title>Mochawesome Report</title><link rel="stylesheet" href="assets\app.css"/></head><body data-raw="{&quot;stats&quot;:{&quot;suites&quot;:1,&quot;tests&quot;:31,&quot;passes&quot;:0,&quot;pending&quot;:0,&quot;failures&quot;:31,&quot;start&quot;:&quot;2022-08-08T06:21:05.401Z&quot;,&quot;end&quot;:&quot;2022-08-08T06:29:23.631Z&quot;,&quot;duration&quot;:498230,&quot;testsRegistered&quot;:31,&quot;passPercent&quot;:0,&quot;pendingPercent&quot;:0,&quot;other&quot;:0,&quot;hasOther&quot;:false,&quot;skipped&quot;:0,&quot;hasSkipped&quot;:false},&quot;results&quot;:[{&quot;uuid&quot;:&quot;6e1b8ce9-b6be-4746-9bfb-a5daf63c951e&quot;,&quot;title&quot;:&quot;&quot;,&quot;fullFile&quot;:&quot;cypress\\e2e\\Admin_Testcases\\12_Provider_Services.spec.js&quot;,&quot;file&quot;:&quot;cypress\\e2e\\Admin_Testcases\\12_Provider_Services.spec.js&quot;,&quot;beforeHooks&quot;:[],&quot;afterHooks&quot;:[],&quot;tests&quot;:[],&quot;suites&quot;:[{&quot;uuid&quot;:&quot;535f9ee6-e0f0-4262-8b8c-30c797ea6ca1&quot;,&quot;title&quot;:&quot;Provider Services module testcases&quot;,&quot;fullFile&quot;:&quot;&quot;,&quot;file&quot;:&quot;&quot;,&quot;beforeHooks&quot;:[],&quot;afterHooks&quot;:[],&quot;tests&quot;:[{&quot;title&quot;:&quot;As a Admin the user should be navigated to the Provider services page by clicking \&quot;Patient Services\&quot; tab.&quot;,&quot;fullTitle&quot;:&quot;Provider Services module testcases As a Admin the user should be navigated to the Provider services page by clicking \&quot;Patient Services\&quot; tab.&quot;,&quot;duration&quot;:25028,&quot;state&quot;:&quot;failed&quot;,&quot;pass&quot;:false,&quot;fail&quot;:true,&quot;pending&quot;:false,&quot;code&quot;:&quot;cy.login(cred.email, cred.password);\ncy.url().should(&#x27;contain&#x27;, &#x27;/dashboard&#x27;);\ncy.get(&#x27;.space-y-4 &gt; :nth-child(7)&#x27;).should(&#x27;be.visible&#x27;).should(&#x27;contain&#x27;, &#x27;Provider Services&#x27;).click();\ncy.url().should(&#x27;contain&#x27;, &#x27;/provider_services&#x27;);&quot;,&quot;err&quot;:{&quot;message&quot;:&quot;AssertionError: Timed out retrying after 15000ms: Expected to find element: `.max-w-xs &gt; img`, but never found it.&quot;,&quot;estack&quot;:&quot;AssertionError: Timed out retrying after 15000ms: Expected to find element: `.max-w-xs &gt; img`, but never found it.\n    at Context.eval (https://qa.rch.build-release.com/__cypress/tests?p=cypress\\support\\e2e.js:345:29)&quot;},&quot;uuid&quot;:&quot;4a14970b-ca2e-4fae-924d-f4fee8b8fdaa&quot;,&quot;parentUUID&quot;:&quot;535f9ee6-e0f0-4262-8b8c-30c797ea6ca1&quot;,&quot;isHook&quot;:false,&quot;skipped&quot;:false},{&quot;title&quot;:&quot;At Patient Services page each label and field should have proper label and validations&quot;,&quot;fullTitle&quot;:&quot;Provider Services module testcases At Patient Services page each label and field should have proper label and validations&quot;,&quot;duration&quot;:15641,&quot;state&quot;:&quot;failed&quot;,&quot;pass&quot;:false,&quot;fail&quot;:true,&quot;pending&quot;:false,&quot;code&quot;:&quot;cy.get(&#x27;.text-xl&#x27;).should(&#x27;be.visible&#x27;).should(&#x27;have.text&#x27;, &#x27;Provider Services List&#x27;);\ncy.get(&#x27;[type=search]&#x27;).should(&#x27;be.visible&#x27;).invoke(&#x27;attr&#x27;, &#x27;placeholder&#x27;).should(&#x27;contain&#x27;, &#x27;Search Services&#x27;);\ncy.get(&#x27;[textid=\&quot;admin.dx.codes\&quot;]&#x27;).should(&#x27;be.visible&#x27;).should(&#x27;have.text&#x27;, &#x27;DX-Codes&#x27;);\ncy.get(&#x27;[textid=\&quot;inactive.service\&quot;]&#x27;).should(&#x27;be.visible&#x27;).should(&#x27;have.text&#x27;, &#x27;Inactive Services&#x27;);\ncy.get(&#x27;[textid=\&quot;add.service\&quot;]&#x27;).should(&#x27;be.visible&#x27;).should(&#x27;have.text&#x27;, &#x27;Add Service&#x27;);\ncy.get(&#x27;thead &gt; tr &gt; :nth-child(1)&#x27;).should(&#x27;be.visible&#x27;).should(&#x27;have.text&#x27;, &#x27;Service Name&#x27;);\ncy.get(&#x27;thead &gt; tr &gt; :nth-child(2)&#x27;).should(&#x27;be.visible&#x27;).should(&#x27;have.text&#x27;, &#x27;CPT Code&#x27;);\ncy.get(&#x27;thead &gt; tr &gt; :nth-child(3)&#x27;).should(&#x27;be.visible&#x27;).should(&#x27;have.text&#x27;, &#x27;Service Category&#x27;);\ncy.get(&#x27;thead &gt; tr &gt; :nth-child(4)&#x27;).should(&#x27;be.visible&#x27;).should(&#x27;have.text&#x27;, &#x27;Service Rate&#x27;);\ncy.get(&#x27;thead &gt; tr &gt; :nth-child(5)&#x27;).should(&#x27;be.visible&#x27;).should(&#x27;have.text&#x27;, &#x27;Status&#x27;);\ncy.get(&#x27;thead &gt; tr &gt; :nth-child(6)&#x27;).scrollIntoView().should(&#x27;be.visible&#x27;).should(&#x27;have.text&#x27;, &#x27;Action&#x27;);\ncy.get(&#x27;.mt-1:nth-child(2)&#x27;).should(&#x27;be.visible&#x27;).should(&#x27;have.text&#x27;, &#x27;Next&#x27;);&quot;,&quot;err&quot;:{&quot;message&quot;:&quot;AssertionError: Timed out retrying after 15000ms: Expected to find element: `.text-xl`, but never found it.&quot;,&quot;estack&quot;:&quot;AssertionError: Timed out retrying after 15000ms: Expected to find element: `.text-xl`, but never found it.\n    at Context.eval (https://qa.rch.build-release.com/__cypress/tests?p=cypress\\e2e\\Admin_Testcases\\12_Provider_Services.spec.js:132:24)&quot;},&quot;uuid&quot;:&quot;8d76a62e-8cd2-4a69-83e0-261a290015f9&quot;,&quot;parentUUID&quot;:&quot;535f9ee6-e0f0-4262-8b8c-30c797ea6ca1&quot;,&quot;isHook&quot;:false,&quot;skipped&quot;:false},{&quot;title&quot;:&quot;As a Admin the user should get add service pop up window by clicking on \&quot;Add Service\&quot; button&quot;,&quot;fullTitle&quot;:&quot;Provider Services module testcases As a Admin the user should get add service pop up window by clicking on \&quot;Add Service\&quot; button&quot;,&quot;duration&quot;:15533,&quot;state&quot;:&quot;failed&quot;,&quot;pass&quot;:false,&quot;fail&quot;:true,&quot;pending&quot;:false,&quot;code&quot;:&quot;cy.get(&#x27;[textid=\&quot;add.service\&quot;]&#x27;).should(&#x27;be.visible&#x27;).should(&#x27;have.text&#x27;, &#x27;Add Service&#x27;).click();\ncy.get(&#x27;.ReactModal__Content&#x27;).should(&#x27;be.visible&#x27;);\ncy.get(&#x27;.hidden &gt; .justify-between &gt; .font-bold&#x27;).should(&#x27;be.visible&#x27;).should(&#x27;have.text&#x27;, &#x27;Add Service&#x27;);&quot;,&quot;err&quot;:{&quot;message&quot;:&quot;AssertionError: Timed out retrying after 15000ms: Expected to find element: `[textid=\&quot;add.service\&quot;]`, but never found it.&quot;,&quot;estack&quot;:&quot;AssertionError: Timed out retrying after 15000ms: Expected to find element: `[textid=\&quot;add.service\&quot;]`, but never found it.\n    at Context.eval (https://qa.rch.build-release.com/__cypress/tests?p=cypress\\e2e\\Admin_Testcases\\12_Provider_Services.spec.js:147:38)&quot;},&quot;uuid&quot;:&quot;c8e4bb32-55fe-4084-9c97-35ef9dfda6e0&quot;,&quot;parentUUID&quot;:&quot;535f9ee6-e0f0-4262-8b8c-30c797ea6ca1&quot;,&quot;isHook&quot;:false,&quot;skipped&quot;:false},{&quot;title&quot;:&quot;At Add Service pop up window each label and field should have proper label and validations&quot;,&quot;fullTitle&quot;:&quot;Provider Services module testcases At Add Service pop up window each label and field should have proper label and validations&quot;,&quot;duration&quot;:15513,&quot;state&quot;:&quot;failed&quot;,&quot;pass&quot;:false,&quot;fail&quot;:true,&quot;pending&quot;:false,&quot;code&quot;:&quot;cy.get(&#x27;.hidden &gt; .justify-between &gt; .font-bold&#x27;).should(&#x27;be.visible&#x27;).should(&#x27;have.text&#x27;, &#x27;Add Service&#x27;);\ncy.get(&#x27;div.hidden&gt;div:nth-child(2)&gt;form&gt;div:nth-child(1)&gt;div:nth-child(1)&gt;div:nth-child(1)&#x27;).should(&#x27;be.visible&#x27;).should(&#x27;have.text&#x27;, &#x27;Service Category&#x27;);\ncy.get(&#x27;div.hidden&gt;div:nth-child(2)&gt;form&gt;div:nth-child(1)&gt;div:nth-child(2)&gt;label&#x27;).should(&#x27;be.visible&#x27;).should(&#x27;have.text&#x27;, &#x27;CPT Code&#x27;);\ncy.get(&#x27;div.hidden&gt;div:nth-child(2)&gt;form&gt;div:nth-child(1)&gt;div:nth-child(1)&gt;div:nth-child(2)&#x27;).should(&#x27;be.visible&#x27;);\ncy.get(&#x27;div.hidden&gt;div:nth-child(2)&gt;form&gt;div:nth-child(1)&gt;div:nth-child(2)&gt;div&#x27;).should(&#x27;be.visible&#x27;);\ncy.get(&#x27;div.hidden&gt;div:nth-child(2)&gt;form&gt;div:nth-child(2)&gt;div:nth-child(1)&gt;label&#x27;).should(&#x27;be.visible&#x27;).should(&#x27;have.text&#x27;, &#x27;Service Name&#x27;);\ncy.get(&#x27;div.hidden&gt;div:nth-child(2)&gt;form&gt;div:nth-child(2)&gt;div:nth-child(2)&gt;label&#x27;).should(&#x27;be.visible&#x27;).should(&#x27;have.text&#x27;, &#x27;Service Rate&#x27;);\ncy.get(&#x27;div.hidden&gt;div:nth-child(2)&gt;form&gt;div:nth-child(2)&gt;div:nth-child(1)&gt;div&#x27;).should(&#x27;be.visible&#x27;);\ncy.get(&#x27;div.hidden&gt;div:nth-child(2)&gt;form&gt;div:nth-child(2)&gt;div:nth-child(2)&gt;div&#x27;).should(&#x27;be.visible&#x27;);\ncy.get(&#x27;div.hidden&gt;div:nth-child(2)&gt;form&gt;button&#x27;).should(&#x27;be.visible&#x27;).should(&#x27;contain&#x27;, &#x27;Save Details&#x27;).click();\ncy.wait(4000);\ncy.get(&#x27;:nth-child(1) &gt; :nth-child(1) &gt; .text-red-600&#x27;).should(&#x27;be.visible&#x27;).should(&#x27;have.text&#x27;, &#x27;Required&#x27;);\ncy.get(&#x27;:nth-child(1) &gt; :nth-child(2) &gt; .text-red-600&#x27;).should(&#x27;be.visible&#x27;).should(&#x27;have.text&#x27;, &#x27;Required&#x27;);\ncy.get(&#x27;:nth-child(2) &gt; :nth-child(1) &gt; .text-red-600&#x27;).should(&#x27;be.visible&#x27;).should(&#x27;have.text&#x27;, &#x27;Required&#x27;);\ncy.get(&#x27;:nth-child(2) &gt; :nth-child(2) &gt; .text-red-600&#x27;).should(&#x27;be.visible&#x27;).should(&#x27;have.text&#x27;, &#x27;Required&#x27;);&quot;,&quot;err&quot;:{&quot;message&quot;:&quot;AssertionError: Timed out retrying after 15000ms: Expected to find element: `.hidden &gt; .justify-between &gt; .font-bold`, but never found it.&quot;,&quot;estack&quot;:&quot;AssertionError: Timed out retrying after 15000ms: Expected to find element: `.hidden &gt; .justify-between &gt; .font-bold`, but never found it.\n    at Context.eval (https://qa.rch.build-release.com/__cypress/tests?p=cypress\\e2e\\Admin_Testcases\\12_Provider_Services.spec.js:152:55)&quot;},&quot;uuid&quot;:&quot;135808a4-32c1-49a5-8e00-b64d3e6dbf51&quot;,&quot;parentUUID&quot;:&quot;535f9ee6-e0f0-4262-8b8c-30c797ea6ca1&quot;,&quot;isHook&quot;:false,&quot;skipped&quot;:false},{&quot;title&quot;:&quot;After filling Add services form and by clicking save details button the user should able to add the service&quot;,&quot;fullTitle&quot;:&quot;Provider Services module testcases After filling Add services form and by clicking save details button the user should able to add the service&quot;,&quot;duration&quot;:15679,&quot;state&quot;:&quot;failed&quot;,&quot;pass&quot;:false,&quot;fail&quot;:true,&quot;pending&quot;:false,&quot;code&quot;:&quot;cy.get(&#x27;div.hidden&gt;div:nth-child(2)&gt;form&gt;div:nth-child(1)&gt;div:nth-child(1)&gt;div:nth-child(2)&#x27;).should(&#x27;be.visible&#x27;).click();\ncy.get(&#x27;.css-11unzgr&gt;div:nth-child(1)&#x27;).click();\ncy.get(&#x27;div.hidden&gt;div:nth-child(2)&gt;form&gt;div:nth-child(1)&gt;div:nth-child(2)&gt;div:nth-child(2)&#x27;).should(&#x27;be.visible&#x27;).type(&#x27;35242&#x27;);\ncy.get(&#x27;div.hidden&gt;div:nth-child(2)&gt;form&gt;div:nth-child(2)&gt;div:nth-child(1)&gt;div:nth-child(2)&#x27;).should(&#x27;be.visible&#x27;).type(&#x27;Rapid Test&#x27;);\ncy.get(&#x27;div.hidden&gt;div:nth-child(2)&gt;form&gt;div:nth-child(2)&gt;div:nth-child(2)&gt;div:nth-child(2)&#x27;).should(&#x27;be.visible&#x27;).type(&#x27;199&#x27;);\ncy.get(&#x27;div.hidden&gt;div:nth-child(2)&gt;form&gt;button&#x27;).should(&#x27;be.visible&#x27;).should(&#x27;contain&#x27;, &#x27;Save Details&#x27;).click();\ncy.contains(&#x27;Provider Service Added successfully&#x27;);\ncy.wait(4000);&quot;,&quot;err&quot;:{&quot;message&quot;:&quot;AssertionError: Timed out retrying after 15000ms: Expected to find element: `div.hidden&gt;div:nth-child(2)&gt;form&gt;div:nth-child(1)&gt;div:nth-child(1)&gt;div:nth-child(2)`, but never found it.&quot;,&quot;estack&quot;:&quot;AssertionError: Timed out retrying after 15000ms: Expected to find element: `div.hidden&gt;div:nth-child(2)&gt;form&gt;div:nth-child(1)&gt;div:nth-child(1)&gt;div:nth-child(2)`, but never found it.\n    at Context.eval (https://qa.rch.build-release.com/__cypress/tests?p=cypress\\e2e\\Admin_Testcases\\12_Provider_Services.spec.js:169:99)&quot;},&quot;uuid&quot;:&quot;9862c0ec-96e5-455e-b869-746417747a20&quot;,&quot;parentUUID&quot;:&quot;535f9ee6-e0f0-4262-8b8c-30c797ea6ca1&quot;,&quot;isHook&quot;:false,&quot;skipped&quot;:false},{&quot;title&quot;:&quot;The added service should reflect instantly under services page&quot;,&quot;fullTitle&quot;:&quot;Provider Services module testcases The added service should reflect instantly under services page&quot;,&quot;duration&quot;:15529,&quot;state&quot;:&quot;failed&quot;,&quot;pass&quot;:false,&quot;fail&quot;:true,&quot;pending&quot;:false,&quot;code&quot;:&quot;cy.get(&#x27;tr:nth-child(1) &gt; td:nth-child(1)&#x27;).should(&#x27;be.visible&#x27;).should(&#x27;have.text&#x27;, &#x27;Rapid Test&#x27;);\ncy.get(&#x27;tr:nth-child(1) &gt; td:nth-child(2)&#x27;).should(&#x27;be.visible&#x27;).should(&#x27;have.text&#x27;, &#x27;35242&#x27;);\ncy.get(&#x27;tr:nth-child(1) &gt; td:nth-child(3) &gt; p&#x27;).should(&#x27;be.visible&#x27;).should(&#x27;have.text&#x27;, &#x27;IV Fluids&#x27;);\ncy.get(&#x27;tr:nth-child(1) &gt; td:nth-child(4)&#x27;).should(&#x27;be.visible&#x27;).should(&#x27;have.text&#x27;, &#x27;$199&#x27;);&quot;,&quot;err&quot;:{&quot;message&quot;:&quot;AssertionError: Timed out retrying after 15000ms: Expected to find element: `tr:nth-child(1) &gt; td:nth-child(1)`, but never found it.&quot;,&quot;estack&quot;:&quot;AssertionError: Timed out retrying after 15000ms: Expected to find element: `tr:nth-child(1) &gt; td:nth-child(1)`, but never found it.\n    at Context.eval (https://qa.rch.build-release.com/__cypress/tests?p=cypress\\e2e\\Admin_Testcases\\12_Provider_Services.spec.js:179:49)&quot;},&quot;uuid&quot;:&quot;1fcd64ad-ff96-4bc2-b681-b5f06df96348&quot;,&quot;parentUUID&quot;:&quot;535f9ee6-e0f0-4262-8b8c-30c797ea6ca1&quot;,&quot;isHook&quot;:false,&quot;skipped&quot;:false},{&quot;title&quot;:&quot;As a Admin the user can able to search a particular service through search box&quot;,&quot;fullTitle&quot;:&quot;Provider Services module testcases As a Admin the user can able to search a particular service through search box&quot;,&quot;duration&quot;:15749,&quot;state&quot;:&quot;failed&quot;,&quot;pass&quot;:false,&quot;fail&quot;:true,&quot;pending&quot;:false,&quot;code&quot;:&quot;cy.get(&#x27;[type=search]&#x27;).should(&#x27;be.visible&#x27;).type(&#x27;Rapid Test&#x27;);\ncy.wait(4000);\ncy.get(&#x27;tr:nth-child(1) &gt; td:nth-child(1)&#x27;).should(&#x27;be.visible&#x27;).should(&#x27;have.text&#x27;, &#x27;Rapid Test&#x27;);\ncy.get(&#x27;[type=search]&#x27;).should(&#x27;be.visible&#x27;).clear();\ncy.wait(4000);&quot;,&quot;err&quot;:{&quot;message&quot;:&quot;AssertionError: Timed out retrying after 15000ms: Expected to find element: `[type=search]`, but never found it.&quot;,&quot;estack&quot;:&quot;AssertionError: Timed out retrying after 15000ms: Expected to find element: `[type=search]`, but never found it.\n    at Context.eval (https://qa.rch.build-release.com/__cypress/tests?p=cypress\\e2e\\Admin_Testcases\\12_Provider_Services.spec.js:186:29)&quot;},&quot;uuid&quot;:&quot;bb1f8d82-3b3b-4b30-8f3c-57256cd28c20&quot;,&quot;parentUUID&quot;:&quot;535f9ee6-e0f0-4262-8b8c-30c797ea6ca1&quot;,&quot;isHook&quot;:false,&quot;skipped&quot;:false},{&quot;title&quot;:&quot;As a Admin the user should get Update service pop up window by clicking on edit icon against the particular service&quot;,&quot;fullTitle&quot;:&quot;Provider Services module testcases As a Admin the user should get Update service pop up window by clicking on edit icon against the particular service&quot;,&quot;duration&quot;:15687,&quot;state&quot;:&quot;failed&quot;,&quot;pass&quot;:false,&quot;fail&quot;:true,&quot;pending&quot;:false,&quot;code&quot;:&quot;cy.get(&#x27;tr:nth-child(1) &gt; td:nth-child(6)&gt;div&gt;span&#x27;).scrollIntoView().should(&#x27;be.visible&#x27;).click();\ncy.wait(2000);\ncy.get(&#x27;.hidden &gt; .justify-between &gt; .font-bold&#x27;).should(&#x27;be.visible&#x27;).should(&#x27;have.text&#x27;, &#x27;Update Service&#x27;);&quot;,&quot;err&quot;:{&quot;message&quot;:&quot;AssertionError: Timed out retrying after 15000ms: Expected to find element: `tr:nth-child(1) &gt; td:nth-child(6)&gt;div&gt;span`, but never found it.&quot;,&quot;estack&quot;:&quot;AssertionError: Timed out retrying after 15000ms: Expected to find element: `tr:nth-child(1) &gt; td:nth-child(6)&gt;div&gt;span`, but never found it.\n    at Context.eval (https://qa.rch.build-release.com/__cypress/tests?p=cypress\\e2e\\Admin_Testcases\\12_Provider_Services.spec.js:194:8)&quot;},&quot;uuid&quot;:&quot;6af67ff1-788a-4238-86dc-bf819e94f8f1&quot;,&quot;parentUUID&quot;:&quot;535f9ee6-e0f0-4262-8b8c-30c797ea6ca1&quot;,&quot;isHook&quot;:false,&quot;skipped&quot;:false},{&quot;title&quot;:&quot;At Update Service pop up window each label and field should have proper label and validations&quot;,&quot;fullTitle&quot;:&quot;Provider Services module testcases At Update Service pop up window each label and field should have proper label and validations&quot;,&quot;duration&quot;:15660,&quot;state&quot;:&quot;failed&quot;,&quot;pass&quot;:false,&quot;fail&quot;:true,&quot;pending&quot;:false,&quot;code&quot;:&quot;cy.get(&#x27;.hidden &gt; .justify-between &gt; .font-bold&#x27;).should(&#x27;be.visible&#x27;).should(&#x27;have.text&#x27;, &#x27;Update Service&#x27;);\ncy.get(&#x27;div.hidden&gt;div:nth-child(2)&gt;form&gt;div:nth-child(1)&gt;div:nth-child(1)&gt;div:nth-child(1)&#x27;).should(&#x27;be.visible&#x27;).should(&#x27;have.text&#x27;, &#x27;Service Category&#x27;);\ncy.get(&#x27;div.hidden&gt;div:nth-child(2)&gt;form&gt;div:nth-child(1)&gt;div:nth-child(2)&gt;label&#x27;).should(&#x27;be.visible&#x27;).should(&#x27;have.text&#x27;, &#x27;CPT Code&#x27;);\ncy.get(&#x27;div.hidden&gt;div:nth-child(2)&gt;form&gt;div:nth-child(1)&gt;div:nth-child(1)&gt;div:nth-child(2)&#x27;).should(&#x27;be.visible&#x27;);\ncy.get(&#x27;div.hidden&gt;div:nth-child(2)&gt;form&gt;div:nth-child(1)&gt;div:nth-child(2)&gt;div&#x27;).should(&#x27;be.visible&#x27;);\ncy.get(&#x27;div.hidden&gt;div:nth-child(2)&gt;form&gt;div:nth-child(2)&gt;div:nth-child(1)&gt;label&#x27;).should(&#x27;be.visible&#x27;).should(&#x27;have.text&#x27;, &#x27;Service Name&#x27;);\ncy.get(&#x27;div.hidden&gt;div:nth-child(2)&gt;form&gt;div:nth-child(2)&gt;div:nth-child(2)&gt;label&#x27;).should(&#x27;be.visible&#x27;).should(&#x27;have.text&#x27;, &#x27;Service Rate&#x27;);\ncy.get(&#x27;div.hidden&gt;div:nth-child(2)&gt;form&gt;div:nth-child(2)&gt;div:nth-child(1)&gt;div&#x27;).should(&#x27;be.visible&#x27;);\ncy.get(&#x27;div.hidden&gt;div:nth-child(2)&gt;form&gt;div:nth-child(2)&gt;div:nth-child(2)&gt;div&#x27;).should(&#x27;be.visible&#x27;);\ncy.get(&#x27;div.hidden&gt;div:nth-child(2)&gt;form&gt;button&#x27;).should(&#x27;be.visible&#x27;).should(&#x27;contain&#x27;, &#x27;Save Details&#x27;);\ncy.wait(4000);&quot;,&quot;err&quot;:{&quot;message&quot;:&quot;AssertionError: Timed out retrying after 15000ms: Expected to find element: `.hidden &gt; .justify-between &gt; .font-bold`, but never found it.&quot;,&quot;estack&quot;:&quot;AssertionError: Timed out retrying after 15000ms: Expected to find element: `.hidden &gt; .justify-between &gt; .font-bold`, but never found it.\n    at Context.eval (https://qa.rch.build-release.com/__cypress/tests?p=cypress\\e2e\\Admin_Testcases\\12_Provider_Services.spec.js:199:55)&quot;},&quot;uuid&quot;:&quot;1c2a917f-02d8-4e3a-b31a-6c49b2ca647b&quot;,&quot;parentUUID&quot;:&quot;535f9ee6-e0f0-4262-8b8c-30c797ea6ca1&quot;,&quot;isHook&quot;:false,&quot;skipped&quot;:false},{&quot;title&quot;:&quot;After doing necessary edits on the edit service form and by clicking save details button the user should able to update the service&quot;,&quot;fullTitle&quot;:&quot;Provider Services module testcases After doing necessary edits on the edit service form and by clicking save details button the user should able to update the service&quot;,&quot;duration&quot;:15749,&quot;state&quot;:&quot;failed&quot;,&quot;pass&quot;:false,&quot;fail&quot;:true,&quot;pending&quot;:false,&quot;code&quot;:&quot;cy.get(&#x27;div.hidden&gt;div:nth-child(2)&gt;form&gt;div:nth-child(1)&gt;div:nth-child(1)&gt;div:nth-child(2)&#x27;).should(&#x27;be.visible&#x27;).click();\ncy.get(&#x27;.css-11unzgr&gt;div:nth-child(4)&#x27;).click();\ncy.get(&#x27;div.hidden&gt;div:nth-child(2)&gt;form&gt;div:nth-child(1)&gt;div:nth-child(2)&gt;div:nth-child(2)&#x27;).should(&#x27;be.visible&#x27;).clear().type(&#x27;54456&#x27;);\ncy.get(&#x27;div.hidden&gt;div:nth-child(2)&gt;form&gt;div:nth-child(2)&gt;div:nth-child(1)&gt;div:nth-child(2)&#x27;).should(&#x27;be.visible&#x27;).clear().type(&#x27; Covid Rapid Test&#x27;);\ncy.get(&#x27;div.hidden&gt;div:nth-child(2)&gt;form&gt;div:nth-child(2)&gt;div:nth-child(2)&gt;div:nth-child(2)&#x27;).should(&#x27;be.visible&#x27;).clear().type(&#x27;299&#x27;);\ncy.get(&#x27;div.hidden&gt;div:nth-child(2)&gt;form&gt;button&#x27;).should(&#x27;be.visible&#x27;).should(&#x27;contain&#x27;, &#x27;Save Details&#x27;).click();\ncy.contains(&#x27;Provider Service Updated successfully&#x27;);\ncy.wait(4000);&quot;,&quot;err&quot;:{&quot;message&quot;:&quot;AssertionError: Timed out retrying after 15000ms: Expected to find element: `div.hidden&gt;div:nth-child(2)&gt;form&gt;div:nth-child(1)&gt;div:nth-child(1)&gt;div:nth-child(2)`, but never found it.&quot;,&quot;estack&quot;:&quot;AssertionError: Timed out retrying after 15000ms: Expected to find element: `div.hidden&gt;div:nth-child(2)&gt;form&gt;div:nth-child(1)&gt;div:nth-child(1)&gt;div:nth-child(2)`, but never found it.\n    at Context.eval (https://qa.rch.build-release.com/__cypress/tests?p=cypress\\e2e\\Admin_Testcases\\12_Provider_Services.spec.js:212:99)&quot;},&quot;uuid&quot;:&quot;7b9dc926-a24e-40c8-bd7f-ba4cc2ada924&quot;,&quot;parentUUID&quot;:&quot;535f9ee6-e0f0-4262-8b8c-30c797ea6ca1&quot;,&quot;isHook&quot;:false,&quot;skipped&quot;:false},{&quot;title&quot;:&quot;The edited details should reflect instantly under services page&quot;,&quot;fullTitle&quot;:&quot;Provider Services module testcases The edited details should reflect instantly under services page&quot;,&quot;duration&quot;:15915,&quot;state&quot;:&quot;failed&quot;,&quot;pass&quot;:false,&quot;fail&quot;:true,&quot;pending&quot;:false,&quot;code&quot;:&quot;cy.get(&#x27;tr:nth-child(1) &gt; td:nth-child(1)&#x27;).should(&#x27;be.visible&#x27;).should(&#x27;contain&#x27;, &#x27;Covid Rapid Test&#x27;);\ncy.get(&#x27;tr:nth-child(1) &gt; td:nth-child(2)&#x27;).should(&#x27;be.visible&#x27;).should(&#x27;have.text&#x27;, &#x27;54456&#x27;);\ncy.get(&#x27;tr:nth-child(1) &gt; td:nth-child(3) &gt; p&#x27;).should(&#x27;be.visible&#x27;).should(&#x27;have.text&#x27;, &#x27;POC Diagnostics&#x27;);\ncy.get(&#x27;tr:nth-child(1) &gt; td:nth-child(4)&#x27;).should(&#x27;be.visible&#x27;).should(&#x27;have.text&#x27;, &#x27;$299&#x27;);&quot;,&quot;err&quot;:{&quot;message&quot;:&quot;AssertionError: Timed out retrying after 15000ms: Expected to find element: `tr:nth-child(1) &gt; td:nth-child(1)`, but never found it.&quot;,&quot;estack&quot;:&quot;AssertionError: Timed out retrying after 15000ms: Expected to find element: `tr:nth-child(1) &gt; td:nth-child(1)`, but never found it.\n    at Context.eval (https://qa.rch.build-release.com/__cypress/tests?p=cypress\\e2e\\Admin_Testcases\\12_Provider_Services.spec.js:222:49)&quot;},&quot;uuid&quot;:&quot;2b94bfde-6bf4-48c4-b757-4d0a602cf555&quot;,&quot;parentUUID&quot;:&quot;535f9ee6-e0f0-4262-8b8c-30c797ea6ca1&quot;,&quot;isHook&quot;:false,&quot;skipped&quot;:false},{&quot;title&quot;:&quot;As a Admin the user can able to switch between the  services pages by using next or previous buttons&quot;,&quot;fullTitle&quot;:&quot;Provider Services module testcases As a Admin the user can able to switch between the  services pages by using next or previous buttons&quot;,&quot;duration&quot;:702,&quot;state&quot;:&quot;failed&quot;,&quot;pass&quot;:false,&quot;fail&quot;:true,&quot;pending&quot;:false,&quot;code&quot;:&quot;cy.get(&#x27;.mt-1:nth-child(2)&#x27;).should(&#x27;be.visible&#x27;).scrollIntoView().should(&#x27;have.text&#x27;, &#x27;Next&#x27;).click();\ncy.wait(5000);\ncy.get(&#x27;.mt-1:nth-child(1)&#x27;).should(&#x27;be.visible&#x27;).scrollIntoView().should(&#x27;have.text&#x27;, &#x27;Previous&#x27;).click();&quot;,&quot;err&quot;:{&quot;message&quot;:&quot;CypressError: `cy.scrollIntoView()` can only be used to scroll to 1 element, you tried to scroll to 2 elements.\n\nhttps://on.cypress.io/scrollintoview&quot;,&quot;estack&quot;:&quot;CypressError: `cy.scrollIntoView()` can only be used to scroll to 1 element, you tried to scroll to 2 elements.\n\nhttps://on.cypress.io/scrollintoview\n    at Context.scrollIntoView (https://qa.rch.build-release.com/__cypress/runner/cypress_runner.js:150307:78)\n    at Context.&lt;anonymous&gt; (https://qa.rch.build-release.com/__cypress/runner/cypress_runner.js:171662:19)\nFrom Your Spec Code:\n    at Context.eval (https://qa.rch.build-release.com/__cypress/tests?p=cypress\\e2e\\Admin_Testcases\\12_Provider_Services.spec.js:228:55)&quot;},&quot;uuid&quot;:&quot;e3e5deb4-b37e-4db5-9ec2-ee7be7c2555a&quot;,&quot;parentUUID&quot;:&quot;535f9ee6-e0f0-4262-8b8c-30c797ea6ca1&quot;,&quot;isHook&quot;:false,&quot;skipped&quot;:false},{&quot;title&quot;:&quot;As a Admin the user can disable any service with the help of toggle button against that particular service&quot;,&quot;fullTitle&quot;:&quot;Provider Services module testcases As a Admin the user can disable any service with the help of toggle button against that particular service&quot;,&quot;duration&quot;:15489,&quot;state&quot;:&quot;failed&quot;,&quot;pass&quot;:false,&quot;fail&quot;:true,&quot;pending&quot;:false,&quot;code&quot;:&quot;cy.get(&#x27;tr:nth-child(1)&gt;td:nth-child(5)&gt;button&#x27;).scrollIntoView().should(&#x27;be.visible&#x27;).click();\ncy.wait(2000);\ncy.get(&#x27;div.hidden&gt;div:nth-child(2)&gt;div:nth-child(2)&gt;button&#x27;).click();\ncy.wait(2000);\ncy.contains(&#x27;Service Updated successfully&#x27;);\ncy.wait(4000);&quot;,&quot;err&quot;:{&quot;message&quot;:&quot;AssertionError: Timed out retrying after 15000ms: Expected to find element: `tr:nth-child(1)&gt;td:nth-child(5)&gt;button`, but never found it.&quot;,&quot;estack&quot;:&quot;AssertionError: Timed out retrying after 15000ms: Expected to find element: `tr:nth-child(1)&gt;td:nth-child(5)&gt;button`, but never found it.\n    at Context.eval (https://qa.rch.build-release.com/__cypress/tests?p=cypress\\e2e\\Admin_Testcases\\12_Provider_Services.spec.js:234:8)&quot;},&quot;uuid&quot;:&quot;ce7979ee-af1e-4d2e-9547-3639591b3fdb&quot;,&quot;parentUUID&quot;:&quot;535f9ee6-e0f0-4262-8b8c-30c797ea6ca1&quot;,&quot;isHook&quot;:false,&quot;skipped&quot;:false},{&quot;title&quot;:&quot;The service disabled should be moved to the inactive services page.&quot;,&quot;fullTitle&quot;:&quot;Provider Services module testcases The service disabled should be moved to the inactive services page.&quot;,&quot;duration&quot;:15585,&quot;state&quot;:&quot;failed&quot;,&quot;pass&quot;:false,&quot;fail&quot;:true,&quot;pending&quot;:false,&quot;code&quot;:&quot;cy.get(&#x27;[textid=\&quot;inactive.service\&quot;]&#x27;).should(&#x27;be.visible&#x27;).should(&#x27;have.text&#x27;, &#x27;Inactive Services&#x27;).click();\ncy.wait(4000);\ncy.get(&#x27;tr:nth-child(1) &gt; td:nth-child(1)&#x27;).should(&#x27;be.visible&#x27;).should(&#x27;contain&#x27;, &#x27;Covid Rapid Test&#x27;);\ncy.wait(2000);\ncy.get(&#x27;div.flex.flex-wrap:nth-child(1)&gt;div:nth-child(1)&gt;svg&#x27;).should(&#x27;be.visible&#x27;).click();\ncy.wait(4000);&quot;,&quot;err&quot;:{&quot;message&quot;:&quot;AssertionError: Timed out retrying after 15000ms: Expected to find element: `[textid=\&quot;inactive.service\&quot;]`, but never found it.&quot;,&quot;estack&quot;:&quot;AssertionError: Timed out retrying after 15000ms: Expected to find element: `[textid=\&quot;inactive.service\&quot;]`, but never found it.\n    at Context.eval (https://qa.rch.build-release.com/__cypress/tests?p=cypress\\e2e\\Admin_Testcases\\12_Provider_Services.spec.js:242:43)&quot;},&quot;uuid&quot;:&quot;e477bec5-3e6c-40d2-9951-1ccfcc1c50ea&quot;,&quot;parentUUID&quot;:&quot;535f9ee6-e0f0-4262-8b8c-30c797ea6ca1&quot;,&quot;isHook&quot;:false,&quot;skipped&quot;:false},{&quot;title&quot;:&quot;As a Admin the user should be navigated to the Provider inactive services page by clicking on the \&quot;inactive services\&quot; button.&quot;,&quot;fullTitle&quot;:&quot;Provider Services module testcases As a Admin the user should be navigated to the Provider inactive services page by clicking on the \&quot;inactive services\&quot; button.&quot;,&quot;duration&quot;:15649,&quot;state&quot;:&quot;failed&quot;,&quot;pass&quot;:false,&quot;fail&quot;:true,&quot;pending&quot;:false,&quot;code&quot;:&quot;cy.get(&#x27;[textid=\&quot;inactive.service\&quot;]&#x27;).should(&#x27;be.visible&#x27;).should(&#x27;have.text&#x27;, &#x27;Inactive Services&#x27;).click();\ncy.wait(4000);\ncy.get(&#x27;div.flex.flex-wrap:nth-child(1)&gt;div:nth-child(1)&gt;div&#x27;).should(&#x27;be.visible&#x27;).should(&#x27;have.text&#x27;, &#x27;Provider Inactive Services&#x27;);&quot;,&quot;err&quot;:{&quot;message&quot;:&quot;AssertionError: Timed out retrying after 15000ms: Expected to find element: `[textid=\&quot;inactive.service\&quot;]`, but never found it.&quot;,&quot;estack&quot;:&quot;AssertionError: Timed out retrying after 15000ms: Expected to find element: `[textid=\&quot;inactive.service\&quot;]`, but never found it.\n    at Context.eval (https://qa.rch.build-release.com/__cypress/tests?p=cypress\\e2e\\Admin_Testcases\\12_Provider_Services.spec.js:251:43)&quot;},&quot;uuid&quot;:&quot;04e8c438-dd80-4854-8272-11cbe91d8c69&quot;,&quot;parentUUID&quot;:&quot;535f9ee6-e0f0-4262-8b8c-30c797ea6ca1&quot;,&quot;isHook&quot;:false,&quot;skipped&quot;:false},{&quot;title&quot;:&quot;At Patient inactive Services page each label and field should have proper label and validations&quot;,&quot;fullTitle&quot;:&quot;Provider Services module testcases At Patient inactive Services page each label and field should have proper label and validations&quot;,&quot;duration&quot;:15610,&quot;state&quot;:&quot;failed&quot;,&quot;pass&quot;:false,&quot;fail&quot;:true,&quot;pending&quot;:false,&quot;code&quot;:&quot;cy.get(&#x27;div.flex.flex-wrap:nth-child(1)&gt;div:nth-child(1)&gt;div&#x27;).should(&#x27;be.visible&#x27;).should(&#x27;have.text&#x27;, &#x27;Provider Inactive Services&#x27;);\ncy.get(&#x27;[type=search]&#x27;).should(&#x27;be.visible&#x27;).invoke(&#x27;attr&#x27;, &#x27;placeholder&#x27;).should(&#x27;contain&#x27;, &#x27;Search Services&#x27;);\ncy.get(&#x27;thead &gt; tr &gt; :nth-child(1)&#x27;).should(&#x27;be.visible&#x27;).should(&#x27;have.text&#x27;, &#x27;Service Name&#x27;);\ncy.get(&#x27;thead &gt; tr &gt; :nth-child(2)&#x27;).should(&#x27;be.visible&#x27;).should(&#x27;have.text&#x27;, &#x27;CPT Code&#x27;);\ncy.get(&#x27;thead &gt; tr &gt; :nth-child(3)&#x27;).should(&#x27;be.visible&#x27;).should(&#x27;have.text&#x27;, &#x27;Service Category&#x27;);\ncy.get(&#x27;thead &gt; tr &gt; :nth-child(4)&#x27;).should(&#x27;be.visible&#x27;).should(&#x27;have.text&#x27;, &#x27;Service Rate&#x27;);\ncy.get(&#x27;thead &gt; tr &gt; :nth-child(5)&#x27;).should(&#x27;be.visible&#x27;).should(&#x27;have.text&#x27;, &#x27;Status&#x27;);\ncy.get(&#x27;thead &gt; tr &gt; :nth-child(6)&#x27;).scrollIntoView().should(&#x27;be.visible&#x27;).should(&#x27;have.text&#x27;, &#x27;Action&#x27;);&quot;,&quot;err&quot;:{&quot;message&quot;:&quot;AssertionError: Timed out retrying after 15000ms: Expected to find element: `div.flex.flex-wrap:nth-child(1)&gt;div:nth-child(1)&gt;div`, but never found it.&quot;,&quot;estack&quot;:&quot;AssertionError: Timed out retrying after 15000ms: Expected to find element: `div.flex.flex-wrap:nth-child(1)&gt;div:nth-child(1)&gt;div`, but never found it.\n    at Context.eval (https://qa.rch.build-release.com/__cypress/tests?p=cypress\\e2e\\Admin_Testcases\\12_Provider_Services.spec.js:256:68)&quot;},&quot;uuid&quot;:&quot;439650da-96a7-4ee8-940d-589b9806305f&quot;,&quot;parentUUID&quot;:&quot;535f9ee6-e0f0-4262-8b8c-30c797ea6ca1&quot;,&quot;isHook&quot;:false,&quot;skipped&quot;:false},{&quot;title&quot;:&quot;As a Admin the user can able to search a particular inactive service through search box&quot;,&quot;fullTitle&quot;:&quot;Provider Services module testcases As a Admin the user can able to search a particular inactive service through search box&quot;,&quot;duration&quot;:15698,&quot;state&quot;:&quot;failed&quot;,&quot;pass&quot;:false,&quot;fail&quot;:true,&quot;pending&quot;:false,&quot;code&quot;:&quot;cy.get(&#x27;[type=search]&#x27;).should(&#x27;be.visible&#x27;).type(&#x27;Covid Rapid Test&#x27;);\ncy.wait(2000);\ncy.get(&#x27;tr:nth-child(1) &gt; td:nth-child(1)&#x27;).should(&#x27;be.visible&#x27;).should(&#x27;contain&#x27;, &#x27;Covid Rapid Test&#x27;);\ncy.wait(2000);\ncy.get(&#x27;[type=search]&#x27;).should(&#x27;be.visible&#x27;).clear();\ncy.wait(2000);&quot;,&quot;err&quot;:{&quot;message&quot;:&quot;AssertionError: Timed out retrying after 15000ms: Expected to find element: `[type=search]`, but never found it.&quot;,&quot;estack&quot;:&quot;AssertionError: Timed out retrying after 15000ms: Expected to find element: `[type=search]`, but never found it.\n    at Context.eval (https://qa.rch.build-release.com/__cypress/tests?p=cypress\\e2e\\Admin_Testcases\\12_Provider_Services.spec.js:267:29)&quot;},&quot;uuid&quot;:&quot;f37345a4-3c19-40a2-9cc0-b91f8e2c3bd8&quot;,&quot;parentUUID&quot;:&quot;535f9ee6-e0f0-4262-8b8c-30c797ea6ca1&quot;,&quot;isHook&quot;:false,&quot;skipped&quot;:false},{&quot;title&quot;:&quot;As a Admin the user can delete any active service by clicking on the delete icon against that service.&quot;,&quot;fullTitle&quot;:&quot;Provider Services module testcases As a Admin the user can delete any active service by clicking on the delete icon against that service.&quot;,&quot;duration&quot;:15616,&quot;state&quot;:&quot;failed&quot;,&quot;pass&quot;:false,&quot;fail&quot;:true,&quot;pending&quot;:false,&quot;code&quot;:&quot;cy.get(&#x27;tr:nth-child(1)&gt;td:nth-child(6)&gt;div&gt;span&#x27;).scrollIntoView().should(&#x27;be.visible&#x27;).click();\ncy.wait(2000);\ncy.get(&#x27;div.hidden&gt;div:nth-child(2)&gt;div:nth-child(2)&gt;button&#x27;).click();\ncy.wait(4000);\ncy.get(&#x27;div.flex.flex-wrap:nth-child(1)&gt;div:nth-child(1)&gt;svg&#x27;).should(&#x27;be.visible&#x27;).click();&quot;,&quot;err&quot;:{&quot;message&quot;:&quot;AssertionError: Timed out retrying after 15000ms: Expected to find element: `tr:nth-child(1)&gt;td:nth-child(6)&gt;div&gt;span`, but never found it.&quot;,&quot;estack&quot;:&quot;AssertionError: Timed out retrying after 15000ms: Expected to find element: `tr:nth-child(1)&gt;td:nth-child(6)&gt;div&gt;span`, but never found it.\n    at Context.eval (https://qa.rch.build-release.com/__cypress/tests?p=cypress\\e2e\\Admin_Testcases\\12_Provider_Services.spec.js:276:8)&quot;},&quot;uuid&quot;:&quot;11af26cb-5765-4fdc-bff3-ffecc0a79575&quot;,&quot;parentUUID&quot;:&quot;535f9ee6-e0f0-4262-8b8c-30c797ea6ca1&quot;,&quot;isHook&quot;:false,&quot;skipped&quot;:false},{&quot;title&quot;:&quot;As a Admin the user should be navigated to the \&quot;DX-Codes&amp;Symptoms\&quot; page by clicking on the \&quot;DX-Codes\&quot; button.&quot;,&quot;fullTitle&quot;:&quot;Provider Services module testcases As a Admin the user should be navigated to the \&quot;DX-Codes&amp;Symptoms\&quot; page by clicking on the \&quot;DX-Codes\&quot; button.&quot;,&quot;duration&quot;:15628,&quot;state&quot;:&quot;failed&quot;,&quot;pass&quot;:false,&quot;fail&quot;:true,&quot;pending&quot;:false,&quot;code&quot;:&quot;cy.get(&#x27;[textid=\&quot;admin.dx.codes\&quot;]&#x27;).should(&#x27;be.visible&#x27;).should(&#x27;have.text&#x27;, &#x27;DX-Codes&#x27;).click();\ncy.wait(4000);\ncy.get(&#x27;div.flex.flex-wrap:nth-child(1)&gt;div:nth-child(1)&gt;div&#x27;).should(&#x27;be.visible&#x27;).should(&#x27;have.text&#x27;, &#x27;DX-Codes &amp; Symptoms&#x27;);&quot;,&quot;err&quot;:{&quot;message&quot;:&quot;AssertionError: Timed out retrying after 15000ms: Expected to find element: `[textid=\&quot;admin.dx.codes\&quot;]`, but never found it.&quot;,&quot;estack&quot;:&quot;AssertionError: Timed out retrying after 15000ms: Expected to find element: `[textid=\&quot;admin.dx.codes\&quot;]`, but never found it.\n    at Context.eval (https://qa.rch.build-release.com/__cypress/tests?p=cypress\\e2e\\Admin_Testcases\\12_Provider_Services.spec.js:284:41)&quot;},&quot;uuid&quot;:&quot;bc719f5d-0744-4c67-b120-ca2631205b39&quot;,&quot;parentUUID&quot;:&quot;535f9ee6-e0f0-4262-8b8c-30c797ea6ca1&quot;,&quot;isHook&quot;:false,&quot;skipped&quot;:false},{&quot;title&quot;:&quot;At \&quot;DX-Codes&amp;Symptoms\&quot; page each label and field should have proper label and validations&quot;,&quot;fullTitle&quot;:&quot;Provider Services module testcases At \&quot;DX-Codes&amp;Symptoms\&quot; page each label and field should have proper label and validations&quot;,&quot;duration&quot;:15742,&quot;state&quot;:&quot;failed&quot;,&quot;pass&quot;:false,&quot;fail&quot;:true,&quot;pending&quot;:false,&quot;code&quot;:&quot;cy.get(&#x27;div.flex.flex-wrap:nth-child(1)&gt;div:nth-child(1)&gt;div&#x27;).should(&#x27;be.visible&#x27;).should(&#x27;have.text&#x27;, &#x27;DX-Codes &amp; Symptoms&#x27;);\ncy.get(&#x27;div.flex.flex-wrap:nth-child(1)&gt;div:nth-child(1)&gt;svg&#x27;).should(&#x27;be.visible&#x27;);\ncy.get(&#x27;[textid=\&quot;admin.add.dx.codes\&quot;]&#x27;).should(&#x27;be.visible&#x27;).should(&#x27;have.text&#x27;, &#x27;Add DX-Code&#x27;);\ncy.get(&#x27;[type=search]&#x27;).should(&#x27;be.visible&#x27;).invoke(&#x27;attr&#x27;, &#x27;placeholder&#x27;).should(&#x27;contain&#x27;, &#x27;Search by DX-code or Symptoms...&#x27;);\ncy.get(&#x27;thead &gt; tr &gt; :nth-child(1)&#x27;).should(&#x27;be.visible&#x27;).should(&#x27;have.text&#x27;, &#x27;DX-Codes&#x27;);\ncy.get(&#x27;thead &gt; tr &gt; :nth-child(2)&#x27;).should(&#x27;be.visible&#x27;).should(&#x27;have.text&#x27;, &#x27;Symptoms&#x27;);\ncy.get(&#x27;thead &gt; tr &gt; :nth-child(3)&#x27;).should(&#x27;be.visible&#x27;).should(&#x27;have.text&#x27;, &#x27;Action&#x27;);&quot;,&quot;err&quot;:{&quot;message&quot;:&quot;AssertionError: Timed out retrying after 15000ms: Expected to find element: `div.flex.flex-wrap:nth-child(1)&gt;div:nth-child(1)&gt;div`, but never found it.&quot;,&quot;estack&quot;:&quot;AssertionError: Timed out retrying after 15000ms: Expected to find element: `div.flex.flex-wrap:nth-child(1)&gt;div:nth-child(1)&gt;div`, but never found it.\n    at Context.eval (https://qa.rch.build-release.com/__cypress/tests?p=cypress\\e2e\\Admin_Testcases\\12_Provider_Services.spec.js:289:68)&quot;},&quot;uuid&quot;:&quot;18e7d58f-e728-4741-865c-4ca40517802b&quot;,&quot;parentUUID&quot;:&quot;535f9ee6-e0f0-4262-8b8c-30c797ea6ca1&quot;,&quot;isHook&quot;:false,&quot;skipped&quot;:false},{&quot;title&quot;:&quot;As a Admin the user should get add DX-Code pop up window by clicking on \&quot;Add Service\&quot; button&quot;,&quot;fullTitle&quot;:&quot;Provider Services module testcases As a Admin the user should get add DX-Code pop up window by clicking on \&quot;Add Service\&quot; button&quot;,&quot;duration&quot;:15617,&quot;state&quot;:&quot;failed&quot;,&quot;pass&quot;:false,&quot;fail&quot;:true,&quot;pending&quot;:false,&quot;code&quot;:&quot;cy.get(&#x27;[textid=\&quot;admin.add.dx.codes\&quot;]&#x27;).should(&#x27;be.visible&#x27;).should(&#x27;have.text&#x27;, &#x27;Add DX-Code&#x27;).click();\ncy.get(&#x27;.ReactModal__Content&#x27;).should(&#x27;be.visible&#x27;);\ncy.get(&#x27;.hidden &gt; .justify-between &gt; .font-bold&#x27;).should(&#x27;be.visible&#x27;).should(&#x27;have.text&#x27;, &#x27;Add Service&#x27;);&quot;,&quot;err&quot;:{&quot;message&quot;:&quot;AssertionError: Timed out retrying after 15000ms: Expected to find element: `[textid=\&quot;admin.add.dx.codes\&quot;]`, but never found it.&quot;,&quot;estack&quot;:&quot;AssertionError: Timed out retrying after 15000ms: Expected to find element: `[textid=\&quot;admin.add.dx.codes\&quot;]`, but never found it.\n    at Context.eval (https://qa.rch.build-release.com/__cypress/tests?p=cypress\\e2e\\Admin_Testcases\\12_Provider_Services.spec.js:299:45)&quot;},&quot;uuid&quot;:&quot;1d64e6ae-4a81-4cc1-af69-06fe0ec872d8&quot;,&quot;parentUUID&quot;:&quot;535f9ee6-e0f0-4262-8b8c-30c797ea6ca1&quot;,&quot;isHook&quot;:false,&quot;skipped&quot;:false},{&quot;title&quot;:&quot;At Add DX-Code pop up window each label and field should have proper label and validations&quot;,&quot;fullTitle&quot;:&quot;Provider Services module testcases At Add DX-Code pop up window each label and field should have proper label and validations&quot;,&quot;duration&quot;:15633,&quot;state&quot;:&quot;failed&quot;,&quot;pass&quot;:false,&quot;fail&quot;:true,&quot;pending&quot;:false,&quot;code&quot;:&quot;cy.get(&#x27;.hidden &gt; .justify-between &gt; .font-bold&#x27;).should(&#x27;be.visible&#x27;).should(&#x27;have.text&#x27;, &#x27;Add Service&#x27;);\ncy.get(&#x27;div.hidden&gt;div:nth-child(2)&gt;form&gt;div:nth-child(1)&gt;div:nth-child(1)&gt;div&gt;label&#x27;).should(&#x27;be.visible&#x27;).should(&#x27;have.text&#x27;, &#x27;DX-Code&#x27;);\ncy.get(&#x27;div.hidden&gt;div:nth-child(2)&gt;form&gt;div:nth-child(1)&gt;div:nth-child(2)&gt;div&gt;label&#x27;).should(&#x27;be.visible&#x27;).should(&#x27;have.text&#x27;, &#x27;Symptom&#x27;);\ncy.get(&#x27;div.hidden&gt;div:nth-child(2)&gt;form&gt;div:nth-child(1)&gt;div:nth-child(1)&gt;div&gt;div&#x27;).should(&#x27;be.visible&#x27;);\ncy.get(&#x27;div.hidden&gt;div:nth-child(2)&gt;form&gt;div:nth-child(1)&gt;div:nth-child(2)&gt;div&gt;div&#x27;).should(&#x27;be.visible&#x27;);\ncy.get(&#x27;div.hidden&gt;div:nth-child(2)&gt;form&gt;button&#x27;).should(&#x27;be.visible&#x27;).should(&#x27;contain&#x27;, &#x27;Save Details&#x27;).click();\ncy.wait(4000);\ncy.get(&#x27;:nth-child(1) &gt; :nth-child(1) &gt; .text-red-600&#x27;).should(&#x27;be.visible&#x27;).should(&#x27;have.text&#x27;, &#x27;Required&#x27;);\ncy.get(&#x27;:nth-child(2) &gt; :nth-child(1) &gt; .text-red-600&#x27;).should(&#x27;be.visible&#x27;).should(&#x27;have.text&#x27;, &#x27;Required&#x27;);&quot;,&quot;err&quot;:{&quot;message&quot;:&quot;AssertionError: Timed out retrying after 15000ms: Expected to find element: `.hidden &gt; .justify-between &gt; .font-bold`, but never found it.&quot;,&quot;estack&quot;:&quot;AssertionError: Timed out retrying after 15000ms: Expected to find element: `.hidden &gt; .justify-between &gt; .font-bold`, but never found it.\n    at Context.eval (https://qa.rch.build-release.com/__cypress/tests?p=cypress\\e2e\\Admin_Testcases\\12_Provider_Services.spec.js:304:55)&quot;},&quot;uuid&quot;:&quot;0bde97e5-7134-4255-ab10-2b8bc7b6149b&quot;,&quot;parentUUID&quot;:&quot;535f9ee6-e0f0-4262-8b8c-30c797ea6ca1&quot;,&quot;isHook&quot;:false,&quot;skipped&quot;:false},{&quot;title&quot;:&quot;After filling Add DX-Code form and by clicking save details button the user should able to add the DX-Code&quot;,&quot;fullTitle&quot;:&quot;Provider Services module testcases After filling Add DX-Code form and by clicking save details button the user should able to add the DX-Code&quot;,&quot;duration&quot;:15854,&quot;state&quot;:&quot;failed&quot;,&quot;pass&quot;:false,&quot;fail&quot;:true,&quot;pending&quot;:false,&quot;code&quot;:&quot;cy.get(&#x27;div.hidden&gt;div:nth-child(2)&gt;form&gt;div:nth-child(1)&gt;div:nth-child(1)&gt;div&gt;div:nth-child(2)&#x27;).should(&#x27;be.visible&#x27;).type(&#x27;R10.2 Pelvic and perineal pain&#x27;);\ncy.get(&#x27;div.hidden&gt;div:nth-child(2)&gt;form&gt;div:nth-child(1)&gt;div:nth-child(2)&gt;div&gt;div:nth-child(2)&#x27;).should(&#x27;be.visible&#x27;).type(&#x27;Abdominal pain&#x27;);\ncy.get(&#x27;div.hidden&gt;div:nth-child(2)&gt;form&gt;button&#x27;).should(&#x27;be.visible&#x27;).should(&#x27;contain&#x27;, &#x27;Save Details&#x27;).click();\ncy.contains(&#x27;DX Code Added successfully&#x27;);\ncy.wait(4000);&quot;,&quot;err&quot;:{&quot;message&quot;:&quot;AssertionError: Timed out retrying after 15000ms: Expected to find element: `div.hidden&gt;div:nth-child(2)&gt;form&gt;div:nth-child(1)&gt;div:nth-child(1)&gt;div&gt;div:nth-child(2)`, but never found it.&quot;,&quot;estack&quot;:&quot;AssertionError: Timed out retrying after 15000ms: Expected to find element: `div.hidden&gt;div:nth-child(2)&gt;form&gt;div:nth-child(1)&gt;div:nth-child(1)&gt;div&gt;div:nth-child(2)`, but never found it.\n    at Context.eval (https://qa.rch.build-release.com/__cypress/tests?p=cypress\\e2e\\Admin_Testcases\\12_Provider_Services.spec.js:315:103)&quot;},&quot;uuid&quot;:&quot;7da98f83-8bf3-40fc-b6c0-338d88ddacdc&quot;,&quot;parentUUID&quot;:&quot;535f9ee6-e0f0-4262-8b8c-30c797ea6ca1&quot;,&quot;isHook&quot;:false,&quot;skipped&quot;:false},{&quot;title&quot;:&quot;The added DX-Code should reflect instantly under \&quot;DX-Codes&amp;Symptoms\&quot; page&quot;,&quot;fullTitle&quot;:&quot;Provider Services module testcases The added DX-Code should reflect instantly under \&quot;DX-Codes&amp;Symptoms\&quot; page&quot;,&quot;duration&quot;:15787,&quot;state&quot;:&quot;failed&quot;,&quot;pass&quot;:false,&quot;fail&quot;:true,&quot;pending&quot;:false,&quot;code&quot;:&quot;cy.get(&#x27;[type=search]&#x27;).should(&#x27;be.visible&#x27;).type(&#x27;R10.2 Pelvic and perineal pain&#x27;);\ncy.get(&#x27;tr:nth-child(1) &gt; td:nth-child(1)&#x27;).should(&#x27;be.visible&#x27;).should(&#x27;have.text&#x27;, &#x27;R10.2 Pelvic and perineal pain&#x27;);\ncy.get(&#x27;tr:nth-child(1) &gt; td:nth-child(2)&#x27;).should(&#x27;be.visible&#x27;).should(&#x27;have.text&#x27;, &#x27;Abdominal pain&#x27;);&quot;,&quot;err&quot;:{&quot;message&quot;:&quot;AssertionError: Timed out retrying after 15000ms: Expected to find element: `[type=search]`, but never found it.&quot;,&quot;estack&quot;:&quot;AssertionError: Timed out retrying after 15000ms: Expected to find element: `[type=search]`, but never found it.\n    at Context.eval (https://qa.rch.build-release.com/__cypress/tests?p=cypress\\e2e\\Admin_Testcases\\12_Provider_Services.spec.js:322:29)&quot;},&quot;uuid&quot;:&quot;f017379c-c1cc-4da5-9fbd-c9d4f9e85f11&quot;,&quot;parentUUID&quot;:&quot;535f9ee6-e0f0-4262-8b8c-30c797ea6ca1&quot;,&quot;isHook&quot;:false,&quot;skipped&quot;:false},{&quot;title&quot;:&quot;As a Admin the user can able to search a particular DX-Code or Symptom through search box&quot;,&quot;fullTitle&quot;:&quot;Provider Services module testcases As a Admin the user can able to search a particular DX-Code or Symptom through search box&quot;,&quot;duration&quot;:15732,&quot;state&quot;:&quot;failed&quot;,&quot;pass&quot;:false,&quot;fail&quot;:true,&quot;pending&quot;:false,&quot;code&quot;:&quot;cy.get(&#x27;[type=search]&#x27;).should(&#x27;be.visible&#x27;).clear().type(&#x27;R10.2 Pelvic and perineal pain&#x27;);\ncy.wait(4000);\ncy.get(&#x27;tr:nth-child(1) &gt; td:nth-child(1)&#x27;).should(&#x27;be.visible&#x27;).should(&#x27;have.text&#x27;, &#x27;R10.2 Pelvic and perineal pain&#x27;);\ncy.wait(2000);\ncy.get(&#x27;[type=search]&#x27;).should(&#x27;be.visible&#x27;).clear().type(&#x27;Abdominal pain&#x27;);\ncy.wait(4000);\ncy.get(&#x27;tr:nth-child(1) &gt; td:nth-child(2)&#x27;).should(&#x27;be.visible&#x27;).should(&#x27;have.text&#x27;, &#x27;Abdominal pain&#x27;);\ncy.get(&#x27;[type=search]&#x27;).should(&#x27;be.visible&#x27;).clear();\ncy.wait(4000);&quot;,&quot;err&quot;:{&quot;message&quot;:&quot;AssertionError: Timed out retrying after 15000ms: Expected to find element: `[type=search]`, but never found it.&quot;,&quot;estack&quot;:&quot;AssertionError: Timed out retrying after 15000ms: Expected to find element: `[type=search]`, but never found it.\n    at Context.eval (https://qa.rch.build-release.com/__cypress/tests?p=cypress\\e2e\\Admin_Testcases\\12_Provider_Services.spec.js:328:29)&quot;},&quot;uuid&quot;:&quot;c936cb42-d78e-4047-bd2a-10ca98297efc&quot;,&quot;parentUUID&quot;:&quot;535f9ee6-e0f0-4262-8b8c-30c797ea6ca1&quot;,&quot;isHook&quot;:false,&quot;skipped&quot;:false},{&quot;title&quot;:&quot;As a Admin the user should get Update service pop up window by clicking on edit icon against the particular service&quot;,&quot;fullTitle&quot;:&quot;Provider Services module testcases As a Admin the user should get Update service pop up window by clicking on edit icon against the particular service&quot;,&quot;duration&quot;:15765,&quot;state&quot;:&quot;failed&quot;,&quot;pass&quot;:false,&quot;fail&quot;:true,&quot;pending&quot;:false,&quot;code&quot;:&quot;cy.get(&#x27;tr:nth-child(1) &gt; td:nth-child(3)&gt;div&gt;span:nth-child(1)&#x27;).scrollIntoView().should(&#x27;be.visible&#x27;).click();\ncy.wait(2000);\ncy.get(&#x27;.hidden &gt; .justify-between &gt; .font-bold&#x27;).should(&#x27;be.visible&#x27;).should(&#x27;have.text&#x27;, &#x27;Update Service&#x27;);&quot;,&quot;err&quot;:{&quot;message&quot;:&quot;AssertionError: Timed out retrying after 15000ms: Expected to find element: `tr:nth-child(1) &gt; td:nth-child(3)&gt;div&gt;span:nth-child(1)`, but never found it.&quot;,&quot;estack&quot;:&quot;AssertionError: Timed out retrying after 15000ms: Expected to find element: `tr:nth-child(1) &gt; td:nth-child(3)&gt;div&gt;span:nth-child(1)`, but never found it.\n    at Context.eval (https://qa.rch.build-release.com/__cypress/tests?p=cypress\\e2e\\Admin_Testcases\\12_Provider_Services.spec.js:340:8)&quot;},&quot;uuid&quot;:&quot;59ec068f-6924-436a-8fdd-19b57bf5f38f&quot;,&quot;parentUUID&quot;:&quot;535f9ee6-e0f0-4262-8b8c-30c797ea6ca1&quot;,&quot;isHook&quot;:false,&quot;skipped&quot;:false},{&quot;title&quot;:&quot;At Edit DX-Code pop up window each label and field should have proper label and validations&quot;,&quot;fullTitle&quot;:&quot;Provider Services module testcases At Edit DX-Code pop up window each label and field should have proper label and validations&quot;,&quot;duration&quot;:15647,&quot;state&quot;:&quot;failed&quot;,&quot;pass&quot;:false,&quot;fail&quot;:true,&quot;pending&quot;:false,&quot;code&quot;:&quot;cy.get(&#x27;.hidden &gt; .justify-between &gt; .font-bold&#x27;).should(&#x27;be.visible&#x27;).should(&#x27;have.text&#x27;, &#x27;Update Service&#x27;);\ncy.get(&#x27;div.hidden&gt;div:nth-child(2)&gt;form&gt;div:nth-child(1)&gt;div:nth-child(1)&gt;div&gt;label&#x27;).should(&#x27;be.visible&#x27;).should(&#x27;have.text&#x27;, &#x27;DX-Code&#x27;);\ncy.get(&#x27;div.hidden&gt;div:nth-child(2)&gt;form&gt;div:nth-child(1)&gt;div:nth-child(2)&gt;div&gt;label&#x27;).should(&#x27;be.visible&#x27;).should(&#x27;have.text&#x27;, &#x27;Symptom&#x27;);\ncy.get(&#x27;div.hidden&gt;div:nth-child(2)&gt;form&gt;div:nth-child(1)&gt;div:nth-child(1)&gt;div&gt;div&#x27;).should(&#x27;be.visible&#x27;);\ncy.get(&#x27;div.hidden&gt;div:nth-child(2)&gt;form&gt;div:nth-child(1)&gt;div:nth-child(2)&gt;div&gt;div&#x27;).should(&#x27;be.visible&#x27;);\ncy.get(&#x27;div.hidden&gt;div:nth-child(2)&gt;form&gt;button&#x27;).should(&#x27;be.visible&#x27;).should(&#x27;contain&#x27;, &#x27;Save Details&#x27;);\ncy.wait(4000);&quot;,&quot;err&quot;:{&quot;message&quot;:&quot;AssertionError: Timed out retrying after 15000ms: Expected to find element: `.hidden &gt; .justify-between &gt; .font-bold`, but never found it.&quot;,&quot;estack&quot;:&quot;AssertionError: Timed out retrying after 15000ms: Expected to find element: `.hidden &gt; .justify-between &gt; .font-bold`, but never found it.\n    at Context.eval (https://qa.rch.build-release.com/__cypress/tests?p=cypress\\e2e\\Admin_Testcases\\12_Provider_Services.spec.js:345:55)&quot;},&quot;uuid&quot;:&quot;fa3cc467-5610-4218-b872-82082270a224&quot;,&quot;parentUUID&quot;:&quot;535f9ee6-e0f0-4262-8b8c-30c797ea6ca1&quot;,&quot;isHook&quot;:false,&quot;skipped&quot;:false},{&quot;title&quot;:&quot;After doing necessary edits on the edit DX-Code form and by clicking save details button the user should able to update the DX-Code&quot;,&quot;fullTitle&quot;:&quot;Provider Services module testcases After doing necessary edits on the edit DX-Code form and by clicking save details button the user should able to update the DX-Code&quot;,&quot;duration&quot;:15862,&quot;state&quot;:&quot;failed&quot;,&quot;pass&quot;:false,&quot;fail&quot;:true,&quot;pending&quot;:false,&quot;code&quot;:&quot;cy.get(&#x27;div.hidden&gt;div:nth-child(2)&gt;form&gt;div:nth-child(1)&gt;div:nth-child(1)&gt;div&gt;div&#x27;).should(&#x27;be.visible&#x27;).clear().type(&#x27;R10.32 Left lower quadrant pain&#x27;);\ncy.get(&#x27;div.hidden&gt;div:nth-child(2)&gt;form&gt;div:nth-child(1)&gt;div:nth-child(2)&gt;div&gt;div&#x27;).should(&#x27;be.visible&#x27;).clear().type(&#x27;Chest pain&#x27;);\ncy.get(&#x27;div.hidden&gt;div:nth-child(2)&gt;form&gt;button&#x27;).should(&#x27;be.visible&#x27;).should(&#x27;contain&#x27;, &#x27;Save Details&#x27;).click();\ncy.contains(&#x27;DX Code Updated successfully&#x27;);\ncy.wait(4000);&quot;,&quot;err&quot;:{&quot;message&quot;:&quot;AssertionError: Timed out retrying after 15000ms: Expected to find element: `div.hidden&gt;div:nth-child(2)&gt;form&gt;div:nth-child(1)&gt;div:nth-child(1)&gt;div&gt;div`, but never found it.&quot;,&quot;estack&quot;:&quot;AssertionError: Timed out retrying after 15000ms: Expected to find element: `div.hidden&gt;div:nth-child(2)&gt;form&gt;div:nth-child(1)&gt;div:nth-child(1)&gt;div&gt;div`, but never found it.\n    at Context.eval (https://qa.rch.build-release.com/__cypress/tests?p=cypress\\e2e\\Admin_Testcases\\12_Provider_Services.spec.js:354:90)&quot;},&quot;uuid&quot;:&quot;5bc12866-069a-4b07-95c8-4a7f8f27e4fc&quot;,&quot;parentUUID&quot;:&quot;535f9ee6-e0f0-4262-8b8c-30c797ea6ca1&quot;,&quot;isHook&quot;:false,&quot;skipped&quot;:false},{&quot;title&quot;:&quot;The edited details should reflect instantly under DX-Codes&amp;Symptoms page&quot;,&quot;fullTitle&quot;:&quot;Provider Services module testcases The edited details should reflect instantly under DX-Codes&amp;Symptoms page&quot;,&quot;duration&quot;:16048,&quot;state&quot;:&quot;failed&quot;,&quot;pass&quot;:false,&quot;fail&quot;:true,&quot;pending&quot;:false,&quot;code&quot;:&quot;cy.get(&#x27;[type=search]&#x27;).should(&#x27;be.visible&#x27;).type(&#x27;R10.32 Left lower quadrant pain&#x27;);\ncy.wait(4000);\ncy.get(&#x27;tr:nth-child(1) &gt; td:nth-child(1)&#x27;).should(&#x27;be.visible&#x27;).should(&#x27;have.text&#x27;, &#x27;R10.32 Left lower quadrant pain&#x27;);\ncy.get(&#x27;tr:nth-child(1) &gt; td:nth-child(2)&#x27;).should(&#x27;be.visible&#x27;).should(&#x27;have.text&#x27;, &#x27;Chest pain&#x27;);&quot;,&quot;err&quot;:{&quot;message&quot;:&quot;AssertionError: Timed out retrying after 15000ms: Expected to find element: `[type=search]`, but never found it.&quot;,&quot;estack&quot;:&quot;AssertionError: Timed out retrying after 15000ms: Expected to find element: `[type=search]`, but never found it.\n    at Context.eval (https://qa.rch.build-release.com/__cypress/tests?p=cypress\\e2e\\Admin_Testcases\\12_Provider_Services.spec.js:361:29)&quot;},&quot;uuid&quot;:&quot;9c7d68f0-86ba-437b-ba85-27386bdee3d8&quot;,&quot;parentUUID&quot;:&quot;535f9ee6-e0f0-4262-8b8c-30c797ea6ca1&quot;,&quot;isHook&quot;:false,&quot;skipped&quot;:false},{&quot;title&quot;:&quot;As a Admin the user can delete any DX-Code by clicking on the delete icon against that DX-Code.&quot;,&quot;fullTitle&quot;:&quot;Provider Services module testcases As a Admin the user can delete any DX-Code by clicking on the delete icon against that DX-Code.&quot;,&quot;duration&quot;:15754,&quot;state&quot;:&quot;failed&quot;,&quot;pass&quot;:false,&quot;fail&quot;:true,&quot;pending&quot;:false,&quot;code&quot;:&quot;cy.get(&#x27;tr:nth-child(1) &gt; td:nth-child(3)&gt;div&gt;span:nth-child(2)&#x27;).scrollIntoView().should(&#x27;be.visible&#x27;).click();\ncy.wait(2000);\ncy.get(&#x27;div.hidden&gt;div:nth-child(2)&gt;div:nth-child(2)&gt;button&#x27;).click();\ncy.wait(4000);&quot;,&quot;err&quot;:{&quot;message&quot;:&quot;AssertionError: Timed out retrying after 15000ms: Expected to find element: `tr:nth-child(1) &gt; td:nth-child(3)&gt;div&gt;span:nth-child(2)`, but never found it.&quot;,&quot;estack&quot;:&quot;AssertionError: Timed out retrying after 15000ms: Expected to find element: `tr:nth-child(1) &gt; td:nth-child(3)&gt;div&gt;span:nth-child(2)`, but never found it.\n    at Context.eval (https://qa.rch.build-release.com/__cypress/tests?p=cypress\\e2e\\Admin_Testcases\\12_Provider_Services.spec.js:368:8)&quot;},&quot;uuid&quot;:&quot;4f4133f5-407f-449f-b33e-10c4cbdbbce0&quot;,&quot;parentUUID&quot;:&quot;535f9ee6-e0f0-4262-8b8c-30c797ea6ca1&quot;,&quot;isHook&quot;:false,&quot;skipped&quot;:false},{&quot;title&quot;:&quot;As a Admin the user can able to switch between the  DX-Codes&amp;Symptoms pages by using next or previous buttons&quot;,&quot;fullTitle&quot;:&quot;Provider Services module testcases As a Admin the user can able to switch between the  DX-Codes&amp;Symptoms pages by using next or previous buttons&quot;,&quot;duration&quot;:15849,&quot;state&quot;:&quot;failed&quot;,&quot;pass&quot;:false,&quot;fail&quot;:true,&quot;pending&quot;:false,&quot;code&quot;:&quot;cy.get(&#x27;[type=search]&#x27;).should(&#x27;be.visible&#x27;).clear();\ncy.wait(4000);\ncy.get(&#x27;.mt-1:nth-child(2)&#x27;).should(&#x27;be.visible&#x27;).scrollIntoView().should(&#x27;have.text&#x27;, &#x27;Next&#x27;).click();\ncy.wait(5000);\ncy.get(&#x27;.mt-1:nth-child(1)&#x27;).should(&#x27;be.visible&#x27;).scrollIntoView().should(&#x27;have.text&#x27;, &#x27;Previous&#x27;).click();\ncy.logout();&quot;,&quot;err&quot;:{&quot;message&quot;:&quot;AssertionError: Timed out retrying after 15000ms: Expected to find element: `[type=search]`, but never found it.&quot;,&quot;estack&quot;:&quot;AssertionError: Timed out retrying after 15000ms: Expected to find element: `[type=search]`, but never found it.\n    at Context.eval (https://qa.rch.build-release.com/__cypress/tests?p=cypress\\e2e\\Admin_Testcases\\12_Provider_Services.spec.js:374:29)&quot;},&quot;uuid&quot;:&quot;ab888350-2748-4bf5-a59a-9ac89082d8b3&quot;,&quot;parentUUID&quot;:&quot;535f9ee6-e0f0-4262-8b8c-30c797ea6ca1&quot;,&quot;isHook&quot;:false,&quot;skipped&quot;:false}],&quot;suites&quot;:[],&quot;passes&quot;:[],&quot;failures&quot;:[&quot;4a14970b-ca2e-4fae-924d-f4fee8b8fdaa&quot;,&quot;8d76a62e-8cd2-4a69-83e0-261a290015f9&quot;,&quot;c8e4bb32-55fe-4084-9c97-35ef9dfda6e0&quot;,&quot;135808a4-32c1-49a5-8e00-b64d3e6dbf51&quot;,&quot;9862c0ec-96e5-455e-b869-746417747a20&quot;,&quot;1fcd64ad-ff96-4bc2-b681-b5f06df96348&quot;,&quot;bb1f8d82-3b3b-4b30-8f3c-57256cd28c20&quot;,&quot;6af67ff1-788a-4238-86dc-bf819e94f8f1&quot;,&quot;1c2a917f-02d8-4e3a-b31a-6c49b2ca647b&quot;,&quot;7b9dc926-a24e-40c8-bd7f-ba4cc2ada924&quot;,&quot;2b94bfde-6bf4-48c4-b757-4d0a602cf555&quot;,&quot;e3e5deb4-b37e-4db5-9ec2-ee7be7c2555a&quot;,&quot;ce7979ee-af1e-4d2e-9547-3639591b3fdb&quot;,&quot;e477bec5-3e6c-40d2-9951-1ccfcc1c50ea&quot;,&quot;04e8c438-dd80-4854-8272-11cbe91d8c69&quot;,&quot;439650da-96a7-4ee8-940d-589b9806305f&quot;,&quot;f37345a4-3c19-40a2-9cc0-b91f8e2c3bd8&quot;,&quot;11af26cb-5765-4fdc-bff3-ffecc0a79575&quot;,&quot;bc719f5d-0744-4c67-b120-ca2631205b39&quot;,&quot;18e7d58f-e728-4741-865c-4ca40517802b&quot;,&quot;1d64e6ae-4a81-4cc1-af69-06fe0ec872d8&quot;,&quot;0bde97e5-7134-4255-ab10-2b8bc7b6149b&quot;,&quot;7da98f83-8bf3-40fc-b6c0-338d88ddacdc&quot;,&quot;f017379c-c1cc-4da5-9fbd-c9d4f9e85f11&quot;,&quot;c936cb42-d78e-4047-bd2a-10ca98297efc&quot;,&quot;59ec068f-6924-436a-8fdd-19b57bf5f38f&quot;,&quot;fa3cc467-5610-4218-b872-82082270a224&quot;,&quot;5bc12866-069a-4b07-95c8-4a7f8f27e4fc&quot;,&quot;9c7d68f0-86ba-437b-ba85-27386bdee3d8&quot;,&quot;4f4133f5-407f-449f-b33e-10c4cbdbbce0&quot;,&quot;ab888350-2748-4bf5-a59a-9ac89082d8b3&quot;],&quot;pending&quot;:[],&quot;skipped&quot;:[],&quot;duration&quot;:480950,&quot;root&quot;:false,&quot;rootEmpty&quot;:false,&quot;_timeout&quot;:2000}],&quot;passes&quot;:[],&quot;failures&quot;:[],&quot;pending&quot;:[],&quot;skipped&quot;:[],&quot;duration&quot;:0,&quot;root&quot;:true,&quot;rootEmpty&quot;:true,&quot;_timeout&quot;:2000}],&quot;meta&quot;:{&quot;mocha&quot;:{&quot;version&quot;:&quot;7.0.1&quot;},&quot;mochawesome&quot;:{&quot;options&quot;:{&quot;quiet&quot;:false,&quot;reportFilename&quot;:&quot;report&quot;,&quot;saveHtml&quot;:true,&quot;saveJson&quot;:true,&quot;consoleReporter&quot;:&quot;spec&quot;,&quot;useInlineDiffs&quot;:false,&quot;code&quot;:true},&quot;version&quot;:&quot;7.0.1&quot;},&quot;marge&quot;:{&quot;options&quot;:{&quot;reportDir&quot;:&quot;cypress/reports&quot;,&quot;reportFilename&quot;:&quot;report&quot;,&quot;overwrite&quot;:false,&quot;html&quot;:true,&quot;json&quot;:true,&quot;charts&quot;:true},&quot;version&quot;:&quot;6.0.1&quot;}}}" data-config="{&quot;reportFilename&quot;:&quot;report&quot;,&quot;reportDir&quot;:&quot;cypress/reports&quot;,&quot;reportTitle&quot;:&quot;LxMedical&quot;,&quot;reportPageTitle&quot;:&quot;Mochawesome Report&quot;,&quot;inline&quot;:false,&quot;inlineAssets&quot;:false,&quot;cdn&quot;:false,&quot;charts&quot;:true,&quot;enableCharts&quot;:true,&quot;code&quot;:true,&quot;enableCode&quot;:true,&quot;autoOpen&quot;:false,&quot;overwrite&quot;:false,&quot;timestamp&quot;:false,&quot;ts&quot;:false,&quot;showPassed&quot;:true,&quot;showFailed&quot;:true,&quot;showPending&quot;:true,&quot;showSkipped&quot;:false,&quot;showHooks&quot;:&quot;failed&quot;,&quot;saveJson&quot;:true,&quot;saveHtml&quot;:true,&quot;dev&quot;:false,&quot;assetsDir&quot;:&quot;cypress\\reports\\assets&quot;,&quot;jsonFile&quot;:&quot;C:\\LX Medical\\LxMedical\\cypress\\reports\\report.json&quot;,&quot;htmlFile&quot;:&quot;C:\\LX Medical\\LxMedical\\cypress\\reports\\report.html&quot;}"><div id="report"></div><script src="assets\app.js"></script></body></html>