{
  "stats": {
    "suites": 1,
    "tests": 9,
    "passes": 0,
    "pending": 0,
    "failures": 9,
    "start": "2022-02-09T12:58:49.201Z",
    "end": "2022-02-09T13:00:39.767Z",
    "duration": 110566,
    "testsRegistered": 9,
    "passPercent": 0,
    "pendingPercent": 0,
    "other": 0,
    "hasOther": false,
    "skipped": 0,
    "hasSkipped": false
  },
  "results": [
    {
      "uuid": "088f03ea-a845-40df-a112-b0e717546f61",
      "title": "",
      "fullFile": "cypress/integration/Patient_Testcases/03_Forgot_Password.spec.js",
      "file": "cypress/integration/Patient_Testcases/03_Forgot_Password.spec.js",
      "beforeHooks": [],
      "afterHooks": [],
      "tests": [],
      "suites": [
        {
          "uuid": "7c2206a8-c8cb-4a78-a6c1-e5ab015fc363",
          "title": "Forgot Password Module Test Cases",
          "fullFile": "",
          "file": "",
          "beforeHooks": [],
          "afterHooks": [],
          "tests": [
            {
              "title": "As a Patient the user should be redirected to forgot password page by clicking on forgot password  link in sign in page",
              "fullTitle": "Forgot Password Module Test Cases As a Patient the user should be redirected to forgot password page by clicking on forgot password  link in sign in page",
              "timedOut": null,
              "duration": 23232,
              "state": "failed",
              "speed": null,
              "pass": false,
              "fail": true,
              "pending": false,
              "context": null,
              "code": "cy.visit(cred.PatientUrl);\ncy.url().should('eq', cred.PatientUrl);\ncy.get('.bg-white > .mx-auto > .w-44').should('be.visible').click();\ncy.url().should('contain', '/login');\ncy.get('.justify-between > a > .text-primary').should('be.visible').should('have.text', 'Forgot Password?').click();\ncy.url().should('contain', '/forgot-password');",
              "err": {
                "message": "AssertionError: Timed out retrying after 15000ms: Expected to find element: `.bg-white > .mx-auto > .w-44`, but never found it.",
                "estack": "AssertionError: Timed out retrying after 15000ms: Expected to find element: `.bg-white > .mx-auto > .w-44`, but never found it.\n    at Context.eval (https://qa.rch.build-release.com/__cypress/tests?p=cypress\\integration\\Patient_Testcases\\03_Forgot_Password.spec.js:126:44)",
                "diff": null
              },
              "uuid": "2e0f827b-b3ba-4119-8f1e-0d7e33d0f07b",
              "parentUUID": "7c2206a8-c8cb-4a78-a6c1-e5ab015fc363",
              "isHook": false,
              "skipped": false
            },
            {
              "title": "At forgot password page each label and field should have proper label and validations",
              "fullTitle": "Forgot Password Module Test Cases At forgot password page each label and field should have proper label and validations",
              "timedOut": null,
              "duration": 15651,
              "state": "failed",
              "speed": null,
              "pass": false,
              "fail": true,
              "pending": false,
              "context": null,
              "code": "cy.get('.text-gray-900').should('be.visible').should('contain', 'Forgot Password?');\ncy.get('a > .text-primary').should('be.visible');\ncy.get('.text-gray-500').should('be.visible').should('contain', 'A 6 digit');\ncy.get('div.w-full > .text-sm > div').should('be.visible').should('have.text', 'Email');\ncy.get('.mt-5 > .flex').should('be.visible').should('have.text', 'Continue');",
              "err": {
                "message": "AssertionError: Timed out retrying after 15000ms: Expected to find element: `.text-gray-900`, but never found it.",
                "estack": "AssertionError: Timed out retrying after 15000ms: Expected to find element: `.text-gray-900`, but never found it.\n    at Context.eval (https://qa.rch.build-release.com/__cypress/tests?p=cypress\\integration\\Patient_Testcases\\03_Forgot_Password.spec.js:132:30)",
                "diff": null
              },
              "uuid": "e184f74a-90b9-44fd-9b7b-edc16d78832a",
              "parentUUID": "7c2206a8-c8cb-4a78-a6c1-e5ab015fc363",
              "isHook": false,
              "skipped": false
            },
            {
              "title": "The user should get error if no email is entered",
              "fullTitle": "Forgot Password Module Test Cases The user should get error if no email is entered",
              "timedOut": null,
              "duration": 16149,
              "state": "failed",
              "speed": null,
              "pass": false,
              "fail": true,
              "pending": false,
              "context": null,
              "code": "cy.get('.mt-5 > .flex').should('be.visible').should('have.text', 'Continue').click();\ncy.get('.text-red-600').should('be.visible').should('have.text', 'Required');",
              "err": {
                "message": "AssertionError: Timed out retrying after 15000ms: Expected to find element: `.mt-5 > .flex`, but never found it.",
                "estack": "AssertionError: Timed out retrying after 15000ms: Expected to find element: `.mt-5 > .flex`, but never found it.\n    at Context.eval (https://qa.rch.build-release.com/__cypress/tests?p=cypress\\integration\\Patient_Testcases\\03_Forgot_Password.spec.js:139:29)",
                "diff": null
              },
              "uuid": "122d22b2-fec1-4d88-92bf-86ea54fe5a14",
              "parentUUID": "7c2206a8-c8cb-4a78-a6c1-e5ab015fc363",
              "isHook": false,
              "skipped": false
            },
            {
              "title": "The user should get error if invalid email is entered",
              "fullTitle": "Forgot Password Module Test Cases The user should get error if invalid email is entered",
              "timedOut": null,
              "duration": 1524,
              "state": "failed",
              "speed": null,
              "pass": false,
              "fail": true,
              "pending": false,
              "context": null,
              "code": "cy.get('.appearance-none').should('be.visible').type('pp@mailinator.com');\ncy.get('.mt-5 > .flex').should('be.visible').should('have.text', 'Continue').click();\ncy.contains('User not found');",
              "err": {
                "message": "CypressError: `cy.type()` can only be called on a single element. Your subject contained 2 elements.\n\nhttps://on.cypress.io/type",
                "estack": "CypressError: `cy.type()` can only be called on a single element. Your subject contained 2 elements.\n\nhttps://on.cypress.io/type\n    at Context.type (https://qa.rch.build-release.com/__cypress/runner/cypress_runner.js:151560:76)\n    at Context.<anonymous> (https://qa.rch.build-release.com/__cypress/runner/cypress_runner.js:169833:23)\nFrom Your Spec Code:\n    at Context.eval (https://qa.rch.build-release.com/__cypress/tests?p=cypress\\integration\\Patient_Testcases\\03_Forgot_Password.spec.js:143:53)",
                "diff": null
              },
              "uuid": "83d607a0-1f15-4306-8d4d-10b827523608",
              "parentUUID": "7c2206a8-c8cb-4a78-a6c1-e5ab015fc363",
              "isHook": false,
              "skipped": false
            },
            {
              "title": "As a Patient by entering valid registered email id and clicking on continue button the user should be redirected to the Enter verification code page",
              "fullTitle": "Forgot Password Module Test Cases As a Patient by entering valid registered email id and clicking on continue button the user should be redirected to the Enter verification code page",
              "timedOut": null,
              "duration": 1625,
              "state": "failed",
              "speed": null,
              "pass": false,
              "fail": true,
              "pending": false,
              "context": null,
              "code": "cy.get('.appearance-none').should('be.visible').clear().type(cred.pemail);\ncy.get('.mt-5 > .flex').should('be.visible').should('have.text', 'Continue').click();\ncy.contains('OTP send to');",
              "err": {
                "message": "CypressError: `cy.type()` can only be called on a single element. Your subject contained 2 elements.\n\nhttps://on.cypress.io/type",
                "estack": "CypressError: `cy.type()` can only be called on a single element. Your subject contained 2 elements.\n\nhttps://on.cypress.io/type\n    at Context.type (https://qa.rch.build-release.com/__cypress/runner/cypress_runner.js:151560:76)\n    at Context.<anonymous> (https://qa.rch.build-release.com/__cypress/runner/cypress_runner.js:169833:23)\nFrom Your Spec Code:\n    at Context.eval (https://qa.rch.build-release.com/__cypress/tests?p=cypress\\integration\\Patient_Testcases\\03_Forgot_Password.spec.js:148:61)",
                "diff": null
              },
              "uuid": "22867299-2575-4fe7-8d6c-0da5e3c19863",
              "parentUUID": "7c2206a8-c8cb-4a78-a6c1-e5ab015fc363",
              "isHook": false,
              "skipped": false
            },
            {
              "title": "At Enter verification code page each label and field should have proper label and validations",
              "fullTitle": "Forgot Password Module Test Cases At Enter verification code page each label and field should have proper label and validations",
              "timedOut": null,
              "duration": 15532,
              "state": "failed",
              "speed": null,
              "pass": false,
              "fail": true,
              "pending": false,
              "context": null,
              "code": "cy.get('.text-gray-800').should('be.visible').should('have.text', 'Enter Verification Code');\ncy.get('.mr-2').should('be.visible');\ncy.get('.mt-5.mb-2').should('be.visible');\ncy.get('.text-gray-500').should('be.visible').should('contain', 'A 6 digit');\ncy.get('.text-gray-600').should('be.visible').should('have.text', cred.pemail);\ncy.get(':nth-child(1) > input').should('be.visible');\ncy.get(':nth-child(2) > input').should('be.visible');\ncy.get(':nth-child(3) > input').should('be.visible');\ncy.get(':nth-child(4) > input').should('be.visible');\ncy.get(':nth-child(5) > input').should('be.visible');\ncy.get(':nth-child(6) > input').should('be.visible');\ncy.get('.font-medium').should('be.visible');\ncy.get('.mt-3 > .font-bold').should('be.visible').should('have.text', 'Resend Code');\ncy.get('.mt-5 > .flex').should('be.visible').should('have.text', 'Submit');",
              "err": {
                "message": "AssertionError: Timed out retrying after 15000ms: Expected to find element: `.text-gray-800`, but never found it.",
                "estack": "AssertionError: Timed out retrying after 15000ms: Expected to find element: `.text-gray-800`, but never found it.\n    at Context.eval (https://qa.rch.build-release.com/__cypress/tests?p=cypress\\integration\\Patient_Testcases\\03_Forgot_Password.spec.js:153:30)",
                "diff": null
              },
              "uuid": "7db3e4ca-f694-4dbc-8c6b-4ea3261313ef",
              "parentUUID": "7c2206a8-c8cb-4a78-a6c1-e5ab015fc363",
              "isHook": false,
              "skipped": false
            },
            {
              "title": "As a Patient the user should able to resend verification code by clicking resend link",
              "fullTitle": "Forgot Password Module Test Cases As a Patient the user should able to resend verification code by clicking resend link",
              "timedOut": null,
              "duration": 15808,
              "state": "failed",
              "speed": null,
              "pass": false,
              "fail": true,
              "pending": false,
              "context": null,
              "code": "cy.get('.mt-3 > .font-bold').should('be.visible').should('have.text', 'Resend Code').click();\ncy.contains('OTP send to');",
              "err": {
                "message": "AssertionError: Timed out retrying after 15000ms: expected '<button.flex.justify-center.items-center.text-sm.font-bold.rounded-md.shadow-sm.text-white.border-2.px-16.py-3.hover:font-bold.focus:outline-none.bg-gray-500.cursor-not-allowed.hover:border-gray-400>' to have text 'Resend Code', but the text was 'Submit'",
                "estack": "AssertionError: Timed out retrying after 15000ms: expected '<button.flex.justify-center.items-center.text-sm.font-bold.rounded-md.shadow-sm.text-white.border-2.px-16.py-3.hover:font-bold.focus:outline-none.bg-gray-500.cursor-not-allowed.hover:border-gray-400>' to have text 'Resend Code', but the text was 'Submit'\n    at Context.eval (https://qa.rch.build-release.com/__cypress/tests?p=cypress\\integration\\Patient_Testcases\\03_Forgot_Password.spec.js:169:55)",
                "diff": "- 'Submit'\n+ 'Resend Code'\n"
              },
              "uuid": "abe5e154-f6aa-42c2-9193-f93f75bca075",
              "parentUUID": "7c2206a8-c8cb-4a78-a6c1-e5ab015fc363",
              "isHook": false,
              "skipped": false
            },
            {
              "title": "The user should get an error if no data is entered",
              "fullTitle": "Forgot Password Module Test Cases The user should get an error if no data is entered",
              "timedOut": null,
              "duration": 15365,
              "state": "failed",
              "speed": null,
              "pass": false,
              "fail": true,
              "pending": false,
              "context": null,
              "code": "cy.get('.mt-5 > .flex').should('be.visible').should('have.text', 'Submit').click();\ncy.get('.my-4 > .text-xs').should('be.visible').should('have.text', 'Verfication Code is not valid, please re-enter or resend Verfication code');",
              "err": {
                "message": "AssertionError: Timed out retrying after 15000ms: Expected to find element: `.mt-5 > .flex`, but never found it.",
                "estack": "AssertionError: Timed out retrying after 15000ms: Expected to find element: `.mt-5 > .flex`, but never found it.\n    at Context.eval (https://qa.rch.build-release.com/__cypress/tests?p=cypress\\integration\\Patient_Testcases\\03_Forgot_Password.spec.js:173:29)",
                "diff": null
              },
              "uuid": "28f8dc29-5e10-4654-ae44-9b345fddeb3f",
              "parentUUID": "7c2206a8-c8cb-4a78-a6c1-e5ab015fc363",
              "isHook": false,
              "skipped": false
            },
            {
              "title": "The user should get an error if invalid data is entered",
              "fullTitle": "Forgot Password Module Test Cases The user should get an error if invalid data is entered",
              "timedOut": null,
              "duration": 816,
              "state": "failed",
              "speed": null,
              "pass": false,
              "fail": true,
              "pending": false,
              "context": null,
              "code": "cy.get(':nth-child(1) > input').should('be.visible').type('1');\ncy.get(':nth-child(2) > input').should('be.visible').type('2');\ncy.get(':nth-child(3) > input').should('be.visible').type('3');\ncy.get(':nth-child(4) > input').should('be.visible').type('4');\ncy.get(':nth-child(5) > input').should('be.visible').type('5');\ncy.get(':nth-child(6) > input').should('be.visible').type('6');\ncy.get('.mt-5 > .flex').should('be.visible').should('have.text', 'Submit').click();\ncy.get('.my-4 > .text-xs').should('be.visible').should('have.text', 'Verfication Code is not valid, please re-enter or resend Verfication code');",
              "err": {
                "message": "CypressError: `cy.type()` can only be called on a single element. Your subject contained 2 elements.\n\nhttps://on.cypress.io/type",
                "estack": "CypressError: `cy.type()` can only be called on a single element. Your subject contained 2 elements.\n\nhttps://on.cypress.io/type\n    at Context.type (https://qa.rch.build-release.com/__cypress/runner/cypress_runner.js:151560:76)\n    at Context.<anonymous> (https://qa.rch.build-release.com/__cypress/runner/cypress_runner.js:169833:23)\nFrom Your Spec Code:\n    at Context.eval (https://qa.rch.build-release.com/__cypress/tests?p=cypress\\integration\\Patient_Testcases\\03_Forgot_Password.spec.js:178:58)",
                "diff": null
              },
              "uuid": "0dd86113-3fb7-4b29-8bce-fd961b3e0505",
              "parentUUID": "7c2206a8-c8cb-4a78-a6c1-e5ab015fc363",
              "isHook": false,
              "skipped": false
            }
          ],
          "suites": [],
          "passes": [],
          "failures": [
            "2e0f827b-b3ba-4119-8f1e-0d7e33d0f07b",
            "e184f74a-90b9-44fd-9b7b-edc16d78832a",
            "122d22b2-fec1-4d88-92bf-86ea54fe5a14",
            "83d607a0-1f15-4306-8d4d-10b827523608",
            "22867299-2575-4fe7-8d6c-0da5e3c19863",
            "7db3e4ca-f694-4dbc-8c6b-4ea3261313ef",
            "abe5e154-f6aa-42c2-9193-f93f75bca075",
            "28f8dc29-5e10-4654-ae44-9b345fddeb3f",
            "0dd86113-3fb7-4b29-8bce-fd961b3e0505"
          ],
          "pending": [],
          "skipped": [],
          "duration": 105702,
          "root": false,
          "rootEmpty": false,
          "_timeout": 2000
        }
      ],
      "passes": [],
      "failures": [],
      "pending": [],
      "skipped": [],
      "duration": 0,
      "root": true,
      "rootEmpty": true,
      "_timeout": 2000
    }
  ],
  "meta": {
    "mocha": {
      "version": "7.0.1"
    },
    "mochawesome": {
      "options": {
        "quiet": false,
        "reportFilename": "report",
        "saveHtml": true,
        "saveJson": true,
        "consoleReporter": "spec",
        "useInlineDiffs": false,
        "code": true
      },
      "version": "7.0.1"
    },
    "marge": {
      "options": {
        "reportDir": "cypress/reports",
        "reportFilename": "report",
        "overwrite": false,
        "html": true,
        "json": true,
        "charts": true
      },
      "version": "6.0.1"
    }
  }
}