{
  "stats": {
    "suites": 1,
    "tests": 6,
    "passes": 0,
    "pending": 0,
    "failures": 6,
    "start": "2021-12-29T05:26:02.530Z",
    "end": "2021-12-29T05:30:10.110Z",
    "duration": 247580,
    "testsRegistered": 6,
    "passPercent": 0,
    "pendingPercent": 0,
    "other": 0,
    "hasOther": false,
    "skipped": 0,
    "hasSkipped": false
  },
  "results": [
    {
      "uuid": "d9febbed-734f-4b56-a457-6594322f0a35",
      "title": "",
      "fullFile": "cypress/integration/Admin_Testcases/02_changePassword.spec.js",
      "file": "cypress/integration/Admin_Testcases/02_changePassword.spec.js",
      "beforeHooks": [],
      "afterHooks": [],
      "tests": [],
      "suites": [
        {
          "uuid": "c9b9e2f5-49eb-4791-a583-5ef6b8309938",
          "title": "Change password Testcases",
          "fullFile": "",
          "file": "",
          "beforeHooks": [],
          "afterHooks": [],
          "tests": [
            {
              "title": "As a Admin I should be able to navigate on change password screen",
              "fullTitle": "Change password Testcases As a Admin I should be able to navigate on change password screen",
              "timedOut": null,
              "duration": 150921,
              "state": "failed",
              "speed": null,
              "pass": false,
              "fail": true,
              "pending": false,
              "context": null,
              "code": "cy.login();\ncy.xpath(\"//nav//div[text()='Settings']\").should('be.visible').click();\ncy.url().should('include', '/password');",
              "err": {
                "message": "CypressError: Timed out after waiting `150000ms` for your remote page to load.\n\nYour page did not fire its `load` event within `150000ms`.\n\nYou can try increasing the `pageLoadTimeout` value in `cypress.json` to wait longer.\n\nBrowsers will not fire the `load` event until all stylesheets and scripts are done downloading.\n\nWhen this `load` event occurs, Cypress will continue running commands.",
                "estack": "CypressError: Timed out after waiting `150000ms` for your remote page to load.\n\nYour page did not fire its `load` event within `150000ms`.\n\nYou can try increasing the `pageLoadTimeout` value in `cypress.json` to wait longer.\n\nBrowsers will not fire the `load` event until all stylesheets and scripts are done downloading.\n\nWhen this `load` event occurs, Cypress will continue running commands.\n    at timedOutWaitingForPageLoad (https://staging.rch.build-release.com/__cypress/runner/cypress_runner.js:155054:72)\n    at https://staging.rch.build-release.com/__cypress/runner/cypress_runner.js:156091:16\n    at tryCatcher (https://staging.rch.build-release.com/__cypress/runner/cypress_runner.js:13212:23)\n    at https://staging.rch.build-release.com/__cypress/runner/cypress_runner.js:8334:41\n    at tryCatcher (https://staging.rch.build-release.com/__cypress/runner/cypress_runner.js:13212:23)\n    at Promise._settlePromiseFromHandler (https://staging.rch.build-release.com/__cypress/runner/cypress_runner.js:11147:31)\n    at Promise._settlePromise (https://staging.rch.build-release.com/__cypress/runner/cypress_runner.js:11204:18)\n    at Promise._settlePromise0 (https://staging.rch.build-release.com/__cypress/runner/cypress_runner.js:11249:10)\n    at Promise._settlePromises (https://staging.rch.build-release.com/__cypress/runner/cypress_runner.js:11325:18)\n    at _drainQueueStep (https://staging.rch.build-release.com/__cypress/runner/cypress_runner.js:7919:12)\n    at _drainQueue (https://staging.rch.build-release.com/__cypress/runner/cypress_runner.js:7912:9)\n    at Async.../../node_modules/bluebird/js/release/async.js.Async._drainQueues (https://staging.rch.build-release.com/__cypress/runner/cypress_runner.js:7928:5)\n    at Async.drainQueues (https://staging.rch.build-release.com/__cypress/runner/cypress_runner.js:7798:14)\nFrom Your Spec Code:\n    at Context.eval (https://staging.rch.build-release.com/__cypress/tests?p=cypress\\support\\index.js:250:6)",
                "diff": null
              },
              "uuid": "86ad4d79-b456-4938-9520-2897371ae58a",
              "parentUUID": "c9b9e2f5-49eb-4791-a583-5ef6b8309938",
              "isHook": false,
              "skipped": false
            },
            {
              "title": "At Chnage Password page each page should have proper labels",
              "fullTitle": "Change password Testcases At Chnage Password page each page should have proper labels",
              "timedOut": null,
              "duration": 15535,
              "state": "failed",
              "speed": null,
              "pass": false,
              "fail": true,
              "pending": false,
              "context": null,
              "code": "cy.get('.text-xl').should('be.visible').and('have.text', 'Change Password');\ncy.xpath(\"//label//div\").eq(0).should('be.visible').and('have.text', 'Old Password');\ncy.xpath(\"//label//div\").eq(1).should('be.visible').and('have.text', 'New Password');\ncy.xpath(\"//label//div\").eq(2).should('be.visible').and('have.text', 'Confirm Password');\ncy.xpath(\"//button//div[text()='Update']\").should('be.visible');",
              "err": {
                "message": "AssertionError: Timed out retrying after 15000ms: Expected to find element: `.text-xl`, but never found it.",
                "estack": "AssertionError: Timed out retrying after 15000ms: Expected to find element: `.text-xl`, but never found it.\n    at Context.eval (https://staging.rch.build-release.com/__cypress/tests?p=cypress\\integration\\Admin_Testcases\\02_changePassword.spec.js:143:24)",
                "diff": null
              },
              "uuid": "3322cf02-d872-4e34-9802-7c963b6eeb17",
              "parentUUID": "c9b9e2f5-49eb-4791-a583-5ef6b8309938",
              "isHook": false,
              "skipped": false
            },
            {
              "title": "in empty field proper validation should appear",
              "fullTitle": "Change password Testcases in empty field proper validation should appear",
              "timedOut": null,
              "duration": 15424,
              "state": "failed",
              "speed": null,
              "pass": false,
              "fail": true,
              "pending": false,
              "context": null,
              "code": "//empty case\ncy.xpath(\"//button//div[text()='Update']\").click();\ncy.contains(\"Old Password is required\").should('be.visible');\ncy.contains(\"New Password is required\").should('be.visible');\ncy.contains(\"New Password is required\").should('be.visible');",
              "err": {
                "message": "AssertionError: Timed out retrying after 15000ms: Expected to find element: `//button//div[text()='Update']`, but never found it.",
                "estack": "AssertionError: Timed out retrying after 15000ms: Expected to find element: `//button//div[text()='Update']`, but never found it.\n    at Context.eval (https://staging.rch.build-release.com/__cypress/tests?p=cypress\\integration\\Admin_Testcases\\02_changePassword.spec.js:151:8)",
                "diff": null
              },
              "uuid": "d712ba3f-0309-4208-be2e-301374b58851",
              "parentUUID": "c9b9e2f5-49eb-4791-a583-5ef6b8309938",
              "isHook": false,
              "skipped": false
            },
            {
              "title": "wrong old password case should be handle proper",
              "fullTitle": "Change password Testcases wrong old password case should be handle proper",
              "timedOut": null,
              "duration": 15464,
              "state": "failed",
              "speed": null,
              "pass": false,
              "fail": true,
              "pending": false,
              "context": null,
              "code": "// wrong old password case \nconst password = _faker.default.name + \"@123456\";\ncy.xpath(old_password).type('123456@1235As');\ncy.xpath(new_password).type(password);\ncy.xpath(confirm_password).type(password);\ncy.xpath(\"//button//div[text()='Update']\").click();\ncy.wait(2000);",
              "err": {
                "message": "AssertionError: Timed out retrying after 15000ms: Expected to find element: `//input[@name='oldPassword']`, but never found it.",
                "estack": "AssertionError: Timed out retrying after 15000ms: Expected to find element: `//input[@name='oldPassword']`, but never found it.\n    at Context.eval (https://staging.rch.build-release.com/__cypress/tests?p=cypress\\integration\\Admin_Testcases\\02_changePassword.spec.js:159:8)",
                "diff": null
              },
              "uuid": "3fd71fc6-1602-43e8-b657-56d13db532ea",
              "parentUUID": "c9b9e2f5-49eb-4791-a583-5ef6b8309938",
              "isHook": false,
              "skipped": false
            },
            {
              "title": "password lenth validation should be proper",
              "fullTitle": "Change password Testcases password lenth validation should be proper",
              "timedOut": null,
              "duration": 15469,
              "state": "failed",
              "speed": null,
              "pass": false,
              "fail": true,
              "pending": false,
              "context": null,
              "code": "// password length validations\ncy.xpath(old_password).clear().type('1231');\ncy.xpath(new_password).clear().type('sada');\ncy.xpath(confirm_password).clear().type('d');\ncy.xpath(\"//label//div\").eq(2).click();\ncy.get('.text-red-600').eq(0).should('have.text', 'Password is too short - should be 8 chars minimum').and('be.visible');\ncy.get('.text-red-600').eq(1).should('have.text', 'Password should be atleast 8 characters and should contain combination of uppercase, lowercase & numbers').and('be.visible');\ncy.get('.text-red-600').eq(2).should('have.text', 'Both passwords need to be the same').and('be.visible');",
              "err": {
                "message": "AssertionError: Timed out retrying after 15000ms: Expected to find element: `//input[@name='oldPassword']`, but never found it.",
                "estack": "AssertionError: Timed out retrying after 15000ms: Expected to find element: `//input[@name='oldPassword']`, but never found it.\n    at Context.eval (https://staging.rch.build-release.com/__cypress/tests?p=cypress\\integration\\Admin_Testcases\\02_changePassword.spec.js:167:8)",
                "diff": null
              },
              "uuid": "ba84d9f9-fd1e-41cc-a2ee-1945b6071cbe",
              "parentUUID": "c9b9e2f5-49eb-4791-a583-5ef6b8309938",
              "isHook": false,
              "skipped": false
            },
            {
              "title": "As a Admin I should be able to change password and admin should be able to login with new password",
              "fullTitle": "Change password Testcases As a Admin I should be able to change password and admin should be able to login with new password",
              "timedOut": null,
              "duration": 15479,
              "state": "failed",
              "speed": null,
              "pass": false,
              "fail": true,
              "pending": false,
              "context": null,
              "code": "const cred = __webpack_require__(/*! ../../fixtures/cred.json */ \"./cypress/fixtures/cred.json\");\ncy.xpath(old_password).clear().type(cred.password);\ncy.xpath(new_password).clear().type('Passcode@123');\ncy.xpath(confirm_password).clear().type('Passcode@123');\ncy.xpath(\"//button//div[text()='Update']\").click();\ncy.xpath(\"//div[text()='Sign In']\").should('be.visible');\ncy.contains('changed', {\n  matchCase: false\n});\ncy.get(':nth-child(1) > .mt-1 > .appearance-none').type(cred.email);\ncy.get(':nth-child(2) > .mt-1 > .appearance-none').type('Passcode@123');\ncy.get('.mt-3 > .flex').click();\ncy.xpath(\"//nav//div[text()='Settings']\").should('be.visible').click();\ncy.xpath(old_password).clear().type('Passcode@123');\ncy.xpath(new_password).clear().type(cred.password);\ncy.xpath(confirm_password).clear().type(cred.password);\ncy.xpath(\"//button//div[text()='Update']\").click();",
              "err": {
                "message": "AssertionError: Timed out retrying after 15000ms: Expected to find element: `//input[@name='oldPassword']`, but never found it.",
                "estack": "AssertionError: Timed out retrying after 15000ms: Expected to find element: `//input[@name='oldPassword']`, but never found it.\n    at Context.eval (https://staging.rch.build-release.com/__cypress/tests?p=cypress\\integration\\Admin_Testcases\\02_changePassword.spec.js:178:8)",
                "diff": null
              },
              "uuid": "f20eb451-1fdf-4cde-b5f1-e4c4e3358f0d",
              "parentUUID": "c9b9e2f5-49eb-4791-a583-5ef6b8309938",
              "isHook": false,
              "skipped": false
            }
          ],
          "suites": [],
          "passes": [],
          "failures": [
            "86ad4d79-b456-4938-9520-2897371ae58a",
            "3322cf02-d872-4e34-9802-7c963b6eeb17",
            "d712ba3f-0309-4208-be2e-301374b58851",
            "3fd71fc6-1602-43e8-b657-56d13db532ea",
            "ba84d9f9-fd1e-41cc-a2ee-1945b6071cbe",
            "f20eb451-1fdf-4cde-b5f1-e4c4e3358f0d"
          ],
          "pending": [],
          "skipped": [],
          "duration": 228292,
          "root": false,
          "rootEmpty": false,
          "_timeout": 2000
        }
      ],
      "passes": [],
      "failures": [],
      "pending": [],
      "skipped": [],
      "duration": 0,
      "root": true,
      "rootEmpty": true,
      "_timeout": 2000
    }
  ],
  "meta": {
    "mocha": {
      "version": "7.0.1"
    },
    "mochawesome": {
      "options": {
        "quiet": false,
        "reportFilename": "report",
        "saveHtml": true,
        "saveJson": true,
        "consoleReporter": "spec",
        "useInlineDiffs": false,
        "code": true
      },
      "version": "6.2.2"
    },
    "marge": {
      "options": {
        "reportDir": "cypress/reports",
        "reportFilename": "report",
        "overwrite": false,
        "html": true,
        "json": true,
        "charts": true
      },
      "version": "5.2.0"
    }
  }
}