{
  "stats": {
    "suites": 1,
    "tests": 2,
    "passes": 0,
    "pending": 0,
    "failures": 2,
    "start": "2022-02-09T13:16:21.097Z",
    "end": "2022-02-09T13:17:02.541Z",
    "duration": 41444,
    "testsRegistered": 2,
    "passPercent": 0,
    "pendingPercent": 0,
    "other": 0,
    "hasOther": false,
    "skipped": 0,
    "hasSkipped": false
  },
  "results": [
    {
      "uuid": "9ad751da-7ec7-40fc-84d4-754d694f64e1",
      "title": "",
      "fullFile": "cypress/integration/Patient_Testcases/09_Charts.spec.js",
      "file": "cypress/integration/Patient_Testcases/09_Charts.spec.js",
      "beforeHooks": [],
      "afterHooks": [],
      "tests": [],
      "suites": [
        {
          "uuid": "a9261702-8710-4709-b761-31806cc2a7a5",
          "title": "Charts Module Test Cases",
          "fullFile": "",
          "file": "",
          "beforeHooks": [],
          "afterHooks": [],
          "tests": [
            {
              "title": "As a patient the user user should be navigated to the charts page by clicking on charts tab",
              "fullTitle": "Charts Module Test Cases As a patient the user user should be navigated to the charts page by clicking on charts tab",
              "timedOut": null,
              "duration": 18950,
              "state": "failed",
              "speed": null,
              "pass": false,
              "fail": true,
              "pending": false,
              "context": null,
              "code": "cy.patientlogin(cred.pemail, cred.ppassword);\ncy.get('[href=\"/charts\"]').should('be.visible').should('have.text', 'Charts').click();\ncy.url().should('contain', '/charts');",
              "err": {
                "message": "AssertionError: Timed out retrying after 15000ms: expected '<div.text-gray-500.text-xs.mb-8.font-bold>' to have text 'Sign In / Sign Up', but the text was 'Please enter your credentials to sign in.'",
                "estack": "AssertionError: Timed out retrying after 15000ms: expected '<div.text-gray-500.text-xs.mb-8.font-bold>' to have text 'Sign In / Sign Up', but the text was 'Please enter your credentials to sign in.'\n    at Context.eval (https://qa.rch.build-release.com/__cypress/tests?p=cypress\\support\\index.js:252:113)",
                "diff": "- 'Please enter your credentials to sign in.'\n+ 'Sign In / Sign Up'\n"
              },
              "uuid": "83bbf36b-80b6-4bae-a325-a0028ce34fe2",
              "parentUUID": "a9261702-8710-4709-b761-31806cc2a7a5",
              "isHook": false,
              "skipped": false
            },
            {
              "title": "At Charts page each label and field should have proper label and validations",
              "fullTitle": "Charts Module Test Cases At Charts page each label and field should have proper label and validations",
              "timedOut": null,
              "duration": 15307,
              "state": "failed",
              "speed": null,
              "pass": false,
              "fail": true,
              "pending": false,
              "context": null,
              "code": "cy.get('.font-medium > .inline').should('be.visible').should('have.text', 'Members');\ncy.get('.flex-wrap > .flex').should('be.visible').should('have.text', 'Add Another Member');\ncy.get(':nth-child(1) > .bg-white > .justify-between > .text-base').should('be.visible');\ncy.get('.h-screen>div:nth-child(2)>div:nth-child(1)').should('be.visible');\ncy.get(':nth-child(1) > .bg-white > .justify-between > .flex > .font-medium').should('be.visible').should('have.text', 'self');\ncy.get(':nth-child(1) > .bg-white > .justify-between > .flex > .px-1 > .w-4 > path').should('be.visible');\ncy.get('.h-screen>div:nth-child(2)>div:nth-child(1)>div>div:nth-child(2)>div:nth-child(1)>div').should('be.visible').should('have.text', 'Date of Birth');\ncy.get('.h-screen>div:nth-child(2)>div:nth-child(1)>div>div:nth-child(2)>div:nth-child(2)>div').should('be.visible').should('have.text', 'Gender');",
              "err": {
                "message": "AssertionError: Timed out retrying after 15000ms: Expected to find element: `.font-medium > .inline`, but never found it.",
                "estack": "AssertionError: Timed out retrying after 15000ms: Expected to find element: `.font-medium > .inline`, but never found it.\n    at Context.eval (https://qa.rch.build-release.com/__cypress/tests?p=cypress\\integration\\Patient_Testcases\\09_Charts.spec.js:142:38)",
                "diff": null
              },
              "uuid": "e610f0ea-5376-4362-a28f-f6ce0886d605",
              "parentUUID": "a9261702-8710-4709-b761-31806cc2a7a5",
              "isHook": false,
              "skipped": false
            }
          ],
          "suites": [],
          "passes": [],
          "failures": [
            "83bbf36b-80b6-4bae-a325-a0028ce34fe2",
            "e610f0ea-5376-4362-a28f-f6ce0886d605"
          ],
          "pending": [],
          "skipped": [],
          "duration": 34257,
          "root": false,
          "rootEmpty": false,
          "_timeout": 2000
        }
      ],
      "passes": [],
      "failures": [],
      "pending": [],
      "skipped": [],
      "duration": 0,
      "root": true,
      "rootEmpty": true,
      "_timeout": 2000
    }
  ],
  "meta": {
    "mocha": {
      "version": "7.0.1"
    },
    "mochawesome": {
      "options": {
        "quiet": false,
        "reportFilename": "report",
        "saveHtml": true,
        "saveJson": true,
        "consoleReporter": "spec",
        "useInlineDiffs": false,
        "code": true
      },
      "version": "7.0.1"
    },
    "marge": {
      "options": {
        "reportDir": "cypress/reports",
        "reportFilename": "report",
        "overwrite": false,
        "html": true,
        "json": true,
        "charts": true
      },
      "version": "6.0.1"
    }
  }
}