{
  "stats": {
    "suites": 1,
    "tests": 5,
    "passes": 0,
    "pending": 0,
    "failures": 5,
    "start": "2021-09-20T07:07:54.240Z",
    "end": "2021-09-20T07:09:15.483Z",
    "duration": 81243,
    "testsRegistered": 5,
    "passPercent": 0,
    "pendingPercent": 0,
    "other": 0,
    "hasOther": false,
    "skipped": 0,
    "hasSkipped": false
  },
  "results": [
    {
      "uuid": "3f997b00-db1c-4bca-912f-b437c4486222",
      "title": "",
      "fullFile": "cypress/integration/Patient_Testcases/02_Signin.spec.js",
      "file": "cypress/integration/Patient_Testcases/02_Signin.spec.js",
      "beforeHooks": [],
      "afterHooks": [],
      "tests": [],
      "suites": [
        {
          "uuid": "7b3230e3-e651-46af-b5a3-7d1d755be944",
          "title": "signin module test cases",
          "fullFile": "",
          "file": "",
          "beforeHooks": [],
          "afterHooks": [],
          "tests": [
            {
              "title": "As a patient the user should be navigated to the sign in page after clicking signin/signup button on landing page",
              "fullTitle": "signin module test cases As a patient the user should be navigated to the sign in page after clicking signin/signup button on landing page",
              "timedOut": null,
              "duration": 17683,
              "state": "failed",
              "speed": null,
              "pass": false,
              "fail": true,
              "pending": false,
              "context": null,
              "code": "cy.visit(cred.PatientUrl);\ncy.url().should('eq', cred.PatientUrl);\ncy.get('#root > div:nth-child(2) > div > div:nth-child(1) > div > div>div:nth-child(2)').should('be.visible').should('have.text', 'Sign In / Sign Up').click();\ncy.url().should('contain', '/login');\ncy.get('[alt=logo]').should('be.visible');",
              "err": {
                "message": "AssertionError: Timed out retrying after 15000ms: expected 'https://qa.rch.build-release.com/' to equal 'https://qa.rch.build-release.com'",
                "estack": "AssertionError: Timed out retrying after 15000ms: expected 'https://qa.rch.build-release.com/' to equal 'https://qa.rch.build-release.com'\n    at Context.eval (https://qa.rch.build-release.com/__cypress/tests?p=cypress\\integration\\Patient_Testcases\\02_Signin.spec.js:116:14)",
                "diff": "- 'https://qa.rch.build-release.com/'\n+ 'https://qa.rch.build-release.com'\n"
              },
              "uuid": "7b08a6a2-d7e2-48dc-8e18-0fc2e6293bd8",
              "parentUUID": "7b3230e3-e651-46af-b5a3-7d1d755be944",
              "isHook": false,
              "skipped": false
            },
            {
              "title": "At Sign In page each label and field should have proper label and validations",
              "fullTitle": "signin module test cases At Sign In page each label and field should have proper label and validations",
              "timedOut": null,
              "duration": 15281,
              "state": "failed",
              "speed": null,
              "pass": false,
              "fail": true,
              "pending": false,
              "context": null,
              "code": "cy.get('.p-10 > :nth-child(1) > img').should('be.visible');\ncy.get('.p-10 > :nth-child(1)').should('be.visible').should('have.text', 'LX Medical');\ncy.get('.text-2xl').should('be.visible').should('have.text', 'Sign In');\ncy.get('.grid > :nth-child(1) > .text-sm > div').should('be.visible').should('have.text', 'Email');\ncy.get(':nth-child(2) > .text-sm > div').should('be.visible').should('have.text', 'Password');\ncy.get('.ml-2 > div').should('be.visible').should('have.text', 'Remember me');\ncy.get(':nth-child(1) > .flex > .h-4').should('be.visible').should('not.be.checked');\ncy.get('.justify-between > a > .text-primary').should('be.visible').should('have.text', 'Forgot Password?');\ncy.get('[href=\"/signup\"] > .flex').should('be.visible').should('contain', 'Create');",
              "err": {
                "message": "AssertionError: Timed out retrying after 15000ms: Expected to find element: `.p-10 > :nth-child(1) > img`, but never found it.",
                "estack": "AssertionError: Timed out retrying after 15000ms: Expected to find element: `.p-10 > :nth-child(1) > img`, but never found it.\n    at Context.eval (https://qa.rch.build-release.com/__cypress/tests?p=cypress\\integration\\Patient_Testcases\\02_Signin.spec.js:122:43)",
                "diff": null
              },
              "uuid": "069928e2-08b9-4f2c-a0b0-0049169d7e83",
              "parentUUID": "7b3230e3-e651-46af-b5a3-7d1d755be944",
              "isHook": false,
              "skipped": false
            },
            {
              "title": "As a patient the user should unable to login with no data",
              "fullTitle": "signin module test cases As a patient the user should unable to login with no data",
              "timedOut": null,
              "duration": 15645,
              "state": "failed",
              "speed": null,
              "pass": false,
              "fail": true,
              "pending": false,
              "context": null,
              "code": "cy.get('.border-2').should('be.visible').should('have.text', 'Sign In').click();\ncy.get(':nth-child(1) > .text-red-600').should('be.visible').should('have.text', 'Required');\ncy.get(':nth-child(2) > .text-red-600').should('be.visible').should('have.text', 'Required');",
              "err": {
                "message": "AssertionError: Timed out retrying after 15000ms: expected '[ <div.flex.w-44.text-primary.font-semibold.border-2.border-primary.pl-4.pr-1.py-1.rounded.hover:bg-primary.hover:text-white.cursor-pointer>, 9 more... ]' to have text 'Sign In', but the text was 'Sign In / Sign UpBook AppointmentRECOMMENDEDExecutive Membership$200 / MonthChildrennone1 to 23 or more*Under the age of 18Standard perks plus free extensive executive health and wellness physical.primary care management.Free access to our Board of Speciality Physician Advisors.none1 to 23 or morenone1 to 23 or moreBecome a Member'",
                "estack": "AssertionError: Timed out retrying after 15000ms: expected '[ <div.flex.w-44.text-primary.font-semibold.border-2.border-primary.pl-4.pr-1.py-1.rounded.hover:bg-primary.hover:text-white.cursor-pointer>, 9 more... ]' to have text 'Sign In', but the text was 'Sign In / Sign UpBook AppointmentRECOMMENDEDExecutive Membership$200 / MonthChildrennone1 to 23 or more*Under the age of 18Standard perks plus free extensive executive health and wellness physical.primary care management.Free access to our Board of Speciality Physician Advisors.none1 to 23 or morenone1 to 23 or moreBecome a Member'\n    at Context.eval (https://qa.rch.build-release.com/__cypress/tests?p=cypress\\integration\\Patient_Testcases\\02_Signin.spec.js:133:46)",
                "diff": "- 'Sign In / Sign UpBook AppointmentRECOMMENDEDExecutive Membership$200 / MonthChildrennone1 to 23 or more*Under the age of 18Standard perks plus free extensive executive health and wellness physical.primary care management.Free access to our Board of Speciality Physician Advisors.none1 to 23 or morenone1 to 23 or moreBecome a Member'\n+ 'Sign In'\n"
              },
              "uuid": "28141ef0-5d51-41b6-8e8b-749083fcbdbd",
              "parentUUID": "7b3230e3-e651-46af-b5a3-7d1d755be944",
              "isHook": false,
              "skipped": false
            },
            {
              "title": "As a Patient the user should unable to login with invalid credentials",
              "fullTitle": "signin module test cases As a Patient the user should unable to login with invalid credentials",
              "timedOut": null,
              "duration": 15233,
              "state": "failed",
              "speed": null,
              "pass": false,
              "fail": true,
              "pending": false,
              "context": null,
              "code": "cy.get(':nth-child(1) > .mt-1 > .appearance-none').should('be.visible').type('pp@mailinator.com');\ncy.get(':nth-child(2) > .mt-1 > .appearance-none').should('be.visible').type('password');\ncy.get('.border-2').should('be.visible').should('have.text', 'Sign In').click();\ncy.contains('Incorrect Email or Password');",
              "err": {
                "message": "AssertionError: Timed out retrying after 15000ms: Expected to find element: `:nth-child(1) > .mt-1 > .appearance-none`, but never found it.",
                "estack": "AssertionError: Timed out retrying after 15000ms: Expected to find element: `:nth-child(1) > .mt-1 > .appearance-none`, but never found it.\n    at Context.eval (https://qa.rch.build-release.com/__cypress/tests?p=cypress\\integration\\Patient_Testcases\\02_Signin.spec.js:138:56)",
                "diff": null
              },
              "uuid": "66ff39be-c0d0-483c-8687-e1dfda41bb52",
              "parentUUID": "7b3230e3-e651-46af-b5a3-7d1d755be944",
              "isHook": false,
              "skipped": false
            },
            {
              "title": "As a patient the user should able to login with credentials",
              "fullTitle": "signin module test cases As a patient the user should able to login with credentials",
              "timedOut": null,
              "duration": 15252,
              "state": "failed",
              "speed": null,
              "pass": false,
              "fail": true,
              "pending": false,
              "context": null,
              "code": "cy.get(':nth-child(1) > .mt-1 > .appearance-none').should('be.visible').clear().type(cred.pemail);\ncy.get(':nth-child(2) > .mt-1 > .appearance-none').should('be.visible').clear().type(cred.ppassword);\ncy.get('.border-2').should('be.visible').should('have.text', 'Sign In').click();\ncy.url().should('contain', '/appointments');",
              "err": {
                "message": "AssertionError: Timed out retrying after 15000ms: Expected to find element: `:nth-child(1) > .mt-1 > .appearance-none`, but never found it.",
                "estack": "AssertionError: Timed out retrying after 15000ms: Expected to find element: `:nth-child(1) > .mt-1 > .appearance-none`, but never found it.\n    at Context.eval (https://qa.rch.build-release.com/__cypress/tests?p=cypress\\integration\\Patient_Testcases\\02_Signin.spec.js:144:56)",
                "diff": null
              },
              "uuid": "8ab08f54-4d80-4921-a317-46cb2794cb20",
              "parentUUID": "7b3230e3-e651-46af-b5a3-7d1d755be944",
              "isHook": false,
              "skipped": false
            }
          ],
          "suites": [],
          "passes": [],
          "failures": [
            "7b08a6a2-d7e2-48dc-8e18-0fc2e6293bd8",
            "069928e2-08b9-4f2c-a0b0-0049169d7e83",
            "28141ef0-5d51-41b6-8e8b-749083fcbdbd",
            "66ff39be-c0d0-483c-8687-e1dfda41bb52",
            "8ab08f54-4d80-4921-a317-46cb2794cb20"
          ],
          "pending": [],
          "skipped": [],
          "duration": 79094,
          "root": false,
          "rootEmpty": false,
          "_timeout": 2000
        }
      ],
      "passes": [],
      "failures": [],
      "pending": [],
      "skipped": [],
      "duration": 0,
      "root": true,
      "rootEmpty": true,
      "_timeout": 2000
    }
  ],
  "meta": {
    "mocha": {
      "version": "7.0.1"
    },
    "mochawesome": {
      "options": {
        "quiet": false,
        "reportFilename": "report",
        "saveHtml": true,
        "saveJson": true,
        "consoleReporter": "spec",
        "useInlineDiffs": false,
        "code": true
      },
      "version": "6.2.2"
    },
    "marge": {
      "options": {
        "reportDir": "cypress/reports",
        "reportFilename": "report",
        "overwrite": false,
        "html": true,
        "json": true,
        "charts": true
      },
      "version": "5.2.0"
    }
  }
}