{
  "stats": {
    "suites": 1,
    "tests": 8,
    "passes": 0,
    "pending": 0,
    "failures": 8,
    "start": "2021-12-29T07:54:14.473Z",
    "end": "2021-12-29T07:56:06.689Z",
    "duration": 112216,
    "testsRegistered": 8,
    "passPercent": 0,
    "pendingPercent": 0,
    "other": 0,
    "hasOther": false,
    "skipped": 0,
    "hasSkipped": false
  },
  "results": [
    {
      "uuid": "9c283b84-d45d-4289-bd5a-790838b347c1",
      "title": "",
      "fullFile": "cypress/integration/Patient_Testcases/07_Profile_AccountSettings.spec.js",
      "file": "cypress/integration/Patient_Testcases/07_Profile_AccountSettings.spec.js",
      "beforeHooks": [],
      "afterHooks": [],
      "tests": [],
      "suites": [
        {
          "uuid": "f10ecc44-9d19-4bfc-a414-7119b297c274",
          "title": "Account settings Module Test Cases",
          "fullFile": "",
          "file": "",
          "beforeHooks": [],
          "afterHooks": [],
          "tests": [
            {
              "title": "As a patient the user should be navigated to the account settings page by clicking on account settings tab",
              "fullTitle": "Account settings Module Test Cases As a patient the user should be navigated to the account settings page by clicking on account settings tab",
              "timedOut": null,
              "duration": 5366,
              "state": "failed",
              "speed": null,
              "pass": false,
              "fail": true,
              "pending": false,
              "context": null,
              "code": "cy.patientlogin(cred.pemail, cred.ppassword);\ncy.url().should('contain', '/home');\ncy.get('.p-1 > .h-7').should('be.visible').click();\ncy.url().should('contain', '/profile');\ncy.get('.space-y-8 > :nth-child(3)').should('be.visible').click();\ncy.url().should('contain', '/settings');",
              "err": {
                "message": "CypressError: `cy.visit()` failed trying to load:\n\nhttps://qa.rch.build-release.com/\n\nWe attempted to make an http request to this URL but the request failed without a response.\n\nWe received this error at the network level:\n\n  > Error: getaddrinfo ENOTFOUND qa.rch.build-release.com\n\nCommon situations why this would fail:\n  - you don't have internet access\n  - you forgot to run / boot your web server\n  - your web server isn't accessible\n  - you have weird network configuration settings on your computer",
                "estack": "CypressError: `cy.visit()` failed trying to load:\n\nhttps://qa.rch.build-release.com/\n\nWe attempted to make an http request to this URL but the request failed without a response.\n\nWe received this error at the network level:\n\n  > Error: getaddrinfo ENOTFOUND qa.rch.build-release.com\n\nCommon situations why this would fail:\n  - you don't have internet access\n  - you forgot to run / boot your web server\n  - your web server isn't accessible\n  - you have weird network configuration settings on your computer\n    at http://localhost:65345/__cypress/runner/cypress_runner.js:156031:82\n    at visitFailedByErr (http://localhost:65345/__cypress/runner/cypress_runner.js:155390:12)\n    at http://localhost:65345/__cypress/runner/cypress_runner.js:156030:11\n    at tryCatcher (http://localhost:65345/__cypress/runner/cypress_runner.js:13212:23)\n    at Promise._settlePromiseFromHandler (http://localhost:65345/__cypress/runner/cypress_runner.js:11147:31)\n    at Promise._settlePromise (http://localhost:65345/__cypress/runner/cypress_runner.js:11204:18)\n    at Promise._settlePromise0 (http://localhost:65345/__cypress/runner/cypress_runner.js:11249:10)\n    at Promise._settlePromises (http://localhost:65345/__cypress/runner/cypress_runner.js:11325:18)\n    at _drainQueueStep (http://localhost:65345/__cypress/runner/cypress_runner.js:7919:12)\n    at _drainQueue (http://localhost:65345/__cypress/runner/cypress_runner.js:7912:9)\n    at Async.../../node_modules/bluebird/js/release/async.js.Async._drainQueues (http://localhost:65345/__cypress/runner/cypress_runner.js:7928:5)\n    at Async.drainQueues (http://localhost:65345/__cypress/runner/cypress_runner.js:7798:14)\nFrom Your Spec Code:\n    at Context.eval (http://localhost:65345/__cypress/tests?p=cypress\\support\\index.js:181:6)\n\nFrom Node.js Internals:\n  Error: getaddrinfo ENOTFOUND qa.rch.build-release.com\n      at GetAddrInfoReqWrap.onlookup [as oncomplete] (dns.js:67:26)\n  ",
                "diff": null
              },
              "uuid": "51bad0a7-da02-48ad-8f14-a8767b70b56f",
              "parentUUID": "f10ecc44-9d19-4bfc-a414-7119b297c274",
              "isHook": false,
              "skipped": false
            },
            {
              "title": "At Account settings page each label and field should have proper label and validations",
              "fullTitle": "Account settings Module Test Cases At Account settings page each label and field should have proper label and validations",
              "timedOut": null,
              "duration": 15222,
              "state": "failed",
              "speed": null,
              "pass": false,
              "fail": true,
              "pending": false,
              "context": null,
              "code": "cy.get('.flex-wrap > :nth-child(1)').should('be.visible').should('have.text', 'Change Password');\ncy.get('.flex-wrap > :nth-child(2)').should('be.visible').should('have.text', 'Logout');",
              "err": {
                "message": "AssertionError: Timed out retrying after 15000ms: Expected to find element: `.flex-wrap > :nth-child(1)`, but never found it.",
                "estack": "AssertionError: Timed out retrying after 15000ms: Expected to find element: `.flex-wrap > :nth-child(1)`, but never found it.\n    at Context.eval (http://localhost:65345/__cypress/tests?p=cypress\\integration\\Patient_Testcases\\07_Profile_AccountSettings.spec.js:145:42)",
                "diff": null
              },
              "uuid": "7d3fa0b4-cfaa-44f5-bcf2-74b7bce79aa1",
              "parentUUID": "f10ecc44-9d19-4bfc-a414-7119b297c274",
              "isHook": false,
              "skipped": false
            },
            {
              "title": "The user should geta a popup window to the change password page by clicking on change password tab",
              "fullTitle": "Account settings Module Test Cases The user should geta a popup window to the change password page by clicking on change password tab",
              "timedOut": null,
              "duration": 15192,
              "state": "failed",
              "speed": null,
              "pass": false,
              "fail": true,
              "pending": false,
              "context": null,
              "code": "cy.get('.flex-wrap > :nth-child(1)').should('be.visible').should('have.text', 'Change Password').click();",
              "err": {
                "message": "AssertionError: Timed out retrying after 15000ms: Expected to find element: `.flex-wrap > :nth-child(1)`, but never found it.",
                "estack": "AssertionError: Timed out retrying after 15000ms: Expected to find element: `.flex-wrap > :nth-child(1)`, but never found it.\n    at Context.eval (http://localhost:65345/__cypress/tests?p=cypress\\integration\\Patient_Testcases\\07_Profile_AccountSettings.spec.js:149:42)",
                "diff": null
              },
              "uuid": "3e6e89f4-7dd3-429c-a6bc-9ebfa360c3a5",
              "parentUUID": "f10ecc44-9d19-4bfc-a414-7119b297c274",
              "isHook": false,
              "skipped": false
            },
            {
              "title": "At change password page each label and field should have proper label and validations",
              "fullTitle": "Account settings Module Test Cases At change password page each label and field should have proper label and validations",
              "timedOut": null,
              "duration": 15212,
              "state": "failed",
              "speed": null,
              "pass": false,
              "fail": true,
              "pending": false,
              "context": null,
              "code": "cy.get('.justify-between > .font-bold').should('be.visible').should('have.text', 'Change Password');\ncy.get('.hidden > .mt-6 > :nth-child(1) > .px-6 > .space-y-6 > :nth-child(1) > div.w-full > .text-sm > div').should('be.visible').should('have.text', 'Old Password');\ncy.get('.hidden > .mt-6 > :nth-child(1) > .px-6 > .space-y-6 > :nth-child(2) > div.w-full > .text-sm > div').should('be.visible').should('have.text', 'New Password');\ncy.get('.hidden > .mt-6 > :nth-child(1) > .px-6 > .space-y-6 > :nth-child(3) > div.w-full > .text-sm > div').should('be.visible').should('have.text', 'Confirm Password');\ncy.get('.hidden > .mt-6 > :nth-child(1) > .px-6 > .space-y-6 > .pt-5 > #update-password').should('be.visible').should('have.text', 'Change Password');",
              "err": {
                "message": "AssertionError: Timed out retrying after 15000ms: Expected to find element: `.justify-between > .font-bold`, but never found it.",
                "estack": "AssertionError: Timed out retrying after 15000ms: Expected to find element: `.justify-between > .font-bold`, but never found it.\n    at Context.eval (http://localhost:65345/__cypress/tests?p=cypress\\integration\\Patient_Testcases\\07_Profile_AccountSettings.spec.js:152:45)",
                "diff": null
              },
              "uuid": "51d8792f-1951-4e57-bba2-9f269669d7bc",
              "parentUUID": "f10ecc44-9d19-4bfc-a414-7119b297c274",
              "isHook": false,
              "skipped": false
            },
            {
              "title": "Error message should be displayed if clicked on continue by entering wrong data or with no data entered in change password page",
              "fullTitle": "Account settings Module Test Cases Error message should be displayed if clicked on continue by entering wrong data or with no data entered in change password page",
              "timedOut": null,
              "duration": 15240,
              "state": "failed",
              "speed": null,
              "pass": false,
              "fail": true,
              "pending": false,
              "context": null,
              "code": "cy.get('.hidden > .mt-6 > :nth-child(1) > .px-6 > .space-y-6 > .pt-5 > #update-password').should('be.visible').should('have.text', 'Change Password').click();\ncy.get(':nth-child(1) > div.w-full > .text-red-600').should('be.visible').should('have.text', 'Old Password is required');\ncy.get(':nth-child(2) > div.w-full > .text-red-600').should('be.visible').should('have.text', 'New Password is required');\ncy.get(':nth-child(3) > div.w-full > .text-red-600').should('be.visible').should('have.text', 'Confirm Password is required');\ncy.get('.hidden > .mt-6 > :nth-child(1) > .px-6 > .space-y-6 > :nth-child(1) > div.w-full > .relative > .appearance-none').should('be.visible').type('Pavan@123');\ncy.get('.hidden > .mt-6 > :nth-child(1) > .px-6 > .space-y-6 > :nth-child(2) > div.w-full > .relative > .appearance-none').should('be.visible').type('Password@123');\ncy.get('.hidden > .mt-6 > :nth-child(1) > .px-6 > .space-y-6 > :nth-child(3) > div.w-full > .relative > .appearance-none').should('be.visible').type('Password@123');\ncy.get('.hidden > .mt-6 > :nth-child(1) > .px-6 > .space-y-6 > .pt-5 > #update-password').should('be.visible').should('have.text', 'Change Password').click();\ncy.contains('Old password incorrect');",
              "err": {
                "message": "AssertionError: Timed out retrying after 15000ms: Expected to find element: `.hidden > .mt-6 > :nth-child(1) > .px-6 > .space-y-6 > .pt-5 > #update-password`, but never found it.",
                "estack": "AssertionError: Timed out retrying after 15000ms: Expected to find element: `.hidden > .mt-6 > :nth-child(1) > .px-6 > .space-y-6 > .pt-5 > #update-password`, but never found it.\n    at Context.eval (http://localhost:65345/__cypress/tests?p=cypress\\integration\\Patient_Testcases\\07_Profile_AccountSettings.spec.js:159:95)",
                "diff": null
              },
              "uuid": "8bff0041-163f-4913-be41-7fb02c0d887c",
              "parentUUID": "f10ecc44-9d19-4bfc-a414-7119b297c274",
              "isHook": false,
              "skipped": false
            },
            {
              "title": "Error message should be displayed if current password and new password are same",
              "fullTitle": "Account settings Module Test Cases Error message should be displayed if current password and new password are same",
              "timedOut": null,
              "duration": 15253,
              "state": "failed",
              "speed": null,
              "pass": false,
              "fail": true,
              "pending": false,
              "context": null,
              "code": "cy.get('.hidden > .mt-6 > :nth-child(1) > .px-6 > .space-y-6 > :nth-child(1) > div.w-full > .relative > .appearance-none').should('be.visible').type('Password@123');\ncy.get('.hidden > .mt-6 > :nth-child(1) > .px-6 > .space-y-6 > :nth-child(2) > div.w-full > .relative > .appearance-none').should('be.visible').type('Password@123');\ncy.get('.hidden > .mt-6 > :nth-child(1) > .px-6 > .space-y-6 > :nth-child(3) > div.w-full > .relative > .appearance-none').should('be.visible').type('Password@123');\ncy.get('.hidden > .mt-6 > :nth-child(1) > .px-6 > .space-y-6 > .pt-5 > #update-password').should('be.visible').should('have.text', 'Change Password').click();\ncy.get('.text-red-600').should('be.visible').should('have.text', 'Old and new password can not be the same');",
              "err": {
                "message": "AssertionError: Timed out retrying after 15000ms: Expected to find element: `.hidden > .mt-6 > :nth-child(1) > .px-6 > .space-y-6 > :nth-child(1) > div.w-full > .relative > .appearance-none`, but never found it.",
                "estack": "AssertionError: Timed out retrying after 15000ms: Expected to find element: `.hidden > .mt-6 > :nth-child(1) > .px-6 > .space-y-6 > :nth-child(1) > div.w-full > .relative > .appearance-none`, but never found it.\n    at Context.eval (http://localhost:65345/__cypress/tests?p=cypress\\integration\\Patient_Testcases\\07_Profile_AccountSettings.spec.js:170:128)",
                "diff": null
              },
              "uuid": "a0d525d3-c504-49df-9d0d-60a49d770b78",
              "parentUUID": "f10ecc44-9d19-4bfc-a414-7119b297c274",
              "isHook": false,
              "skipped": false
            },
            {
              "title": "Error message should be displayed if both new password and retype password are not matching",
              "fullTitle": "Account settings Module Test Cases Error message should be displayed if both new password and retype password are not matching",
              "timedOut": null,
              "duration": 15211,
              "state": "failed",
              "speed": null,
              "pass": false,
              "fail": true,
              "pending": false,
              "context": null,
              "code": "cy.get('.hidden > .mt-6 > :nth-child(1) > .px-6 > .space-y-6 > :nth-child(1) > div.w-full > .relative > .appearance-none').should('be.visible').clear().type('Password@123');\ncy.get('.hidden > .mt-6 > :nth-child(1) > .px-6 > .space-y-6 > :nth-child(2) > div.w-full > .relative > .appearance-none').should('be.visible').clear().type('Password@1234');\ncy.get('.hidden > .mt-6 > :nth-child(1) > .px-6 > .space-y-6 > :nth-child(3) > div.w-full > .relative > .appearance-none').should('be.visible').clear().type('Password@12345');\ncy.get('.text-red-600').should('be.visible').should('have.text', 'Both passwords need to be the same');",
              "err": {
                "message": "AssertionError: Timed out retrying after 15000ms: Expected to find element: `.hidden > .mt-6 > :nth-child(1) > .px-6 > .space-y-6 > :nth-child(1) > div.w-full > .relative > .appearance-none`, but never found it.",
                "estack": "AssertionError: Timed out retrying after 15000ms: Expected to find element: `.hidden > .mt-6 > :nth-child(1) > .px-6 > .space-y-6 > :nth-child(1) > div.w-full > .relative > .appearance-none`, but never found it.\n    at Context.eval (http://localhost:65345/__cypress/tests?p=cypress\\integration\\Patient_Testcases\\07_Profile_AccountSettings.spec.js:177:128)",
                "diff": null
              },
              "uuid": "04bb6116-a307-4853-992a-72a8f22e97c0",
              "parentUUID": "f10ecc44-9d19-4bfc-a414-7119b297c274",
              "isHook": false,
              "skipped": false
            },
            {
              "title": "The user should geta a popup window to the change password page by clicking on change password tab",
              "fullTitle": "Account settings Module Test Cases The user should geta a popup window to the change password page by clicking on change password tab",
              "timedOut": null,
              "duration": 15241,
              "state": "failed",
              "speed": null,
              "pass": false,
              "fail": true,
              "pending": false,
              "context": null,
              "code": "cy.get('.hidden > .mt-6 > :nth-child(1) > .px-6 > .space-y-6 > :nth-child(1) > div.w-full > .relative > .appearance-none').should('be.visible').clear().type('Password@123');\ncy.get('.hidden > .mt-6 > :nth-child(1) > .px-6 > .space-y-6 > :nth-child(2) > div.w-full > .relative > .appearance-none').should('be.visible').clear().type('Password@1234');\ncy.get('.hidden > .mt-6 > :nth-child(1) > .px-6 > .space-y-6 > :nth-child(3) > div.w-full > .relative > .appearance-none').should('be.visible').clear().type('Password@1234');\ncy.get('.hidden > .mt-6 > :nth-child(1) > .px-6 > .space-y-6 > .pt-5 > #update-password').should('be.visible').should('have.text', 'Change Password').click();\ncy.contains('Password changed successfully');\ncy.get('.bg-white > .mx-auto > .w-44').click();\ncy.get(':nth-child(1) > .mt-1 > .appearance-none').type(cred.pemail);\ncy.get(':nth-child(2) > .mt-1 > .appearance-none').type('Password@1234');\ncy.get('.border-2').click();\ncy.get('.p-1 > .h-7').should('be.visible').click();\ncy.get('.space-y-8 > :nth-child(3)').should('be.visible').click();\ncy.get('.flex-wrap > :nth-child(1)').should('be.visible').should('have.text', 'Change Password').click();\ncy.get('.hidden > .mt-6 > :nth-child(1) > .px-6 > .space-y-6 > :nth-child(1) > div.w-full > .relative > .appearance-none').should('be.visible').type('Password@1234');\ncy.get('.hidden > .mt-6 > :nth-child(1) > .px-6 > .space-y-6 > :nth-child(2) > div.w-full > .relative > .appearance-none').should('be.visible').type('Password@123');\ncy.get('.hidden > .mt-6 > :nth-child(1) > .px-6 > .space-y-6 > :nth-child(3) > div.w-full > .relative > .appearance-none').should('be.visible').type('Password@123');\ncy.get('.hidden > .mt-6 > :nth-child(1) > .px-6 > .space-y-6 > .pt-5 > #update-password').should('be.visible').should('have.text', 'Change Password').click();",
              "err": {
                "message": "AssertionError: Timed out retrying after 15000ms: Expected to find element: `.hidden > .mt-6 > :nth-child(1) > .px-6 > .space-y-6 > :nth-child(1) > div.w-full > .relative > .appearance-none`, but never found it.",
                "estack": "AssertionError: Timed out retrying after 15000ms: Expected to find element: `.hidden > .mt-6 > :nth-child(1) > .px-6 > .space-y-6 > :nth-child(1) > div.w-full > .relative > .appearance-none`, but never found it.\n    at Context.eval (http://localhost:65345/__cypress/tests?p=cypress\\integration\\Patient_Testcases\\07_Profile_AccountSettings.spec.js:183:128)",
                "diff": null
              },
              "uuid": "f7819263-11e9-4bf0-a2cb-e3def8d8adac",
              "parentUUID": "f10ecc44-9d19-4bfc-a414-7119b297c274",
              "isHook": false,
              "skipped": false
            }
          ],
          "suites": [],
          "passes": [],
          "failures": [
            "51bad0a7-da02-48ad-8f14-a8767b70b56f",
            "7d3fa0b4-cfaa-44f5-bcf2-74b7bce79aa1",
            "3e6e89f4-7dd3-429c-a6bc-9ebfa360c3a5",
            "51d8792f-1951-4e57-bba2-9f269669d7bc",
            "8bff0041-163f-4913-be41-7fb02c0d887c",
            "a0d525d3-c504-49df-9d0d-60a49d770b78",
            "04bb6116-a307-4853-992a-72a8f22e97c0",
            "f7819263-11e9-4bf0-a2cb-e3def8d8adac"
          ],
          "pending": [],
          "skipped": [],
          "duration": 111937,
          "root": false,
          "rootEmpty": false,
          "_timeout": 2000
        }
      ],
      "passes": [],
      "failures": [],
      "pending": [],
      "skipped": [],
      "duration": 0,
      "root": true,
      "rootEmpty": true,
      "_timeout": 2000
    }
  ],
  "meta": {
    "mocha": {
      "version": "7.0.1"
    },
    "mochawesome": {
      "options": {
        "quiet": false,
        "reportFilename": "report",
        "saveHtml": true,
        "saveJson": true,
        "consoleReporter": "spec",
        "useInlineDiffs": false,
        "code": true
      },
      "version": "7.0.1"
    },
    "marge": {
      "options": {
        "reportDir": "cypress/reports",
        "reportFilename": "report",
        "overwrite": false,
        "html": true,
        "json": true,
        "charts": true
      },
      "version": "6.0.1"
    }
  }
}