{
  "stats": {
    "suites": 1,
    "tests": 8,
    "passes": 0,
    "pending": 0,
    "failures": 8,
    "start": "2022-02-14T13:24:41.442Z",
    "end": "2022-02-14T13:28:05.299Z",
    "duration": 203857,
    "testsRegistered": 8,
    "passPercent": 0,
    "pendingPercent": 0,
    "other": 0,
    "hasOther": false,
    "skipped": 0,
    "hasSkipped": false
  },
  "results": [
    {
      "uuid": "1eae0dbd-8614-41ab-a96a-25b31fbf7c8e",
      "title": "",
      "fullFile": "cypress/integration/Admin_Testcases/14_BookAppointmet.spec.js",
      "file": "cypress/integration/Admin_Testcases/14_BookAppointmet.spec.js",
      "beforeHooks": [],
      "afterHooks": [],
      "tests": [],
      "suites": [
        {
          "uuid": "9611384d-6a10-48af-a181-92de5b63aff9",
          "title": "Book Appointment module testcases",
          "fullFile": "",
          "file": "",
          "beforeHooks": [],
          "afterHooks": [],
          "tests": [
            {
              "title": "As a Admin the user should be navigated to the Book appointment page by clicking on \"Book\" button against the paticular patient.",
              "fullTitle": "Book Appointment module testcases As a Admin the user should be navigated to the Book appointment page by clicking on \"Book\" button against the paticular patient.",
              "timedOut": null,
              "duration": 93884,
              "state": "failed",
              "speed": null,
              "pass": false,
              "fail": true,
              "pending": false,
              "context": null,
              "code": "cy.login(cred.email, cred.password);\ncy.get(':nth-child(1) > :nth-child(5) > .flex > .text-xs').should('be.visible').should('have.text', 'Book').click();\ncy.url().should('contain', '/book_appointment');",
              "err": {
                "message": "AssertionError: Timed out retrying after 15000ms: Expected to find element: `input[name=email]`, but never found it.",
                "estack": "AssertionError: Timed out retrying after 15000ms: Expected to find element: `input[name=email]`, but never found it.\n    at Context.eval (https://qa.rch.build-release.com/__cypress/tests?p=cypress\\support\\index.js:321:6)",
                "diff": null
              },
              "uuid": "09f521eb-27a9-443d-8a6a-560619f75990",
              "parentUUID": "9611384d-6a10-48af-a181-92de5b63aff9",
              "isHook": false,
              "skipped": false
            },
            {
              "title": "At \"Book An Appointment\" page each label and field should have proper label and validations",
              "fullTitle": "Book Appointment module testcases At \"Book An Appointment\" page each label and field should have proper label and validations",
              "timedOut": null,
              "duration": 15661,
              "state": "failed",
              "speed": null,
              "pass": false,
              "fail": true,
              "pending": false,
              "context": null,
              "code": "cy.get('.space-x-8 > .font-semibold').should('be.visible').should('have.text', 'Book Appointment');\ncy.get('.cursor-pointer > .w-8').should('be.visible');\ncy.get('.border-b-2.py-2 > .flex > .text-primary').should('be.visible').should('have.text', 'Select Patient');\ncy.get('.px-8>div:nth-child(1)>div:nth-child(1)>div>label').should('be.visible').should('have.text', 'Preferred Appointment Date');\ncy.get('.appearance-none').should('be.visible');\ncy.get('.flex-col > .text-gray-600').should('be.visible').should('have.text', 'Preferred Time Slot');\ncy.get('.flex-col > :nth-child(2) > .flex > .ml-2 > div').should('be.visible').should('have.text', 'Morning');\ncy.get('.flex-col > :nth-child(3) > .flex > .ml-2 > div').should('be.visible').should('have.text', 'Afternoon');\ncy.get('.flex-col > :nth-child(4) > .flex > .ml-2 > div').should('be.visible').should('have.text', 'Evening');\ncy.get('.flex-col > :nth-child(2) > .flex > .h-4').should('be.visible').should('not.be.checked');\ncy.get('.flex-col > :nth-child(3) > .flex > .h-4').should('be.visible').should('not.be.checked');\ncy.get('.flex-col > :nth-child(4) > .flex > .h-4').should('be.visible').should('not.be.checked');\ncy.get('.pb-6 > .justify-between > :nth-child(1)').should('be.visible').should('have.text', 'Service Address');\ncy.get('.pb-6 > .border').should('be.visible');\ncy.get('.justify-between > .flex > .w-4').should('be.visible');\ncy.get('.justify-between > .flex > .ml-2').should('be.visible').should('have.text', 'Edit');\ncy.get(':nth-child(3) > .justify-between > .gap-x-3 > .font-medium').should('be.visible').should('have.text', 'self');\ncy.get(':nth-child(3) > .justify-between > .gap-x-3 > :nth-child(2) > .flex > .h-4').should('be.visible').should('not.be.checked');\ncy.get('.px-8>div:nth-child(3)>div:nth-child(2)>div:nth-child(1)>div:nth-child(1)>div').should('be.visible').should('have.text', 'Date of Birth');\ncy.get('.px-8>div:nth-child(3)>div:nth-child(2)>div:nth-child(1)>div:nth-child(2)>div').should('be.visible').should('have.text', 'Gender');\ncy.get('.px-8>div:nth-child(3)>div:nth-child(2)>div:nth-child(2)>div:nth-child(1)>label').should('contain', 'Please describe');\ncy.get('.px-8>div:nth-child(3)>div:nth-child(2)>div:nth-child(2)>div:nth-child(1)>div').should('be.visible');\ncy.get('.mt-6 > .flex').should('be.visible').should('have.text', 'Add Another Family Member');\ncy.get('.my-8 > .flex').should('be.visible').should('have.text', 'Continue');",
              "err": {
                "message": "AssertionError: Timed out retrying after 15000ms: Expected to find element: `.space-x-8 > .font-semibold`, but never found it.",
                "estack": "AssertionError: Timed out retrying after 15000ms: Expected to find element: `.space-x-8 > .font-semibold`, but never found it.\n    at Context.eval (https://qa.rch.build-release.com/__cypress/tests?p=cypress\\integration\\Admin_Testcases\\14_BookAppointmet.spec.js:120:43)",
                "diff": null
              },
              "uuid": "d5d8f460-d140-4c41-a4a6-53034259f3c9",
              "parentUUID": "9611384d-6a10-48af-a181-92de5b63aff9",
              "isHook": false,
              "skipped": false
            },
            {
              "title": "As a Admin the user should be navigated to the service address edit page by clicking on edit symbol against the service address",
              "fullTitle": "Book Appointment module testcases As a Admin the user should be navigated to the service address edit page by clicking on edit symbol against the service address",
              "timedOut": null,
              "duration": 15482,
              "state": "failed",
              "speed": null,
              "pass": false,
              "fail": true,
              "pending": false,
              "context": null,
              "code": "cy.get('.justify-between > .flex > .w-4').should('be.visible').click();",
              "err": {
                "message": "AssertionError: Timed out retrying after 15000ms: Expected to find element: `.justify-between > .flex > .w-4`, but never found it.",
                "estack": "AssertionError: Timed out retrying after 15000ms: Expected to find element: `.justify-between > .flex > .w-4`, but never found it.\n    at Context.eval (https://qa.rch.build-release.com/__cypress/tests?p=cypress\\integration\\Admin_Testcases\\14_BookAppointmet.spec.js:146:47)",
                "diff": null
              },
              "uuid": "02f1c488-d246-4412-b8fd-94737067f74d",
              "parentUUID": "9611384d-6a10-48af-a181-92de5b63aff9",
              "isHook": false,
              "skipped": false
            },
            {
              "title": "At \"Service Address\" Edit window each label and field should have proper label and validations",
              "fullTitle": "Book Appointment module testcases At \"Service Address\" Edit window each label and field should have proper label and validations",
              "timedOut": null,
              "duration": 15541,
              "state": "failed",
              "speed": null,
              "pass": false,
              "fail": true,
              "pending": false,
              "context": null,
              "code": "cy.get('.justify-between > .font-bold').should('be.visible').should('have.text', 'Edit Address');\ncy.get('.hidden > .mt-6 > .mt-4 > :nth-child(1) > div.w-full > .text-sm > div').should('be.visible').should('have.text', 'Address Line 1');\ncy.get('.hidden > .mt-6 > .mt-4 > :nth-child(2) > div.w-full > .text-sm > div').should('be.visible').should('contain', 'Address Line 2');\ncy.get('.hidden > .mt-6 > .mt-4 > .grid-cols-2 > :nth-child(1) > .text-sm > div').should('be.visible').should('have.text', 'Postal Code');\ncy.get('.hidden > .mt-6 > .mt-4 > .grid-cols-2 > :nth-child(2) > .text-sm > div').should('be.visible').should('have.text', 'City');\ncy.get('body > div:nth-child(7) > div > div>div:nth-child(1)>div:nth-child(2)>form>div:nth-child(4)>div>label').should('be.visible').should('have.text', 'State');\ncy.get('.hidden > .mt-6 > .mt-4 > .mt-2 > .flex').should('be.visible').should('have.text', 'Save Address');",
              "err": {
                "message": "AssertionError: Timed out retrying after 15000ms: Expected to find element: `.justify-between > .font-bold`, but never found it.",
                "estack": "AssertionError: Timed out retrying after 15000ms: Expected to find element: `.justify-between > .font-bold`, but never found it.\n    at Context.eval (https://qa.rch.build-release.com/__cypress/tests?p=cypress\\integration\\Admin_Testcases\\14_BookAppointmet.spec.js:149:45)",
                "diff": null
              },
              "uuid": "2bedee67-b6e0-4a18-a946-43da3256ee07",
              "parentUUID": "9611384d-6a10-48af-a181-92de5b63aff9",
              "isHook": false,
              "skipped": false
            },
            {
              "title": "After editing the address and clicking on save address button the user should able to save the service address",
              "fullTitle": "Book Appointment module testcases After editing the address and clicking on save address button the user should able to save the service address",
              "timedOut": null,
              "duration": 15525,
              "state": "failed",
              "speed": null,
              "pass": false,
              "fail": true,
              "pending": false,
              "context": null,
              "code": "cy.get('.hidden > .mt-6 > .mt-4 > :nth-child(1) > div.w-full > .mt-1 > .appearance-none').should('be.visible').clear().type('plot no 75');\ncy.get('.hidden > .mt-6 > .mt-4 > .grid-cols-2 > :nth-child(1) > .mt-1 > .appearance-none').should('be.visible').clear().type('35242');\ncy.get('.hidden > .mt-6 > .mt-4 > :nth-child(2) > div.w-full > .mt-1 > .appearance-none').should('be.visible').clear().type('park lane');\ncy.wait(2000);\ncy.get('.hidden > .mt-6 > .mt-4 > .mt-2 > .flex').should('be.visible').should('have.text', 'Save Address').click();",
              "err": {
                "message": "AssertionError: Timed out retrying after 15000ms: Expected to find element: `.hidden > .mt-6 > .mt-4 > :nth-child(1) > div.w-full > .mt-1 > .appearance-none`, but never found it.",
                "estack": "AssertionError: Timed out retrying after 15000ms: Expected to find element: `.hidden > .mt-6 > .mt-4 > :nth-child(1) > div.w-full > .mt-1 > .appearance-none`, but never found it.\n    at Context.eval (https://qa.rch.build-release.com/__cypress/tests?p=cypress\\integration\\Admin_Testcases\\14_BookAppointmet.spec.js:158:95)",
                "diff": null
              },
              "uuid": "9fa65635-6b92-41e8-af13-5e53912f7bb8",
              "parentUUID": "9611384d-6a10-48af-a181-92de5b63aff9",
              "isHook": false,
              "skipped": false
            },
            {
              "title": "As a Admin the user can able select the appointment date by clicking on calendar icon against the preferred appointment date field.",
              "fullTitle": "Book Appointment module testcases As a Admin the user can able select the appointment date by clicking on calendar icon against the preferred appointment date field.",
              "timedOut": null,
              "duration": 15563,
              "state": "failed",
              "speed": null,
              "pass": false,
              "fail": true,
              "pending": false,
              "context": null,
              "code": "cy.get('.appearance-none').should('be.visible').click();\ncy.get(':nth-child(5) > .react-datepicker__day--030').click();",
              "err": {
                "message": "AssertionError: Timed out retrying after 15000ms: Expected to find element: `.appearance-none`, but never found it.",
                "estack": "AssertionError: Timed out retrying after 15000ms: Expected to find element: `.appearance-none`, but never found it.\n    at Context.eval (https://qa.rch.build-release.com/__cypress/tests?p=cypress\\integration\\Admin_Testcases\\14_BookAppointmet.spec.js:165:32)",
                "diff": null
              },
              "uuid": "47135ec5-351c-4d63-83da-f5651dbb2916",
              "parentUUID": "9611384d-6a10-48af-a181-92de5b63aff9",
              "isHook": false,
              "skipped": false
            },
            {
              "title": "As a Admin the user can able to select the appointment time by checking the check boxes in preferred time slot.",
              "fullTitle": "Book Appointment module testcases As a Admin the user can able to select the appointment time by checking the check boxes in preferred time slot.",
              "timedOut": null,
              "duration": 15551,
              "state": "failed",
              "speed": null,
              "pass": false,
              "fail": true,
              "pending": false,
              "context": null,
              "code": "cy.get('.flex-col > :nth-child(2) > .flex > .h-4').should('be.visible').should('not.be.checked').click();\ncy.get('.flex-col > :nth-child(2) > .flex > .h-4').should('be.visible').should('be.checked');",
              "err": {
                "message": "AssertionError: Timed out retrying after 15000ms: Expected to find element: `.flex-col > :nth-child(2) > .flex > .h-4`, but never found it.",
                "estack": "AssertionError: Timed out retrying after 15000ms: Expected to find element: `.flex-col > :nth-child(2) > .flex > .h-4`, but never found it.\n    at Context.eval (https://qa.rch.build-release.com/__cypress/tests?p=cypress\\integration\\Admin_Testcases\\14_BookAppointmet.spec.js:169:56)",
                "diff": null
              },
              "uuid": "42ca27da-f693-4101-9f93-d07db68ba831",
              "parentUUID": "9611384d-6a10-48af-a181-92de5b63aff9",
              "isHook": false,
              "skipped": false
            },
            {
              "title": "As a Admin the user can add additional family members as per his membership plan by clicking on \"Add another member\" button.",
              "fullTitle": "Book Appointment module testcases As a Admin the user can add additional family members as per his membership plan by clicking on \"Add another member\" button.",
              "timedOut": null,
              "duration": 11427,
              "state": "failed",
              "speed": null,
              "pass": false,
              "fail": true,
              "pending": false,
              "context": null,
              "code": "cy.get('.mt-6 > .flex').should('be.visible').should('have.text', 'Add Another Family Member').click();",
              "err": {
                "message": "ChunkLoadError: The following error originated from your application code, not from Cypress.\n\n  > Loading chunk 16 failed.\n(timeout: https://qa.rch.build-release.com/static/js/AdminLogin.4517ca2f.chunk.js)\n\nWhen Cypress detects uncaught errors originating from your application it will automatically fail the current test.\n\nThis behavior is configurable, and you can choose to turn this off by listening to the `uncaught:exception` event.\n\nhttps://on.cypress.io/uncaught-exception-from-application",
                "estack": "ChunkLoadError: The following error originated from your application code, not from Cypress.\n\n  > Loading chunk 16 failed.\n(timeout: https://qa.rch.build-release.com/static/js/AdminLogin.4517ca2f.chunk.js)\n\nWhen Cypress detects uncaught errors originating from your application it will automatically fail the current test.\n\nThis behavior is configurable, and you can choose to turn this off by listening to the `uncaught:exception` event.\n\nhttps://on.cypress.io/uncaught-exception-from-application\n    at Function.d.e (https://qa.rch.build-release.com/admin:1:8288)\n    at https://qa.rch.build-release.com/static/js/main.dbe39567.chunk.js:1:1824\n    at https://qa.rch.build-release.com/static/js/46.a5d43212.chunk.js:2:280424\n    at Es (https://qa.rch.build-release.com/static/js/46.a5d43212.chunk.js:2:280573)\n    at bu (https://qa.rch.build-release.com/static/js/46.a5d43212.chunk.js:2:272517)\n    at mu (https://qa.rch.build-release.com/static/js/46.a5d43212.chunk.js:2:272442)\n    at su (https://qa.rch.build-release.com/static/js/46.a5d43212.chunk.js:2:269451)\n    at https://qa.rch.build-release.com/static/js/46.a5d43212.chunk.js:2:220822\n    at t.unstable_runWithPriority (https://qa.rch.build-release.com/static/js/46.a5d43212.chunk.js:2:296223)\n    at Ko (https://qa.rch.build-release.com/static/js/46.a5d43212.chunk.js:2:220531)",
                "diff": null
              },
              "uuid": "325a7813-f76a-4604-9d34-5874b03b901b",
              "parentUUID": "9611384d-6a10-48af-a181-92de5b63aff9",
              "isHook": false,
              "skipped": false
            }
          ],
          "suites": [],
          "passes": [],
          "failures": [
            "09f521eb-27a9-443d-8a6a-560619f75990",
            "d5d8f460-d140-4c41-a4a6-53034259f3c9",
            "02f1c488-d246-4412-b8fd-94737067f74d",
            "2bedee67-b6e0-4a18-a946-43da3256ee07",
            "9fa65635-6b92-41e8-af13-5e53912f7bb8",
            "47135ec5-351c-4d63-83da-f5651dbb2916",
            "42ca27da-f693-4101-9f93-d07db68ba831",
            "325a7813-f76a-4604-9d34-5874b03b901b"
          ],
          "pending": [],
          "skipped": [],
          "duration": 198634,
          "root": false,
          "rootEmpty": false,
          "_timeout": 2000
        }
      ],
      "passes": [],
      "failures": [],
      "pending": [],
      "skipped": [],
      "duration": 0,
      "root": true,
      "rootEmpty": true,
      "_timeout": 2000
    }
  ],
  "meta": {
    "mocha": {
      "version": "7.0.1"
    },
    "mochawesome": {
      "options": {
        "quiet": false,
        "reportFilename": "report",
        "saveHtml": true,
        "saveJson": true,
        "consoleReporter": "spec",
        "useInlineDiffs": false,
        "code": true
      },
      "version": "7.0.1"
    },
    "marge": {
      "options": {
        "reportDir": "cypress/reports",
        "reportFilename": "report",
        "overwrite": false,
        "html": true,
        "json": true,
        "charts": true
      },
      "version": "6.0.1"
    }
  }
}