<!doctype html>
<html lang="en"><head><meta charSet="utf-8"/><meta http-equiv="X-UA-Compatible" content="IE=edge"/><meta name="viewport" content="width=device-width, initial-scale=1"/><title>Mochawesome Report</title><link rel="stylesheet" href="assets\app.css"/></head><body data-raw="{&quot;stats&quot;:{&quot;suites&quot;:1,&quot;tests&quot;:6,&quot;passes&quot;:0,&quot;pending&quot;:0,&quot;failures&quot;:6,&quot;start&quot;:&quot;2021-12-29T05:17:52.896Z&quot;,&quot;end&quot;:&quot;2021-12-29T05:21:59.167Z&quot;,&quot;duration&quot;:246271,&quot;testsRegistered&quot;:6,&quot;passPercent&quot;:0,&quot;pendingPercent&quot;:0,&quot;other&quot;:0,&quot;hasOther&quot;:false,&quot;skipped&quot;:0,&quot;hasSkipped&quot;:false},&quot;results&quot;:[{&quot;uuid&quot;:&quot;78587780-809b-4e04-9616-acf7f611d0ff&quot;,&quot;title&quot;:&quot;&quot;,&quot;fullFile&quot;:&quot;cypress/integration/Admin_Testcases/02_changePassword.spec.js&quot;,&quot;file&quot;:&quot;cypress/integration/Admin_Testcases/02_changePassword.spec.js&quot;,&quot;beforeHooks&quot;:[],&quot;afterHooks&quot;:[],&quot;tests&quot;:[],&quot;suites&quot;:[{&quot;uuid&quot;:&quot;038e29d5-b0da-4a68-a9ca-807531485f66&quot;,&quot;title&quot;:&quot;Change password Testcases&quot;,&quot;fullFile&quot;:&quot;&quot;,&quot;file&quot;:&quot;&quot;,&quot;beforeHooks&quot;:[],&quot;afterHooks&quot;:[],&quot;tests&quot;:[{&quot;title&quot;:&quot;As a Admin I should be able to navigate on change password screen&quot;,&quot;fullTitle&quot;:&quot;Change password Testcases As a Admin I should be able to navigate on change password screen&quot;,&quot;duration&quot;:151591,&quot;state&quot;:&quot;failed&quot;,&quot;pass&quot;:false,&quot;fail&quot;:true,&quot;pending&quot;:false,&quot;code&quot;:&quot;cy.login();\ncy.xpath(\&quot;//nav//div[text()=&#x27;Settings&#x27;]\&quot;).should(&#x27;be.visible&#x27;).click();\ncy.url().should(&#x27;include&#x27;, &#x27;/password&#x27;);&quot;,&quot;err&quot;:{&quot;message&quot;:&quot;CypressError: Timed out after waiting `150000ms` for your remote page to load.\n\nYour page did not fire its `load` event within `150000ms`.\n\nYou can try increasing the `pageLoadTimeout` value in `cypress.json` to wait longer.\n\nBrowsers will not fire the `load` event until all stylesheets and scripts are done downloading.\n\nWhen this `load` event occurs, Cypress will continue running commands.&quot;,&quot;estack&quot;:&quot;CypressError: Timed out after waiting `150000ms` for your remote page to load.\n\nYour page did not fire its `load` event within `150000ms`.\n\nYou can try increasing the `pageLoadTimeout` value in `cypress.json` to wait longer.\n\nBrowsers will not fire the `load` event until all stylesheets and scripts are done downloading.\n\nWhen this `load` event occurs, Cypress will continue running commands.\n    at timedOutWaitingForPageLoad (https://staging.rch.build-release.com/__cypress/runner/cypress_runner.js:155054:72)\n    at https://staging.rch.build-release.com/__cypress/runner/cypress_runner.js:156091:16\n    at tryCatcher (https://staging.rch.build-release.com/__cypress/runner/cypress_runner.js:13212:23)\n    at https://staging.rch.build-release.com/__cypress/runner/cypress_runner.js:8334:41\n    at tryCatcher (https://staging.rch.build-release.com/__cypress/runner/cypress_runner.js:13212:23)\n    at Promise._settlePromiseFromHandler (https://staging.rch.build-release.com/__cypress/runner/cypress_runner.js:11147:31)\n    at Promise._settlePromise (https://staging.rch.build-release.com/__cypress/runner/cypress_runner.js:11204:18)\n    at Promise._settlePromise0 (https://staging.rch.build-release.com/__cypress/runner/cypress_runner.js:11249:10)\n    at Promise._settlePromises (https://staging.rch.build-release.com/__cypress/runner/cypress_runner.js:11325:18)\n    at _drainQueueStep (https://staging.rch.build-release.com/__cypress/runner/cypress_runner.js:7919:12)\n    at _drainQueue (https://staging.rch.build-release.com/__cypress/runner/cypress_runner.js:7912:9)\n    at Async.../../node_modules/bluebird/js/release/async.js.Async._drainQueues (https://staging.rch.build-release.com/__cypress/runner/cypress_runner.js:7928:5)\n    at Async.drainQueues (https://staging.rch.build-release.com/__cypress/runner/cypress_runner.js:7798:14)\nFrom Your Spec Code:\n    at Context.eval (https://staging.rch.build-release.com/__cypress/tests?p=cypress\\support\\index.js:250:6)&quot;},&quot;uuid&quot;:&quot;3e201d11-10b5-463c-b80b-2e030a22f917&quot;,&quot;parentUUID&quot;:&quot;038e29d5-b0da-4a68-a9ca-807531485f66&quot;,&quot;isHook&quot;:false,&quot;skipped&quot;:false},{&quot;title&quot;:&quot;At Chnage Password page each page should have proper labels&quot;,&quot;fullTitle&quot;:&quot;Change password Testcases At Chnage Password page each page should have proper labels&quot;,&quot;duration&quot;:15647,&quot;state&quot;:&quot;failed&quot;,&quot;pass&quot;:false,&quot;fail&quot;:true,&quot;pending&quot;:false,&quot;code&quot;:&quot;cy.get(&#x27;.text-xl&#x27;).should(&#x27;be.visible&#x27;).and(&#x27;have.text&#x27;, &#x27;Change Password&#x27;);\ncy.xpath(\&quot;//label//div\&quot;).eq(0).should(&#x27;be.visible&#x27;).and(&#x27;have.text&#x27;, &#x27;Old Password&#x27;);\ncy.xpath(\&quot;//label//div\&quot;).eq(1).should(&#x27;be.visible&#x27;).and(&#x27;have.text&#x27;, &#x27;New Password&#x27;);\ncy.xpath(\&quot;//label//div\&quot;).eq(2).should(&#x27;be.visible&#x27;).and(&#x27;have.text&#x27;, &#x27;Confirm Password&#x27;);\ncy.xpath(\&quot;//button//div[text()=&#x27;Update&#x27;]\&quot;).should(&#x27;be.visible&#x27;);&quot;,&quot;err&quot;:{&quot;message&quot;:&quot;AssertionError: Timed out retrying after 15000ms: Expected to find element: `.text-xl`, but never found it.&quot;,&quot;estack&quot;:&quot;AssertionError: Timed out retrying after 15000ms: Expected to find element: `.text-xl`, but never found it.\n    at Context.eval (https://staging.rch.build-release.com/__cypress/tests?p=cypress\\integration\\Admin_Testcases\\02_changePassword.spec.js:143:24)&quot;},&quot;uuid&quot;:&quot;d825e8a1-58e5-4cc5-b71d-c739bf78993b&quot;,&quot;parentUUID&quot;:&quot;038e29d5-b0da-4a68-a9ca-807531485f66&quot;,&quot;isHook&quot;:false,&quot;skipped&quot;:false},{&quot;title&quot;:&quot;in empty field proper validation should appear&quot;,&quot;fullTitle&quot;:&quot;Change password Testcases in empty field proper validation should appear&quot;,&quot;duration&quot;:15454,&quot;state&quot;:&quot;failed&quot;,&quot;pass&quot;:false,&quot;fail&quot;:true,&quot;pending&quot;:false,&quot;code&quot;:&quot;//empty case\ncy.xpath(\&quot;//button//div[text()=&#x27;Update&#x27;]\&quot;).click();\ncy.contains(\&quot;Old Password is required\&quot;).should(&#x27;be.visible&#x27;);\ncy.contains(\&quot;New Password is required\&quot;).should(&#x27;be.visible&#x27;);\ncy.contains(\&quot;New Password is required\&quot;).should(&#x27;be.visible&#x27;);&quot;,&quot;err&quot;:{&quot;message&quot;:&quot;AssertionError: Timed out retrying after 15000ms: Expected to find element: `//button//div[text()=&#x27;Update&#x27;]`, but never found it.&quot;,&quot;estack&quot;:&quot;AssertionError: Timed out retrying after 15000ms: Expected to find element: `//button//div[text()=&#x27;Update&#x27;]`, but never found it.\n    at Context.eval (https://staging.rch.build-release.com/__cypress/tests?p=cypress\\integration\\Admin_Testcases\\02_changePassword.spec.js:151:8)&quot;},&quot;uuid&quot;:&quot;97c5715c-563c-4f97-be94-52b38724cafe&quot;,&quot;parentUUID&quot;:&quot;038e29d5-b0da-4a68-a9ca-807531485f66&quot;,&quot;isHook&quot;:false,&quot;skipped&quot;:false},{&quot;title&quot;:&quot;wrong old password case should be handle proper&quot;,&quot;fullTitle&quot;:&quot;Change password Testcases wrong old password case should be handle proper&quot;,&quot;duration&quot;:15796,&quot;state&quot;:&quot;failed&quot;,&quot;pass&quot;:false,&quot;fail&quot;:true,&quot;pending&quot;:false,&quot;code&quot;:&quot;// wrong old password case \nconst password = _faker.default.name + \&quot;@123456\&quot;;\ncy.xpath(old_password).type(&#x27;123456@1235As&#x27;);\ncy.xpath(new_password).type(password);\ncy.xpath(confirm_password).type(password);\ncy.xpath(\&quot;//button//div[text()=&#x27;Update&#x27;]\&quot;).click();\ncy.wait(2000);&quot;,&quot;err&quot;:{&quot;message&quot;:&quot;AssertionError: Timed out retrying after 15000ms: Expected to find element: `//input[@name=&#x27;oldPassword&#x27;]`, but never found it.&quot;,&quot;estack&quot;:&quot;AssertionError: Timed out retrying after 15000ms: Expected to find element: `//input[@name=&#x27;oldPassword&#x27;]`, but never found it.\n    at Context.eval (https://staging.rch.build-release.com/__cypress/tests?p=cypress\\integration\\Admin_Testcases\\02_changePassword.spec.js:159:8)&quot;},&quot;uuid&quot;:&quot;f92203c6-f2d2-48aa-a028-466a69268860&quot;,&quot;parentUUID&quot;:&quot;038e29d5-b0da-4a68-a9ca-807531485f66&quot;,&quot;isHook&quot;:false,&quot;skipped&quot;:false},{&quot;title&quot;:&quot;password lenth validation should be proper&quot;,&quot;fullTitle&quot;:&quot;Change password Testcases password lenth validation should be proper&quot;,&quot;duration&quot;:15769,&quot;state&quot;:&quot;failed&quot;,&quot;pass&quot;:false,&quot;fail&quot;:true,&quot;pending&quot;:false,&quot;code&quot;:&quot;// password length validations\ncy.xpath(old_password).clear().type(&#x27;1231&#x27;);\ncy.xpath(new_password).clear().type(&#x27;sada&#x27;);\ncy.xpath(confirm_password).clear().type(&#x27;d&#x27;);\ncy.xpath(\&quot;//label//div\&quot;).eq(2).click();\ncy.get(&#x27;.text-red-600&#x27;).eq(0).should(&#x27;have.text&#x27;, &#x27;Password is too short - should be 8 chars minimum&#x27;).and(&#x27;be.visible&#x27;);\ncy.get(&#x27;.text-red-600&#x27;).eq(1).should(&#x27;have.text&#x27;, &#x27;Password should be atleast 8 characters and should contain combination of uppercase, lowercase &amp; numbers&#x27;).and(&#x27;be.visible&#x27;);\ncy.get(&#x27;.text-red-600&#x27;).eq(2).should(&#x27;have.text&#x27;, &#x27;Both passwords need to be the same&#x27;).and(&#x27;be.visible&#x27;);&quot;,&quot;err&quot;:{&quot;message&quot;:&quot;AssertionError: Timed out retrying after 15000ms: Expected to find element: `//input[@name=&#x27;oldPassword&#x27;]`, but never found it.&quot;,&quot;estack&quot;:&quot;AssertionError: Timed out retrying after 15000ms: Expected to find element: `//input[@name=&#x27;oldPassword&#x27;]`, but never found it.\n    at Context.eval (https://staging.rch.build-release.com/__cypress/tests?p=cypress\\integration\\Admin_Testcases\\02_changePassword.spec.js:167:8)&quot;},&quot;uuid&quot;:&quot;42d72b3a-265d-4bfd-8804-3dd4a882f1eb&quot;,&quot;parentUUID&quot;:&quot;038e29d5-b0da-4a68-a9ca-807531485f66&quot;,&quot;isHook&quot;:false,&quot;skipped&quot;:false},{&quot;title&quot;:&quot;As a Admin I should be able to change password and admin should be able to login with new password&quot;,&quot;fullTitle&quot;:&quot;Change password Testcases As a Admin I should be able to change password and admin should be able to login with new password&quot;,&quot;duration&quot;:16386,&quot;state&quot;:&quot;failed&quot;,&quot;pass&quot;:false,&quot;fail&quot;:true,&quot;pending&quot;:false,&quot;code&quot;:&quot;const cred = __webpack_require__(/*! ../../fixtures/cred.json */ \&quot;./cypress/fixtures/cred.json\&quot;);\ncy.xpath(old_password).clear().type(cred.password);\ncy.xpath(new_password).clear().type(&#x27;Passcode@123&#x27;);\ncy.xpath(confirm_password).clear().type(&#x27;Passcode@123&#x27;);\ncy.xpath(\&quot;//button//div[text()=&#x27;Update&#x27;]\&quot;).click();\ncy.xpath(\&quot;//div[text()=&#x27;Sign In&#x27;]\&quot;).should(&#x27;be.visible&#x27;);\ncy.contains(&#x27;changed&#x27;, {\n  matchCase: false\n});\ncy.get(&#x27;:nth-child(1) &gt; .mt-1 &gt; .appearance-none&#x27;).type(cred.email);\ncy.get(&#x27;:nth-child(2) &gt; .mt-1 &gt; .appearance-none&#x27;).type(&#x27;Passcode@123&#x27;);\ncy.get(&#x27;.mt-3 &gt; .flex&#x27;).click();\ncy.xpath(\&quot;//nav//div[text()=&#x27;Settings&#x27;]\&quot;).should(&#x27;be.visible&#x27;).click();\ncy.xpath(old_password).clear().type(&#x27;Passcode@123&#x27;);\ncy.xpath(new_password).clear().type(cred.password);\ncy.xpath(confirm_password).clear().type(cred.password);\ncy.xpath(\&quot;//button//div[text()=&#x27;Update&#x27;]\&quot;).click();&quot;,&quot;err&quot;:{&quot;message&quot;:&quot;AssertionError: Timed out retrying after 15000ms: Expected to find element: `//input[@name=&#x27;oldPassword&#x27;]`, but never found it.&quot;,&quot;estack&quot;:&quot;AssertionError: Timed out retrying after 15000ms: Expected to find element: `//input[@name=&#x27;oldPassword&#x27;]`, but never found it.\n    at Context.eval (https://staging.rch.build-release.com/__cypress/tests?p=cypress\\integration\\Admin_Testcases\\02_changePassword.spec.js:178:8)&quot;},&quot;uuid&quot;:&quot;d4c723b7-d8ab-495e-a23b-bffd47a1a7a1&quot;,&quot;parentUUID&quot;:&quot;038e29d5-b0da-4a68-a9ca-807531485f66&quot;,&quot;isHook&quot;:false,&quot;skipped&quot;:false}],&quot;suites&quot;:[],&quot;passes&quot;:[],&quot;failures&quot;:[&quot;3e201d11-10b5-463c-b80b-2e030a22f917&quot;,&quot;d825e8a1-58e5-4cc5-b71d-c739bf78993b&quot;,&quot;97c5715c-563c-4f97-be94-52b38724cafe&quot;,&quot;f92203c6-f2d2-48aa-a028-466a69268860&quot;,&quot;42d72b3a-265d-4bfd-8804-3dd4a882f1eb&quot;,&quot;d4c723b7-d8ab-495e-a23b-bffd47a1a7a1&quot;],&quot;pending&quot;:[],&quot;skipped&quot;:[],&quot;duration&quot;:230643,&quot;root&quot;:false,&quot;rootEmpty&quot;:false,&quot;_timeout&quot;:2000}],&quot;passes&quot;:[],&quot;failures&quot;:[],&quot;pending&quot;:[],&quot;skipped&quot;:[],&quot;duration&quot;:0,&quot;root&quot;:true,&quot;rootEmpty&quot;:true,&quot;_timeout&quot;:2000}],&quot;meta&quot;:{&quot;mocha&quot;:{&quot;version&quot;:&quot;7.0.1&quot;},&quot;mochawesome&quot;:{&quot;options&quot;:{&quot;quiet&quot;:false,&quot;reportFilename&quot;:&quot;report&quot;,&quot;saveHtml&quot;:true,&quot;saveJson&quot;:true,&quot;consoleReporter&quot;:&quot;spec&quot;,&quot;useInlineDiffs&quot;:false,&quot;code&quot;:true},&quot;version&quot;:&quot;6.2.2&quot;},&quot;marge&quot;:{&quot;options&quot;:{&quot;reportDir&quot;:&quot;cypress/reports&quot;,&quot;reportFilename&quot;:&quot;report&quot;,&quot;overwrite&quot;:false,&quot;html&quot;:true,&quot;json&quot;:true,&quot;charts&quot;:true},&quot;version&quot;:&quot;5.2.0&quot;}}}" data-config="{&quot;reportFilename&quot;:&quot;report&quot;,&quot;reportDir&quot;:&quot;cypress/reports&quot;,&quot;reportTitle&quot;:&quot;LxMedical&quot;,&quot;reportPageTitle&quot;:&quot;Mochawesome Report&quot;,&quot;inline&quot;:false,&quot;inlineAssets&quot;:false,&quot;cdn&quot;:false,&quot;charts&quot;:true,&quot;enableCharts&quot;:true,&quot;code&quot;:true,&quot;enableCode&quot;:true,&quot;autoOpen&quot;:false,&quot;overwrite&quot;:false,&quot;timestamp&quot;:false,&quot;ts&quot;:false,&quot;showPassed&quot;:true,&quot;showFailed&quot;:true,&quot;showPending&quot;:true,&quot;showSkipped&quot;:false,&quot;showHooks&quot;:&quot;failed&quot;,&quot;saveJson&quot;:true,&quot;saveHtml&quot;:true,&quot;dev&quot;:false,&quot;assetsDir&quot;:&quot;cypress\\reports\\assets&quot;,&quot;jsonFile&quot;:&quot;C:\\LX Medical\\LxMedical\\cypress\\reports\\report.json&quot;,&quot;htmlFile&quot;:&quot;C:\\LX Medical\\LxMedical\\cypress\\reports\\report.html&quot;}"><div id="report"></div><script src="assets\app.js"></script></body></html>