<!doctype html>
<html lang="en"><head><meta charSet="utf-8"/><meta http-equiv="X-UA-Compatible" content="IE=edge"/><meta name="viewport" content="width=device-width, initial-scale=1"/><title>Mochawesome Report</title><link rel="stylesheet" href="assets\app.css"/></head><body data-raw="{&quot;stats&quot;:{&quot;suites&quot;:1,&quot;tests&quot;:8,&quot;passes&quot;:0,&quot;pending&quot;:0,&quot;failures&quot;:8,&quot;start&quot;:&quot;2021-12-29T07:54:14.473Z&quot;,&quot;end&quot;:&quot;2021-12-29T07:56:06.689Z&quot;,&quot;duration&quot;:112216,&quot;testsRegistered&quot;:8,&quot;passPercent&quot;:0,&quot;pendingPercent&quot;:0,&quot;other&quot;:0,&quot;hasOther&quot;:false,&quot;skipped&quot;:0,&quot;hasSkipped&quot;:false},&quot;results&quot;:[{&quot;uuid&quot;:&quot;9c283b84-d45d-4289-bd5a-790838b347c1&quot;,&quot;title&quot;:&quot;&quot;,&quot;fullFile&quot;:&quot;cypress/integration/Patient_Testcases/07_Profile_AccountSettings.spec.js&quot;,&quot;file&quot;:&quot;cypress/integration/Patient_Testcases/07_Profile_AccountSettings.spec.js&quot;,&quot;beforeHooks&quot;:[],&quot;afterHooks&quot;:[],&quot;tests&quot;:[],&quot;suites&quot;:[{&quot;uuid&quot;:&quot;f10ecc44-9d19-4bfc-a414-7119b297c274&quot;,&quot;title&quot;:&quot;Account settings Module Test Cases&quot;,&quot;fullFile&quot;:&quot;&quot;,&quot;file&quot;:&quot;&quot;,&quot;beforeHooks&quot;:[],&quot;afterHooks&quot;:[],&quot;tests&quot;:[{&quot;title&quot;:&quot;As a patient the user should be navigated to the account settings page by clicking on account settings tab&quot;,&quot;fullTitle&quot;:&quot;Account settings Module Test Cases As a patient the user should be navigated to the account settings page by clicking on account settings tab&quot;,&quot;duration&quot;:5366,&quot;state&quot;:&quot;failed&quot;,&quot;pass&quot;:false,&quot;fail&quot;:true,&quot;pending&quot;:false,&quot;code&quot;:&quot;cy.patientlogin(cred.pemail, cred.ppassword);\ncy.url().should(&#x27;contain&#x27;, &#x27;/home&#x27;);\ncy.get(&#x27;.p-1 &gt; .h-7&#x27;).should(&#x27;be.visible&#x27;).click();\ncy.url().should(&#x27;contain&#x27;, &#x27;/profile&#x27;);\ncy.get(&#x27;.space-y-8 &gt; :nth-child(3)&#x27;).should(&#x27;be.visible&#x27;).click();\ncy.url().should(&#x27;contain&#x27;, &#x27;/settings&#x27;);&quot;,&quot;err&quot;:{&quot;message&quot;:&quot;CypressError: `cy.visit()` failed trying to load:\n\nhttps://qa.rch.build-release.com/\n\nWe attempted to make an http request to this URL but the request failed without a response.\n\nWe received this error at the network level:\n\n  &gt; Error: getaddrinfo ENOTFOUND qa.rch.build-release.com\n\nCommon situations why this would fail:\n  - you don&#x27;t have internet access\n  - you forgot to run / boot your web server\n  - your web server isn&#x27;t accessible\n  - you have weird network configuration settings on your computer&quot;,&quot;estack&quot;:&quot;CypressError: `cy.visit()` failed trying to load:\n\nhttps://qa.rch.build-release.com/\n\nWe attempted to make an http request to this URL but the request failed without a response.\n\nWe received this error at the network level:\n\n  &gt; Error: getaddrinfo ENOTFOUND qa.rch.build-release.com\n\nCommon situations why this would fail:\n  - you don&#x27;t have internet access\n  - you forgot to run / boot your web server\n  - your web server isn&#x27;t accessible\n  - you have weird network configuration settings on your computer\n    at http://localhost:65345/__cypress/runner/cypress_runner.js:156031:82\n    at visitFailedByErr (http://localhost:65345/__cypress/runner/cypress_runner.js:155390:12)\n    at http://localhost:65345/__cypress/runner/cypress_runner.js:156030:11\n    at tryCatcher (http://localhost:65345/__cypress/runner/cypress_runner.js:13212:23)\n    at Promise._settlePromiseFromHandler (http://localhost:65345/__cypress/runner/cypress_runner.js:11147:31)\n    at Promise._settlePromise (http://localhost:65345/__cypress/runner/cypress_runner.js:11204:18)\n    at Promise._settlePromise0 (http://localhost:65345/__cypress/runner/cypress_runner.js:11249:10)\n    at Promise._settlePromises (http://localhost:65345/__cypress/runner/cypress_runner.js:11325:18)\n    at _drainQueueStep (http://localhost:65345/__cypress/runner/cypress_runner.js:7919:12)\n    at _drainQueue (http://localhost:65345/__cypress/runner/cypress_runner.js:7912:9)\n    at Async.../../node_modules/bluebird/js/release/async.js.Async._drainQueues (http://localhost:65345/__cypress/runner/cypress_runner.js:7928:5)\n    at Async.drainQueues (http://localhost:65345/__cypress/runner/cypress_runner.js:7798:14)\nFrom Your Spec Code:\n    at Context.eval (http://localhost:65345/__cypress/tests?p=cypress\\support\\index.js:181:6)\n\nFrom Node.js Internals:\n  Error: getaddrinfo ENOTFOUND qa.rch.build-release.com\n      at GetAddrInfoReqWrap.onlookup [as oncomplete] (dns.js:67:26)\n  &quot;},&quot;uuid&quot;:&quot;51bad0a7-da02-48ad-8f14-a8767b70b56f&quot;,&quot;parentUUID&quot;:&quot;f10ecc44-9d19-4bfc-a414-7119b297c274&quot;,&quot;isHook&quot;:false,&quot;skipped&quot;:false},{&quot;title&quot;:&quot;At Account settings page each label and field should have proper label and validations&quot;,&quot;fullTitle&quot;:&quot;Account settings Module Test Cases At Account settings page each label and field should have proper label and validations&quot;,&quot;duration&quot;:15222,&quot;state&quot;:&quot;failed&quot;,&quot;pass&quot;:false,&quot;fail&quot;:true,&quot;pending&quot;:false,&quot;code&quot;:&quot;cy.get(&#x27;.flex-wrap &gt; :nth-child(1)&#x27;).should(&#x27;be.visible&#x27;).should(&#x27;have.text&#x27;, &#x27;Change Password&#x27;);\ncy.get(&#x27;.flex-wrap &gt; :nth-child(2)&#x27;).should(&#x27;be.visible&#x27;).should(&#x27;have.text&#x27;, &#x27;Logout&#x27;);&quot;,&quot;err&quot;:{&quot;message&quot;:&quot;AssertionError: Timed out retrying after 15000ms: Expected to find element: `.flex-wrap &gt; :nth-child(1)`, but never found it.&quot;,&quot;estack&quot;:&quot;AssertionError: Timed out retrying after 15000ms: Expected to find element: `.flex-wrap &gt; :nth-child(1)`, but never found it.\n    at Context.eval (http://localhost:65345/__cypress/tests?p=cypress\\integration\\Patient_Testcases\\07_Profile_AccountSettings.spec.js:145:42)&quot;},&quot;uuid&quot;:&quot;7d3fa0b4-cfaa-44f5-bcf2-74b7bce79aa1&quot;,&quot;parentUUID&quot;:&quot;f10ecc44-9d19-4bfc-a414-7119b297c274&quot;,&quot;isHook&quot;:false,&quot;skipped&quot;:false},{&quot;title&quot;:&quot;The user should geta a popup window to the change password page by clicking on change password tab&quot;,&quot;fullTitle&quot;:&quot;Account settings Module Test Cases The user should geta a popup window to the change password page by clicking on change password tab&quot;,&quot;duration&quot;:15192,&quot;state&quot;:&quot;failed&quot;,&quot;pass&quot;:false,&quot;fail&quot;:true,&quot;pending&quot;:false,&quot;code&quot;:&quot;cy.get(&#x27;.flex-wrap &gt; :nth-child(1)&#x27;).should(&#x27;be.visible&#x27;).should(&#x27;have.text&#x27;, &#x27;Change Password&#x27;).click();&quot;,&quot;err&quot;:{&quot;message&quot;:&quot;AssertionError: Timed out retrying after 15000ms: Expected to find element: `.flex-wrap &gt; :nth-child(1)`, but never found it.&quot;,&quot;estack&quot;:&quot;AssertionError: Timed out retrying after 15000ms: Expected to find element: `.flex-wrap &gt; :nth-child(1)`, but never found it.\n    at Context.eval (http://localhost:65345/__cypress/tests?p=cypress\\integration\\Patient_Testcases\\07_Profile_AccountSettings.spec.js:149:42)&quot;},&quot;uuid&quot;:&quot;3e6e89f4-7dd3-429c-a6bc-9ebfa360c3a5&quot;,&quot;parentUUID&quot;:&quot;f10ecc44-9d19-4bfc-a414-7119b297c274&quot;,&quot;isHook&quot;:false,&quot;skipped&quot;:false},{&quot;title&quot;:&quot;At change password page each label and field should have proper label and validations&quot;,&quot;fullTitle&quot;:&quot;Account settings Module Test Cases At change password page each label and field should have proper label and validations&quot;,&quot;duration&quot;:15212,&quot;state&quot;:&quot;failed&quot;,&quot;pass&quot;:false,&quot;fail&quot;:true,&quot;pending&quot;:false,&quot;code&quot;:&quot;cy.get(&#x27;.justify-between &gt; .font-bold&#x27;).should(&#x27;be.visible&#x27;).should(&#x27;have.text&#x27;, &#x27;Change Password&#x27;);\ncy.get(&#x27;.hidden &gt; .mt-6 &gt; :nth-child(1) &gt; .px-6 &gt; .space-y-6 &gt; :nth-child(1) &gt; div.w-full &gt; .text-sm &gt; div&#x27;).should(&#x27;be.visible&#x27;).should(&#x27;have.text&#x27;, &#x27;Old Password&#x27;);\ncy.get(&#x27;.hidden &gt; .mt-6 &gt; :nth-child(1) &gt; .px-6 &gt; .space-y-6 &gt; :nth-child(2) &gt; div.w-full &gt; .text-sm &gt; div&#x27;).should(&#x27;be.visible&#x27;).should(&#x27;have.text&#x27;, &#x27;New Password&#x27;);\ncy.get(&#x27;.hidden &gt; .mt-6 &gt; :nth-child(1) &gt; .px-6 &gt; .space-y-6 &gt; :nth-child(3) &gt; div.w-full &gt; .text-sm &gt; div&#x27;).should(&#x27;be.visible&#x27;).should(&#x27;have.text&#x27;, &#x27;Confirm Password&#x27;);\ncy.get(&#x27;.hidden &gt; .mt-6 &gt; :nth-child(1) &gt; .px-6 &gt; .space-y-6 &gt; .pt-5 &gt; #update-password&#x27;).should(&#x27;be.visible&#x27;).should(&#x27;have.text&#x27;, &#x27;Change Password&#x27;);&quot;,&quot;err&quot;:{&quot;message&quot;:&quot;AssertionError: Timed out retrying after 15000ms: Expected to find element: `.justify-between &gt; .font-bold`, but never found it.&quot;,&quot;estack&quot;:&quot;AssertionError: Timed out retrying after 15000ms: Expected to find element: `.justify-between &gt; .font-bold`, but never found it.\n    at Context.eval (http://localhost:65345/__cypress/tests?p=cypress\\integration\\Patient_Testcases\\07_Profile_AccountSettings.spec.js:152:45)&quot;},&quot;uuid&quot;:&quot;51d8792f-1951-4e57-bba2-9f269669d7bc&quot;,&quot;parentUUID&quot;:&quot;f10ecc44-9d19-4bfc-a414-7119b297c274&quot;,&quot;isHook&quot;:false,&quot;skipped&quot;:false},{&quot;title&quot;:&quot;Error message should be displayed if clicked on continue by entering wrong data or with no data entered in change password page&quot;,&quot;fullTitle&quot;:&quot;Account settings Module Test Cases Error message should be displayed if clicked on continue by entering wrong data or with no data entered in change password page&quot;,&quot;duration&quot;:15240,&quot;state&quot;:&quot;failed&quot;,&quot;pass&quot;:false,&quot;fail&quot;:true,&quot;pending&quot;:false,&quot;code&quot;:&quot;cy.get(&#x27;.hidden &gt; .mt-6 &gt; :nth-child(1) &gt; .px-6 &gt; .space-y-6 &gt; .pt-5 &gt; #update-password&#x27;).should(&#x27;be.visible&#x27;).should(&#x27;have.text&#x27;, &#x27;Change Password&#x27;).click();\ncy.get(&#x27;:nth-child(1) &gt; div.w-full &gt; .text-red-600&#x27;).should(&#x27;be.visible&#x27;).should(&#x27;have.text&#x27;, &#x27;Old Password is required&#x27;);\ncy.get(&#x27;:nth-child(2) &gt; div.w-full &gt; .text-red-600&#x27;).should(&#x27;be.visible&#x27;).should(&#x27;have.text&#x27;, &#x27;New Password is required&#x27;);\ncy.get(&#x27;:nth-child(3) &gt; div.w-full &gt; .text-red-600&#x27;).should(&#x27;be.visible&#x27;).should(&#x27;have.text&#x27;, &#x27;Confirm Password is required&#x27;);\ncy.get(&#x27;.hidden &gt; .mt-6 &gt; :nth-child(1) &gt; .px-6 &gt; .space-y-6 &gt; :nth-child(1) &gt; div.w-full &gt; .relative &gt; .appearance-none&#x27;).should(&#x27;be.visible&#x27;).type(&#x27;Pavan@123&#x27;);\ncy.get(&#x27;.hidden &gt; .mt-6 &gt; :nth-child(1) &gt; .px-6 &gt; .space-y-6 &gt; :nth-child(2) &gt; div.w-full &gt; .relative &gt; .appearance-none&#x27;).should(&#x27;be.visible&#x27;).type(&#x27;Password@123&#x27;);\ncy.get(&#x27;.hidden &gt; .mt-6 &gt; :nth-child(1) &gt; .px-6 &gt; .space-y-6 &gt; :nth-child(3) &gt; div.w-full &gt; .relative &gt; .appearance-none&#x27;).should(&#x27;be.visible&#x27;).type(&#x27;Password@123&#x27;);\ncy.get(&#x27;.hidden &gt; .mt-6 &gt; :nth-child(1) &gt; .px-6 &gt; .space-y-6 &gt; .pt-5 &gt; #update-password&#x27;).should(&#x27;be.visible&#x27;).should(&#x27;have.text&#x27;, &#x27;Change Password&#x27;).click();\ncy.contains(&#x27;Old password incorrect&#x27;);&quot;,&quot;err&quot;:{&quot;message&quot;:&quot;AssertionError: Timed out retrying after 15000ms: Expected to find element: `.hidden &gt; .mt-6 &gt; :nth-child(1) &gt; .px-6 &gt; .space-y-6 &gt; .pt-5 &gt; #update-password`, but never found it.&quot;,&quot;estack&quot;:&quot;AssertionError: Timed out retrying after 15000ms: Expected to find element: `.hidden &gt; .mt-6 &gt; :nth-child(1) &gt; .px-6 &gt; .space-y-6 &gt; .pt-5 &gt; #update-password`, but never found it.\n    at Context.eval (http://localhost:65345/__cypress/tests?p=cypress\\integration\\Patient_Testcases\\07_Profile_AccountSettings.spec.js:159:95)&quot;},&quot;uuid&quot;:&quot;8bff0041-163f-4913-be41-7fb02c0d887c&quot;,&quot;parentUUID&quot;:&quot;f10ecc44-9d19-4bfc-a414-7119b297c274&quot;,&quot;isHook&quot;:false,&quot;skipped&quot;:false},{&quot;title&quot;:&quot;Error message should be displayed if current password and new password are same&quot;,&quot;fullTitle&quot;:&quot;Account settings Module Test Cases Error message should be displayed if current password and new password are same&quot;,&quot;duration&quot;:15253,&quot;state&quot;:&quot;failed&quot;,&quot;pass&quot;:false,&quot;fail&quot;:true,&quot;pending&quot;:false,&quot;code&quot;:&quot;cy.get(&#x27;.hidden &gt; .mt-6 &gt; :nth-child(1) &gt; .px-6 &gt; .space-y-6 &gt; :nth-child(1) &gt; div.w-full &gt; .relative &gt; .appearance-none&#x27;).should(&#x27;be.visible&#x27;).type(&#x27;Password@123&#x27;);\ncy.get(&#x27;.hidden &gt; .mt-6 &gt; :nth-child(1) &gt; .px-6 &gt; .space-y-6 &gt; :nth-child(2) &gt; div.w-full &gt; .relative &gt; .appearance-none&#x27;).should(&#x27;be.visible&#x27;).type(&#x27;Password@123&#x27;);\ncy.get(&#x27;.hidden &gt; .mt-6 &gt; :nth-child(1) &gt; .px-6 &gt; .space-y-6 &gt; :nth-child(3) &gt; div.w-full &gt; .relative &gt; .appearance-none&#x27;).should(&#x27;be.visible&#x27;).type(&#x27;Password@123&#x27;);\ncy.get(&#x27;.hidden &gt; .mt-6 &gt; :nth-child(1) &gt; .px-6 &gt; .space-y-6 &gt; .pt-5 &gt; #update-password&#x27;).should(&#x27;be.visible&#x27;).should(&#x27;have.text&#x27;, &#x27;Change Password&#x27;).click();\ncy.get(&#x27;.text-red-600&#x27;).should(&#x27;be.visible&#x27;).should(&#x27;have.text&#x27;, &#x27;Old and new password can not be the same&#x27;);&quot;,&quot;err&quot;:{&quot;message&quot;:&quot;AssertionError: Timed out retrying after 15000ms: Expected to find element: `.hidden &gt; .mt-6 &gt; :nth-child(1) &gt; .px-6 &gt; .space-y-6 &gt; :nth-child(1) &gt; div.w-full &gt; .relative &gt; .appearance-none`, but never found it.&quot;,&quot;estack&quot;:&quot;AssertionError: Timed out retrying after 15000ms: Expected to find element: `.hidden &gt; .mt-6 &gt; :nth-child(1) &gt; .px-6 &gt; .space-y-6 &gt; :nth-child(1) &gt; div.w-full &gt; .relative &gt; .appearance-none`, but never found it.\n    at Context.eval (http://localhost:65345/__cypress/tests?p=cypress\\integration\\Patient_Testcases\\07_Profile_AccountSettings.spec.js:170:128)&quot;},&quot;uuid&quot;:&quot;a0d525d3-c504-49df-9d0d-60a49d770b78&quot;,&quot;parentUUID&quot;:&quot;f10ecc44-9d19-4bfc-a414-7119b297c274&quot;,&quot;isHook&quot;:false,&quot;skipped&quot;:false},{&quot;title&quot;:&quot;Error message should be displayed if both new password and retype password are not matching&quot;,&quot;fullTitle&quot;:&quot;Account settings Module Test Cases Error message should be displayed if both new password and retype password are not matching&quot;,&quot;duration&quot;:15211,&quot;state&quot;:&quot;failed&quot;,&quot;pass&quot;:false,&quot;fail&quot;:true,&quot;pending&quot;:false,&quot;code&quot;:&quot;cy.get(&#x27;.hidden &gt; .mt-6 &gt; :nth-child(1) &gt; .px-6 &gt; .space-y-6 &gt; :nth-child(1) &gt; div.w-full &gt; .relative &gt; .appearance-none&#x27;).should(&#x27;be.visible&#x27;).clear().type(&#x27;Password@123&#x27;);\ncy.get(&#x27;.hidden &gt; .mt-6 &gt; :nth-child(1) &gt; .px-6 &gt; .space-y-6 &gt; :nth-child(2) &gt; div.w-full &gt; .relative &gt; .appearance-none&#x27;).should(&#x27;be.visible&#x27;).clear().type(&#x27;Password@1234&#x27;);\ncy.get(&#x27;.hidden &gt; .mt-6 &gt; :nth-child(1) &gt; .px-6 &gt; .space-y-6 &gt; :nth-child(3) &gt; div.w-full &gt; .relative &gt; .appearance-none&#x27;).should(&#x27;be.visible&#x27;).clear().type(&#x27;Password@12345&#x27;);\ncy.get(&#x27;.text-red-600&#x27;).should(&#x27;be.visible&#x27;).should(&#x27;have.text&#x27;, &#x27;Both passwords need to be the same&#x27;);&quot;,&quot;err&quot;:{&quot;message&quot;:&quot;AssertionError: Timed out retrying after 15000ms: Expected to find element: `.hidden &gt; .mt-6 &gt; :nth-child(1) &gt; .px-6 &gt; .space-y-6 &gt; :nth-child(1) &gt; div.w-full &gt; .relative &gt; .appearance-none`, but never found it.&quot;,&quot;estack&quot;:&quot;AssertionError: Timed out retrying after 15000ms: Expected to find element: `.hidden &gt; .mt-6 &gt; :nth-child(1) &gt; .px-6 &gt; .space-y-6 &gt; :nth-child(1) &gt; div.w-full &gt; .relative &gt; .appearance-none`, but never found it.\n    at Context.eval (http://localhost:65345/__cypress/tests?p=cypress\\integration\\Patient_Testcases\\07_Profile_AccountSettings.spec.js:177:128)&quot;},&quot;uuid&quot;:&quot;04bb6116-a307-4853-992a-72a8f22e97c0&quot;,&quot;parentUUID&quot;:&quot;f10ecc44-9d19-4bfc-a414-7119b297c274&quot;,&quot;isHook&quot;:false,&quot;skipped&quot;:false},{&quot;title&quot;:&quot;The user should geta a popup window to the change password page by clicking on change password tab&quot;,&quot;fullTitle&quot;:&quot;Account settings Module Test Cases The user should geta a popup window to the change password page by clicking on change password tab&quot;,&quot;duration&quot;:15241,&quot;state&quot;:&quot;failed&quot;,&quot;pass&quot;:false,&quot;fail&quot;:true,&quot;pending&quot;:false,&quot;code&quot;:&quot;cy.get(&#x27;.hidden &gt; .mt-6 &gt; :nth-child(1) &gt; .px-6 &gt; .space-y-6 &gt; :nth-child(1) &gt; div.w-full &gt; .relative &gt; .appearance-none&#x27;).should(&#x27;be.visible&#x27;).clear().type(&#x27;Password@123&#x27;);\ncy.get(&#x27;.hidden &gt; .mt-6 &gt; :nth-child(1) &gt; .px-6 &gt; .space-y-6 &gt; :nth-child(2) &gt; div.w-full &gt; .relative &gt; .appearance-none&#x27;).should(&#x27;be.visible&#x27;).clear().type(&#x27;Password@1234&#x27;);\ncy.get(&#x27;.hidden &gt; .mt-6 &gt; :nth-child(1) &gt; .px-6 &gt; .space-y-6 &gt; :nth-child(3) &gt; div.w-full &gt; .relative &gt; .appearance-none&#x27;).should(&#x27;be.visible&#x27;).clear().type(&#x27;Password@1234&#x27;);\ncy.get(&#x27;.hidden &gt; .mt-6 &gt; :nth-child(1) &gt; .px-6 &gt; .space-y-6 &gt; .pt-5 &gt; #update-password&#x27;).should(&#x27;be.visible&#x27;).should(&#x27;have.text&#x27;, &#x27;Change Password&#x27;).click();\ncy.contains(&#x27;Password changed successfully&#x27;);\ncy.get(&#x27;.bg-white &gt; .mx-auto &gt; .w-44&#x27;).click();\ncy.get(&#x27;:nth-child(1) &gt; .mt-1 &gt; .appearance-none&#x27;).type(cred.pemail);\ncy.get(&#x27;:nth-child(2) &gt; .mt-1 &gt; .appearance-none&#x27;).type(&#x27;Password@1234&#x27;);\ncy.get(&#x27;.border-2&#x27;).click();\ncy.get(&#x27;.p-1 &gt; .h-7&#x27;).should(&#x27;be.visible&#x27;).click();\ncy.get(&#x27;.space-y-8 &gt; :nth-child(3)&#x27;).should(&#x27;be.visible&#x27;).click();\ncy.get(&#x27;.flex-wrap &gt; :nth-child(1)&#x27;).should(&#x27;be.visible&#x27;).should(&#x27;have.text&#x27;, &#x27;Change Password&#x27;).click();\ncy.get(&#x27;.hidden &gt; .mt-6 &gt; :nth-child(1) &gt; .px-6 &gt; .space-y-6 &gt; :nth-child(1) &gt; div.w-full &gt; .relative &gt; .appearance-none&#x27;).should(&#x27;be.visible&#x27;).type(&#x27;Password@1234&#x27;);\ncy.get(&#x27;.hidden &gt; .mt-6 &gt; :nth-child(1) &gt; .px-6 &gt; .space-y-6 &gt; :nth-child(2) &gt; div.w-full &gt; .relative &gt; .appearance-none&#x27;).should(&#x27;be.visible&#x27;).type(&#x27;Password@123&#x27;);\ncy.get(&#x27;.hidden &gt; .mt-6 &gt; :nth-child(1) &gt; .px-6 &gt; .space-y-6 &gt; :nth-child(3) &gt; div.w-full &gt; .relative &gt; .appearance-none&#x27;).should(&#x27;be.visible&#x27;).type(&#x27;Password@123&#x27;);\ncy.get(&#x27;.hidden &gt; .mt-6 &gt; :nth-child(1) &gt; .px-6 &gt; .space-y-6 &gt; .pt-5 &gt; #update-password&#x27;).should(&#x27;be.visible&#x27;).should(&#x27;have.text&#x27;, &#x27;Change Password&#x27;).click();&quot;,&quot;err&quot;:{&quot;message&quot;:&quot;AssertionError: Timed out retrying after 15000ms: Expected to find element: `.hidden &gt; .mt-6 &gt; :nth-child(1) &gt; .px-6 &gt; .space-y-6 &gt; :nth-child(1) &gt; div.w-full &gt; .relative &gt; .appearance-none`, but never found it.&quot;,&quot;estack&quot;:&quot;AssertionError: Timed out retrying after 15000ms: Expected to find element: `.hidden &gt; .mt-6 &gt; :nth-child(1) &gt; .px-6 &gt; .space-y-6 &gt; :nth-child(1) &gt; div.w-full &gt; .relative &gt; .appearance-none`, but never found it.\n    at Context.eval (http://localhost:65345/__cypress/tests?p=cypress\\integration\\Patient_Testcases\\07_Profile_AccountSettings.spec.js:183:128)&quot;},&quot;uuid&quot;:&quot;f7819263-11e9-4bf0-a2cb-e3def8d8adac&quot;,&quot;parentUUID&quot;:&quot;f10ecc44-9d19-4bfc-a414-7119b297c274&quot;,&quot;isHook&quot;:false,&quot;skipped&quot;:false}],&quot;suites&quot;:[],&quot;passes&quot;:[],&quot;failures&quot;:[&quot;51bad0a7-da02-48ad-8f14-a8767b70b56f&quot;,&quot;7d3fa0b4-cfaa-44f5-bcf2-74b7bce79aa1&quot;,&quot;3e6e89f4-7dd3-429c-a6bc-9ebfa360c3a5&quot;,&quot;51d8792f-1951-4e57-bba2-9f269669d7bc&quot;,&quot;8bff0041-163f-4913-be41-7fb02c0d887c&quot;,&quot;a0d525d3-c504-49df-9d0d-60a49d770b78&quot;,&quot;04bb6116-a307-4853-992a-72a8f22e97c0&quot;,&quot;f7819263-11e9-4bf0-a2cb-e3def8d8adac&quot;],&quot;pending&quot;:[],&quot;skipped&quot;:[],&quot;duration&quot;:111937,&quot;root&quot;:false,&quot;rootEmpty&quot;:false,&quot;_timeout&quot;:2000}],&quot;passes&quot;:[],&quot;failures&quot;:[],&quot;pending&quot;:[],&quot;skipped&quot;:[],&quot;duration&quot;:0,&quot;root&quot;:true,&quot;rootEmpty&quot;:true,&quot;_timeout&quot;:2000}],&quot;meta&quot;:{&quot;mocha&quot;:{&quot;version&quot;:&quot;7.0.1&quot;},&quot;mochawesome&quot;:{&quot;options&quot;:{&quot;quiet&quot;:false,&quot;reportFilename&quot;:&quot;report&quot;,&quot;saveHtml&quot;:true,&quot;saveJson&quot;:true,&quot;consoleReporter&quot;:&quot;spec&quot;,&quot;useInlineDiffs&quot;:false,&quot;code&quot;:true},&quot;version&quot;:&quot;7.0.1&quot;},&quot;marge&quot;:{&quot;options&quot;:{&quot;reportDir&quot;:&quot;cypress/reports&quot;,&quot;reportFilename&quot;:&quot;report&quot;,&quot;overwrite&quot;:false,&quot;html&quot;:true,&quot;json&quot;:true,&quot;charts&quot;:true},&quot;version&quot;:&quot;6.0.1&quot;}}}" data-config="{&quot;reportFilename&quot;:&quot;report&quot;,&quot;reportDir&quot;:&quot;cypress/reports&quot;,&quot;reportTitle&quot;:&quot;LxMedical&quot;,&quot;reportPageTitle&quot;:&quot;Mochawesome Report&quot;,&quot;inline&quot;:false,&quot;inlineAssets&quot;:false,&quot;cdn&quot;:false,&quot;charts&quot;:true,&quot;enableCharts&quot;:true,&quot;code&quot;:true,&quot;enableCode&quot;:true,&quot;autoOpen&quot;:false,&quot;overwrite&quot;:false,&quot;timestamp&quot;:false,&quot;ts&quot;:false,&quot;showPassed&quot;:true,&quot;showFailed&quot;:true,&quot;showPending&quot;:true,&quot;showSkipped&quot;:false,&quot;showHooks&quot;:&quot;failed&quot;,&quot;saveJson&quot;:true,&quot;saveHtml&quot;:true,&quot;dev&quot;:false,&quot;assetsDir&quot;:&quot;cypress\\reports\\assets&quot;,&quot;jsonFile&quot;:&quot;C:\\LX Medical\\LxMedical\\cypress\\reports\\report.json&quot;,&quot;htmlFile&quot;:&quot;C:\\LX Medical\\LxMedical\\cypress\\reports\\report.html&quot;}"><div id="report"></div><script src="assets\app.js"></script></body></html>