<!doctype html>
<html lang="en"><head><meta charSet="utf-8"/><meta http-equiv="X-UA-Compatible" content="IE=edge"/><meta name="viewport" content="width=device-width, initial-scale=1"/><title>Mochawesome Report</title><link rel="stylesheet" href="assets\app.css"/></head><body data-raw="{&quot;stats&quot;:{&quot;suites&quot;:1,&quot;tests&quot;:32,&quot;passes&quot;:0,&quot;pending&quot;:0,&quot;failures&quot;:32,&quot;start&quot;:&quot;2023-04-04T17:59:32.524Z&quot;,&quot;end&quot;:&quot;2023-04-04T18:11:12.626Z&quot;,&quot;duration&quot;:700102,&quot;testsRegistered&quot;:32,&quot;passPercent&quot;:0,&quot;pendingPercent&quot;:0,&quot;other&quot;:0,&quot;hasOther&quot;:false,&quot;skipped&quot;:0,&quot;hasSkipped&quot;:false},&quot;results&quot;:[{&quot;uuid&quot;:&quot;33df3e8a-609f-4190-bf52-5d66a9082b8d&quot;,&quot;title&quot;:&quot;&quot;,&quot;fullFile&quot;:&quot;cypress\\e2e\\Admin_Testcases\\12_Provider_Services.spec.js&quot;,&quot;file&quot;:&quot;cypress\\e2e\\Admin_Testcases\\12_Provider_Services.spec.js&quot;,&quot;beforeHooks&quot;:[],&quot;afterHooks&quot;:[],&quot;tests&quot;:[],&quot;suites&quot;:[{&quot;uuid&quot;:&quot;846f7628-a717-41a1-afb9-ee7b1d0290c5&quot;,&quot;title&quot;:&quot;Provider Services module testcases&quot;,&quot;fullFile&quot;:&quot;&quot;,&quot;file&quot;:&quot;&quot;,&quot;beforeHooks&quot;:[],&quot;afterHooks&quot;:[],&quot;tests&quot;:[{&quot;title&quot;:&quot;As a Admin the user should be navigated to the Provider services page by clicking \&quot;Patient Services\&quot; tab.&quot;,&quot;fullTitle&quot;:&quot;Provider Services module testcases As a Admin the user should be navigated to the Provider services page by clicking \&quot;Patient Services\&quot; tab.&quot;,&quot;duration&quot;:45759,&quot;state&quot;:&quot;failed&quot;,&quot;pass&quot;:false,&quot;fail&quot;:true,&quot;pending&quot;:false,&quot;code&quot;:&quot;cy.login(cred.email, cred.password);\ncy.url().should(&#x27;contain&#x27;, &#x27;/dashboard&#x27;);\ncy.get(&#x27;.space-y-4 &gt; :nth-child(7)&#x27;).should(&#x27;be.visible&#x27;).should(&#x27;contain&#x27;, &#x27;Provider Services&#x27;).click();\ncy.url().should(&#x27;contain&#x27;, &#x27;/provider_services&#x27;);&quot;,&quot;err&quot;:{&quot;message&quot;:&quot;AssertionError: Timed out retrying after 20000ms: Expected to find element: `//*[@class=&#x27;my-4&#x27;]/div[1]`, but never found it.&quot;,&quot;estack&quot;:&quot;AssertionError: Timed out retrying after 20000ms: Expected to find element: `//*[@class=&#x27;my-4&#x27;]/div[1]`, but never found it.\n    at Context.eval (https://qa.rch.build-release.com/__cypress/tests?p=cypress\\support\\e2e.js:2598:41)&quot;},&quot;uuid&quot;:&quot;99c3b1f8-99c8-43bc-acb9-66bb78c4ba67&quot;,&quot;parentUUID&quot;:&quot;846f7628-a717-41a1-afb9-ee7b1d0290c5&quot;,&quot;isHook&quot;:false,&quot;skipped&quot;:false},{&quot;title&quot;:&quot;At Patient Services page each label and field should have proper label and validations&quot;,&quot;fullTitle&quot;:&quot;Provider Services module testcases At Patient Services page each label and field should have proper label and validations&quot;,&quot;duration&quot;:20758,&quot;state&quot;:&quot;failed&quot;,&quot;pass&quot;:false,&quot;fail&quot;:true,&quot;pending&quot;:false,&quot;code&quot;:&quot;cy.get(&#x27;.text-xl&#x27;).should(&#x27;be.visible&#x27;).should(&#x27;have.text&#x27;, &#x27;Provider Services List&#x27;);\ncy.get(&#x27;[type=search]&#x27;).should(&#x27;be.visible&#x27;).invoke(&#x27;attr&#x27;, &#x27;placeholder&#x27;).should(&#x27;contain&#x27;, &#x27;Search Services&#x27;);\ncy.get(&#x27;[textid=\&quot;admin.dx.codes\&quot;]&#x27;).should(&#x27;be.visible&#x27;).should(&#x27;have.text&#x27;, &#x27;DX-Codes&#x27;);\ncy.get(&#x27;[textid=\&quot;inactive.service\&quot;]&#x27;).should(&#x27;be.visible&#x27;).should(&#x27;have.text&#x27;, &#x27;Inactive Services&#x27;);\ncy.get(&#x27;[textid=\&quot;add.service\&quot;]&#x27;).should(&#x27;be.visible&#x27;).should(&#x27;have.text&#x27;, &#x27;Add Service&#x27;);\ncy.get(&#x27;thead &gt; tr &gt; :nth-child(1)&#x27;).should(&#x27;be.visible&#x27;).should(&#x27;have.text&#x27;, &#x27;Service Name&#x27;);\ncy.get(&#x27;thead &gt; tr &gt; :nth-child(2)&#x27;).should(&#x27;be.visible&#x27;).should(&#x27;have.text&#x27;, &#x27;CPT Code&#x27;);\ncy.get(&#x27;thead &gt; tr &gt; :nth-child(3)&#x27;).should(&#x27;be.visible&#x27;).should(&#x27;have.text&#x27;, &#x27;Service Category&#x27;);\ncy.get(&#x27;thead &gt; tr &gt; :nth-child(4)&#x27;).should(&#x27;be.visible&#x27;).should(&#x27;have.text&#x27;, &#x27;Service Rate&#x27;);\ncy.get(&#x27;thead &gt; tr &gt; :nth-child(5)&#x27;).should(&#x27;be.visible&#x27;).should(&#x27;have.text&#x27;, &#x27;Status&#x27;);\ncy.get(&#x27;thead &gt; tr &gt; :nth-child(6)&#x27;).scrollIntoView().should(&#x27;be.visible&#x27;).should(&#x27;have.text&#x27;, &#x27;Action&#x27;);\ncy.get(&#x27;.mt-1:nth-child(2)&#x27;).should(&#x27;be.visible&#x27;).should(&#x27;have.text&#x27;, &#x27;Next&#x27;);&quot;,&quot;err&quot;:{&quot;message&quot;:&quot;AssertionError: Timed out retrying after 20000ms: Expected to find element: `.text-xl`, but never found it.&quot;,&quot;estack&quot;:&quot;AssertionError: Timed out retrying after 20000ms: Expected to find element: `.text-xl`, but never found it.\n    at Context.eval (https://qa.rch.build-release.com/__cypress/tests?p=cypress\\e2e\\Admin_Testcases\\12_Provider_Services.spec.js:132:24)&quot;},&quot;uuid&quot;:&quot;155f7d0a-9a6c-4294-8251-a5cef573b82c&quot;,&quot;parentUUID&quot;:&quot;846f7628-a717-41a1-afb9-ee7b1d0290c5&quot;,&quot;isHook&quot;:false,&quot;skipped&quot;:false},{&quot;title&quot;:&quot;As a Admin the user should get add service pop up window by clicking on \&quot;Add Service\&quot; button&quot;,&quot;fullTitle&quot;:&quot;Provider Services module testcases As a Admin the user should get add service pop up window by clicking on \&quot;Add Service\&quot; button&quot;,&quot;duration&quot;:20592,&quot;state&quot;:&quot;failed&quot;,&quot;pass&quot;:false,&quot;fail&quot;:true,&quot;pending&quot;:false,&quot;code&quot;:&quot;cy.get(&#x27;[textid=\&quot;add.service\&quot;]&#x27;).should(&#x27;be.visible&#x27;).should(&#x27;have.text&#x27;, &#x27;Add Service&#x27;).click();\ncy.xpath(&#x27;//div[1]/h3/div/div&#x27;).should(&#x27;be.visible&#x27;).should(&#x27;have.text&#x27;, &#x27;Add Service&#x27;);\ncy.get(&#x27;div.hidden&gt;h3&gt;div&gt;svg&#x27;).should(&#x27;be.visible&#x27;);&quot;,&quot;err&quot;:{&quot;message&quot;:&quot;AssertionError: Timed out retrying after 20000ms: Expected to find element: `[textid=\&quot;add.service\&quot;]`, but never found it.&quot;,&quot;estack&quot;:&quot;AssertionError: Timed out retrying after 20000ms: Expected to find element: `[textid=\&quot;add.service\&quot;]`, but never found it.\n    at Context.eval (https://qa.rch.build-release.com/__cypress/tests?p=cypress\\e2e\\Admin_Testcases\\12_Provider_Services.spec.js:147:38)&quot;},&quot;uuid&quot;:&quot;dd938e5e-36b7-45d0-af82-48efad2d669e&quot;,&quot;parentUUID&quot;:&quot;846f7628-a717-41a1-afb9-ee7b1d0290c5&quot;,&quot;isHook&quot;:false,&quot;skipped&quot;:false},{&quot;title&quot;:&quot;At Add Service pop up window each label and field should have proper label and validations&quot;,&quot;fullTitle&quot;:&quot;Provider Services module testcases At Add Service pop up window each label and field should have proper label and validations&quot;,&quot;duration&quot;:20449,&quot;state&quot;:&quot;failed&quot;,&quot;pass&quot;:false,&quot;fail&quot;:true,&quot;pending&quot;:false,&quot;code&quot;:&quot;cy.xpath(&#x27;//div[1]/h3/div/div&#x27;).should(&#x27;be.visible&#x27;).should(&#x27;have.text&#x27;, &#x27;Add Service&#x27;);\ncy.get(&#x27;div.hidden&gt;h3&gt;div&gt;svg&#x27;).should(&#x27;be.visible&#x27;);\ncy.xpath(&#x27;//div[1]/form[1]/div[1]/div[1]/div[1]&#x27;).should(&#x27;be.visible&#x27;).should(&#x27;have.text&#x27;, &#x27;Service Category&#x27;);\ncy.xpath(&#x27;//div[1]/form[1]/div[1]/div[2]/label&#x27;).should(&#x27;be.visible&#x27;).should(&#x27;have.text&#x27;, &#x27;CPT Code&#x27;);\ncy.xpath(&#x27;//div[1]/form[1]/div[1]/div[1]/div[2]&#x27;).should(&#x27;be.visible&#x27;);\ncy.xpath(&#x27;//div[1]/form[1]/div[1]/div[2]/div[1]&#x27;).should(&#x27;be.visible&#x27;);\ncy.xpath(&#x27;//div[1]/form[1]/div[2]/div[1]/label&#x27;).should(&#x27;be.visible&#x27;).should(&#x27;have.text&#x27;, &#x27;Service Name&#x27;);\ncy.xpath(&#x27;//div[1]/form[1]/div[2]/div[2]/label&#x27;).should(&#x27;be.visible&#x27;).should(&#x27;have.text&#x27;, &#x27;Service Rate&#x27;);\ncy.xpath(&#x27;//div[1]/form[1]/div[2]/div[1]/div[1]&#x27;).should(&#x27;be.visible&#x27;);\ncy.xpath(&#x27;//div[1]/form[1]/div[2]/div[2]/div[1]&#x27;).should(&#x27;be.visible&#x27;);\ncy.xpath(&#x27;//div[1]/form[1]/button&#x27;).should(&#x27;be.visible&#x27;).should(&#x27;contain&#x27;, &#x27;Save Details&#x27;).click();\ncy.wait(4000);\ncy.xpath(&#x27;//div[1]/form[1]/div[1]/div[1]/div[3]&#x27;).should(&#x27;be.visible&#x27;).should(&#x27;have.text&#x27;, &#x27;Required&#x27;);\ncy.xpath(&#x27;//div[1]/form[1]/div[1]/div[2]/div[2]&#x27;).should(&#x27;be.visible&#x27;).should(&#x27;have.text&#x27;, &#x27;Required&#x27;);\ncy.xpath(&#x27;//div[1]/form[1]/div[2]/div[1]/div[2]&#x27;).should(&#x27;be.visible&#x27;).should(&#x27;have.text&#x27;, &#x27;Required&#x27;);\ncy.xpath(&#x27;//div[1]/form[1]/div[2]/div[1]/div[2]&#x27;).should(&#x27;be.visible&#x27;).should(&#x27;have.text&#x27;, &#x27;Required&#x27;);&quot;,&quot;err&quot;:{&quot;message&quot;:&quot;AssertionError: Timed out retrying after 20000ms: Expected to find element: `//div[1]/h3/div/div`, but never found it.&quot;,&quot;estack&quot;:&quot;AssertionError: Timed out retrying after 20000ms: Expected to find element: `//div[1]/h3/div/div`, but never found it.\n    at Context.eval (https://qa.rch.build-release.com/__cypress/tests?p=cypress\\e2e\\Admin_Testcases\\12_Provider_Services.spec.js:152:37)&quot;},&quot;uuid&quot;:&quot;83d390ee-efa6-41cf-99f5-8eff1bb2d291&quot;,&quot;parentUUID&quot;:&quot;846f7628-a717-41a1-afb9-ee7b1d0290c5&quot;,&quot;isHook&quot;:false,&quot;skipped&quot;:false},{&quot;title&quot;:&quot;After filling Add services form and by clicking save details button the user should able to add the service&quot;,&quot;fullTitle&quot;:&quot;Provider Services module testcases After filling Add services form and by clicking save details button the user should able to add the service&quot;,&quot;duration&quot;:20324,&quot;state&quot;:&quot;failed&quot;,&quot;pass&quot;:false,&quot;fail&quot;:true,&quot;pending&quot;:false,&quot;code&quot;:&quot;cy.xpath(&#x27;//div[1]/form[1]/div[1]/div[1]/div[2]&#x27;).should(&#x27;be.visible&#x27;).click();\ncy.get(&#x27;.css-11unzgr&gt;div:nth-child(1)&#x27;).click();\ncy.xpath(&#x27;//div[1]/form[1]/div[1]/div[2]/div[1]&#x27;).should(&#x27;be.visible&#x27;).type(&#x27;35242&#x27;);\ncy.xpath(&#x27;//div[1]/form[1]/div[2]/div[1]/div[1]&#x27;).should(&#x27;be.visible&#x27;).type(&#x27;Rapid Test&#x27;);\ncy.xpath(&#x27;//div[1]/form[1]/div[2]/div[2]/div[1]&#x27;).should(&#x27;be.visible&#x27;).type(&#x27;199&#x27;);\ncy.xpath(&#x27;//div[1]/form[1]/button&#x27;).should(&#x27;be.visible&#x27;).should(&#x27;contain&#x27;, &#x27;Save Details&#x27;).click();\ncy.contains(&#x27;Provider Service Added successfully&#x27;);\ncy.wait(4000);&quot;,&quot;err&quot;:{&quot;message&quot;:&quot;AssertionError: Timed out retrying after 20000ms: Expected to find element: `//div[1]/form[1]/div[1]/div[1]/div[2]`, but never found it.&quot;,&quot;estack&quot;:&quot;AssertionError: Timed out retrying after 20000ms: Expected to find element: `//div[1]/form[1]/div[1]/div[1]/div[2]`, but never found it.\n    at Context.eval (https://qa.rch.build-release.com/__cypress/tests?p=cypress\\e2e\\Admin_Testcases\\12_Provider_Services.spec.js:170:55)&quot;},&quot;uuid&quot;:&quot;623680cd-2151-40b0-8b99-50c49de518dc&quot;,&quot;parentUUID&quot;:&quot;846f7628-a717-41a1-afb9-ee7b1d0290c5&quot;,&quot;isHook&quot;:false,&quot;skipped&quot;:false},{&quot;title&quot;:&quot;The added service should reflect instantly under services page&quot;,&quot;fullTitle&quot;:&quot;Provider Services module testcases The added service should reflect instantly under services page&quot;,&quot;duration&quot;:20642,&quot;state&quot;:&quot;failed&quot;,&quot;pass&quot;:false,&quot;fail&quot;:true,&quot;pending&quot;:false,&quot;code&quot;:&quot;cy.get(&#x27;tr:nth-child(1) &gt; td:nth-child(1)&#x27;).should(&#x27;be.visible&#x27;).should(&#x27;have.text&#x27;, &#x27;Rapid Test&#x27;);\ncy.get(&#x27;tr:nth-child(1) &gt; td:nth-child(2)&#x27;).should(&#x27;be.visible&#x27;).should(&#x27;have.text&#x27;, &#x27;35242&#x27;);\ncy.get(&#x27;tr:nth-child(1) &gt; td:nth-child(3) &gt; p&#x27;).should(&#x27;be.visible&#x27;).should(&#x27;have.text&#x27;, &#x27;IV Fluids&#x27;);\ncy.get(&#x27;tr:nth-child(1) &gt; td:nth-child(4)&#x27;).should(&#x27;be.visible&#x27;).should(&#x27;have.text&#x27;, &#x27;$199&#x27;);&quot;,&quot;err&quot;:{&quot;message&quot;:&quot;AssertionError: Timed out retrying after 20000ms: Expected to find element: `tr:nth-child(1) &gt; td:nth-child(1)`, but never found it.&quot;,&quot;estack&quot;:&quot;AssertionError: Timed out retrying after 20000ms: Expected to find element: `tr:nth-child(1) &gt; td:nth-child(1)`, but never found it.\n    at Context.eval (https://qa.rch.build-release.com/__cypress/tests?p=cypress\\e2e\\Admin_Testcases\\12_Provider_Services.spec.js:180:49)&quot;},&quot;uuid&quot;:&quot;b8a7b08c-8e51-4e93-9493-41ce78f1d2b5&quot;,&quot;parentUUID&quot;:&quot;846f7628-a717-41a1-afb9-ee7b1d0290c5&quot;,&quot;isHook&quot;:false,&quot;skipped&quot;:false},{&quot;title&quot;:&quot;As a Admin the user can able to search a particular service through search box&quot;,&quot;fullTitle&quot;:&quot;Provider Services module testcases As a Admin the user can able to search a particular service through search box&quot;,&quot;duration&quot;:20677,&quot;state&quot;:&quot;failed&quot;,&quot;pass&quot;:false,&quot;fail&quot;:true,&quot;pending&quot;:false,&quot;code&quot;:&quot;cy.get(&#x27;[type=search]&#x27;).should(&#x27;be.visible&#x27;).type(&#x27;Rapid Test&#x27;);\ncy.wait(4000);\ncy.get(&#x27;tr:nth-child(1) &gt; td:nth-child(1)&#x27;).should(&#x27;be.visible&#x27;).should(&#x27;have.text&#x27;, &#x27;Rapid Test&#x27;);\ncy.get(&#x27;[type=search]&#x27;).should(&#x27;be.visible&#x27;).clear();\ncy.wait(4000);&quot;,&quot;err&quot;:{&quot;message&quot;:&quot;AssertionError: Timed out retrying after 20000ms: Expected to find element: `[type=search]`, but never found it.&quot;,&quot;estack&quot;:&quot;AssertionError: Timed out retrying after 20000ms: Expected to find element: `[type=search]`, but never found it.\n    at Context.eval (https://qa.rch.build-release.com/__cypress/tests?p=cypress\\e2e\\Admin_Testcases\\12_Provider_Services.spec.js:187:29)&quot;},&quot;uuid&quot;:&quot;be42d6c1-d1bf-4647-9392-f2462b5651ff&quot;,&quot;parentUUID&quot;:&quot;846f7628-a717-41a1-afb9-ee7b1d0290c5&quot;,&quot;isHook&quot;:false,&quot;skipped&quot;:false},{&quot;title&quot;:&quot;As a Admin the user should get Update service pop up window by clicking on edit icon against the particular service&quot;,&quot;fullTitle&quot;:&quot;Provider Services module testcases As a Admin the user should get Update service pop up window by clicking on edit icon against the particular service&quot;,&quot;duration&quot;:20582,&quot;state&quot;:&quot;failed&quot;,&quot;pass&quot;:false,&quot;fail&quot;:true,&quot;pending&quot;:false,&quot;code&quot;:&quot;cy.get(&#x27;tr:nth-child(1) &gt; td:nth-child(6)&gt;div&gt;span&#x27;).scrollIntoView().should(&#x27;be.visible&#x27;).click();\ncy.wait(2000);\ncy.xpath(&#x27;//div[1]/h3/div/div&#x27;).should(&#x27;be.visible&#x27;).should(&#x27;have.text&#x27;, &#x27;Update Service&#x27;);&quot;,&quot;err&quot;:{&quot;message&quot;:&quot;AssertionError: Timed out retrying after 20000ms: Expected to find element: `tr:nth-child(1) &gt; td:nth-child(6)&gt;div&gt;span`, but never found it.&quot;,&quot;estack&quot;:&quot;AssertionError: Timed out retrying after 20000ms: Expected to find element: `tr:nth-child(1) &gt; td:nth-child(6)&gt;div&gt;span`, but never found it.\n    at Context.eval (https://qa.rch.build-release.com/__cypress/tests?p=cypress\\e2e\\Admin_Testcases\\12_Provider_Services.spec.js:195:8)&quot;},&quot;uuid&quot;:&quot;5b378211-8fb3-4a0f-b207-325c4bce1bc0&quot;,&quot;parentUUID&quot;:&quot;846f7628-a717-41a1-afb9-ee7b1d0290c5&quot;,&quot;isHook&quot;:false,&quot;skipped&quot;:false},{&quot;title&quot;:&quot;At Update Service pop up window each label and field should have proper label and validations&quot;,&quot;fullTitle&quot;:&quot;Provider Services module testcases At Update Service pop up window each label and field should have proper label and validations&quot;,&quot;duration&quot;:20645,&quot;state&quot;:&quot;failed&quot;,&quot;pass&quot;:false,&quot;fail&quot;:true,&quot;pending&quot;:false,&quot;code&quot;:&quot;cy.xpath(&#x27;//div[1]/h3/div/div&#x27;).should(&#x27;be.visible&#x27;).should(&#x27;have.text&#x27;, &#x27;Update Service&#x27;);\ncy.get(&#x27;div.hidden&gt;h3&gt;div&gt;svg&#x27;).should(&#x27;be.visible&#x27;);\ncy.xpath(&#x27;//div[1]/form[1]/div[1]/div[1]/div[1]&#x27;).should(&#x27;be.visible&#x27;).should(&#x27;have.text&#x27;, &#x27;Service Category&#x27;);\ncy.xpath(&#x27;//div[1]/form[1]/div[1]/div[2]/label&#x27;).should(&#x27;be.visible&#x27;).should(&#x27;have.text&#x27;, &#x27;CPT Code&#x27;);\ncy.xpath(&#x27;//div[1]/form[1]/div[1]/div[1]/div[2]&#x27;).should(&#x27;be.visible&#x27;);\ncy.xpath(&#x27;//div[1]/form[1]/div[1]/div[2]/div[1]&#x27;).should(&#x27;be.visible&#x27;);\ncy.xpath(&#x27;//div[1]/form[1]/div[2]/div[1]/label&#x27;).should(&#x27;be.visible&#x27;).should(&#x27;have.text&#x27;, &#x27;Service Name&#x27;);\ncy.xpath(&#x27;//div[1]/form[1]/div[2]/div[2]/label&#x27;).should(&#x27;be.visible&#x27;).should(&#x27;have.text&#x27;, &#x27;Service Rate&#x27;);\ncy.xpath(&#x27;//div[1]/form[1]/div[2]/div[1]/div[1]&#x27;).should(&#x27;be.visible&#x27;);\ncy.xpath(&#x27;//div[1]/form[1]/div[2]/div[2]/div[1]&#x27;).should(&#x27;be.visible&#x27;);\ncy.xpath(&#x27;//div[1]/form[1]/button&#x27;).should(&#x27;be.visible&#x27;).should(&#x27;contain&#x27;, &#x27;Save Details&#x27;);\ncy.wait(4000);&quot;,&quot;err&quot;:{&quot;message&quot;:&quot;AssertionError: Timed out retrying after 20000ms: Expected to find element: `//div[1]/h3/div/div`, but never found it.&quot;,&quot;estack&quot;:&quot;AssertionError: Timed out retrying after 20000ms: Expected to find element: `//div[1]/h3/div/div`, but never found it.\n    at Context.eval (https://qa.rch.build-release.com/__cypress/tests?p=cypress\\e2e\\Admin_Testcases\\12_Provider_Services.spec.js:200:37)&quot;},&quot;uuid&quot;:&quot;eff3da56-3cdc-47a5-aaf8-492c5d183283&quot;,&quot;parentUUID&quot;:&quot;846f7628-a717-41a1-afb9-ee7b1d0290c5&quot;,&quot;isHook&quot;:false,&quot;skipped&quot;:false},{&quot;title&quot;:&quot;After doing necessary edits on the edit service form and by clicking save details button the user should able to update the service&quot;,&quot;fullTitle&quot;:&quot;Provider Services module testcases After doing necessary edits on the edit service form and by clicking save details button the user should able to update the service&quot;,&quot;duration&quot;:20413,&quot;state&quot;:&quot;failed&quot;,&quot;pass&quot;:false,&quot;fail&quot;:true,&quot;pending&quot;:false,&quot;code&quot;:&quot;cy.xpath(&#x27;//div[1]/form[1]/div[1]/div[1]/div[2]&#x27;).should(&#x27;be.visible&#x27;).click();\ncy.get(&#x27;.css-11unzgr&gt;div:nth-child(4)&#x27;).click();\ncy.xpath(&#x27;//div[1]/form[1]/div[1]/div[2]/div[1]&#x27;).should(&#x27;be.visible&#x27;).clear().type(&#x27;54456&#x27;);\ncy.xpath(&#x27;//div[1]/form[1]/div[2]/div[1]/div[1]&#x27;).should(&#x27;be.visible&#x27;).clear().type(&#x27; Covid Rapid Test&#x27;);\ncy.xpath(&#x27;//div[1]/form[1]/div[2]/div[2]/div[1]&#x27;).should(&#x27;be.visible&#x27;).clear().type(&#x27;299&#x27;);\ncy.xpath(&#x27;//div[1]/form[1]/button&#x27;).should(&#x27;be.visible&#x27;).should(&#x27;contain&#x27;, &#x27;Save Details&#x27;).click();\ncy.contains(&#x27;Provider Service Updated successfully&#x27;);\ncy.wait(4000);&quot;,&quot;err&quot;:{&quot;message&quot;:&quot;AssertionError: Timed out retrying after 20000ms: Expected to find element: `//div[1]/form[1]/div[1]/div[1]/div[2]`, but never found it.&quot;,&quot;estack&quot;:&quot;AssertionError: Timed out retrying after 20000ms: Expected to find element: `//div[1]/form[1]/div[1]/div[1]/div[2]`, but never found it.\n    at Context.eval (https://qa.rch.build-release.com/__cypress/tests?p=cypress\\e2e\\Admin_Testcases\\12_Provider_Services.spec.js:214:55)&quot;},&quot;uuid&quot;:&quot;8a6ec415-eda3-44e7-9c7a-be70cfc7cf2c&quot;,&quot;parentUUID&quot;:&quot;846f7628-a717-41a1-afb9-ee7b1d0290c5&quot;,&quot;isHook&quot;:false,&quot;skipped&quot;:false},{&quot;title&quot;:&quot;The edited details should reflect instantly under services page&quot;,&quot;fullTitle&quot;:&quot;Provider Services module testcases The edited details should reflect instantly under services page&quot;,&quot;duration&quot;:20584,&quot;state&quot;:&quot;failed&quot;,&quot;pass&quot;:false,&quot;fail&quot;:true,&quot;pending&quot;:false,&quot;code&quot;:&quot;cy.get(&#x27;tr:nth-child(1) &gt; td:nth-child(1)&#x27;).should(&#x27;be.visible&#x27;).should(&#x27;contain&#x27;, &#x27;Covid Rapid Test&#x27;);\ncy.get(&#x27;tr:nth-child(1) &gt; td:nth-child(2)&#x27;).should(&#x27;be.visible&#x27;).should(&#x27;have.text&#x27;, &#x27;54456&#x27;);\ncy.get(&#x27;tr:nth-child(1) &gt; td:nth-child(3) &gt; p&#x27;).should(&#x27;be.visible&#x27;).should(&#x27;have.text&#x27;, &#x27;POC Diagnostics&#x27;);\ncy.get(&#x27;tr:nth-child(1) &gt; td:nth-child(4)&#x27;).should(&#x27;be.visible&#x27;).should(&#x27;have.text&#x27;, &#x27;$299&#x27;);&quot;,&quot;err&quot;:{&quot;message&quot;:&quot;AssertionError: Timed out retrying after 20000ms: Expected to find element: `tr:nth-child(1) &gt; td:nth-child(1)`, but never found it.&quot;,&quot;estack&quot;:&quot;AssertionError: Timed out retrying after 20000ms: Expected to find element: `tr:nth-child(1) &gt; td:nth-child(1)`, but never found it.\n    at Context.eval (https://qa.rch.build-release.com/__cypress/tests?p=cypress\\e2e\\Admin_Testcases\\12_Provider_Services.spec.js:224:49)&quot;},&quot;uuid&quot;:&quot;5a3bfd20-efc1-45ca-a67e-cad984789c6e&quot;,&quot;parentUUID&quot;:&quot;846f7628-a717-41a1-afb9-ee7b1d0290c5&quot;,&quot;isHook&quot;:false,&quot;skipped&quot;:false},{&quot;title&quot;:&quot;As a Admin the user can able to switch between the  services pages by using next or previous buttons&quot;,&quot;fullTitle&quot;:&quot;Provider Services module testcases As a Admin the user can able to switch between the  services pages by using next or previous buttons&quot;,&quot;duration&quot;:947,&quot;state&quot;:&quot;failed&quot;,&quot;pass&quot;:false,&quot;fail&quot;:true,&quot;pending&quot;:false,&quot;code&quot;:&quot;cy.get(&#x27;.mt-1:nth-child(2)&#x27;).should(&#x27;be.visible&#x27;).scrollIntoView().should(&#x27;have.text&#x27;, &#x27;Next&#x27;).click();\ncy.wait(5000);\ncy.get(&#x27;.mt-1:nth-child(1)&#x27;).should(&#x27;be.visible&#x27;).scrollIntoView().should(&#x27;have.text&#x27;, &#x27;Previous&#x27;).click();&quot;,&quot;err&quot;:{&quot;message&quot;:&quot;CypressError: `cy.scrollIntoView()` can only be used to scroll to 1 element, you tried to scroll to 2 elements.\n\nhttps://on.cypress.io/scrollintoview&quot;,&quot;estack&quot;:&quot;CypressError: `cy.scrollIntoView()` can only be used to scroll to 1 element, you tried to scroll to 2 elements.\n\nhttps://on.cypress.io/scrollintoview\n    at Context.scrollIntoView (https://qa.rch.build-release.com/__cypress/runner/cypress_runner.js:150307:78)\n    at Context.&lt;anonymous&gt; (https://qa.rch.build-release.com/__cypress/runner/cypress_runner.js:171662:19)\nFrom Your Spec Code:\n    at Context.eval (https://qa.rch.build-release.com/__cypress/tests?p=cypress\\e2e\\Admin_Testcases\\12_Provider_Services.spec.js:230:55)&quot;},&quot;uuid&quot;:&quot;d6488673-ca42-48d1-94ab-9dc891b11aa1&quot;,&quot;parentUUID&quot;:&quot;846f7628-a717-41a1-afb9-ee7b1d0290c5&quot;,&quot;isHook&quot;:false,&quot;skipped&quot;:false},{&quot;title&quot;:&quot;As a Admin the user can disable any service with the help of toggle button against that particular service&quot;,&quot;fullTitle&quot;:&quot;Provider Services module testcases As a Admin the user can disable any service with the help of toggle button against that particular service&quot;,&quot;duration&quot;:20558,&quot;state&quot;:&quot;failed&quot;,&quot;pass&quot;:false,&quot;fail&quot;:true,&quot;pending&quot;:false,&quot;code&quot;:&quot;cy.get(&#x27;tr:nth-child(1)&gt;td:nth-child(5)&gt;button&#x27;).scrollIntoView().should(&#x27;be.visible&#x27;).click();\ncy.wait(2000);\ncy.xpath(&#x27;//div[1]/div[2]/button[1]&#x27;).should(&#x27;be.visible&#x27;).should(&#x27;have.text&#x27;, &#x27;Confirm&#x27;).click();\ncy.wait(2000);\ncy.contains(&#x27;Service Updated successfully&#x27;);\ncy.wait(4000);&quot;,&quot;err&quot;:{&quot;message&quot;:&quot;AssertionError: Timed out retrying after 20000ms: Expected to find element: `tr:nth-child(1)&gt;td:nth-child(5)&gt;button`, but never found it.&quot;,&quot;estack&quot;:&quot;AssertionError: Timed out retrying after 20000ms: Expected to find element: `tr:nth-child(1)&gt;td:nth-child(5)&gt;button`, but never found it.\n    at Context.eval (https://qa.rch.build-release.com/__cypress/tests?p=cypress\\e2e\\Admin_Testcases\\12_Provider_Services.spec.js:236:8)&quot;},&quot;uuid&quot;:&quot;d07c66d3-fc65-44ef-b61d-1f040403e518&quot;,&quot;parentUUID&quot;:&quot;846f7628-a717-41a1-afb9-ee7b1d0290c5&quot;,&quot;isHook&quot;:false,&quot;skipped&quot;:false},{&quot;title&quot;:&quot;The service disabled should be moved to the inactive services page.&quot;,&quot;fullTitle&quot;:&quot;Provider Services module testcases The service disabled should be moved to the inactive services page.&quot;,&quot;duration&quot;:20591,&quot;state&quot;:&quot;failed&quot;,&quot;pass&quot;:false,&quot;fail&quot;:true,&quot;pending&quot;:false,&quot;code&quot;:&quot;cy.get(&#x27;[textid=\&quot;inactive.service\&quot;]&#x27;).should(&#x27;be.visible&#x27;).should(&#x27;have.text&#x27;, &#x27;Inactive Services&#x27;).click();\ncy.wait(4000);\ncy.get(&#x27;tr:nth-child(1) &gt; td:nth-child(1)&#x27;).should(&#x27;be.visible&#x27;).should(&#x27;contain&#x27;, &#x27;Covid Rapid Test&#x27;);\ncy.wait(2000);\ncy.xpath(&#x27;//div[2]/div[3]/div[1]/*[1]&#x27;).scrollIntoView().should(&#x27;be.visible&#x27;).click();\ncy.wait(4000);&quot;,&quot;err&quot;:{&quot;message&quot;:&quot;AssertionError: Timed out retrying after 20000ms: Expected to find element: `[textid=\&quot;inactive.service\&quot;]`, but never found it.&quot;,&quot;estack&quot;:&quot;AssertionError: Timed out retrying after 20000ms: Expected to find element: `[textid=\&quot;inactive.service\&quot;]`, but never found it.\n    at Context.eval (https://qa.rch.build-release.com/__cypress/tests?p=cypress\\e2e\\Admin_Testcases\\12_Provider_Services.spec.js:244:43)&quot;},&quot;uuid&quot;:&quot;7ff6d284-c528-4671-9508-ca97c464dac4&quot;,&quot;parentUUID&quot;:&quot;846f7628-a717-41a1-afb9-ee7b1d0290c5&quot;,&quot;isHook&quot;:false,&quot;skipped&quot;:false},{&quot;title&quot;:&quot;As a Admin the user should be navigated to the Provider inactive services page by clicking on the \&quot;inactive services\&quot; button.&quot;,&quot;fullTitle&quot;:&quot;Provider Services module testcases As a Admin the user should be navigated to the Provider inactive services page by clicking on the \&quot;inactive services\&quot; button.&quot;,&quot;duration&quot;:20669,&quot;state&quot;:&quot;failed&quot;,&quot;pass&quot;:false,&quot;fail&quot;:true,&quot;pending&quot;:false,&quot;code&quot;:&quot;cy.get(&#x27;[textid=\&quot;inactive.service\&quot;]&#x27;).should(&#x27;be.visible&#x27;).should(&#x27;have.text&#x27;, &#x27;Inactive Services&#x27;).click();\ncy.wait(4000);\ncy.xpath(&#x27;//div[contains(text(),\&quot;Provider I\&quot;)]&#x27;).should(&#x27;be.visible&#x27;).should(&#x27;have.text&#x27;, &#x27;Provider Inactive Services&#x27;);&quot;,&quot;err&quot;:{&quot;message&quot;:&quot;AssertionError: Timed out retrying after 20000ms: Expected to find element: `[textid=\&quot;inactive.service\&quot;]`, but never found it.&quot;,&quot;estack&quot;:&quot;AssertionError: Timed out retrying after 20000ms: Expected to find element: `[textid=\&quot;inactive.service\&quot;]`, but never found it.\n    at Context.eval (https://qa.rch.build-release.com/__cypress/tests?p=cypress\\e2e\\Admin_Testcases\\12_Provider_Services.spec.js:253:43)&quot;},&quot;uuid&quot;:&quot;937100a2-4e53-45d0-b10a-0198ba980f5f&quot;,&quot;parentUUID&quot;:&quot;846f7628-a717-41a1-afb9-ee7b1d0290c5&quot;,&quot;isHook&quot;:false,&quot;skipped&quot;:false},{&quot;title&quot;:&quot;At Patient inactive Services page each label and field should have proper label and validations&quot;,&quot;fullTitle&quot;:&quot;Provider Services module testcases At Patient inactive Services page each label and field should have proper label and validations&quot;,&quot;duration&quot;:20475,&quot;state&quot;:&quot;failed&quot;,&quot;pass&quot;:false,&quot;fail&quot;:true,&quot;pending&quot;:false,&quot;code&quot;:&quot;cy.xpath(&#x27;//div[contains(text(),\&quot;Provider I\&quot;)]&#x27;).should(&#x27;be.visible&#x27;).should(&#x27;have.text&#x27;, &#x27;Provider Inactive Services&#x27;);\ncy.get(&#x27;[type=search]&#x27;).should(&#x27;be.visible&#x27;).invoke(&#x27;attr&#x27;, &#x27;placeholder&#x27;).should(&#x27;contain&#x27;, &#x27;Search Services&#x27;);\ncy.get(&#x27;thead &gt; tr &gt; :nth-child(1)&#x27;).should(&#x27;be.visible&#x27;).should(&#x27;have.text&#x27;, &#x27;Service Name&#x27;);\ncy.get(&#x27;thead &gt; tr &gt; :nth-child(2)&#x27;).should(&#x27;be.visible&#x27;).should(&#x27;have.text&#x27;, &#x27;CPT Code&#x27;);\ncy.get(&#x27;thead &gt; tr &gt; :nth-child(3)&#x27;).should(&#x27;be.visible&#x27;).should(&#x27;have.text&#x27;, &#x27;Service Category&#x27;);\ncy.get(&#x27;thead &gt; tr &gt; :nth-child(4)&#x27;).should(&#x27;be.visible&#x27;).should(&#x27;have.text&#x27;, &#x27;Service Rate&#x27;);\ncy.get(&#x27;thead &gt; tr &gt; :nth-child(5)&#x27;).should(&#x27;be.visible&#x27;).should(&#x27;have.text&#x27;, &#x27;Status&#x27;);\ncy.get(&#x27;thead &gt; tr &gt; :nth-child(6)&#x27;).scrollIntoView().should(&#x27;be.visible&#x27;).should(&#x27;have.text&#x27;, &#x27;Action&#x27;);&quot;,&quot;err&quot;:{&quot;message&quot;:&quot;AssertionError: Timed out retrying after 20000ms: Expected to find element: `//div[contains(text(),\&quot;Provider I\&quot;)]`, but never found it.&quot;,&quot;estack&quot;:&quot;AssertionError: Timed out retrying after 20000ms: Expected to find element: `//div[contains(text(),\&quot;Provider I\&quot;)]`, but never found it.\n    at Context.eval (https://qa.rch.build-release.com/__cypress/tests?p=cypress\\e2e\\Admin_Testcases\\12_Provider_Services.spec.js:258:54)&quot;},&quot;uuid&quot;:&quot;e04361c7-af79-4a9a-8649-fa3161a815fd&quot;,&quot;parentUUID&quot;:&quot;846f7628-a717-41a1-afb9-ee7b1d0290c5&quot;,&quot;isHook&quot;:false,&quot;skipped&quot;:false},{&quot;title&quot;:&quot;As a Admin the user can able to search a particular inactive service through search box&quot;,&quot;fullTitle&quot;:&quot;Provider Services module testcases As a Admin the user can able to search a particular inactive service through search box&quot;,&quot;duration&quot;:20525,&quot;state&quot;:&quot;failed&quot;,&quot;pass&quot;:false,&quot;fail&quot;:true,&quot;pending&quot;:false,&quot;code&quot;:&quot;cy.get(&#x27;[type=search]&#x27;).should(&#x27;be.visible&#x27;).type(&#x27;Covid Rapid Test&#x27;);\ncy.wait(2000);\ncy.get(&#x27;tr:nth-child(1) &gt; td:nth-child(1)&#x27;).should(&#x27;be.visible&#x27;).should(&#x27;contain&#x27;, &#x27;Covid Rapid Test&#x27;);\ncy.wait(2000);\ncy.get(&#x27;[type=search]&#x27;).should(&#x27;be.visible&#x27;).clear();\ncy.wait(2000);&quot;,&quot;err&quot;:{&quot;message&quot;:&quot;AssertionError: Timed out retrying after 20000ms: Expected to find element: `[type=search]`, but never found it.&quot;,&quot;estack&quot;:&quot;AssertionError: Timed out retrying after 20000ms: Expected to find element: `[type=search]`, but never found it.\n    at Context.eval (https://qa.rch.build-release.com/__cypress/tests?p=cypress\\e2e\\Admin_Testcases\\12_Provider_Services.spec.js:269:29)&quot;},&quot;uuid&quot;:&quot;0662feaa-7d68-4c7c-a8e5-04308dcfd8d7&quot;,&quot;parentUUID&quot;:&quot;846f7628-a717-41a1-afb9-ee7b1d0290c5&quot;,&quot;isHook&quot;:false,&quot;skipped&quot;:false},{&quot;title&quot;:&quot;As a Admin the user can enable any service with the help of toggle button against that particular service&quot;,&quot;fullTitle&quot;:&quot;Provider Services module testcases As a Admin the user can enable any service with the help of toggle button against that particular service&quot;,&quot;duration&quot;:20458,&quot;state&quot;:&quot;failed&quot;,&quot;pass&quot;:false,&quot;fail&quot;:true,&quot;pending&quot;:false,&quot;code&quot;:&quot;cy.get(&#x27;tr:nth-child(1)&gt;td:nth-child(5)&gt;button&#x27;).scrollIntoView().should(&#x27;be.visible&#x27;).click();\ncy.wait(2000);\ncy.xpath(&#x27;//div[1]/div[2]/button[1]&#x27;).should(&#x27;be.visible&#x27;).should(&#x27;have.text&#x27;, &#x27;Confirm&#x27;).click();\ncy.wait(2000);\ncy.contains(&#x27;Service Updated successfully&#x27;);\ncy.wait(4000);\ncy.xpath(&#x27;//div[2]/div[3]/div[1]/*[1]&#x27;).scrollIntoView().should(&#x27;be.visible&#x27;).click();\ncy.wait(4000);\ncy.get(&#x27;tr:nth-child(1)&gt;td:nth-child(5)&gt;button&#x27;).scrollIntoView().should(&#x27;be.visible&#x27;).click();\ncy.wait(2000);\ncy.xpath(&#x27;//div[1]/div[2]/button[1]&#x27;).should(&#x27;be.visible&#x27;).should(&#x27;have.text&#x27;, &#x27;Confirm&#x27;).click();\ncy.wait(2000);\ncy.contains(&#x27;Service Updated successfully&#x27;);\ncy.wait(4000);\ncy.get(&#x27;[textid=\&quot;inactive.service\&quot;]&#x27;).should(&#x27;be.visible&#x27;).should(&#x27;have.text&#x27;, &#x27;Inactive Services&#x27;).click();\ncy.wait(4000);&quot;,&quot;err&quot;:{&quot;message&quot;:&quot;AssertionError: Timed out retrying after 20000ms: Expected to find element: `tr:nth-child(1)&gt;td:nth-child(5)&gt;button`, but never found it.&quot;,&quot;estack&quot;:&quot;AssertionError: Timed out retrying after 20000ms: Expected to find element: `tr:nth-child(1)&gt;td:nth-child(5)&gt;button`, but never found it.\n    at Context.eval (https://qa.rch.build-release.com/__cypress/tests?p=cypress\\e2e\\Admin_Testcases\\12_Provider_Services.spec.js:278:8)&quot;},&quot;uuid&quot;:&quot;45f9c395-fcfb-443d-ac4f-0c57777c356d&quot;,&quot;parentUUID&quot;:&quot;846f7628-a717-41a1-afb9-ee7b1d0290c5&quot;,&quot;isHook&quot;:false,&quot;skipped&quot;:false},{&quot;title&quot;:&quot;As a Admin the user can delete any active service by clicking on the delete icon against that service.&quot;,&quot;fullTitle&quot;:&quot;Provider Services module testcases As a Admin the user can delete any active service by clicking on the delete icon against that service.&quot;,&quot;duration&quot;:20568,&quot;state&quot;:&quot;failed&quot;,&quot;pass&quot;:false,&quot;fail&quot;:true,&quot;pending&quot;:false,&quot;code&quot;:&quot;cy.get(&#x27;tr:nth-child(1)&gt;td:nth-child(6)&gt;div&gt;span&#x27;).scrollIntoView().should(&#x27;be.visible&#x27;).click();\ncy.wait(2000);\ncy.xpath(&#x27;//div[1]/div[2]/button[1]&#x27;).click();\ncy.wait(4000);\ncy.xpath(&#x27;//div[2]/div[3]/div[1]/*[1]&#x27;).scrollIntoView().should(&#x27;be.visible&#x27;).click();&quot;,&quot;err&quot;:{&quot;message&quot;:&quot;AssertionError: Timed out retrying after 20000ms: Expected to find element: `tr:nth-child(1)&gt;td:nth-child(6)&gt;div&gt;span`, but never found it.&quot;,&quot;estack&quot;:&quot;AssertionError: Timed out retrying after 20000ms: Expected to find element: `tr:nth-child(1)&gt;td:nth-child(6)&gt;div&gt;span`, but never found it.\n    at Context.eval (https://qa.rch.build-release.com/__cypress/tests?p=cypress\\e2e\\Admin_Testcases\\12_Provider_Services.spec.js:297:8)&quot;},&quot;uuid&quot;:&quot;98099732-1d72-4293-bd57-2f3f9e155fe0&quot;,&quot;parentUUID&quot;:&quot;846f7628-a717-41a1-afb9-ee7b1d0290c5&quot;,&quot;isHook&quot;:false,&quot;skipped&quot;:false},{&quot;title&quot;:&quot;As a Admin the user should be navigated to the \&quot;DX-Codes&amp;Symptoms\&quot; page by clicking on the \&quot;DX-Codes\&quot; button.&quot;,&quot;fullTitle&quot;:&quot;Provider Services module testcases As a Admin the user should be navigated to the \&quot;DX-Codes&amp;Symptoms\&quot; page by clicking on the \&quot;DX-Codes\&quot; button.&quot;,&quot;duration&quot;:20470,&quot;state&quot;:&quot;failed&quot;,&quot;pass&quot;:false,&quot;fail&quot;:true,&quot;pending&quot;:false,&quot;code&quot;:&quot;cy.get(&#x27;[textid=\&quot;admin.dx.codes\&quot;]&#x27;).should(&#x27;be.visible&#x27;).should(&#x27;have.text&#x27;, &#x27;DX-Codes&#x27;).click();\ncy.wait(4000);\ncy.xpath(&#x27;//div[contains(text(),\&quot;DX-Codes &amp;\&quot;)]&#x27;).should(&#x27;be.visible&#x27;).should(&#x27;have.text&#x27;, &#x27;DX-Codes &amp; Symptoms&#x27;);\ncy.xpath(&#x27;//div[2]/div[2]/div[1]/*[1]&#x27;).scrollIntoView().should(&#x27;be.visible&#x27;);&quot;,&quot;err&quot;:{&quot;message&quot;:&quot;AssertionError: Timed out retrying after 20000ms: Expected to find element: `[textid=\&quot;admin.dx.codes\&quot;]`, but never found it.&quot;,&quot;estack&quot;:&quot;AssertionError: Timed out retrying after 20000ms: Expected to find element: `[textid=\&quot;admin.dx.codes\&quot;]`, but never found it.\n    at Context.eval (https://qa.rch.build-release.com/__cypress/tests?p=cypress\\e2e\\Admin_Testcases\\12_Provider_Services.spec.js:305:41)&quot;},&quot;uuid&quot;:&quot;6dd54892-19b0-40c7-9035-3a9c47ce96fb&quot;,&quot;parentUUID&quot;:&quot;846f7628-a717-41a1-afb9-ee7b1d0290c5&quot;,&quot;isHook&quot;:false,&quot;skipped&quot;:false},{&quot;title&quot;:&quot;At \&quot;DX-Codes&amp;Symptoms\&quot; page each label and field should have proper label and validations&quot;,&quot;fullTitle&quot;:&quot;Provider Services module testcases At \&quot;DX-Codes&amp;Symptoms\&quot; page each label and field should have proper label and validations&quot;,&quot;duration&quot;:20523,&quot;state&quot;:&quot;failed&quot;,&quot;pass&quot;:false,&quot;fail&quot;:true,&quot;pending&quot;:false,&quot;code&quot;:&quot;cy.xpath(&#x27;//div[contains(text(),\&quot;DX-Codes &amp;\&quot;)]&#x27;).should(&#x27;be.visible&#x27;).should(&#x27;have.text&#x27;, &#x27;DX-Codes &amp; Symptoms&#x27;);\ncy.xpath(&#x27;//div[2]/div[2]/div[1]/*[1]&#x27;).scrollIntoView().should(&#x27;be.visible&#x27;);\ncy.get(&#x27;[textid=\&quot;admin.add.dx.codes\&quot;]&#x27;).should(&#x27;be.visible&#x27;).should(&#x27;have.text&#x27;, &#x27;Add DX-Code&#x27;);\ncy.get(&#x27;[type=search]&#x27;).should(&#x27;be.visible&#x27;).invoke(&#x27;attr&#x27;, &#x27;placeholder&#x27;).should(&#x27;contain&#x27;, &#x27;Search by DX-code or Symptoms...&#x27;);\ncy.get(&#x27;thead &gt; tr &gt; :nth-child(1)&#x27;).should(&#x27;be.visible&#x27;).should(&#x27;have.text&#x27;, &#x27;DX-Codes&#x27;);\ncy.get(&#x27;thead &gt; tr &gt; :nth-child(2)&#x27;).should(&#x27;be.visible&#x27;).should(&#x27;have.text&#x27;, &#x27;Symptoms&#x27;);\ncy.get(&#x27;thead &gt; tr &gt; :nth-child(3)&#x27;).should(&#x27;be.visible&#x27;).should(&#x27;have.text&#x27;, &#x27;Action&#x27;);&quot;,&quot;err&quot;:{&quot;message&quot;:&quot;AssertionError: Timed out retrying after 20000ms: Expected to find element: `//div[contains(text(),\&quot;DX-Codes &amp;\&quot;)]`, but never found it.&quot;,&quot;estack&quot;:&quot;AssertionError: Timed out retrying after 20000ms: Expected to find element: `//div[contains(text(),\&quot;DX-Codes &amp;\&quot;)]`, but never found it.\n    at Context.eval (https://qa.rch.build-release.com/__cypress/tests?p=cypress\\e2e\\Admin_Testcases\\12_Provider_Services.spec.js:311:54)&quot;},&quot;uuid&quot;:&quot;d31e9425-2c65-4880-a4f0-72c052dd727e&quot;,&quot;parentUUID&quot;:&quot;846f7628-a717-41a1-afb9-ee7b1d0290c5&quot;,&quot;isHook&quot;:false,&quot;skipped&quot;:false},{&quot;title&quot;:&quot;As a Admin the user should get add DX-Code pop up window by clicking on \&quot;Add Service\&quot; button&quot;,&quot;fullTitle&quot;:&quot;Provider Services module testcases As a Admin the user should get add DX-Code pop up window by clicking on \&quot;Add Service\&quot; button&quot;,&quot;duration&quot;:20759,&quot;state&quot;:&quot;failed&quot;,&quot;pass&quot;:false,&quot;fail&quot;:true,&quot;pending&quot;:false,&quot;code&quot;:&quot;cy.get(&#x27;[textid=\&quot;admin.add.dx.codes\&quot;]&#x27;).should(&#x27;be.visible&#x27;).should(&#x27;have.text&#x27;, &#x27;Add DX-Code&#x27;).click();\ncy.xpath(&#x27;//div[1]/h3/div/div&#x27;).should(&#x27;be.visible&#x27;).should(&#x27;have.text&#x27;, &#x27;Add Service&#x27;);\ncy.get(&#x27;div.hidden&gt;h3&gt;div&gt;svg&#x27;).should(&#x27;be.visible&#x27;);&quot;,&quot;err&quot;:{&quot;message&quot;:&quot;AssertionError: Timed out retrying after 20000ms: Expected to find element: `[textid=\&quot;admin.add.dx.codes\&quot;]`, but never found it.&quot;,&quot;estack&quot;:&quot;AssertionError: Timed out retrying after 20000ms: Expected to find element: `[textid=\&quot;admin.add.dx.codes\&quot;]`, but never found it.\n    at Context.eval (https://qa.rch.build-release.com/__cypress/tests?p=cypress\\e2e\\Admin_Testcases\\12_Provider_Services.spec.js:321:45)&quot;},&quot;uuid&quot;:&quot;75ba412e-be3d-4cea-8c2f-a026801c96f1&quot;,&quot;parentUUID&quot;:&quot;846f7628-a717-41a1-afb9-ee7b1d0290c5&quot;,&quot;isHook&quot;:false,&quot;skipped&quot;:false},{&quot;title&quot;:&quot;At Add DX-Code pop up window each label and field should have proper label and validations&quot;,&quot;fullTitle&quot;:&quot;Provider Services module testcases At Add DX-Code pop up window each label and field should have proper label and validations&quot;,&quot;duration&quot;:20956,&quot;state&quot;:&quot;failed&quot;,&quot;pass&quot;:false,&quot;fail&quot;:true,&quot;pending&quot;:false,&quot;code&quot;:&quot;cy.xpath(&#x27;//div[1]/h3/div/div&#x27;).should(&#x27;be.visible&#x27;).should(&#x27;have.text&#x27;, &#x27;Add Service&#x27;);\ncy.get(&#x27;div.hidden&gt;h3&gt;div&gt;svg&#x27;).should(&#x27;be.visible&#x27;);\ncy.xpath(&#x27;//div[1]/form[1]/div[1]/div[1]/div/label&#x27;).should(&#x27;be.visible&#x27;).should(&#x27;have.text&#x27;, &#x27;DX-Code&#x27;);\ncy.xpath(&#x27;//div[1]/form[1]/div[1]/div[2]/div/label&#x27;).should(&#x27;be.visible&#x27;).should(&#x27;have.text&#x27;, &#x27;Symptom&#x27;);\ncy.xpath(&#x27;//div[1]/form[1]/div[1]/div[1]/div/div[1]&#x27;).should(&#x27;be.visible&#x27;);\ncy.xpath(&#x27;//div[1]/form[1]/div[1]/div[2]/div/div[1]&#x27;).should(&#x27;be.visible&#x27;);\ncy.xpath(&#x27;//div[1]/form/button&#x27;).should(&#x27;be.visible&#x27;).should(&#x27;contain&#x27;, &#x27;Save Details&#x27;).click();\ncy.wait(4000);\ncy.xpath(&#x27;//div[1]/form[1]/div[1]/div[1]/div/div[2]&#x27;).should(&#x27;be.visible&#x27;).should(&#x27;have.text&#x27;, &#x27;Required&#x27;);\ncy.xpath(&#x27;//div[1]/form[1]/div[1]/div[2]/div/div[2]&#x27;).should(&#x27;be.visible&#x27;).should(&#x27;have.text&#x27;, &#x27;Required&#x27;);&quot;,&quot;err&quot;:{&quot;message&quot;:&quot;AssertionError: Timed out retrying after 20000ms: Expected to find element: `//div[1]/h3/div/div`, but never found it.&quot;,&quot;estack&quot;:&quot;AssertionError: Timed out retrying after 20000ms: Expected to find element: `//div[1]/h3/div/div`, but never found it.\n    at Context.eval (https://qa.rch.build-release.com/__cypress/tests?p=cypress\\e2e\\Admin_Testcases\\12_Provider_Services.spec.js:326:37)&quot;},&quot;uuid&quot;:&quot;d78ae60d-3a0e-4c5c-937c-fb6076267162&quot;,&quot;parentUUID&quot;:&quot;846f7628-a717-41a1-afb9-ee7b1d0290c5&quot;,&quot;isHook&quot;:false,&quot;skipped&quot;:false},{&quot;title&quot;:&quot;After filling Add DX-Code form and by clicking save details button the user should able to add the DX-Code&quot;,&quot;fullTitle&quot;:&quot;Provider Services module testcases After filling Add DX-Code form and by clicking save details button the user should able to add the DX-Code&quot;,&quot;duration&quot;:20823,&quot;state&quot;:&quot;failed&quot;,&quot;pass&quot;:false,&quot;fail&quot;:true,&quot;pending&quot;:false,&quot;code&quot;:&quot;cy.xpath(&#x27;//div[1]/form[1]/div[1]/div[1]/div/div[1]&#x27;).should(&#x27;be.visible&#x27;).type(&#x27;R10.2 Pelvic and perineal pain&#x27;);\ncy.xpath(&#x27;//div[1]/form[1]/div[1]/div[2]/div/div[1]&#x27;).should(&#x27;be.visible&#x27;).type(&#x27;Abdominal pain&#x27;);\ncy.xpath(&#x27;//div[1]/form/button&#x27;).should(&#x27;be.visible&#x27;).should(&#x27;contain&#x27;, &#x27;Save Details&#x27;).click();\ncy.contains(&#x27;DX Code Added successfully&#x27;);\ncy.wait(4000);&quot;,&quot;err&quot;:{&quot;message&quot;:&quot;AssertionError: Timed out retrying after 20000ms: Expected to find element: `//div[1]/form[1]/div[1]/div[1]/div/div[1]`, but never found it.&quot;,&quot;estack&quot;:&quot;AssertionError: Timed out retrying after 20000ms: Expected to find element: `//div[1]/form[1]/div[1]/div[1]/div/div[1]`, but never found it.\n    at Context.eval (https://qa.rch.build-release.com/__cypress/tests?p=cypress\\e2e\\Admin_Testcases\\12_Provider_Services.spec.js:338:59)&quot;},&quot;uuid&quot;:&quot;aa63cf52-a124-4c5b-9845-78114f9ff080&quot;,&quot;parentUUID&quot;:&quot;846f7628-a717-41a1-afb9-ee7b1d0290c5&quot;,&quot;isHook&quot;:false,&quot;skipped&quot;:false},{&quot;title&quot;:&quot;The added DX-Code should reflect instantly under \&quot;DX-Codes&amp;Symptoms\&quot; page&quot;,&quot;fullTitle&quot;:&quot;Provider Services module testcases The added DX-Code should reflect instantly under \&quot;DX-Codes&amp;Symptoms\&quot; page&quot;,&quot;duration&quot;:20884,&quot;state&quot;:&quot;failed&quot;,&quot;pass&quot;:false,&quot;fail&quot;:true,&quot;pending&quot;:false,&quot;code&quot;:&quot;cy.get(&#x27;[type=search]&#x27;).should(&#x27;be.visible&#x27;).type(&#x27;R10.2 Pelvic and perineal pain&#x27;);\ncy.get(&#x27;tr:nth-child(1) &gt; td:nth-child(1)&#x27;).should(&#x27;be.visible&#x27;).should(&#x27;have.text&#x27;, &#x27;R10.2 Pelvic and perineal pain&#x27;);\ncy.get(&#x27;tr:nth-child(1) &gt; td:nth-child(2)&#x27;).should(&#x27;be.visible&#x27;).should(&#x27;have.text&#x27;, &#x27;Abdominal pain&#x27;);&quot;,&quot;err&quot;:{&quot;message&quot;:&quot;AssertionError: Timed out retrying after 20000ms: Expected to find element: `[type=search]`, but never found it.&quot;,&quot;estack&quot;:&quot;AssertionError: Timed out retrying after 20000ms: Expected to find element: `[type=search]`, but never found it.\n    at Context.eval (https://qa.rch.build-release.com/__cypress/tests?p=cypress\\e2e\\Admin_Testcases\\12_Provider_Services.spec.js:345:29)&quot;},&quot;uuid&quot;:&quot;a6f51ffc-7f9a-447a-9f76-17e614273636&quot;,&quot;parentUUID&quot;:&quot;846f7628-a717-41a1-afb9-ee7b1d0290c5&quot;,&quot;isHook&quot;:false,&quot;skipped&quot;:false},{&quot;title&quot;:&quot;As a Admin the user can able to search a particular DX-Code or Symptom through search box&quot;,&quot;fullTitle&quot;:&quot;Provider Services module testcases As a Admin the user can able to search a particular DX-Code or Symptom through search box&quot;,&quot;duration&quot;:20936,&quot;state&quot;:&quot;failed&quot;,&quot;pass&quot;:false,&quot;fail&quot;:true,&quot;pending&quot;:false,&quot;code&quot;:&quot;cy.get(&#x27;[type=search]&#x27;).should(&#x27;be.visible&#x27;).clear().type(&#x27;R10.2 Pelvic and perineal pain&#x27;);\ncy.wait(4000);\ncy.get(&#x27;tr:nth-child(1) &gt; td:nth-child(1)&#x27;).should(&#x27;be.visible&#x27;).should(&#x27;have.text&#x27;, &#x27;R10.2 Pelvic and perineal pain&#x27;);\ncy.wait(2000);\ncy.get(&#x27;[type=search]&#x27;).should(&#x27;be.visible&#x27;).clear().type(&#x27;Abdominal pain&#x27;);\ncy.wait(4000);\ncy.get(&#x27;tr:nth-child(1) &gt; td:nth-child(2)&#x27;).should(&#x27;be.visible&#x27;).should(&#x27;have.text&#x27;, &#x27;Abdominal pain&#x27;);\ncy.get(&#x27;[type=search]&#x27;).should(&#x27;be.visible&#x27;).clear();\ncy.wait(4000);&quot;,&quot;err&quot;:{&quot;message&quot;:&quot;AssertionError: Timed out retrying after 20000ms: Expected to find element: `[type=search]`, but never found it.&quot;,&quot;estack&quot;:&quot;AssertionError: Timed out retrying after 20000ms: Expected to find element: `[type=search]`, but never found it.\n    at Context.eval (https://qa.rch.build-release.com/__cypress/tests?p=cypress\\e2e\\Admin_Testcases\\12_Provider_Services.spec.js:351:29)&quot;},&quot;uuid&quot;:&quot;5690fb43-acf2-4327-a41e-b28ff875ba14&quot;,&quot;parentUUID&quot;:&quot;846f7628-a717-41a1-afb9-ee7b1d0290c5&quot;,&quot;isHook&quot;:false,&quot;skipped&quot;:false},{&quot;title&quot;:&quot;As a Admin the user should get Update service pop up window by clicking on edit icon against the particular service&quot;,&quot;fullTitle&quot;:&quot;Provider Services module testcases As a Admin the user should get Update service pop up window by clicking on edit icon against the particular service&quot;,&quot;duration&quot;:20981,&quot;state&quot;:&quot;failed&quot;,&quot;pass&quot;:false,&quot;fail&quot;:true,&quot;pending&quot;:false,&quot;code&quot;:&quot;cy.get(&#x27;tr:nth-child(1) &gt; td:nth-child(3)&gt;div&gt;span:nth-child(1)&#x27;).scrollIntoView().should(&#x27;be.visible&#x27;).click();\ncy.wait(2000);\ncy.xpath(&#x27;//div[1]/h3/div/div&#x27;).should(&#x27;be.visible&#x27;).should(&#x27;have.text&#x27;, &#x27;Update Service&#x27;);\ncy.get(&#x27;div.hidden&gt;h3&gt;div&gt;svg&#x27;).should(&#x27;be.visible&#x27;);&quot;,&quot;err&quot;:{&quot;message&quot;:&quot;AssertionError: Timed out retrying after 20000ms: Expected to find element: `tr:nth-child(1) &gt; td:nth-child(3)&gt;div&gt;span:nth-child(1)`, but never found it.&quot;,&quot;estack&quot;:&quot;AssertionError: Timed out retrying after 20000ms: Expected to find element: `tr:nth-child(1) &gt; td:nth-child(3)&gt;div&gt;span:nth-child(1)`, but never found it.\n    at Context.eval (https://qa.rch.build-release.com/__cypress/tests?p=cypress\\e2e\\Admin_Testcases\\12_Provider_Services.spec.js:363:8)&quot;},&quot;uuid&quot;:&quot;7241a193-32c5-4e53-80a3-f9f03a08c3b1&quot;,&quot;parentUUID&quot;:&quot;846f7628-a717-41a1-afb9-ee7b1d0290c5&quot;,&quot;isHook&quot;:false,&quot;skipped&quot;:false},{&quot;title&quot;:&quot;At Edit DX-Code pop up window each label and field should have proper label and validations&quot;,&quot;fullTitle&quot;:&quot;Provider Services module testcases At Edit DX-Code pop up window each label and field should have proper label and validations&quot;,&quot;duration&quot;:20609,&quot;state&quot;:&quot;failed&quot;,&quot;pass&quot;:false,&quot;fail&quot;:true,&quot;pending&quot;:false,&quot;code&quot;:&quot;cy.xpath(&#x27;//div[1]/h3/div/div&#x27;).should(&#x27;be.visible&#x27;).should(&#x27;have.text&#x27;, &#x27;Update Service&#x27;);\ncy.get(&#x27;div.hidden&gt;h3&gt;div&gt;svg&#x27;).should(&#x27;be.visible&#x27;);\ncy.xpath(&#x27;//div[1]/form[1]/div[1]/div[1]/div/label&#x27;).should(&#x27;be.visible&#x27;).should(&#x27;have.text&#x27;, &#x27;DX-Code&#x27;);\ncy.xpath(&#x27;//div[1]/form[1]/div[1]/div[2]/div/label&#x27;).should(&#x27;be.visible&#x27;).should(&#x27;have.text&#x27;, &#x27;Symptom&#x27;);\ncy.xpath(&#x27;//div[1]/form[1]/div[1]/div[1]/div/div[1]&#x27;).should(&#x27;be.visible&#x27;);\ncy.xpath(&#x27;//div[1]/form[1]/div[1]/div[2]/div/div[1]&#x27;).should(&#x27;be.visible&#x27;);\ncy.xpath(&#x27;//div[1]/form/button&#x27;).should(&#x27;be.visible&#x27;).should(&#x27;contain&#x27;, &#x27;Save Details&#x27;);\ncy.wait(4000);&quot;,&quot;err&quot;:{&quot;message&quot;:&quot;AssertionError: Timed out retrying after 20000ms: Expected to find element: `//div[1]/h3/div/div`, but never found it.&quot;,&quot;estack&quot;:&quot;AssertionError: Timed out retrying after 20000ms: Expected to find element: `//div[1]/h3/div/div`, but never found it.\n    at Context.eval (https://qa.rch.build-release.com/__cypress/tests?p=cypress\\e2e\\Admin_Testcases\\12_Provider_Services.spec.js:369:37)&quot;},&quot;uuid&quot;:&quot;80f2100b-1f5c-436a-a9fa-0680b91810ce&quot;,&quot;parentUUID&quot;:&quot;846f7628-a717-41a1-afb9-ee7b1d0290c5&quot;,&quot;isHook&quot;:false,&quot;skipped&quot;:false},{&quot;title&quot;:&quot;After doing necessary edits on the edit DX-Code form and by clicking save details button the user should able to update the DX-Code&quot;,&quot;fullTitle&quot;:&quot;Provider Services module testcases After doing necessary edits on the edit DX-Code form and by clicking save details button the user should able to update the DX-Code&quot;,&quot;duration&quot;:20974,&quot;state&quot;:&quot;failed&quot;,&quot;pass&quot;:false,&quot;fail&quot;:true,&quot;pending&quot;:false,&quot;code&quot;:&quot;cy.xpath(&#x27;//div[1]/form[1]/div[1]/div[1]/div/div[1]&#x27;).should(&#x27;be.visible&#x27;).clear().type(&#x27;R10.32 Left lower quadrant pain&#x27;);\ncy.xpath(&#x27;//div[1]/form[1]/div[1]/div[2]/div/div[1]&#x27;).should(&#x27;be.visible&#x27;).clear().type(&#x27;Chest pain&#x27;);\ncy.xpath(&#x27;//div[1]/form/button&#x27;).should(&#x27;be.visible&#x27;).should(&#x27;contain&#x27;, &#x27;Save Details&#x27;).click();\ncy.contains(&#x27;DX Code Updated successfully&#x27;);\ncy.wait(4000);&quot;,&quot;err&quot;:{&quot;message&quot;:&quot;AssertionError: Timed out retrying after 20000ms: Expected to find element: `//div[1]/form[1]/div[1]/div[1]/div/div[1]`, but never found it.&quot;,&quot;estack&quot;:&quot;AssertionError: Timed out retrying after 20000ms: Expected to find element: `//div[1]/form[1]/div[1]/div[1]/div/div[1]`, but never found it.\n    at Context.eval (https://qa.rch.build-release.com/__cypress/tests?p=cypress\\e2e\\Admin_Testcases\\12_Provider_Services.spec.js:379:59)&quot;},&quot;uuid&quot;:&quot;abfde102-534f-40b4-a0af-035bffdef876&quot;,&quot;parentUUID&quot;:&quot;846f7628-a717-41a1-afb9-ee7b1d0290c5&quot;,&quot;isHook&quot;:false,&quot;skipped&quot;:false},{&quot;title&quot;:&quot;The edited details should reflect instantly under DX-Codes&amp;Symptoms page&quot;,&quot;fullTitle&quot;:&quot;Provider Services module testcases The edited details should reflect instantly under DX-Codes&amp;Symptoms page&quot;,&quot;duration&quot;:20884,&quot;state&quot;:&quot;failed&quot;,&quot;pass&quot;:false,&quot;fail&quot;:true,&quot;pending&quot;:false,&quot;code&quot;:&quot;cy.get(&#x27;[type=search]&#x27;).should(&#x27;be.visible&#x27;).type(&#x27;R10.32 Left lower quadrant pain&#x27;);\ncy.wait(4000);\ncy.get(&#x27;tr:nth-child(1) &gt; td:nth-child(1)&#x27;).should(&#x27;be.visible&#x27;).should(&#x27;have.text&#x27;, &#x27;R10.32 Left lower quadrant pain&#x27;);\ncy.get(&#x27;tr:nth-child(1) &gt; td:nth-child(2)&#x27;).should(&#x27;be.visible&#x27;).should(&#x27;have.text&#x27;, &#x27;Chest pain&#x27;);&quot;,&quot;err&quot;:{&quot;message&quot;:&quot;AssertionError: Timed out retrying after 20000ms: Expected to find element: `[type=search]`, but never found it.&quot;,&quot;estack&quot;:&quot;AssertionError: Timed out retrying after 20000ms: Expected to find element: `[type=search]`, but never found it.\n    at Context.eval (https://qa.rch.build-release.com/__cypress/tests?p=cypress\\e2e\\Admin_Testcases\\12_Provider_Services.spec.js:386:29)&quot;},&quot;uuid&quot;:&quot;0e43c597-4422-4ed7-bcb0-85c8ecdb37db&quot;,&quot;parentUUID&quot;:&quot;846f7628-a717-41a1-afb9-ee7b1d0290c5&quot;,&quot;isHook&quot;:false,&quot;skipped&quot;:false},{&quot;title&quot;:&quot;As a Admin the user can delete any DX-Code by clicking on the delete icon against that DX-Code.&quot;,&quot;fullTitle&quot;:&quot;Provider Services module testcases As a Admin the user can delete any DX-Code by clicking on the delete icon against that DX-Code.&quot;,&quot;duration&quot;:20712,&quot;state&quot;:&quot;failed&quot;,&quot;pass&quot;:false,&quot;fail&quot;:true,&quot;pending&quot;:false,&quot;code&quot;:&quot;cy.get(&#x27;tr:nth-child(1) &gt; td:nth-child(3)&gt;div&gt;span:nth-child(2)&#x27;).scrollIntoView().should(&#x27;be.visible&#x27;).click();\ncy.wait(2000);\ncy.xpath(&#x27;//div[1]/div[2]/button[1]&#x27;).click();\ncy.wait(4000);&quot;,&quot;err&quot;:{&quot;message&quot;:&quot;AssertionError: Timed out retrying after 20000ms: Expected to find element: `tr:nth-child(1) &gt; td:nth-child(3)&gt;div&gt;span:nth-child(2)`, but never found it.&quot;,&quot;estack&quot;:&quot;AssertionError: Timed out retrying after 20000ms: Expected to find element: `tr:nth-child(1) &gt; td:nth-child(3)&gt;div&gt;span:nth-child(2)`, but never found it.\n    at Context.eval (https://qa.rch.build-release.com/__cypress/tests?p=cypress\\e2e\\Admin_Testcases\\12_Provider_Services.spec.js:393:8)&quot;},&quot;uuid&quot;:&quot;40774ced-40e5-412f-a2c2-7eb74cd0fdc0&quot;,&quot;parentUUID&quot;:&quot;846f7628-a717-41a1-afb9-ee7b1d0290c5&quot;,&quot;isHook&quot;:false,&quot;skipped&quot;:false},{&quot;title&quot;:&quot;As a Admin the user can able to switch between the  DX-Codes&amp;Symptoms pages by using next or previous buttons&quot;,&quot;fullTitle&quot;:&quot;Provider Services module testcases As a Admin the user can able to switch between the  DX-Codes&amp;Symptoms pages by using next or previous buttons&quot;,&quot;duration&quot;:20739,&quot;state&quot;:&quot;failed&quot;,&quot;pass&quot;:false,&quot;fail&quot;:true,&quot;pending&quot;:false,&quot;code&quot;:&quot;cy.get(&#x27;[type=search]&#x27;).should(&#x27;be.visible&#x27;).clear();\ncy.wait(4000);\ncy.get(&#x27;.mt-1:nth-child(2)&#x27;).should(&#x27;be.visible&#x27;).scrollIntoView().should(&#x27;have.text&#x27;, &#x27;Next&#x27;).click();\ncy.wait(5000);\ncy.get(&#x27;.mt-1:nth-child(1)&#x27;).should(&#x27;be.visible&#x27;).scrollIntoView().should(&#x27;have.text&#x27;, &#x27;Previous&#x27;).click();\ncy.logout();&quot;,&quot;err&quot;:{&quot;message&quot;:&quot;AssertionError: Timed out retrying after 20000ms: Expected to find element: `[type=search]`, but never found it.&quot;,&quot;estack&quot;:&quot;AssertionError: Timed out retrying after 20000ms: Expected to find element: `[type=search]`, but never found it.\n    at Context.eval (https://qa.rch.build-release.com/__cypress/tests?p=cypress\\e2e\\Admin_Testcases\\12_Provider_Services.spec.js:399:29)&quot;},&quot;uuid&quot;:&quot;ee0c33ed-3f06-46ba-9ab9-513f6b738450&quot;,&quot;parentUUID&quot;:&quot;846f7628-a717-41a1-afb9-ee7b1d0290c5&quot;,&quot;isHook&quot;:false,&quot;skipped&quot;:false}],&quot;suites&quot;:[],&quot;passes&quot;:[],&quot;failures&quot;:[&quot;99c3b1f8-99c8-43bc-acb9-66bb78c4ba67&quot;,&quot;155f7d0a-9a6c-4294-8251-a5cef573b82c&quot;,&quot;dd938e5e-36b7-45d0-af82-48efad2d669e&quot;,&quot;83d390ee-efa6-41cf-99f5-8eff1bb2d291&quot;,&quot;623680cd-2151-40b0-8b99-50c49de518dc&quot;,&quot;b8a7b08c-8e51-4e93-9493-41ce78f1d2b5&quot;,&quot;be42d6c1-d1bf-4647-9392-f2462b5651ff&quot;,&quot;5b378211-8fb3-4a0f-b207-325c4bce1bc0&quot;,&quot;eff3da56-3cdc-47a5-aaf8-492c5d183283&quot;,&quot;8a6ec415-eda3-44e7-9c7a-be70cfc7cf2c&quot;,&quot;5a3bfd20-efc1-45ca-a67e-cad984789c6e&quot;,&quot;d6488673-ca42-48d1-94ab-9dc891b11aa1&quot;,&quot;d07c66d3-fc65-44ef-b61d-1f040403e518&quot;,&quot;7ff6d284-c528-4671-9508-ca97c464dac4&quot;,&quot;937100a2-4e53-45d0-b10a-0198ba980f5f&quot;,&quot;e04361c7-af79-4a9a-8649-fa3161a815fd&quot;,&quot;0662feaa-7d68-4c7c-a8e5-04308dcfd8d7&quot;,&quot;45f9c395-fcfb-443d-ac4f-0c57777c356d&quot;,&quot;98099732-1d72-4293-bd57-2f3f9e155fe0&quot;,&quot;6dd54892-19b0-40c7-9035-3a9c47ce96fb&quot;,&quot;d31e9425-2c65-4880-a4f0-72c052dd727e&quot;,&quot;75ba412e-be3d-4cea-8c2f-a026801c96f1&quot;,&quot;d78ae60d-3a0e-4c5c-937c-fb6076267162&quot;,&quot;aa63cf52-a124-4c5b-9845-78114f9ff080&quot;,&quot;a6f51ffc-7f9a-447a-9f76-17e614273636&quot;,&quot;5690fb43-acf2-4327-a41e-b28ff875ba14&quot;,&quot;7241a193-32c5-4e53-80a3-f9f03a08c3b1&quot;,&quot;80f2100b-1f5c-436a-a9fa-0680b91810ce&quot;,&quot;abfde102-534f-40b4-a0af-035bffdef876&quot;,&quot;0e43c597-4422-4ed7-bcb0-85c8ecdb37db&quot;,&quot;40774ced-40e5-412f-a2c2-7eb74cd0fdc0&quot;,&quot;ee0c33ed-3f06-46ba-9ab9-513f6b738450&quot;],&quot;pending&quot;:[],&quot;skipped&quot;:[],&quot;duration&quot;:666466,&quot;root&quot;:false,&quot;rootEmpty&quot;:false,&quot;_timeout&quot;:2000}],&quot;passes&quot;:[],&quot;failures&quot;:[],&quot;pending&quot;:[],&quot;skipped&quot;:[],&quot;duration&quot;:0,&quot;root&quot;:true,&quot;rootEmpty&quot;:true,&quot;_timeout&quot;:2000}],&quot;meta&quot;:{&quot;mocha&quot;:{&quot;version&quot;:&quot;7.0.1&quot;},&quot;mochawesome&quot;:{&quot;options&quot;:{&quot;quiet&quot;:false,&quot;reportFilename&quot;:&quot;report&quot;,&quot;saveHtml&quot;:true,&quot;saveJson&quot;:true,&quot;consoleReporter&quot;:&quot;spec&quot;,&quot;useInlineDiffs&quot;:false,&quot;code&quot;:true},&quot;version&quot;:&quot;7.0.1&quot;},&quot;marge&quot;:{&quot;options&quot;:{&quot;reportDir&quot;:&quot;cypress/reports&quot;,&quot;reportFilename&quot;:&quot;report&quot;,&quot;overwrite&quot;:false,&quot;html&quot;:true,&quot;json&quot;:true,&quot;charts&quot;:true},&quot;version&quot;:&quot;6.0.1&quot;}}}" data-config="{&quot;reportFilename&quot;:&quot;report&quot;,&quot;reportDir&quot;:&quot;cypress/reports&quot;,&quot;reportTitle&quot;:&quot;LxMedical&quot;,&quot;reportPageTitle&quot;:&quot;Mochawesome Report&quot;,&quot;inline&quot;:false,&quot;inlineAssets&quot;:false,&quot;cdn&quot;:false,&quot;charts&quot;:true,&quot;enableCharts&quot;:true,&quot;code&quot;:true,&quot;enableCode&quot;:true,&quot;autoOpen&quot;:false,&quot;overwrite&quot;:false,&quot;timestamp&quot;:false,&quot;ts&quot;:false,&quot;showPassed&quot;:true,&quot;showFailed&quot;:true,&quot;showPending&quot;:true,&quot;showSkipped&quot;:false,&quot;showHooks&quot;:&quot;failed&quot;,&quot;saveJson&quot;:true,&quot;saveHtml&quot;:true,&quot;dev&quot;:false,&quot;assetsDir&quot;:&quot;cypress\\reports\\assets&quot;,&quot;jsonFile&quot;:&quot;C:\\LX Medical\\LxMedical\\cypress\\reports\\report.json&quot;,&quot;htmlFile&quot;:&quot;C:\\LX Medical\\LxMedical\\cypress\\reports\\report.html&quot;}"><div id="report"></div><script src="assets\app.js"></script></body></html>